9.3328 	WARNING 	User requested fullscreen with size [1440  900], but screen is actually [2880, 1800]. Using actual size
10.3254 	EXP 	Created window1 = Window(allowGUI=False, allowStencil=False, args=UNKNOWN, autoLog=True, bitsMode=UNKNOWN, blendMode='avg', color=array([0., 0., 0.]), colorSpace='hsv', fullscr=<method-wrapper '__getattribute__' of attributeSetter object at 0x000001EB3E391320>, gamma=None, gammaErrorPolicy='raise', kwargs=UNKNOWN, lms=UNKNOWN, monitor=<psychopy.monitors.calibTools.Monitor object at 0x000001EB311D64E0>, multiSample=False, name='window1', numSamples=2, pos=[0.0, 0.0], screen=0, size=array([2880, 1800]), stereo=False, units='height', useFBO=True, useRetina=False, viewOri=0.0, viewPos=None, viewScale=None, waitBlanking=True, winType='pyglet')
10.3254 	EXP 	window1: recordFrameIntervals = False
10.4918 	EXP 	window1: recordFrameIntervals = True
10.6751 	EXP 	window1: recordFrameIntervals = False
10.9409 	EXP 	Created grid = ImageStim(__class__=<class 'psychopy.visual.image.ImageStim'>, autoLog=True, color=array([1., 1., 1.]), colorSpace='rgb', contrast=1.0, depth=0.0, flipHoriz=False, flipVert=False, image='Blank Grid.jpg', interpolate=True, mask=None, maskParams=None, name='grid', opacity=1.0, ori=0.0, pos=array([0., 0.]), size=array([1., 1.]), texRes=128, units='height', win=Window(...))
10.9435 	EXP 	Created polygon = Rect(__class__=<class 'psychopy.visual.rect.Rect'>, autoDraw=False, autoLog=True, closeShape=True, color=method-wrapper(...), colorSpace=None, contrast=1.0, depth=-2.0, fillColor='white', fillColorSpace='named', fillRGB=array([255., 255., 255.]), interpolate=True, lineColor='white', lineColorSpace='named', lineRGB=array([255., 255., 255.]), lineWidth=1, name='polygon', opacity=1.0, ori=array(0.), pos=array([-0.386 ,  0.3875]), size=array([1., 1.]), units='height', vertices=ndarray(...), win=Window(...))
10.9442 	EXP 	Created polygon_2 = Rect(__class__=<class 'psychopy.visual.rect.Rect'>, autoDraw=False, autoLog=True, closeShape=True, color=method-wrapper(...), colorSpace=None, contrast=1.0, depth=-3.0, fillColor='white', fillColorSpace='named', fillRGB=array([255., 255., 255.]), interpolate=True, lineColor='white', lineColorSpace='named', lineRGB=array([255., 255., 255.]), lineWidth=1, name='polygon_2', opacity=1.0, ori=array(0.), pos=array([-0.193 ,  0.3875]), size=array([1., 1.]), units='height', vertices=ndarray(...), win=Window(...))
10.9449 	EXP 	Created polygon_3 = Rect(__class__=<class 'psychopy.visual.rect.Rect'>, autoDraw=False, autoLog=True, closeShape=True, color=method-wrapper(...), colorSpace=None, contrast=1.0, depth=-4.0, fillColor='white', fillColorSpace='named', fillRGB=array([255., 255., 255.]), interpolate=True, lineColor='white', lineColorSpace='named', lineRGB=array([255., 255., 255.]), lineWidth=1, name='polygon_3', opacity=1.0, ori=array(0.), pos=array([0.    , 0.3875]), size=array([1., 1.]), units='height', vertices=ndarray(...), win=Window(...))
10.9456 	EXP 	Created polygon_4 = Rect(__class__=<class 'psychopy.visual.rect.Rect'>, autoDraw=False, autoLog=True, closeShape=True, color=method-wrapper(...), colorSpace=None, contrast=1.0, depth=-5.0, fillColor='white', fillColorSpace='named', fillRGB=array([255., 255., 255.]), interpolate=True, lineColor='white', lineColorSpace='named', lineRGB=array([255., 255., 255.]), lineWidth=1, name='polygon_4', opacity=1.0, ori=array(0.), pos=array([0.193 , 0.3875]), size=array([1., 1.]), units='height', vertices=ndarray(...), win=Window(...))
10.9463 	EXP 	Created polygon_5 = Rect(__class__=<class 'psychopy.visual.rect.Rect'>, autoDraw=False, autoLog=True, closeShape=True, color=method-wrapper(...), colorSpace=None, contrast=1.0, depth=-6.0, fillColor='white', fillColorSpace='named', fillRGB=array([255., 255., 255.]), interpolate=True, lineColor='white', lineColorSpace='named', lineRGB=array([255., 255., 255.]), lineWidth=1, name='polygon_5', opacity=1.0, ori=array(0.), pos=array([0.386 , 0.3875]), size=array([1., 1.]), units='height', vertices=ndarray(...), win=Window(...))
10.9470 	EXP 	Created polygon_6 = Rect(__class__=<class 'psychopy.visual.rect.Rect'>, autoDraw=False, autoLog=True, closeShape=True, color=method-wrapper(...), colorSpace=None, contrast=1.0, depth=-7.0, fillColor='white', fillColorSpace='named', fillRGB=array([255., 255., 255.]), interpolate=True, lineColor='white', lineColorSpace='named', lineRGB=array([255., 255., 255.]), lineWidth=1, name='polygon_6', opacity=1.0, ori=array(0.), pos=array([-0.386  ,  0.19415]), size=array([1., 1.]), units='height', vertices=ndarray(...), win=Window(...))
10.9478 	EXP 	Created polygon_7 = Rect(__class__=<class 'psychopy.visual.rect.Rect'>, autoDraw=False, autoLog=True, closeShape=True, color=method-wrapper(...), colorSpace=None, contrast=1.0, depth=-8.0, fillColor='white', fillColorSpace='named', fillRGB=array([255., 255., 255.]), interpolate=True, lineColor='white', lineColorSpace='named', lineRGB=array([255., 255., 255.]), lineWidth=1, name='polygon_7', opacity=1.0, ori=array(0.), pos=array([-0.193  ,  0.19415]), size=array([1., 1.]), units='height', vertices=ndarray(...), win=Window(...))
10.9485 	EXP 	Created polygon_8 = Rect(__class__=<class 'psychopy.visual.rect.Rect'>, autoDraw=False, autoLog=True, closeShape=True, color=method-wrapper(...), colorSpace=None, contrast=1.0, depth=-9.0, fillColor='white', fillColorSpace='named', fillRGB=array([255., 255., 255.]), interpolate=True, lineColor='white', lineColorSpace='named', lineRGB=array([255., 255., 255.]), lineWidth=1, name='polygon_8', opacity=1.0, ori=array(0.), pos=array([0.     , 0.19415]), size=array([1., 1.]), units='height', vertices=ndarray(...), win=Window(...))
10.9492 	EXP 	Created polygon_9 = Rect(__class__=<class 'psychopy.visual.rect.Rect'>, autoDraw=False, autoLog=True, closeShape=True, color=method-wrapper(...), colorSpace=None, contrast=1.0, depth=-10.0, fillColor='white', fillColorSpace='named', fillRGB=array([255., 255., 255.]), interpolate=True, lineColor='white', lineColorSpace='named', lineRGB=array([255., 255., 255.]), lineWidth=1, name='polygon_9', opacity=1.0, ori=array(0.), pos=array([0.193  , 0.19415]), size=array([1., 1.]), units='height', vertices=ndarray(...), win=Window(...))
10.9500 	EXP 	Created polygon_10 = Rect(__class__=<class 'psychopy.visual.rect.Rect'>, autoDraw=False, autoLog=True, closeShape=True, color=method-wrapper(...), colorSpace=None, contrast=1.0, depth=-11.0, fillColor='white', fillColorSpace='named', fillRGB=array([255., 255., 255.]), interpolate=True, lineColor='white', lineColorSpace='named', lineRGB=array([255., 255., 255.]), lineWidth=1, name='polygon_10', opacity=1.0, ori=array(0.), pos=array([0.386  , 0.19415]), size=array([1., 1.]), units='height', vertices=ndarray(...), win=Window(...))
10.9507 	EXP 	Created polygon_11 = Rect(__class__=<class 'psychopy.visual.rect.Rect'>, autoDraw=False, autoLog=True, closeShape=True, color=method-wrapper(...), colorSpace=None, contrast=1.0, depth=-12.0, fillColor='white', fillColorSpace='named', fillRGB=array([255., 255., 255.]), interpolate=True, lineColor='white', lineColorSpace='named', lineRGB=array([255., 255., 255.]), lineWidth=1, name='polygon_11', opacity=1.0, ori=array(0.), pos=array([-0.386,  0.   ]), size=array([1., 1.]), units='height', vertices=ndarray(...), win=Window(...))
10.9514 	EXP 	Created polygon_12 = Rect(__class__=<class 'psychopy.visual.rect.Rect'>, autoDraw=False, autoLog=True, closeShape=True, color=method-wrapper(...), colorSpace=None, contrast=1.0, depth=-13.0, fillColor='white', fillColorSpace='named', fillRGB=array([255., 255., 255.]), interpolate=True, lineColor='white', lineColorSpace='named', lineRGB=array([255., 255., 255.]), lineWidth=1, name='polygon_12', opacity=1.0, ori=array(0.), pos=array([-0.193,  0.   ]), size=array([1., 1.]), units='height', vertices=ndarray(...), win=Window(...))
10.9521 	EXP 	Created polygon_13 = Rect(__class__=<class 'psychopy.visual.rect.Rect'>, autoDraw=False, autoLog=True, closeShape=True, color=method-wrapper(...), colorSpace=None, contrast=1.0, depth=-14.0, fillColor='white', fillColorSpace='named', fillRGB=array([255., 255., 255.]), interpolate=True, lineColor='white', lineColorSpace='named', lineRGB=array([255., 255., 255.]), lineWidth=1, name='polygon_13', opacity=1.0, ori=array(0.), pos=array([0., 0.]), size=array([1., 1.]), units='height', vertices=ndarray(...), win=Window(...))
10.9528 	EXP 	Created polygon_14 = Rect(__class__=<class 'psychopy.visual.rect.Rect'>, autoDraw=False, autoLog=True, closeShape=True, color=method-wrapper(...), colorSpace=None, contrast=1.0, depth=-15.0, fillColor='white', fillColorSpace='named', fillRGB=array([255., 255., 255.]), interpolate=True, lineColor='white', lineColorSpace='named', lineRGB=array([255., 255., 255.]), lineWidth=1, name='polygon_14', opacity=1.0, ori=array(0.), pos=array([0.193, 0.   ]), size=array([1., 1.]), units='height', vertices=ndarray(...), win=Window(...))
10.9535 	EXP 	Created polygon_15 = Rect(__class__=<class 'psychopy.visual.rect.Rect'>, autoDraw=False, autoLog=True, closeShape=True, color=method-wrapper(...), colorSpace=None, contrast=1.0, depth=-16.0, fillColor='white', fillColorSpace='named', fillRGB=array([255., 255., 255.]), interpolate=True, lineColor='white', lineColorSpace='named', lineRGB=array([255., 255., 255.]), lineWidth=1, name='polygon_15', opacity=1.0, ori=array(0.), pos=array([0.386, 0.   ]), size=array([1., 1.]), units='height', vertices=ndarray(...), win=Window(...))
10.9542 	EXP 	Created polygon_16 = Rect(__class__=<class 'psychopy.visual.rect.Rect'>, autoDraw=False, autoLog=True, closeShape=True, color=method-wrapper(...), colorSpace=None, contrast=1.0, depth=-17.0, fillColor='white', fillColorSpace='named', fillRGB=array([255., 255., 255.]), interpolate=True, lineColor='white', lineColorSpace='named', lineRGB=array([255., 255., 255.]), lineWidth=1, name='polygon_16', opacity=1.0, ori=array(0.), pos=array([-0.386  , -0.19415]), size=array([1., 1.]), units='height', vertices=ndarray(...), win=Window(...))
10.9549 	EXP 	Created polygon_17 = Rect(__class__=<class 'psychopy.visual.rect.Rect'>, autoDraw=False, autoLog=True, closeShape=True, color=method-wrapper(...), colorSpace=None, contrast=1.0, depth=-18.0, fillColor='white', fillColorSpace='named', fillRGB=array([255., 255., 255.]), interpolate=True, lineColor='white', lineColorSpace='named', lineRGB=array([255., 255., 255.]), lineWidth=1, name='polygon_17', opacity=1.0, ori=array(0.), pos=array([-0.193  , -0.19415]), size=array([1., 1.]), units='height', vertices=ndarray(...), win=Window(...))
10.9556 	EXP 	Created polygon_18 = Rect(__class__=<class 'psychopy.visual.rect.Rect'>, autoDraw=False, autoLog=True, closeShape=True, color=method-wrapper(...), colorSpace=None, contrast=1.0, depth=-19.0, fillColor='white', fillColorSpace='named', fillRGB=array([255., 255., 255.]), interpolate=True, lineColor='white', lineColorSpace='named', lineRGB=array([255., 255., 255.]), lineWidth=1, name='polygon_18', opacity=1.0, ori=array(0.), pos=array([ 0.     , -0.19415]), size=array([1., 1.]), units='height', vertices=ndarray(...), win=Window(...))
10.9563 	EXP 	Created polygon_19 = Rect(__class__=<class 'psychopy.visual.rect.Rect'>, autoDraw=False, autoLog=True, closeShape=True, color=method-wrapper(...), colorSpace=None, contrast=1.0, depth=-20.0, fillColor='white', fillColorSpace='named', fillRGB=array([255., 255., 255.]), interpolate=True, lineColor='white', lineColorSpace='named', lineRGB=array([255., 255., 255.]), lineWidth=1, name='polygon_19', opacity=1.0, ori=array(0.), pos=array([ 0.193  , -0.19415]), size=array([1., 1.]), units='height', vertices=ndarray(...), win=Window(...))
10.9570 	EXP 	Created polygon_20 = Rect(__class__=<class 'psychopy.visual.rect.Rect'>, autoDraw=False, autoLog=True, closeShape=True, color=method-wrapper(...), colorSpace=None, contrast=1.0, depth=-21.0, fillColor='white', fillColorSpace='named', fillRGB=array([255., 255., 255.]), interpolate=True, lineColor='white', lineColorSpace='named', lineRGB=array([255., 255., 255.]), lineWidth=1, name='polygon_20', opacity=1.0, ori=array(0.), pos=array([ 0.386  , -0.19415]), size=array([1., 1.]), units='height', vertices=ndarray(...), win=Window(...))
10.9577 	EXP 	Created polygon_21 = Rect(__class__=<class 'psychopy.visual.rect.Rect'>, autoDraw=False, autoLog=True, closeShape=True, color=method-wrapper(...), colorSpace=None, contrast=1.0, depth=-22.0, fillColor='white', fillColorSpace='named', fillRGB=array([255., 255., 255.]), interpolate=True, lineColor='white', lineColorSpace='named', lineRGB=array([255., 255., 255.]), lineWidth=1, name='polygon_21', opacity=1.0, ori=array(0.), pos=array([-0.386 , -0.3875]), size=array([1., 1.]), units='height', vertices=ndarray(...), win=Window(...))
10.9584 	EXP 	Created polygon_22 = Rect(__class__=<class 'psychopy.visual.rect.Rect'>, autoDraw=False, autoLog=True, closeShape=True, color=method-wrapper(...), colorSpace=None, contrast=1.0, depth=-23.0, fillColor='white', fillColorSpace='named', fillRGB=array([255., 255., 255.]), interpolate=True, lineColor='white', lineColorSpace='named', lineRGB=array([255., 255., 255.]), lineWidth=1, name='polygon_22', opacity=1.0, ori=array(0.), pos=array([-0.193 , -0.3875]), size=array([1., 1.]), units='height', vertices=ndarray(...), win=Window(...))
10.9591 	EXP 	Created polygon_23 = Rect(__class__=<class 'psychopy.visual.rect.Rect'>, autoDraw=False, autoLog=True, closeShape=True, color=method-wrapper(...), colorSpace=None, contrast=1.0, depth=-24.0, fillColor='white', fillColorSpace='named', fillRGB=array([255., 255., 255.]), interpolate=True, lineColor='white', lineColorSpace='named', lineRGB=array([255., 255., 255.]), lineWidth=1, name='polygon_23', opacity=1.0, ori=array(0.), pos=array([ 0.    , -0.3875]), size=array([1., 1.]), units='height', vertices=ndarray(...), win=Window(...))
10.9599 	EXP 	Created polygon_24 = Rect(__class__=<class 'psychopy.visual.rect.Rect'>, autoDraw=False, autoLog=True, closeShape=True, color=method-wrapper(...), colorSpace=None, contrast=1.0, depth=-25.0, fillColor='white', fillColorSpace='named', fillRGB=array([255., 255., 255.]), interpolate=True, lineColor='white', lineColorSpace='named', lineRGB=array([255., 255., 255.]), lineWidth=1, name='polygon_24', opacity=1.0, ori=array(0.), pos=array([ 0.193 , -0.3875]), size=array([1., 1.]), units='height', vertices=ndarray(...), win=Window(...))
10.9606 	EXP 	Created polygon_25 = Rect(__class__=<class 'psychopy.visual.rect.Rect'>, autoDraw=False, autoLog=True, closeShape=True, color=method-wrapper(...), colorSpace=None, contrast=1.0, depth=-26.0, fillColor='white', fillColorSpace='named', fillRGB=array([255., 255., 255.]), interpolate=True, lineColor='white', lineColorSpace='named', lineRGB=array([255., 255., 255.]), lineWidth=1, name='polygon_25', opacity=1.0, ori=array(0.), pos=array([ 0.386 , -0.3875]), size=array([1., 1.]), units='height', vertices=ndarray(...), win=Window(...))
10.9927 	EXP 	Imported BLS_responses.xlsx as conditions, 32 conditions, 3 params
10.9930 	EXP 	Created sequence: sequential, trialTypes=32, nReps=1, seed=None
10.9932 	EXP 	New trial (rep=0, index=0): OrderedDict([('span', 2), ('trial', 1), ('correct_seq', ['polygon_18', 'polygon_10'])])
11.0584 	EXP 	polygon: fillColor = 'white'
11.0584 	EXP 	polygon: lineColor = 'white'
11.0584 	EXP 	polygon: color = 'white'
11.0584 	EXP 	polygon_2: fillColor = 'white'
11.0584 	EXP 	polygon_2: lineColor = 'white'
11.0584 	EXP 	polygon_2: color = 'white'
11.0584 	EXP 	polygon_3: fillColor = 'white'
11.0584 	EXP 	polygon_3: lineColor = 'white'
11.0584 	EXP 	polygon_3: color = 'white'
11.0584 	EXP 	polygon_4: fillColor = 'white'
11.0584 	EXP 	polygon_4: lineColor = 'white'
11.0584 	EXP 	polygon_4: color = 'white'
11.0584 	EXP 	polygon_5: fillColor = 'white'
11.0584 	EXP 	polygon_5: lineColor = 'white'
11.0584 	EXP 	polygon_5: color = 'white'
11.0584 	EXP 	polygon_6: fillColor = 'white'
11.0584 	EXP 	polygon_6: lineColor = 'white'
11.0584 	EXP 	polygon_6: color = 'white'
11.0584 	EXP 	polygon_7: fillColor = 'white'
11.0584 	EXP 	polygon_7: lineColor = 'white'
11.0584 	EXP 	polygon_7: color = 'white'
11.0584 	EXP 	polygon_8: fillColor = 'white'
11.0584 	EXP 	polygon_8: lineColor = 'white'
11.0584 	EXP 	polygon_8: color = 'white'
11.0584 	EXP 	polygon_9: fillColor = 'white'
11.0584 	EXP 	polygon_9: lineColor = 'white'
11.0584 	EXP 	polygon_9: color = 'white'
11.0584 	EXP 	polygon_10: fillColor = 'white'
11.0584 	EXP 	polygon_10: lineColor = 'white'
11.0584 	EXP 	polygon_10: color = 'white'
11.0584 	EXP 	polygon_11: fillColor = 'white'
11.0584 	EXP 	polygon_11: lineColor = 'white'
11.0584 	EXP 	polygon_11: color = 'white'
11.0584 	EXP 	polygon_12: fillColor = 'white'
11.0584 	EXP 	polygon_12: lineColor = 'white'
11.0584 	EXP 	polygon_12: color = 'white'
11.0584 	EXP 	polygon_13: fillColor = 'white'
11.0584 	EXP 	polygon_13: lineColor = 'white'
11.0584 	EXP 	polygon_13: color = 'white'
11.0584 	EXP 	polygon_14: fillColor = 'white'
11.0584 	EXP 	polygon_14: lineColor = 'white'
11.0584 	EXP 	polygon_14: color = 'white'
11.0584 	EXP 	polygon_15: fillColor = 'white'
11.0584 	EXP 	polygon_15: lineColor = 'white'
11.0584 	EXP 	polygon_15: color = 'white'
11.0584 	EXP 	polygon_16: fillColor = 'white'
11.0584 	EXP 	polygon_16: lineColor = 'white'
11.0584 	EXP 	polygon_16: color = 'white'
11.0584 	EXP 	polygon_17: fillColor = 'white'
11.0584 	EXP 	polygon_17: lineColor = 'white'
11.0584 	EXP 	polygon_17: color = 'white'
11.0584 	EXP 	polygon_18: fillColor = 'white'
11.0584 	EXP 	polygon_18: lineColor = 'white'
11.0584 	EXP 	polygon_18: color = 'white'
11.0584 	EXP 	polygon_19: fillColor = 'white'
11.0584 	EXP 	polygon_19: lineColor = 'white'
11.0584 	EXP 	polygon_19: color = 'white'
11.0584 	EXP 	polygon_20: fillColor = 'white'
11.0584 	EXP 	polygon_20: lineColor = 'white'
11.0584 	EXP 	polygon_20: color = 'white'
11.0584 	EXP 	polygon_21: fillColor = 'white'
11.0584 	EXP 	polygon_21: lineColor = 'white'
11.0584 	EXP 	polygon_21: color = 'white'
11.0584 	EXP 	polygon_22: fillColor = 'white'
11.0584 	EXP 	polygon_22: lineColor = 'white'
11.0584 	EXP 	polygon_22: color = 'white'
11.0584 	EXP 	polygon_23: fillColor = 'white'
11.0584 	EXP 	polygon_23: lineColor = 'white'
11.0584 	EXP 	polygon_23: color = 'white'
11.0584 	EXP 	polygon_24: fillColor = 'white'
11.0584 	EXP 	polygon_24: lineColor = 'white'
11.0584 	EXP 	polygon_24: color = 'white'
11.0584 	EXP 	polygon_25: fillColor = 'white'
11.0584 	EXP 	polygon_25: lineColor = 'white'
11.0584 	EXP 	polygon_25: color = 'white'
11.0584 	EXP 	grid: autoDraw = True
11.0584 	EXP 	polygon: autoDraw = True
11.0584 	EXP 	polygon_2: autoDraw = True
11.0584 	EXP 	polygon_3: autoDraw = True
11.0584 	EXP 	polygon_4: autoDraw = True
11.0584 	EXP 	polygon_5: autoDraw = True
11.0584 	EXP 	polygon_6: autoDraw = True
11.0584 	EXP 	polygon_7: autoDraw = True
11.0584 	EXP 	polygon_8: autoDraw = True
11.0584 	EXP 	polygon_9: autoDraw = True
11.0584 	EXP 	polygon_10: autoDraw = True
11.0584 	EXP 	polygon_11: autoDraw = True
11.0584 	EXP 	polygon_12: autoDraw = True
11.0584 	EXP 	polygon_13: autoDraw = True
11.0584 	EXP 	polygon_14: autoDraw = True
11.0584 	EXP 	polygon_15: autoDraw = True
11.0584 	EXP 	polygon_16: autoDraw = True
11.0584 	EXP 	polygon_17: autoDraw = True
11.0584 	EXP 	polygon_18: autoDraw = True
11.0584 	EXP 	polygon_19: autoDraw = True
11.0584 	EXP 	polygon_20: autoDraw = True
11.0584 	EXP 	polygon_21: autoDraw = True
11.0584 	EXP 	polygon_22: autoDraw = True
11.0584 	EXP 	polygon_23: autoDraw = True
11.0584 	EXP 	polygon_24: autoDraw = True
11.0584 	EXP 	polygon_25: autoDraw = True
13.4272 	DATA 	Mouse: Left button down, pos=(1390,618)
13.4582 	EXP 	polygon_18: fillColor = 'black'
13.4582 	EXP 	polygon_18: lineColor = 'black'
13.4582 	EXP 	polygon_18: color = 'black'
13.5940 	DATA 	Mouse:  Left button up, pos=(1390,618)
15.0274 	DATA 	Mouse: Left button down, pos=(2119,1218)
15.0582 	EXP 	polygon_10: fillColor = 'black'
15.0582 	EXP 	polygon_10: lineColor = 'black'
15.0582 	EXP 	polygon_10: color = 'black'
15.2319 	DATA 	Mouse:  Left button up, pos=(2119,1218)
16.5666 	DATA 	Keypress: space
16.6473 	EXP 	window1: mouseVisible = True
