8.2802 	WARNING 	User requested fullscreen with size [1440  900], but screen is actually [2880, 1800]. Using actual size
9.2299 	EXP 	Created window1 = Window(allowGUI=False, allowStencil=False, args=UNKNOWN, autoLog=True, bitsMode=UNKNOWN, blendMode='avg', color=array([0., 0., 0.]), colorSpace='hsv', fullscr=<method-wrapper '__getattribute__' of attributeSetter object at 0x0000026C51259630>, gamma=None, gammaErrorPolicy='raise', kwargs=UNKNOWN, lms=UNKNOWN, monitor=<psychopy.monitors.calibTools.Monitor object at 0x0000026C511187F0>, multiSample=False, name='window1', numSamples=2, pos=[0.0, 0.0], screen=0, size=array([2880, 1800]), stereo=False, units='height', useFBO=True, useRetina=False, viewOri=0.0, viewPos=None, viewScale=None, waitBlanking=True, winType='pyglet')
9.2300 	EXP 	window1: recordFrameIntervals = False
9.3963 	EXP 	window1: recordFrameIntervals = True
9.5798 	EXP 	window1: recordFrameIntervals = False
9.8079 	EXP 	Created grid = ImageStim(__class__=<class 'psychopy.visual.image.ImageStim'>, autoLog=True, color=array([1., 1., 1.]), colorSpace='rgb', contrast=1.0, depth=0.0, flipHoriz=False, flipVert=False, image='Blank Grid.jpg', interpolate=True, mask=None, maskParams=None, name='grid', opacity=1.0, ori=0.0, pos=array([0., 0.]), size=array([1., 1.]), texRes=128, units='height', win=Window(...))
9.8104 	EXP 	Created polygon = Rect(__class__=<class 'psychopy.visual.rect.Rect'>, autoDraw=False, autoLog=True, closeShape=True, color=method-wrapper(...), colorSpace=None, contrast=1.0, depth=-2.0, fillColor='white', fillColorSpace='named', fillRGB=array([255., 255., 255.]), interpolate=True, lineColor='white', lineColorSpace='named', lineRGB=array([255., 255., 255.]), lineWidth=1, name='polygon', opacity=1.0, ori=array(0.), pos=array([-0.386 ,  0.3875]), size=array([1., 1.]), units='height', vertices=ndarray(...), win=Window(...))
9.8112 	EXP 	Created polygon_2 = Rect(__class__=<class 'psychopy.visual.rect.Rect'>, autoDraw=False, autoLog=True, closeShape=True, color=method-wrapper(...), colorSpace=None, contrast=1.0, depth=-3.0, fillColor='white', fillColorSpace='named', fillRGB=array([255., 255., 255.]), interpolate=True, lineColor='white', lineColorSpace='named', lineRGB=array([255., 255., 255.]), lineWidth=1, name='polygon_2', opacity=1.0, ori=array(0.), pos=array([-0.193 ,  0.3875]), size=array([1., 1.]), units='height', vertices=ndarray(...), win=Window(...))
9.8119 	EXP 	Created polygon_3 = Rect(__class__=<class 'psychopy.visual.rect.Rect'>, autoDraw=False, autoLog=True, closeShape=True, color=method-wrapper(...), colorSpace=None, contrast=1.0, depth=-4.0, fillColor='white', fillColorSpace='named', fillRGB=array([255., 255., 255.]), interpolate=True, lineColor='white', lineColorSpace='named', lineRGB=array([255., 255., 255.]), lineWidth=1, name='polygon_3', opacity=1.0, ori=array(0.), pos=array([0.    , 0.3875]), size=array([1., 1.]), units='height', vertices=ndarray(...), win=Window(...))
9.8126 	EXP 	Created polygon_4 = Rect(__class__=<class 'psychopy.visual.rect.Rect'>, autoDraw=False, autoLog=True, closeShape=True, color=method-wrapper(...), colorSpace=None, contrast=1.0, depth=-5.0, fillColor='white', fillColorSpace='named', fillRGB=array([255., 255., 255.]), interpolate=True, lineColor='white', lineColorSpace='named', lineRGB=array([255., 255., 255.]), lineWidth=1, name='polygon_4', opacity=1.0, ori=array(0.), pos=array([0.193 , 0.3875]), size=array([1., 1.]), units='height', vertices=ndarray(...), win=Window(...))
9.8133 	EXP 	Created polygon_5 = Rect(__class__=<class 'psychopy.visual.rect.Rect'>, autoDraw=False, autoLog=True, closeShape=True, color=method-wrapper(...), colorSpace=None, contrast=1.0, depth=-6.0, fillColor='white', fillColorSpace='named', fillRGB=array([255., 255., 255.]), interpolate=True, lineColor='white', lineColorSpace='named', lineRGB=array([255., 255., 255.]), lineWidth=1, name='polygon_5', opacity=1.0, ori=array(0.), pos=array([0.386 , 0.3875]), size=array([1., 1.]), units='height', vertices=ndarray(...), win=Window(...))
9.8141 	EXP 	Created polygon_6 = Rect(__class__=<class 'psychopy.visual.rect.Rect'>, autoDraw=False, autoLog=True, closeShape=True, color=method-wrapper(...), colorSpace=None, contrast=1.0, depth=-7.0, fillColor='white', fillColorSpace='named', fillRGB=array([255., 255., 255.]), interpolate=True, lineColor='white', lineColorSpace='named', lineRGB=array([255., 255., 255.]), lineWidth=1, name='polygon_6', opacity=1.0, ori=array(0.), pos=array([-0.386  ,  0.19415]), size=array([1., 1.]), units='height', vertices=ndarray(...), win=Window(...))
9.8148 	EXP 	Created polygon_7 = Rect(__class__=<class 'psychopy.visual.rect.Rect'>, autoDraw=False, autoLog=True, closeShape=True, color=method-wrapper(...), colorSpace=None, contrast=1.0, depth=-8.0, fillColor='white', fillColorSpace='named', fillRGB=array([255., 255., 255.]), interpolate=True, lineColor='white', lineColorSpace='named', lineRGB=array([255., 255., 255.]), lineWidth=1, name='polygon_7', opacity=1.0, ori=array(0.), pos=array([-0.193  ,  0.19415]), size=array([1., 1.]), units='height', vertices=ndarray(...), win=Window(...))
9.8155 	EXP 	Created polygon_8 = Rect(__class__=<class 'psychopy.visual.rect.Rect'>, autoDraw=False, autoLog=True, closeShape=True, color=method-wrapper(...), colorSpace=None, contrast=1.0, depth=-9.0, fillColor='white', fillColorSpace='named', fillRGB=array([255., 255., 255.]), interpolate=True, lineColor='white', lineColorSpace='named', lineRGB=array([255., 255., 255.]), lineWidth=1, name='polygon_8', opacity=1.0, ori=array(0.), pos=array([0.     , 0.19415]), size=array([1., 1.]), units='height', vertices=ndarray(...), win=Window(...))
9.8164 	EXP 	Created polygon_9 = Rect(__class__=<class 'psychopy.visual.rect.Rect'>, autoDraw=False, autoLog=True, closeShape=True, color=method-wrapper(...), colorSpace=None, contrast=1.0, depth=-10.0, fillColor='white', fillColorSpace='named', fillRGB=array([255., 255., 255.]), interpolate=True, lineColor='white', lineColorSpace='named', lineRGB=array([255., 255., 255.]), lineWidth=1, name='polygon_9', opacity=1.0, ori=array(0.), pos=array([0.193  , 0.19415]), size=array([1., 1.]), units='height', vertices=ndarray(...), win=Window(...))
9.8171 	EXP 	Created polygon_10 = Rect(__class__=<class 'psychopy.visual.rect.Rect'>, autoDraw=False, autoLog=True, closeShape=True, color=method-wrapper(...), colorSpace=None, contrast=1.0, depth=-11.0, fillColor='white', fillColorSpace='named', fillRGB=array([255., 255., 255.]), interpolate=True, lineColor='white', lineColorSpace='named', lineRGB=array([255., 255., 255.]), lineWidth=1, name='polygon_10', opacity=1.0, ori=array(0.), pos=array([0.386  , 0.19415]), size=array([1., 1.]), units='height', vertices=ndarray(...), win=Window(...))
9.8179 	EXP 	Created polygon_11 = Rect(__class__=<class 'psychopy.visual.rect.Rect'>, autoDraw=False, autoLog=True, closeShape=True, color=method-wrapper(...), colorSpace=None, contrast=1.0, depth=-12.0, fillColor='white', fillColorSpace='named', fillRGB=array([255., 255., 255.]), interpolate=True, lineColor='white', lineColorSpace='named', lineRGB=array([255., 255., 255.]), lineWidth=1, name='polygon_11', opacity=1.0, ori=array(0.), pos=array([-0.386,  0.   ]), size=array([1., 1.]), units='height', vertices=ndarray(...), win=Window(...))
9.8186 	EXP 	Created polygon_12 = Rect(__class__=<class 'psychopy.visual.rect.Rect'>, autoDraw=False, autoLog=True, closeShape=True, color=method-wrapper(...), colorSpace=None, contrast=1.0, depth=-13.0, fillColor='white', fillColorSpace='named', fillRGB=array([255., 255., 255.]), interpolate=True, lineColor='white', lineColorSpace='named', lineRGB=array([255., 255., 255.]), lineWidth=1, name='polygon_12', opacity=1.0, ori=array(0.), pos=array([-0.193,  0.   ]), size=array([1., 1.]), units='height', vertices=ndarray(...), win=Window(...))
9.8193 	EXP 	Created polygon_13 = Rect(__class__=<class 'psychopy.visual.rect.Rect'>, autoDraw=False, autoLog=True, closeShape=True, color=method-wrapper(...), colorSpace=None, contrast=1.0, depth=-14.0, fillColor='white', fillColorSpace='named', fillRGB=array([255., 255., 255.]), interpolate=True, lineColor='white', lineColorSpace='named', lineRGB=array([255., 255., 255.]), lineWidth=1, name='polygon_13', opacity=1.0, ori=array(0.), pos=array([0., 0.]), size=array([1., 1.]), units='height', vertices=ndarray(...), win=Window(...))
9.8200 	EXP 	Created polygon_14 = Rect(__class__=<class 'psychopy.visual.rect.Rect'>, autoDraw=False, autoLog=True, closeShape=True, color=method-wrapper(...), colorSpace=None, contrast=1.0, depth=-15.0, fillColor='white', fillColorSpace='named', fillRGB=array([255., 255., 255.]), interpolate=True, lineColor='white', lineColorSpace='named', lineRGB=array([255., 255., 255.]), lineWidth=1, name='polygon_14', opacity=1.0, ori=array(0.), pos=array([0.193, 0.   ]), size=array([1., 1.]), units='height', vertices=ndarray(...), win=Window(...))
9.8208 	EXP 	Created polygon_15 = Rect(__class__=<class 'psychopy.visual.rect.Rect'>, autoDraw=False, autoLog=True, closeShape=True, color=method-wrapper(...), colorSpace=None, contrast=1.0, depth=-16.0, fillColor='white', fillColorSpace='named', fillRGB=array([255., 255., 255.]), interpolate=True, lineColor='white', lineColorSpace='named', lineRGB=array([255., 255., 255.]), lineWidth=1, name='polygon_15', opacity=1.0, ori=array(0.), pos=array([0.386, 0.   ]), size=array([1., 1.]), units='height', vertices=ndarray(...), win=Window(...))
9.8215 	EXP 	Created polygon_16 = Rect(__class__=<class 'psychopy.visual.rect.Rect'>, autoDraw=False, autoLog=True, closeShape=True, color=method-wrapper(...), colorSpace=None, contrast=1.0, depth=-17.0, fillColor='white', fillColorSpace='named', fillRGB=array([255., 255., 255.]), interpolate=True, lineColor='white', lineColorSpace='named', lineRGB=array([255., 255., 255.]), lineWidth=1, name='polygon_16', opacity=1.0, ori=array(0.), pos=array([-0.386  , -0.19415]), size=array([1., 1.]), units='height', vertices=ndarray(...), win=Window(...))
9.8222 	EXP 	Created polygon_17 = Rect(__class__=<class 'psychopy.visual.rect.Rect'>, autoDraw=False, autoLog=True, closeShape=True, color=method-wrapper(...), colorSpace=None, contrast=1.0, depth=-18.0, fillColor='white', fillColorSpace='named', fillRGB=array([255., 255., 255.]), interpolate=True, lineColor='white', lineColorSpace='named', lineRGB=array([255., 255., 255.]), lineWidth=1, name='polygon_17', opacity=1.0, ori=array(0.), pos=array([-0.193  , -0.19415]), size=array([1., 1.]), units='height', vertices=ndarray(...), win=Window(...))
9.8229 	EXP 	Created polygon_18 = Rect(__class__=<class 'psychopy.visual.rect.Rect'>, autoDraw=False, autoLog=True, closeShape=True, color=method-wrapper(...), colorSpace=None, contrast=1.0, depth=-19.0, fillColor='white', fillColorSpace='named', fillRGB=array([255., 255., 255.]), interpolate=True, lineColor='white', lineColorSpace='named', lineRGB=array([255., 255., 255.]), lineWidth=1, name='polygon_18', opacity=1.0, ori=array(0.), pos=array([ 0.     , -0.19415]), size=array([1., 1.]), units='height', vertices=ndarray(...), win=Window(...))
9.8237 	EXP 	Created polygon_19 = Rect(__class__=<class 'psychopy.visual.rect.Rect'>, autoDraw=False, autoLog=True, closeShape=True, color=method-wrapper(...), colorSpace=None, contrast=1.0, depth=-20.0, fillColor='white', fillColorSpace='named', fillRGB=array([255., 255., 255.]), interpolate=True, lineColor='white', lineColorSpace='named', lineRGB=array([255., 255., 255.]), lineWidth=1, name='polygon_19', opacity=1.0, ori=array(0.), pos=array([ 0.193  , -0.19415]), size=array([1., 1.]), units='height', vertices=ndarray(...), win=Window(...))
9.8244 	EXP 	Created polygon_20 = Rect(__class__=<class 'psychopy.visual.rect.Rect'>, autoDraw=False, autoLog=True, closeShape=True, color=method-wrapper(...), colorSpace=None, contrast=1.0, depth=-21.0, fillColor='white', fillColorSpace='named', fillRGB=array([255., 255., 255.]), interpolate=True, lineColor='white', lineColorSpace='named', lineRGB=array([255., 255., 255.]), lineWidth=1, name='polygon_20', opacity=1.0, ori=array(0.), pos=array([ 0.386  , -0.19415]), size=array([1., 1.]), units='height', vertices=ndarray(...), win=Window(...))
9.8251 	EXP 	Created polygon_21 = Rect(__class__=<class 'psychopy.visual.rect.Rect'>, autoDraw=False, autoLog=True, closeShape=True, color=method-wrapper(...), colorSpace=None, contrast=1.0, depth=-22.0, fillColor='white', fillColorSpace='named', fillRGB=array([255., 255., 255.]), interpolate=True, lineColor='white', lineColorSpace='named', lineRGB=array([255., 255., 255.]), lineWidth=1, name='polygon_21', opacity=1.0, ori=array(0.), pos=array([-0.386 , -0.3875]), size=array([1., 1.]), units='height', vertices=ndarray(...), win=Window(...))
9.8258 	EXP 	Created polygon_22 = Rect(__class__=<class 'psychopy.visual.rect.Rect'>, autoDraw=False, autoLog=True, closeShape=True, color=method-wrapper(...), colorSpace=None, contrast=1.0, depth=-23.0, fillColor='white', fillColorSpace='named', fillRGB=array([255., 255., 255.]), interpolate=True, lineColor='white', lineColorSpace='named', lineRGB=array([255., 255., 255.]), lineWidth=1, name='polygon_22', opacity=1.0, ori=array(0.), pos=array([-0.193 , -0.3875]), size=array([1., 1.]), units='height', vertices=ndarray(...), win=Window(...))
9.8266 	EXP 	Created polygon_23 = Rect(__class__=<class 'psychopy.visual.rect.Rect'>, autoDraw=False, autoLog=True, closeShape=True, color=method-wrapper(...), colorSpace=None, contrast=1.0, depth=-24.0, fillColor='white', fillColorSpace='named', fillRGB=array([255., 255., 255.]), interpolate=True, lineColor='white', lineColorSpace='named', lineRGB=array([255., 255., 255.]), lineWidth=1, name='polygon_23', opacity=1.0, ori=array(0.), pos=array([ 0.    , -0.3875]), size=array([1., 1.]), units='height', vertices=ndarray(...), win=Window(...))
9.8273 	EXP 	Created polygon_24 = Rect(__class__=<class 'psychopy.visual.rect.Rect'>, autoDraw=False, autoLog=True, closeShape=True, color=method-wrapper(...), colorSpace=None, contrast=1.0, depth=-25.0, fillColor='white', fillColorSpace='named', fillRGB=array([255., 255., 255.]), interpolate=True, lineColor='white', lineColorSpace='named', lineRGB=array([255., 255., 255.]), lineWidth=1, name='polygon_24', opacity=1.0, ori=array(0.), pos=array([ 0.193 , -0.3875]), size=array([1., 1.]), units='height', vertices=ndarray(...), win=Window(...))
9.8280 	EXP 	Created polygon_25 = Rect(__class__=<class 'psychopy.visual.rect.Rect'>, autoDraw=False, autoLog=True, closeShape=True, color=method-wrapper(...), colorSpace=None, contrast=1.0, depth=-26.0, fillColor='white', fillColorSpace='named', fillRGB=array([255., 255., 255.]), interpolate=True, lineColor='white', lineColorSpace='named', lineRGB=array([255., 255., 255.]), lineWidth=1, name='polygon_25', opacity=1.0, ori=array(0.), pos=array([ 0.386 , -0.3875]), size=array([1., 1.]), units='height', vertices=ndarray(...), win=Window(...))
9.9425 	EXP 	Created thx_txt = TextStim(__class__=<class 'psychopy.visual.text.TextStim'>, alignHoriz='center', alignVert='center', antialias=True, autoLog=True, bold=False, color='white', colorSpace='named', contrast=1.0, depth=0.0, flipHoriz=False, flipVert=False, font='Arial', fontFiles=[], height=0.05, italic=False, languageStyle='LTR', name='thx_txt', opacity=1.0, ori=0, pos=array([0., 0.]), rgb=array([255., 255., 255.]), text='Good work! \n\nYou have completed this task.', units='height', win=Window(...), wrapWidth=1)
9.9734 	EXP 	Imported BLS_Trial_Picker.xlsx as conditions, 32 conditions, 4 params
9.9737 	EXP 	Created sequence: sequential, trialTypes=32, nReps=1, seed=None
9.9739 	EXP 	New trial (rep=0, index=0): OrderedDict([('Running_Trial_Num', 1), ('trial_length', 2), ('rows', '0, 1'), ('correct_seq', ['polygon_18', 'polygon_10'])])
10.0631 	EXP 	polygon: fillColor = 'white'
10.0631 	EXP 	polygon: lineColor = 'white'
10.0631 	EXP 	polygon: color = 'white'
10.0631 	EXP 	polygon_2: fillColor = 'white'
10.0631 	EXP 	polygon_2: lineColor = 'white'
10.0631 	EXP 	polygon_2: color = 'white'
10.0631 	EXP 	polygon_3: fillColor = 'white'
10.0631 	EXP 	polygon_3: lineColor = 'white'
10.0631 	EXP 	polygon_3: color = 'white'
10.0631 	EXP 	polygon_4: fillColor = 'white'
10.0631 	EXP 	polygon_4: lineColor = 'white'
10.0631 	EXP 	polygon_4: color = 'white'
10.0631 	EXP 	polygon_5: fillColor = 'white'
10.0631 	EXP 	polygon_5: lineColor = 'white'
10.0631 	EXP 	polygon_5: color = 'white'
10.0631 	EXP 	polygon_6: fillColor = 'white'
10.0631 	EXP 	polygon_6: lineColor = 'white'
10.0631 	EXP 	polygon_6: color = 'white'
10.0631 	EXP 	polygon_7: fillColor = 'white'
10.0631 	EXP 	polygon_7: lineColor = 'white'
10.0631 	EXP 	polygon_7: color = 'white'
10.0631 	EXP 	polygon_8: fillColor = 'white'
10.0631 	EXP 	polygon_8: lineColor = 'white'
10.0631 	EXP 	polygon_8: color = 'white'
10.0631 	EXP 	polygon_9: fillColor = 'white'
10.0631 	EXP 	polygon_9: lineColor = 'white'
10.0631 	EXP 	polygon_9: color = 'white'
10.0631 	EXP 	polygon_10: fillColor = 'white'
10.0631 	EXP 	polygon_10: lineColor = 'white'
10.0631 	EXP 	polygon_10: color = 'white'
10.0631 	EXP 	polygon_11: fillColor = 'white'
10.0631 	EXP 	polygon_11: lineColor = 'white'
10.0631 	EXP 	polygon_11: color = 'white'
10.0631 	EXP 	polygon_12: fillColor = 'white'
10.0631 	EXP 	polygon_12: lineColor = 'white'
10.0631 	EXP 	polygon_12: color = 'white'
10.0631 	EXP 	polygon_13: fillColor = 'white'
10.0631 	EXP 	polygon_13: lineColor = 'white'
10.0631 	EXP 	polygon_13: color = 'white'
10.0631 	EXP 	polygon_14: fillColor = 'white'
10.0631 	EXP 	polygon_14: lineColor = 'white'
10.0631 	EXP 	polygon_14: color = 'white'
10.0631 	EXP 	polygon_15: fillColor = 'white'
10.0631 	EXP 	polygon_15: lineColor = 'white'
10.0631 	EXP 	polygon_15: color = 'white'
10.0631 	EXP 	polygon_16: fillColor = 'white'
10.0631 	EXP 	polygon_16: lineColor = 'white'
10.0631 	EXP 	polygon_16: color = 'white'
10.0631 	EXP 	polygon_17: fillColor = 'white'
10.0631 	EXP 	polygon_17: lineColor = 'white'
10.0631 	EXP 	polygon_17: color = 'white'
10.0631 	EXP 	polygon_18: fillColor = 'white'
10.0631 	EXP 	polygon_18: lineColor = 'white'
10.0631 	EXP 	polygon_18: color = 'white'
10.0631 	EXP 	polygon_19: fillColor = 'white'
10.0631 	EXP 	polygon_19: lineColor = 'white'
10.0631 	EXP 	polygon_19: color = 'white'
10.0631 	EXP 	polygon_20: fillColor = 'white'
10.0631 	EXP 	polygon_20: lineColor = 'white'
10.0631 	EXP 	polygon_20: color = 'white'
10.0631 	EXP 	polygon_21: fillColor = 'white'
10.0631 	EXP 	polygon_21: lineColor = 'white'
10.0631 	EXP 	polygon_21: color = 'white'
10.0631 	EXP 	polygon_22: fillColor = 'white'
10.0631 	EXP 	polygon_22: lineColor = 'white'
10.0631 	EXP 	polygon_22: color = 'white'
10.0631 	EXP 	polygon_23: fillColor = 'white'
10.0631 	EXP 	polygon_23: lineColor = 'white'
10.0631 	EXP 	polygon_23: color = 'white'
10.0631 	EXP 	polygon_24: fillColor = 'white'
10.0631 	EXP 	polygon_24: lineColor = 'white'
10.0631 	EXP 	polygon_24: color = 'white'
10.0631 	EXP 	polygon_25: fillColor = 'white'
10.0631 	EXP 	polygon_25: lineColor = 'white'
10.0631 	EXP 	polygon_25: color = 'white'
10.0631 	EXP 	grid: autoDraw = True
10.0631 	EXP 	polygon: autoDraw = True
10.0631 	EXP 	polygon_2: autoDraw = True
10.0631 	EXP 	polygon_3: autoDraw = True
10.0631 	EXP 	polygon_4: autoDraw = True
10.0631 	EXP 	polygon_5: autoDraw = True
10.0631 	EXP 	polygon_6: autoDraw = True
10.0631 	EXP 	polygon_7: autoDraw = True
10.0631 	EXP 	polygon_8: autoDraw = True
10.0631 	EXP 	polygon_9: autoDraw = True
10.0631 	EXP 	polygon_10: autoDraw = True
10.0631 	EXP 	polygon_11: autoDraw = True
10.0631 	EXP 	polygon_12: autoDraw = True
10.0631 	EXP 	polygon_13: autoDraw = True
10.0631 	EXP 	polygon_14: autoDraw = True
10.0631 	EXP 	polygon_15: autoDraw = True
10.0631 	EXP 	polygon_16: autoDraw = True
10.0631 	EXP 	polygon_17: autoDraw = True
10.0631 	EXP 	polygon_18: autoDraw = True
10.0631 	EXP 	polygon_19: autoDraw = True
10.0631 	EXP 	polygon_20: autoDraw = True
10.0631 	EXP 	polygon_21: autoDraw = True
10.0631 	EXP 	polygon_22: autoDraw = True
10.0631 	EXP 	polygon_23: autoDraw = True
10.0631 	EXP 	polygon_24: autoDraw = True
10.0631 	EXP 	polygon_25: autoDraw = True
11.7207 	DATA 	Mouse: Left button down, pos=(1520,557)
11.7626 	EXP 	polygon_18: fillColor = 'black'
11.7626 	EXP 	polygon_18: lineColor = 'black'
11.7626 	EXP 	polygon_18: color = 'black'
11.8655 	DATA 	Mouse:  Left button up, pos=(1520,557)
12.8051 	DATA 	Mouse: Left button down, pos=(2049,1145)
12.8460 	EXP 	polygon_10: fillColor = 'black'
12.8460 	EXP 	polygon_10: lineColor = 'black'
12.8460 	EXP 	polygon_10: color = 'black'
12.9482 	DATA 	Mouse:  Left button up, pos=(2049,1145)
13.9390 	DATA 	Keypress: space
13.9542 	EXP 	New trial (rep=0, index=1): OrderedDict([('Running_Trial_Num', 2), ('trial_length', 2), ('rows', '2, 3'), ('correct_seq', ['polygon_19', 'polygon_2'])])
13.9792 	EXP 	grid: autoDraw = False
13.9792 	EXP 	polygon: autoDraw = False
13.9792 	EXP 	polygon_2: autoDraw = False
13.9792 	EXP 	polygon_3: autoDraw = False
13.9792 	EXP 	polygon_4: autoDraw = False
13.9792 	EXP 	polygon_5: autoDraw = False
13.9792 	EXP 	polygon_6: autoDraw = False
13.9792 	EXP 	polygon_7: autoDraw = False
13.9792 	EXP 	polygon_8: autoDraw = False
13.9792 	EXP 	polygon_9: autoDraw = False
13.9792 	EXP 	polygon_10: autoDraw = False
13.9792 	EXP 	polygon_11: autoDraw = False
13.9792 	EXP 	polygon_12: autoDraw = False
13.9792 	EXP 	polygon_13: autoDraw = False
13.9792 	EXP 	polygon_14: autoDraw = False
13.9792 	EXP 	polygon_15: autoDraw = False
13.9792 	EXP 	polygon_16: autoDraw = False
13.9792 	EXP 	polygon_17: autoDraw = False
13.9792 	EXP 	polygon_18: autoDraw = False
13.9792 	EXP 	polygon_19: autoDraw = False
13.9792 	EXP 	polygon_20: autoDraw = False
13.9792 	EXP 	polygon_21: autoDraw = False
13.9792 	EXP 	polygon_22: autoDraw = False
13.9792 	EXP 	polygon_23: autoDraw = False
13.9792 	EXP 	polygon_24: autoDraw = False
13.9792 	EXP 	polygon_25: autoDraw = False
13.9792 	EXP 	polygon: fillColor = 'white'
13.9792 	EXP 	polygon: lineColor = 'white'
13.9792 	EXP 	polygon: color = 'white'
13.9792 	EXP 	polygon_2: fillColor = 'white'
13.9792 	EXP 	polygon_2: lineColor = 'white'
13.9792 	EXP 	polygon_2: color = 'white'
13.9792 	EXP 	polygon_3: fillColor = 'white'
13.9792 	EXP 	polygon_3: lineColor = 'white'
13.9792 	EXP 	polygon_3: color = 'white'
13.9792 	EXP 	polygon_4: fillColor = 'white'
13.9792 	EXP 	polygon_4: lineColor = 'white'
13.9792 	EXP 	polygon_4: color = 'white'
13.9792 	EXP 	polygon_5: fillColor = 'white'
13.9792 	EXP 	polygon_5: lineColor = 'white'
13.9792 	EXP 	polygon_5: color = 'white'
13.9792 	EXP 	polygon_6: fillColor = 'white'
13.9792 	EXP 	polygon_6: lineColor = 'white'
13.9792 	EXP 	polygon_6: color = 'white'
13.9792 	EXP 	polygon_7: fillColor = 'white'
13.9792 	EXP 	polygon_7: lineColor = 'white'
13.9792 	EXP 	polygon_7: color = 'white'
13.9792 	EXP 	polygon_8: fillColor = 'white'
13.9792 	EXP 	polygon_8: lineColor = 'white'
13.9792 	EXP 	polygon_8: color = 'white'
13.9792 	EXP 	polygon_9: fillColor = 'white'
13.9792 	EXP 	polygon_9: lineColor = 'white'
13.9792 	EXP 	polygon_9: color = 'white'
13.9792 	EXP 	polygon_10: fillColor = 'white'
13.9792 	EXP 	polygon_10: lineColor = 'white'
13.9792 	EXP 	polygon_10: color = 'white'
13.9792 	EXP 	polygon_11: fillColor = 'white'
13.9792 	EXP 	polygon_11: lineColor = 'white'
13.9792 	EXP 	polygon_11: color = 'white'
13.9792 	EXP 	polygon_12: fillColor = 'white'
13.9792 	EXP 	polygon_12: lineColor = 'white'
13.9792 	EXP 	polygon_12: color = 'white'
13.9792 	EXP 	polygon_13: fillColor = 'white'
13.9792 	EXP 	polygon_13: lineColor = 'white'
13.9792 	EXP 	polygon_13: color = 'white'
13.9792 	EXP 	polygon_14: fillColor = 'white'
13.9792 	EXP 	polygon_14: lineColor = 'white'
13.9792 	EXP 	polygon_14: color = 'white'
13.9792 	EXP 	polygon_15: fillColor = 'white'
13.9792 	EXP 	polygon_15: lineColor = 'white'
13.9792 	EXP 	polygon_15: color = 'white'
13.9792 	EXP 	polygon_16: fillColor = 'white'
13.9792 	EXP 	polygon_16: lineColor = 'white'
13.9792 	EXP 	polygon_16: color = 'white'
13.9792 	EXP 	polygon_17: fillColor = 'white'
13.9792 	EXP 	polygon_17: lineColor = 'white'
13.9792 	EXP 	polygon_17: color = 'white'
13.9792 	EXP 	polygon_18: fillColor = 'white'
13.9792 	EXP 	polygon_18: lineColor = 'white'
13.9792 	EXP 	polygon_18: color = 'white'
13.9792 	EXP 	polygon_19: fillColor = 'white'
13.9792 	EXP 	polygon_19: lineColor = 'white'
13.9792 	EXP 	polygon_19: color = 'white'
13.9792 	EXP 	polygon_20: fillColor = 'white'
13.9792 	EXP 	polygon_20: lineColor = 'white'
13.9792 	EXP 	polygon_20: color = 'white'
13.9792 	EXP 	polygon_21: fillColor = 'white'
13.9792 	EXP 	polygon_21: lineColor = 'white'
13.9792 	EXP 	polygon_21: color = 'white'
13.9792 	EXP 	polygon_22: fillColor = 'white'
13.9792 	EXP 	polygon_22: lineColor = 'white'
13.9792 	EXP 	polygon_22: color = 'white'
13.9792 	EXP 	polygon_23: fillColor = 'white'
13.9792 	EXP 	polygon_23: lineColor = 'white'
13.9792 	EXP 	polygon_23: color = 'white'
13.9792 	EXP 	polygon_24: fillColor = 'white'
13.9792 	EXP 	polygon_24: lineColor = 'white'
13.9792 	EXP 	polygon_24: color = 'white'
13.9792 	EXP 	polygon_25: fillColor = 'white'
13.9792 	EXP 	polygon_25: lineColor = 'white'
13.9792 	EXP 	polygon_25: color = 'white'
13.9792 	EXP 	grid: autoDraw = True
13.9792 	EXP 	polygon: autoDraw = True
13.9792 	EXP 	polygon_2: autoDraw = True
13.9792 	EXP 	polygon_3: autoDraw = True
13.9792 	EXP 	polygon_4: autoDraw = True
13.9792 	EXP 	polygon_5: autoDraw = True
13.9792 	EXP 	polygon_6: autoDraw = True
13.9792 	EXP 	polygon_7: autoDraw = True
13.9792 	EXP 	polygon_8: autoDraw = True
13.9792 	EXP 	polygon_9: autoDraw = True
13.9792 	EXP 	polygon_10: autoDraw = True
13.9792 	EXP 	polygon_11: autoDraw = True
13.9792 	EXP 	polygon_12: autoDraw = True
13.9792 	EXP 	polygon_13: autoDraw = True
13.9792 	EXP 	polygon_14: autoDraw = True
13.9792 	EXP 	polygon_15: autoDraw = True
13.9792 	EXP 	polygon_16: autoDraw = True
13.9792 	EXP 	polygon_17: autoDraw = True
13.9792 	EXP 	polygon_18: autoDraw = True
13.9792 	EXP 	polygon_19: autoDraw = True
13.9792 	EXP 	polygon_20: autoDraw = True
13.9792 	EXP 	polygon_21: autoDraw = True
13.9792 	EXP 	polygon_22: autoDraw = True
13.9792 	EXP 	polygon_23: autoDraw = True
13.9792 	EXP 	polygon_24: autoDraw = True
13.9792 	EXP 	polygon_25: autoDraw = True
17.1696 	DATA 	Mouse: Left button down, pos=(1845,531)
17.2126 	EXP 	polygon_19: fillColor = 'black'
17.2126 	EXP 	polygon_19: lineColor = 'black'
17.2126 	EXP 	polygon_19: color = 'black'
17.3148 	DATA 	Mouse:  Left button up, pos=(1845,531)
18.5816 	DATA 	Mouse: Left button down, pos=(1127,1560)
18.6126 	EXP 	polygon_2: fillColor = 'black'
18.6126 	EXP 	polygon_2: lineColor = 'black'
18.6126 	EXP 	polygon_2: color = 'black'
18.6814 	DATA 	Mouse:  Left button up, pos=(1127,1560)
20.0664 	DATA 	Keypress: space
20.0871 	EXP 	New trial (rep=0, index=2): OrderedDict([('Running_Trial_Num', 3), ('trial_length', 2), ('rows', '4, 5'), ('correct_seq', ['polygon_21', 'polygon_8'])])
20.1125 	EXP 	grid: autoDraw = False
20.1125 	EXP 	polygon: autoDraw = False
20.1125 	EXP 	polygon_2: autoDraw = False
20.1125 	EXP 	polygon_3: autoDraw = False
20.1125 	EXP 	polygon_4: autoDraw = False
20.1125 	EXP 	polygon_5: autoDraw = False
20.1125 	EXP 	polygon_6: autoDraw = False
20.1125 	EXP 	polygon_7: autoDraw = False
20.1125 	EXP 	polygon_8: autoDraw = False
20.1125 	EXP 	polygon_9: autoDraw = False
20.1125 	EXP 	polygon_10: autoDraw = False
20.1125 	EXP 	polygon_11: autoDraw = False
20.1125 	EXP 	polygon_12: autoDraw = False
20.1125 	EXP 	polygon_13: autoDraw = False
20.1125 	EXP 	polygon_14: autoDraw = False
20.1125 	EXP 	polygon_15: autoDraw = False
20.1125 	EXP 	polygon_16: autoDraw = False
20.1125 	EXP 	polygon_17: autoDraw = False
20.1125 	EXP 	polygon_18: autoDraw = False
20.1125 	EXP 	polygon_19: autoDraw = False
20.1125 	EXP 	polygon_20: autoDraw = False
20.1125 	EXP 	polygon_21: autoDraw = False
20.1125 	EXP 	polygon_22: autoDraw = False
20.1125 	EXP 	polygon_23: autoDraw = False
20.1125 	EXP 	polygon_24: autoDraw = False
20.1125 	EXP 	polygon_25: autoDraw = False
20.1125 	EXP 	polygon: fillColor = 'white'
20.1125 	EXP 	polygon: lineColor = 'white'
20.1125 	EXP 	polygon: color = 'white'
20.1125 	EXP 	polygon_2: fillColor = 'white'
20.1125 	EXP 	polygon_2: lineColor = 'white'
20.1125 	EXP 	polygon_2: color = 'white'
20.1125 	EXP 	polygon_3: fillColor = 'white'
20.1125 	EXP 	polygon_3: lineColor = 'white'
20.1125 	EXP 	polygon_3: color = 'white'
20.1125 	EXP 	polygon_4: fillColor = 'white'
20.1125 	EXP 	polygon_4: lineColor = 'white'
20.1125 	EXP 	polygon_4: color = 'white'
20.1125 	EXP 	polygon_5: fillColor = 'white'
20.1125 	EXP 	polygon_5: lineColor = 'white'
20.1125 	EXP 	polygon_5: color = 'white'
20.1125 	EXP 	polygon_6: fillColor = 'white'
20.1125 	EXP 	polygon_6: lineColor = 'white'
20.1125 	EXP 	polygon_6: color = 'white'
20.1125 	EXP 	polygon_7: fillColor = 'white'
20.1125 	EXP 	polygon_7: lineColor = 'white'
20.1125 	EXP 	polygon_7: color = 'white'
20.1125 	EXP 	polygon_8: fillColor = 'white'
20.1125 	EXP 	polygon_8: lineColor = 'white'
20.1125 	EXP 	polygon_8: color = 'white'
20.1125 	EXP 	polygon_9: fillColor = 'white'
20.1125 	EXP 	polygon_9: lineColor = 'white'
20.1125 	EXP 	polygon_9: color = 'white'
20.1125 	EXP 	polygon_10: fillColor = 'white'
20.1125 	EXP 	polygon_10: lineColor = 'white'
20.1125 	EXP 	polygon_10: color = 'white'
20.1125 	EXP 	polygon_11: fillColor = 'white'
20.1125 	EXP 	polygon_11: lineColor = 'white'
20.1125 	EXP 	polygon_11: color = 'white'
20.1125 	EXP 	polygon_12: fillColor = 'white'
20.1125 	EXP 	polygon_12: lineColor = 'white'
20.1125 	EXP 	polygon_12: color = 'white'
20.1125 	EXP 	polygon_13: fillColor = 'white'
20.1125 	EXP 	polygon_13: lineColor = 'white'
20.1125 	EXP 	polygon_13: color = 'white'
20.1125 	EXP 	polygon_14: fillColor = 'white'
20.1125 	EXP 	polygon_14: lineColor = 'white'
20.1125 	EXP 	polygon_14: color = 'white'
20.1125 	EXP 	polygon_15: fillColor = 'white'
20.1125 	EXP 	polygon_15: lineColor = 'white'
20.1125 	EXP 	polygon_15: color = 'white'
20.1125 	EXP 	polygon_16: fillColor = 'white'
20.1125 	EXP 	polygon_16: lineColor = 'white'
20.1125 	EXP 	polygon_16: color = 'white'
20.1125 	EXP 	polygon_17: fillColor = 'white'
20.1125 	EXP 	polygon_17: lineColor = 'white'
20.1125 	EXP 	polygon_17: color = 'white'
20.1125 	EXP 	polygon_18: fillColor = 'white'
20.1125 	EXP 	polygon_18: lineColor = 'white'
20.1125 	EXP 	polygon_18: color = 'white'
20.1125 	EXP 	polygon_19: fillColor = 'white'
20.1125 	EXP 	polygon_19: lineColor = 'white'
20.1125 	EXP 	polygon_19: color = 'white'
20.1125 	EXP 	polygon_20: fillColor = 'white'
20.1125 	EXP 	polygon_20: lineColor = 'white'
20.1125 	EXP 	polygon_20: color = 'white'
20.1125 	EXP 	polygon_21: fillColor = 'white'
20.1125 	EXP 	polygon_21: lineColor = 'white'
20.1125 	EXP 	polygon_21: color = 'white'
20.1125 	EXP 	polygon_22: fillColor = 'white'
20.1125 	EXP 	polygon_22: lineColor = 'white'
20.1125 	EXP 	polygon_22: color = 'white'
20.1125 	EXP 	polygon_23: fillColor = 'white'
20.1125 	EXP 	polygon_23: lineColor = 'white'
20.1125 	EXP 	polygon_23: color = 'white'
20.1125 	EXP 	polygon_24: fillColor = 'white'
20.1125 	EXP 	polygon_24: lineColor = 'white'
20.1125 	EXP 	polygon_24: color = 'white'
20.1125 	EXP 	polygon_25: fillColor = 'white'
20.1125 	EXP 	polygon_25: lineColor = 'white'
20.1125 	EXP 	polygon_25: color = 'white'
20.1125 	EXP 	grid: autoDraw = True
20.1125 	EXP 	polygon: autoDraw = True
20.1125 	EXP 	polygon_2: autoDraw = True
20.1125 	EXP 	polygon_3: autoDraw = True
20.1125 	EXP 	polygon_4: autoDraw = True
20.1125 	EXP 	polygon_5: autoDraw = True
20.1125 	EXP 	polygon_6: autoDraw = True
20.1125 	EXP 	polygon_7: autoDraw = True
20.1125 	EXP 	polygon_8: autoDraw = True
20.1125 	EXP 	polygon_9: autoDraw = True
20.1125 	EXP 	polygon_10: autoDraw = True
20.1125 	EXP 	polygon_11: autoDraw = True
20.1125 	EXP 	polygon_12: autoDraw = True
20.1125 	EXP 	polygon_13: autoDraw = True
20.1125 	EXP 	polygon_14: autoDraw = True
20.1125 	EXP 	polygon_15: autoDraw = True
20.1125 	EXP 	polygon_16: autoDraw = True
20.1125 	EXP 	polygon_17: autoDraw = True
20.1125 	EXP 	polygon_18: autoDraw = True
20.1125 	EXP 	polygon_19: autoDraw = True
20.1125 	EXP 	polygon_20: autoDraw = True
20.1125 	EXP 	polygon_21: autoDraw = True
20.1125 	EXP 	polygon_22: autoDraw = True
20.1125 	EXP 	polygon_23: autoDraw = True
20.1125 	EXP 	polygon_24: autoDraw = True
20.1125 	EXP 	polygon_25: autoDraw = True
20.1315 	DATA 	Keypress: space
20.1370 	EXP 	New trial (rep=0, index=3): OrderedDict([('Running_Trial_Num', 4), ('trial_length', 2), ('rows', '6, 7'), ('correct_seq', ['polygon_3', 'polygon_7'])])
20.1624 	EXP 	grid: autoDraw = False
20.1624 	EXP 	polygon: autoDraw = False
20.1624 	EXP 	polygon_2: autoDraw = False
20.1624 	EXP 	polygon_3: autoDraw = False
20.1624 	EXP 	polygon_4: autoDraw = False
20.1624 	EXP 	polygon_5: autoDraw = False
20.1624 	EXP 	polygon_6: autoDraw = False
20.1624 	EXP 	polygon_7: autoDraw = False
20.1624 	EXP 	polygon_8: autoDraw = False
20.1624 	EXP 	polygon_9: autoDraw = False
20.1624 	EXP 	polygon_10: autoDraw = False
20.1624 	EXP 	polygon_11: autoDraw = False
20.1624 	EXP 	polygon_12: autoDraw = False
20.1624 	EXP 	polygon_13: autoDraw = False
20.1624 	EXP 	polygon_14: autoDraw = False
20.1624 	EXP 	polygon_15: autoDraw = False
20.1624 	EXP 	polygon_16: autoDraw = False
20.1624 	EXP 	polygon_17: autoDraw = False
20.1624 	EXP 	polygon_18: autoDraw = False
20.1624 	EXP 	polygon_19: autoDraw = False
20.1624 	EXP 	polygon_20: autoDraw = False
20.1624 	EXP 	polygon_21: autoDraw = False
20.1624 	EXP 	polygon_22: autoDraw = False
20.1624 	EXP 	polygon_23: autoDraw = False
20.1624 	EXP 	polygon_24: autoDraw = False
20.1624 	EXP 	polygon_25: autoDraw = False
20.1624 	EXP 	polygon: fillColor = 'white'
20.1624 	EXP 	polygon: lineColor = 'white'
20.1624 	EXP 	polygon: color = 'white'
20.1624 	EXP 	polygon_2: fillColor = 'white'
20.1624 	EXP 	polygon_2: lineColor = 'white'
20.1624 	EXP 	polygon_2: color = 'white'
20.1624 	EXP 	polygon_3: fillColor = 'white'
20.1624 	EXP 	polygon_3: lineColor = 'white'
20.1624 	EXP 	polygon_3: color = 'white'
20.1624 	EXP 	polygon_4: fillColor = 'white'
20.1624 	EXP 	polygon_4: lineColor = 'white'
20.1624 	EXP 	polygon_4: color = 'white'
20.1624 	EXP 	polygon_5: fillColor = 'white'
20.1624 	EXP 	polygon_5: lineColor = 'white'
20.1624 	EXP 	polygon_5: color = 'white'
20.1624 	EXP 	polygon_6: fillColor = 'white'
20.1624 	EXP 	polygon_6: lineColor = 'white'
20.1624 	EXP 	polygon_6: color = 'white'
20.1624 	EXP 	polygon_7: fillColor = 'white'
20.1624 	EXP 	polygon_7: lineColor = 'white'
20.1624 	EXP 	polygon_7: color = 'white'
20.1624 	EXP 	polygon_8: fillColor = 'white'
20.1624 	EXP 	polygon_8: lineColor = 'white'
20.1624 	EXP 	polygon_8: color = 'white'
20.1624 	EXP 	polygon_9: fillColor = 'white'
20.1624 	EXP 	polygon_9: lineColor = 'white'
20.1624 	EXP 	polygon_9: color = 'white'
20.1624 	EXP 	polygon_10: fillColor = 'white'
20.1624 	EXP 	polygon_10: lineColor = 'white'
20.1624 	EXP 	polygon_10: color = 'white'
20.1624 	EXP 	polygon_11: fillColor = 'white'
20.1624 	EXP 	polygon_11: lineColor = 'white'
20.1624 	EXP 	polygon_11: color = 'white'
20.1624 	EXP 	polygon_12: fillColor = 'white'
20.1624 	EXP 	polygon_12: lineColor = 'white'
20.1624 	EXP 	polygon_12: color = 'white'
20.1624 	EXP 	polygon_13: fillColor = 'white'
20.1624 	EXP 	polygon_13: lineColor = 'white'
20.1624 	EXP 	polygon_13: color = 'white'
20.1624 	EXP 	polygon_14: fillColor = 'white'
20.1624 	EXP 	polygon_14: lineColor = 'white'
20.1624 	EXP 	polygon_14: color = 'white'
20.1624 	EXP 	polygon_15: fillColor = 'white'
20.1624 	EXP 	polygon_15: lineColor = 'white'
20.1624 	EXP 	polygon_15: color = 'white'
20.1624 	EXP 	polygon_16: fillColor = 'white'
20.1624 	EXP 	polygon_16: lineColor = 'white'
20.1624 	EXP 	polygon_16: color = 'white'
20.1624 	EXP 	polygon_17: fillColor = 'white'
20.1624 	EXP 	polygon_17: lineColor = 'white'
20.1624 	EXP 	polygon_17: color = 'white'
20.1624 	EXP 	polygon_18: fillColor = 'white'
20.1624 	EXP 	polygon_18: lineColor = 'white'
20.1624 	EXP 	polygon_18: color = 'white'
20.1624 	EXP 	polygon_19: fillColor = 'white'
20.1624 	EXP 	polygon_19: lineColor = 'white'
20.1624 	EXP 	polygon_19: color = 'white'
20.1624 	EXP 	polygon_20: fillColor = 'white'
20.1624 	EXP 	polygon_20: lineColor = 'white'
20.1624 	EXP 	polygon_20: color = 'white'
20.1624 	EXP 	polygon_21: fillColor = 'white'
20.1624 	EXP 	polygon_21: lineColor = 'white'
20.1624 	EXP 	polygon_21: color = 'white'
20.1624 	EXP 	polygon_22: fillColor = 'white'
20.1624 	EXP 	polygon_22: lineColor = 'white'
20.1624 	EXP 	polygon_22: color = 'white'
20.1624 	EXP 	polygon_23: fillColor = 'white'
20.1624 	EXP 	polygon_23: lineColor = 'white'
20.1624 	EXP 	polygon_23: color = 'white'
20.1624 	EXP 	polygon_24: fillColor = 'white'
20.1624 	EXP 	polygon_24: lineColor = 'white'
20.1624 	EXP 	polygon_24: color = 'white'
20.1624 	EXP 	polygon_25: fillColor = 'white'
20.1624 	EXP 	polygon_25: lineColor = 'white'
20.1624 	EXP 	polygon_25: color = 'white'
20.1624 	EXP 	grid: autoDraw = True
20.1624 	EXP 	polygon: autoDraw = True
20.1624 	EXP 	polygon_2: autoDraw = True
20.1624 	EXP 	polygon_3: autoDraw = True
20.1624 	EXP 	polygon_4: autoDraw = True
20.1624 	EXP 	polygon_5: autoDraw = True
20.1624 	EXP 	polygon_6: autoDraw = True
20.1624 	EXP 	polygon_7: autoDraw = True
20.1624 	EXP 	polygon_8: autoDraw = True
20.1624 	EXP 	polygon_9: autoDraw = True
20.1624 	EXP 	polygon_10: autoDraw = True
20.1624 	EXP 	polygon_11: autoDraw = True
20.1624 	EXP 	polygon_12: autoDraw = True
20.1624 	EXP 	polygon_13: autoDraw = True
20.1624 	EXP 	polygon_14: autoDraw = True
20.1624 	EXP 	polygon_15: autoDraw = True
20.1624 	EXP 	polygon_16: autoDraw = True
20.1624 	EXP 	polygon_17: autoDraw = True
20.1624 	EXP 	polygon_18: autoDraw = True
20.1624 	EXP 	polygon_19: autoDraw = True
20.1624 	EXP 	polygon_20: autoDraw = True
20.1624 	EXP 	polygon_21: autoDraw = True
20.1624 	EXP 	polygon_22: autoDraw = True
20.1624 	EXP 	polygon_23: autoDraw = True
20.1624 	EXP 	polygon_24: autoDraw = True
20.1624 	EXP 	polygon_25: autoDraw = True
21.7314 	DATA 	Mouse: Left button down, pos=(706,159)
21.7622 	EXP 	polygon_21: fillColor = 'black'
21.7622 	EXP 	polygon_21: lineColor = 'black'
21.7622 	EXP 	polygon_21: color = 'black'
21.8659 	DATA 	Mouse:  Left button up, pos=(706,159)
23.3814 	DATA 	Mouse: Left button down, pos=(1428,1275)
23.4125 	EXP 	polygon_8: fillColor = 'black'
23.4125 	EXP 	polygon_8: lineColor = 'black'
23.4125 	EXP 	polygon_8: color = 'black'
23.4812 	DATA 	Mouse:  Left button up, pos=(1428,1275)
24.1354 	DATA 	Keypress: space
24.1960 	EXP 	grid: autoDraw = False
24.1960 	EXP 	polygon: autoDraw = False
24.1960 	EXP 	polygon_2: autoDraw = False
24.1960 	EXP 	polygon_3: autoDraw = False
24.1960 	EXP 	polygon_4: autoDraw = False
24.1960 	EXP 	polygon_5: autoDraw = False
24.1960 	EXP 	polygon_6: autoDraw = False
24.1960 	EXP 	polygon_7: autoDraw = False
24.1960 	EXP 	polygon_8: autoDraw = False
24.1960 	EXP 	polygon_9: autoDraw = False
24.1960 	EXP 	polygon_10: autoDraw = False
24.1960 	EXP 	polygon_11: autoDraw = False
24.1960 	EXP 	polygon_12: autoDraw = False
24.1960 	EXP 	polygon_13: autoDraw = False
24.1960 	EXP 	polygon_14: autoDraw = False
24.1960 	EXP 	polygon_15: autoDraw = False
24.1960 	EXP 	polygon_16: autoDraw = False
24.1960 	EXP 	polygon_17: autoDraw = False
24.1960 	EXP 	polygon_18: autoDraw = False
24.1960 	EXP 	polygon_19: autoDraw = False
24.1960 	EXP 	polygon_20: autoDraw = False
24.1960 	EXP 	polygon_21: autoDraw = False
24.1960 	EXP 	polygon_22: autoDraw = False
24.1960 	EXP 	polygon_23: autoDraw = False
24.1960 	EXP 	polygon_24: autoDraw = False
24.1960 	EXP 	polygon_25: autoDraw = False
24.1960 	EXP 	thx_txt: autoDraw = True
24.9174 	DATA 	Keypress: space
24.9295 	EXP 	thx_txt: autoDraw = False
25.0370 	EXP 	window1: mouseVisible = True
