12.5987 	WARNING 	User requested fullscreen with size [1440  900], but screen is actually [2880, 1800]. Using actual size
13.5293 	EXP 	Created window1 = Window(allowGUI=False, allowStencil=False, args=UNKNOWN, autoLog=True, bitsMode=UNKNOWN, blendMode='avg', color=array([0., 0., 0.]), colorSpace='hsv', fullscr=<method-wrapper '__getattribute__' of attributeSetter object at 0x000001A3BECC9630>, gamma=None, gammaErrorPolicy='raise', kwargs=UNKNOWN, lms=UNKNOWN, monitor=<psychopy.monitors.calibTools.Monitor object at 0x000001A3BEB887F0>, multiSample=False, name='window1', numSamples=2, pos=[0.0, 0.0], screen=0, size=array([2880, 1800]), stereo=False, units='height', useFBO=True, useRetina=False, viewOri=0.0, viewPos=None, viewScale=None, waitBlanking=True, winType='pyglet')
13.5293 	EXP 	window1: recordFrameIntervals = False
13.6955 	EXP 	window1: recordFrameIntervals = True
13.8790 	EXP 	window1: recordFrameIntervals = False
14.1060 	EXP 	Created grid = ImageStim(__class__=<class 'psychopy.visual.image.ImageStim'>, autoLog=True, color=array([1., 1., 1.]), colorSpace='rgb', contrast=1.0, depth=0.0, flipHoriz=False, flipVert=False, image='Blank Grid.jpg', interpolate=True, mask=None, maskParams=None, name='grid', opacity=1.0, ori=0.0, pos=array([0., 0.]), size=array([1., 1.]), texRes=128, units='height', win=Window(...))
14.1085 	EXP 	Created polygon = Rect(__class__=<class 'psychopy.visual.rect.Rect'>, autoDraw=False, autoLog=True, closeShape=True, color=method-wrapper(...), colorSpace=None, contrast=1.0, depth=-2.0, fillColor='white', fillColorSpace='named', fillRGB=array([255., 255., 255.]), interpolate=True, lineColor='white', lineColorSpace='named', lineRGB=array([255., 255., 255.]), lineWidth=1, name='polygon', opacity=1.0, ori=array(0.), pos=array([-0.386 ,  0.3875]), size=array([1., 1.]), units='height', vertices=ndarray(...), win=Window(...))
14.1092 	EXP 	Created polygon_2 = Rect(__class__=<class 'psychopy.visual.rect.Rect'>, autoDraw=False, autoLog=True, closeShape=True, color=method-wrapper(...), colorSpace=None, contrast=1.0, depth=-3.0, fillColor='white', fillColorSpace='named', fillRGB=array([255., 255., 255.]), interpolate=True, lineColor='white', lineColorSpace='named', lineRGB=array([255., 255., 255.]), lineWidth=1, name='polygon_2', opacity=1.0, ori=array(0.), pos=array([-0.193 ,  0.3875]), size=array([1., 1.]), units='height', vertices=ndarray(...), win=Window(...))
14.1100 	EXP 	Created polygon_3 = Rect(__class__=<class 'psychopy.visual.rect.Rect'>, autoDraw=False, autoLog=True, closeShape=True, color=method-wrapper(...), colorSpace=None, contrast=1.0, depth=-4.0, fillColor='white', fillColorSpace='named', fillRGB=array([255., 255., 255.]), interpolate=True, lineColor='white', lineColorSpace='named', lineRGB=array([255., 255., 255.]), lineWidth=1, name='polygon_3', opacity=1.0, ori=array(0.), pos=array([0.    , 0.3875]), size=array([1., 1.]), units='height', vertices=ndarray(...), win=Window(...))
14.1107 	EXP 	Created polygon_4 = Rect(__class__=<class 'psychopy.visual.rect.Rect'>, autoDraw=False, autoLog=True, closeShape=True, color=method-wrapper(...), colorSpace=None, contrast=1.0, depth=-5.0, fillColor='white', fillColorSpace='named', fillRGB=array([255., 255., 255.]), interpolate=True, lineColor='white', lineColorSpace='named', lineRGB=array([255., 255., 255.]), lineWidth=1, name='polygon_4', opacity=1.0, ori=array(0.), pos=array([0.193 , 0.3875]), size=array([1., 1.]), units='height', vertices=ndarray(...), win=Window(...))
14.1114 	EXP 	Created polygon_5 = Rect(__class__=<class 'psychopy.visual.rect.Rect'>, autoDraw=False, autoLog=True, closeShape=True, color=method-wrapper(...), colorSpace=None, contrast=1.0, depth=-6.0, fillColor='white', fillColorSpace='named', fillRGB=array([255., 255., 255.]), interpolate=True, lineColor='white', lineColorSpace='named', lineRGB=array([255., 255., 255.]), lineWidth=1, name='polygon_5', opacity=1.0, ori=array(0.), pos=array([0.386 , 0.3875]), size=array([1., 1.]), units='height', vertices=ndarray(...), win=Window(...))
14.1121 	EXP 	Created polygon_6 = Rect(__class__=<class 'psychopy.visual.rect.Rect'>, autoDraw=False, autoLog=True, closeShape=True, color=method-wrapper(...), colorSpace=None, contrast=1.0, depth=-7.0, fillColor='white', fillColorSpace='named', fillRGB=array([255., 255., 255.]), interpolate=True, lineColor='white', lineColorSpace='named', lineRGB=array([255., 255., 255.]), lineWidth=1, name='polygon_6', opacity=1.0, ori=array(0.), pos=array([-0.386  ,  0.19415]), size=array([1., 1.]), units='height', vertices=ndarray(...), win=Window(...))
14.1128 	EXP 	Created polygon_7 = Rect(__class__=<class 'psychopy.visual.rect.Rect'>, autoDraw=False, autoLog=True, closeShape=True, color=method-wrapper(...), colorSpace=None, contrast=1.0, depth=-8.0, fillColor='white', fillColorSpace='named', fillRGB=array([255., 255., 255.]), interpolate=True, lineColor='white', lineColorSpace='named', lineRGB=array([255., 255., 255.]), lineWidth=1, name='polygon_7', opacity=1.0, ori=array(0.), pos=array([-0.193  ,  0.19415]), size=array([1., 1.]), units='height', vertices=ndarray(...), win=Window(...))
14.1135 	EXP 	Created polygon_8 = Rect(__class__=<class 'psychopy.visual.rect.Rect'>, autoDraw=False, autoLog=True, closeShape=True, color=method-wrapper(...), colorSpace=None, contrast=1.0, depth=-9.0, fillColor='white', fillColorSpace='named', fillRGB=array([255., 255., 255.]), interpolate=True, lineColor='white', lineColorSpace='named', lineRGB=array([255., 255., 255.]), lineWidth=1, name='polygon_8', opacity=1.0, ori=array(0.), pos=array([0.     , 0.19415]), size=array([1., 1.]), units='height', vertices=ndarray(...), win=Window(...))
14.1143 	EXP 	Created polygon_9 = Rect(__class__=<class 'psychopy.visual.rect.Rect'>, autoDraw=False, autoLog=True, closeShape=True, color=method-wrapper(...), colorSpace=None, contrast=1.0, depth=-10.0, fillColor='white', fillColorSpace='named', fillRGB=array([255., 255., 255.]), interpolate=True, lineColor='white', lineColorSpace='named', lineRGB=array([255., 255., 255.]), lineWidth=1, name='polygon_9', opacity=1.0, ori=array(0.), pos=array([0.193  , 0.19415]), size=array([1., 1.]), units='height', vertices=ndarray(...), win=Window(...))
14.1150 	EXP 	Created polygon_10 = Rect(__class__=<class 'psychopy.visual.rect.Rect'>, autoDraw=False, autoLog=True, closeShape=True, color=method-wrapper(...), colorSpace=None, contrast=1.0, depth=-11.0, fillColor='white', fillColorSpace='named', fillRGB=array([255., 255., 255.]), interpolate=True, lineColor='white', lineColorSpace='named', lineRGB=array([255., 255., 255.]), lineWidth=1, name='polygon_10', opacity=1.0, ori=array(0.), pos=array([0.386  , 0.19415]), size=array([1., 1.]), units='height', vertices=ndarray(...), win=Window(...))
14.1157 	EXP 	Created polygon_11 = Rect(__class__=<class 'psychopy.visual.rect.Rect'>, autoDraw=False, autoLog=True, closeShape=True, color=method-wrapper(...), colorSpace=None, contrast=1.0, depth=-12.0, fillColor='white', fillColorSpace='named', fillRGB=array([255., 255., 255.]), interpolate=True, lineColor='white', lineColorSpace='named', lineRGB=array([255., 255., 255.]), lineWidth=1, name='polygon_11', opacity=1.0, ori=array(0.), pos=array([-0.386,  0.   ]), size=array([1., 1.]), units='height', vertices=ndarray(...), win=Window(...))
14.1164 	EXP 	Created polygon_12 = Rect(__class__=<class 'psychopy.visual.rect.Rect'>, autoDraw=False, autoLog=True, closeShape=True, color=method-wrapper(...), colorSpace=None, contrast=1.0, depth=-13.0, fillColor='white', fillColorSpace='named', fillRGB=array([255., 255., 255.]), interpolate=True, lineColor='white', lineColorSpace='named', lineRGB=array([255., 255., 255.]), lineWidth=1, name='polygon_12', opacity=1.0, ori=array(0.), pos=array([-0.193,  0.   ]), size=array([1., 1.]), units='height', vertices=ndarray(...), win=Window(...))
14.1171 	EXP 	Created polygon_13 = Rect(__class__=<class 'psychopy.visual.rect.Rect'>, autoDraw=False, autoLog=True, closeShape=True, color=method-wrapper(...), colorSpace=None, contrast=1.0, depth=-14.0, fillColor='white', fillColorSpace='named', fillRGB=array([255., 255., 255.]), interpolate=True, lineColor='white', lineColorSpace='named', lineRGB=array([255., 255., 255.]), lineWidth=1, name='polygon_13', opacity=1.0, ori=array(0.), pos=array([0., 0.]), size=array([1., 1.]), units='height', vertices=ndarray(...), win=Window(...))
14.1178 	EXP 	Created polygon_14 = Rect(__class__=<class 'psychopy.visual.rect.Rect'>, autoDraw=False, autoLog=True, closeShape=True, color=method-wrapper(...), colorSpace=None, contrast=1.0, depth=-15.0, fillColor='white', fillColorSpace='named', fillRGB=array([255., 255., 255.]), interpolate=True, lineColor='white', lineColorSpace='named', lineRGB=array([255., 255., 255.]), lineWidth=1, name='polygon_14', opacity=1.0, ori=array(0.), pos=array([0.193, 0.   ]), size=array([1., 1.]), units='height', vertices=ndarray(...), win=Window(...))
14.1185 	EXP 	Created polygon_15 = Rect(__class__=<class 'psychopy.visual.rect.Rect'>, autoDraw=False, autoLog=True, closeShape=True, color=method-wrapper(...), colorSpace=None, contrast=1.0, depth=-16.0, fillColor='white', fillColorSpace='named', fillRGB=array([255., 255., 255.]), interpolate=True, lineColor='white', lineColorSpace='named', lineRGB=array([255., 255., 255.]), lineWidth=1, name='polygon_15', opacity=1.0, ori=array(0.), pos=array([0.386, 0.   ]), size=array([1., 1.]), units='height', vertices=ndarray(...), win=Window(...))
14.1192 	EXP 	Created polygon_16 = Rect(__class__=<class 'psychopy.visual.rect.Rect'>, autoDraw=False, autoLog=True, closeShape=True, color=method-wrapper(...), colorSpace=None, contrast=1.0, depth=-17.0, fillColor='white', fillColorSpace='named', fillRGB=array([255., 255., 255.]), interpolate=True, lineColor='white', lineColorSpace='named', lineRGB=array([255., 255., 255.]), lineWidth=1, name='polygon_16', opacity=1.0, ori=array(0.), pos=array([-0.386  , -0.19415]), size=array([1., 1.]), units='height', vertices=ndarray(...), win=Window(...))
14.1200 	EXP 	Created polygon_17 = Rect(__class__=<class 'psychopy.visual.rect.Rect'>, autoDraw=False, autoLog=True, closeShape=True, color=method-wrapper(...), colorSpace=None, contrast=1.0, depth=-18.0, fillColor='white', fillColorSpace='named', fillRGB=array([255., 255., 255.]), interpolate=True, lineColor='white', lineColorSpace='named', lineRGB=array([255., 255., 255.]), lineWidth=1, name='polygon_17', opacity=1.0, ori=array(0.), pos=array([-0.193  , -0.19415]), size=array([1., 1.]), units='height', vertices=ndarray(...), win=Window(...))
14.1208 	EXP 	Created polygon_18 = Rect(__class__=<class 'psychopy.visual.rect.Rect'>, autoDraw=False, autoLog=True, closeShape=True, color=method-wrapper(...), colorSpace=None, contrast=1.0, depth=-19.0, fillColor='white', fillColorSpace='named', fillRGB=array([255., 255., 255.]), interpolate=True, lineColor='white', lineColorSpace='named', lineRGB=array([255., 255., 255.]), lineWidth=1, name='polygon_18', opacity=1.0, ori=array(0.), pos=array([ 0.     , -0.19415]), size=array([1., 1.]), units='height', vertices=ndarray(...), win=Window(...))
14.1218 	EXP 	Created polygon_19 = Rect(__class__=<class 'psychopy.visual.rect.Rect'>, autoDraw=False, autoLog=True, closeShape=True, color=method-wrapper(...), colorSpace=None, contrast=1.0, depth=-20.0, fillColor='white', fillColorSpace='named', fillRGB=array([255., 255., 255.]), interpolate=True, lineColor='white', lineColorSpace='named', lineRGB=array([255., 255., 255.]), lineWidth=1, name='polygon_19', opacity=1.0, ori=array(0.), pos=array([ 0.193  , -0.19415]), size=array([1., 1.]), units='height', vertices=ndarray(...), win=Window(...))
14.1226 	EXP 	Created polygon_20 = Rect(__class__=<class 'psychopy.visual.rect.Rect'>, autoDraw=False, autoLog=True, closeShape=True, color=method-wrapper(...), colorSpace=None, contrast=1.0, depth=-21.0, fillColor='white', fillColorSpace='named', fillRGB=array([255., 255., 255.]), interpolate=True, lineColor='white', lineColorSpace='named', lineRGB=array([255., 255., 255.]), lineWidth=1, name='polygon_20', opacity=1.0, ori=array(0.), pos=array([ 0.386  , -0.19415]), size=array([1., 1.]), units='height', vertices=ndarray(...), win=Window(...))
14.1235 	EXP 	Created polygon_21 = Rect(__class__=<class 'psychopy.visual.rect.Rect'>, autoDraw=False, autoLog=True, closeShape=True, color=method-wrapper(...), colorSpace=None, contrast=1.0, depth=-22.0, fillColor='white', fillColorSpace='named', fillRGB=array([255., 255., 255.]), interpolate=True, lineColor='white', lineColorSpace='named', lineRGB=array([255., 255., 255.]), lineWidth=1, name='polygon_21', opacity=1.0, ori=array(0.), pos=array([-0.386 , -0.3875]), size=array([1., 1.]), units='height', vertices=ndarray(...), win=Window(...))
14.1243 	EXP 	Created polygon_22 = Rect(__class__=<class 'psychopy.visual.rect.Rect'>, autoDraw=False, autoLog=True, closeShape=True, color=method-wrapper(...), colorSpace=None, contrast=1.0, depth=-23.0, fillColor='white', fillColorSpace='named', fillRGB=array([255., 255., 255.]), interpolate=True, lineColor='white', lineColorSpace='named', lineRGB=array([255., 255., 255.]), lineWidth=1, name='polygon_22', opacity=1.0, ori=array(0.), pos=array([-0.193 , -0.3875]), size=array([1., 1.]), units='height', vertices=ndarray(...), win=Window(...))
14.1253 	EXP 	Created polygon_23 = Rect(__class__=<class 'psychopy.visual.rect.Rect'>, autoDraw=False, autoLog=True, closeShape=True, color=method-wrapper(...), colorSpace=None, contrast=1.0, depth=-24.0, fillColor='white', fillColorSpace='named', fillRGB=array([255., 255., 255.]), interpolate=True, lineColor='white', lineColorSpace='named', lineRGB=array([255., 255., 255.]), lineWidth=1, name='polygon_23', opacity=1.0, ori=array(0.), pos=array([ 0.    , -0.3875]), size=array([1., 1.]), units='height', vertices=ndarray(...), win=Window(...))
14.1262 	EXP 	Created polygon_24 = Rect(__class__=<class 'psychopy.visual.rect.Rect'>, autoDraw=False, autoLog=True, closeShape=True, color=method-wrapper(...), colorSpace=None, contrast=1.0, depth=-25.0, fillColor='white', fillColorSpace='named', fillRGB=array([255., 255., 255.]), interpolate=True, lineColor='white', lineColorSpace='named', lineRGB=array([255., 255., 255.]), lineWidth=1, name='polygon_24', opacity=1.0, ori=array(0.), pos=array([ 0.193 , -0.3875]), size=array([1., 1.]), units='height', vertices=ndarray(...), win=Window(...))
14.1269 	EXP 	Created polygon_25 = Rect(__class__=<class 'psychopy.visual.rect.Rect'>, autoDraw=False, autoLog=True, closeShape=True, color=method-wrapper(...), colorSpace=None, contrast=1.0, depth=-26.0, fillColor='white', fillColorSpace='named', fillRGB=array([255., 255., 255.]), interpolate=True, lineColor='white', lineColorSpace='named', lineRGB=array([255., 255., 255.]), lineWidth=1, name='polygon_25', opacity=1.0, ori=array(0.), pos=array([ 0.386 , -0.3875]), size=array([1., 1.]), units='height', vertices=ndarray(...), win=Window(...))
14.2448 	EXP 	Created thx_txt = TextStim(__class__=<class 'psychopy.visual.text.TextStim'>, alignHoriz='center', alignVert='center', antialias=True, autoLog=True, bold=False, color='white', colorSpace='named', contrast=1.0, depth=0.0, flipHoriz=False, flipVert=False, font='Arial', fontFiles=[], height=0.05, italic=False, languageStyle='LTR', name='thx_txt', opacity=1.0, ori=0, pos=array([0., 0.]), rgb=array([255., 255., 255.]), text='Good work! \n\nYou have completed this task.', units='height', win=Window(...), wrapWidth=1)
14.2767 	EXP 	Imported BLS_Trial_Picker.xlsx as conditions, 32 conditions, 4 params
14.2769 	EXP 	Created sequence: sequential, trialTypes=32, nReps=1, seed=None
14.2772 	EXP 	New trial (rep=0, index=0): OrderedDict([('Running_Trial_Num', 1), ('trial_length', 2), ('rows', '0, 1'), ('correct_seq', "polygon_18','polygon_10'")])
14.3454 	EXP 	polygon: fillColor = 'white'
14.3454 	EXP 	polygon: lineColor = 'white'
14.3454 	EXP 	polygon: color = 'white'
14.3454 	EXP 	polygon_2: fillColor = 'white'
14.3454 	EXP 	polygon_2: lineColor = 'white'
14.3454 	EXP 	polygon_2: color = 'white'
14.3454 	EXP 	polygon_3: fillColor = 'white'
14.3454 	EXP 	polygon_3: lineColor = 'white'
14.3454 	EXP 	polygon_3: color = 'white'
14.3454 	EXP 	polygon_4: fillColor = 'white'
14.3454 	EXP 	polygon_4: lineColor = 'white'
14.3454 	EXP 	polygon_4: color = 'white'
14.3454 	EXP 	polygon_5: fillColor = 'white'
14.3454 	EXP 	polygon_5: lineColor = 'white'
14.3454 	EXP 	polygon_5: color = 'white'
14.3454 	EXP 	polygon_6: fillColor = 'white'
14.3454 	EXP 	polygon_6: lineColor = 'white'
14.3454 	EXP 	polygon_6: color = 'white'
14.3454 	EXP 	polygon_7: fillColor = 'white'
14.3454 	EXP 	polygon_7: lineColor = 'white'
14.3454 	EXP 	polygon_7: color = 'white'
14.3454 	EXP 	polygon_8: fillColor = 'white'
14.3454 	EXP 	polygon_8: lineColor = 'white'
14.3454 	EXP 	polygon_8: color = 'white'
14.3454 	EXP 	polygon_9: fillColor = 'white'
14.3454 	EXP 	polygon_9: lineColor = 'white'
14.3454 	EXP 	polygon_9: color = 'white'
14.3454 	EXP 	polygon_10: fillColor = 'white'
14.3454 	EXP 	polygon_10: lineColor = 'white'
14.3454 	EXP 	polygon_10: color = 'white'
14.3454 	EXP 	polygon_11: fillColor = 'white'
14.3454 	EXP 	polygon_11: lineColor = 'white'
14.3454 	EXP 	polygon_11: color = 'white'
14.3454 	EXP 	polygon_12: fillColor = 'white'
14.3454 	EXP 	polygon_12: lineColor = 'white'
14.3454 	EXP 	polygon_12: color = 'white'
14.3454 	EXP 	polygon_13: fillColor = 'white'
14.3454 	EXP 	polygon_13: lineColor = 'white'
14.3454 	EXP 	polygon_13: color = 'white'
14.3454 	EXP 	polygon_14: fillColor = 'white'
14.3454 	EXP 	polygon_14: lineColor = 'white'
14.3454 	EXP 	polygon_14: color = 'white'
14.3454 	EXP 	polygon_15: fillColor = 'white'
14.3454 	EXP 	polygon_15: lineColor = 'white'
14.3454 	EXP 	polygon_15: color = 'white'
14.3454 	EXP 	polygon_16: fillColor = 'white'
14.3454 	EXP 	polygon_16: lineColor = 'white'
14.3454 	EXP 	polygon_16: color = 'white'
14.3454 	EXP 	polygon_17: fillColor = 'white'
14.3454 	EXP 	polygon_17: lineColor = 'white'
14.3454 	EXP 	polygon_17: color = 'white'
14.3454 	EXP 	polygon_18: fillColor = 'white'
14.3454 	EXP 	polygon_18: lineColor = 'white'
14.3454 	EXP 	polygon_18: color = 'white'
14.3454 	EXP 	polygon_19: fillColor = 'white'
14.3454 	EXP 	polygon_19: lineColor = 'white'
14.3454 	EXP 	polygon_19: color = 'white'
14.3454 	EXP 	polygon_20: fillColor = 'white'
14.3454 	EXP 	polygon_20: lineColor = 'white'
14.3454 	EXP 	polygon_20: color = 'white'
14.3454 	EXP 	polygon_21: fillColor = 'white'
14.3454 	EXP 	polygon_21: lineColor = 'white'
14.3454 	EXP 	polygon_21: color = 'white'
14.3454 	EXP 	polygon_22: fillColor = 'white'
14.3454 	EXP 	polygon_22: lineColor = 'white'
14.3454 	EXP 	polygon_22: color = 'white'
14.3454 	EXP 	polygon_23: fillColor = 'white'
14.3454 	EXP 	polygon_23: lineColor = 'white'
14.3454 	EXP 	polygon_23: color = 'white'
14.3454 	EXP 	polygon_24: fillColor = 'white'
14.3454 	EXP 	polygon_24: lineColor = 'white'
14.3454 	EXP 	polygon_24: color = 'white'
14.3454 	EXP 	polygon_25: fillColor = 'white'
14.3454 	EXP 	polygon_25: lineColor = 'white'
14.3454 	EXP 	polygon_25: color = 'white'
14.3454 	EXP 	grid: autoDraw = True
14.3454 	EXP 	polygon: autoDraw = True
14.3454 	EXP 	polygon_2: autoDraw = True
14.3454 	EXP 	polygon_3: autoDraw = True
14.3454 	EXP 	polygon_4: autoDraw = True
14.3454 	EXP 	polygon_5: autoDraw = True
14.3454 	EXP 	polygon_6: autoDraw = True
14.3454 	EXP 	polygon_7: autoDraw = True
14.3454 	EXP 	polygon_8: autoDraw = True
14.3454 	EXP 	polygon_9: autoDraw = True
14.3454 	EXP 	polygon_10: autoDraw = True
14.3454 	EXP 	polygon_11: autoDraw = True
14.3454 	EXP 	polygon_12: autoDraw = True
14.3454 	EXP 	polygon_13: autoDraw = True
14.3454 	EXP 	polygon_14: autoDraw = True
14.3454 	EXP 	polygon_15: autoDraw = True
14.3454 	EXP 	polygon_16: autoDraw = True
14.3454 	EXP 	polygon_17: autoDraw = True
14.3454 	EXP 	polygon_18: autoDraw = True
14.3454 	EXP 	polygon_19: autoDraw = True
14.3454 	EXP 	polygon_20: autoDraw = True
14.3454 	EXP 	polygon_21: autoDraw = True
14.3454 	EXP 	polygon_22: autoDraw = True
14.3454 	EXP 	polygon_23: autoDraw = True
14.3454 	EXP 	polygon_24: autoDraw = True
14.3454 	EXP 	polygon_25: autoDraw = True
17.1477 	DATA 	Mouse: Left button down, pos=(1463,534)
17.1785 	EXP 	polygon_18: fillColor = 'black'
17.1785 	EXP 	polygon_18: lineColor = 'black'
17.1785 	EXP 	polygon_18: color = 'black'
17.3149 	DATA 	Mouse:  Left button up, pos=(1463,534)
18.2465 	DATA 	Mouse: Left button down, pos=(2141,1202)
18.2783 	EXP 	polygon_10: fillColor = 'black'
18.2783 	EXP 	polygon_10: lineColor = 'black'
18.2783 	EXP 	polygon_10: color = 'black'
18.3799 	DATA 	Mouse:  Left button up, pos=(2141,1202)
19.2032 	DATA 	Keypress: space
19.2868 	EXP 	window1: mouseVisible = True
8.3475 	WARNING 	User requested fullscreen with size [1440  900], but screen is actually [2880, 1800]. Using actual size
9.2673 	EXP 	Created window1 = Window(allowGUI=False, allowStencil=False, args=UNKNOWN, autoLog=True, bitsMode=UNKNOWN, blendMode='avg', color=array([0., 0., 0.]), colorSpace='hsv', fullscr=<method-wrapper '__getattribute__' of attributeSetter object at 0x0000027692BB9630>, gamma=None, gammaErrorPolicy='raise', kwargs=UNKNOWN, lms=UNKNOWN, monitor=<psychopy.monitors.calibTools.Monitor object at 0x0000027692A787F0>, multiSample=False, name='window1', numSamples=2, pos=[0.0, 0.0], screen=0, size=array([2880, 1800]), stereo=False, units='height', useFBO=True, useRetina=False, viewOri=0.0, viewPos=None, viewScale=None, waitBlanking=True, winType='pyglet')
9.2673 	EXP 	window1: recordFrameIntervals = False
9.4335 	EXP 	window1: recordFrameIntervals = True
9.6171 	EXP 	window1: recordFrameIntervals = False
9.8470 	EXP 	Created grid = ImageStim(__class__=<class 'psychopy.visual.image.ImageStim'>, autoLog=True, color=array([1., 1., 1.]), colorSpace='rgb', contrast=1.0, depth=0.0, flipHoriz=False, flipVert=False, image='Blank Grid.jpg', interpolate=True, mask=None, maskParams=None, name='grid', opacity=1.0, ori=0.0, pos=array([0., 0.]), size=array([1., 1.]), texRes=128, units='height', win=Window(...))
9.8495 	EXP 	Created polygon = Rect(__class__=<class 'psychopy.visual.rect.Rect'>, autoDraw=False, autoLog=True, closeShape=True, color=method-wrapper(...), colorSpace=None, contrast=1.0, depth=-2.0, fillColor='white', fillColorSpace='named', fillRGB=array([255., 255., 255.]), interpolate=True, lineColor='white', lineColorSpace='named', lineRGB=array([255., 255., 255.]), lineWidth=1, name='polygon', opacity=1.0, ori=array(0.), pos=array([-0.386 ,  0.3875]), size=array([1., 1.]), units='height', vertices=ndarray(...), win=Window(...))
9.8503 	EXP 	Created polygon_2 = Rect(__class__=<class 'psychopy.visual.rect.Rect'>, autoDraw=False, autoLog=True, closeShape=True, color=method-wrapper(...), colorSpace=None, contrast=1.0, depth=-3.0, fillColor='white', fillColorSpace='named', fillRGB=array([255., 255., 255.]), interpolate=True, lineColor='white', lineColorSpace='named', lineRGB=array([255., 255., 255.]), lineWidth=1, name='polygon_2', opacity=1.0, ori=array(0.), pos=array([-0.193 ,  0.3875]), size=array([1., 1.]), units='height', vertices=ndarray(...), win=Window(...))
9.8510 	EXP 	Created polygon_3 = Rect(__class__=<class 'psychopy.visual.rect.Rect'>, autoDraw=False, autoLog=True, closeShape=True, color=method-wrapper(...), colorSpace=None, contrast=1.0, depth=-4.0, fillColor='white', fillColorSpace='named', fillRGB=array([255., 255., 255.]), interpolate=True, lineColor='white', lineColorSpace='named', lineRGB=array([255., 255., 255.]), lineWidth=1, name='polygon_3', opacity=1.0, ori=array(0.), pos=array([0.    , 0.3875]), size=array([1., 1.]), units='height', vertices=ndarray(...), win=Window(...))
9.8517 	EXP 	Created polygon_4 = Rect(__class__=<class 'psychopy.visual.rect.Rect'>, autoDraw=False, autoLog=True, closeShape=True, color=method-wrapper(...), colorSpace=None, contrast=1.0, depth=-5.0, fillColor='white', fillColorSpace='named', fillRGB=array([255., 255., 255.]), interpolate=True, lineColor='white', lineColorSpace='named', lineRGB=array([255., 255., 255.]), lineWidth=1, name='polygon_4', opacity=1.0, ori=array(0.), pos=array([0.193 , 0.3875]), size=array([1., 1.]), units='height', vertices=ndarray(...), win=Window(...))
9.8524 	EXP 	Created polygon_5 = Rect(__class__=<class 'psychopy.visual.rect.Rect'>, autoDraw=False, autoLog=True, closeShape=True, color=method-wrapper(...), colorSpace=None, contrast=1.0, depth=-6.0, fillColor='white', fillColorSpace='named', fillRGB=array([255., 255., 255.]), interpolate=True, lineColor='white', lineColorSpace='named', lineRGB=array([255., 255., 255.]), lineWidth=1, name='polygon_5', opacity=1.0, ori=array(0.), pos=array([0.386 , 0.3875]), size=array([1., 1.]), units='height', vertices=ndarray(...), win=Window(...))
9.8531 	EXP 	Created polygon_6 = Rect(__class__=<class 'psychopy.visual.rect.Rect'>, autoDraw=False, autoLog=True, closeShape=True, color=method-wrapper(...), colorSpace=None, contrast=1.0, depth=-7.0, fillColor='white', fillColorSpace='named', fillRGB=array([255., 255., 255.]), interpolate=True, lineColor='white', lineColorSpace='named', lineRGB=array([255., 255., 255.]), lineWidth=1, name='polygon_6', opacity=1.0, ori=array(0.), pos=array([-0.386  ,  0.19415]), size=array([1., 1.]), units='height', vertices=ndarray(...), win=Window(...))
9.8538 	EXP 	Created polygon_7 = Rect(__class__=<class 'psychopy.visual.rect.Rect'>, autoDraw=False, autoLog=True, closeShape=True, color=method-wrapper(...), colorSpace=None, contrast=1.0, depth=-8.0, fillColor='white', fillColorSpace='named', fillRGB=array([255., 255., 255.]), interpolate=True, lineColor='white', lineColorSpace='named', lineRGB=array([255., 255., 255.]), lineWidth=1, name='polygon_7', opacity=1.0, ori=array(0.), pos=array([-0.193  ,  0.19415]), size=array([1., 1.]), units='height', vertices=ndarray(...), win=Window(...))
9.8545 	EXP 	Created polygon_8 = Rect(__class__=<class 'psychopy.visual.rect.Rect'>, autoDraw=False, autoLog=True, closeShape=True, color=method-wrapper(...), colorSpace=None, contrast=1.0, depth=-9.0, fillColor='white', fillColorSpace='named', fillRGB=array([255., 255., 255.]), interpolate=True, lineColor='white', lineColorSpace='named', lineRGB=array([255., 255., 255.]), lineWidth=1, name='polygon_8', opacity=1.0, ori=array(0.), pos=array([0.     , 0.19415]), size=array([1., 1.]), units='height', vertices=ndarray(...), win=Window(...))
9.8552 	EXP 	Created polygon_9 = Rect(__class__=<class 'psychopy.visual.rect.Rect'>, autoDraw=False, autoLog=True, closeShape=True, color=method-wrapper(...), colorSpace=None, contrast=1.0, depth=-10.0, fillColor='white', fillColorSpace='named', fillRGB=array([255., 255., 255.]), interpolate=True, lineColor='white', lineColorSpace='named', lineRGB=array([255., 255., 255.]), lineWidth=1, name='polygon_9', opacity=1.0, ori=array(0.), pos=array([0.193  , 0.19415]), size=array([1., 1.]), units='height', vertices=ndarray(...), win=Window(...))
9.8559 	EXP 	Created polygon_10 = Rect(__class__=<class 'psychopy.visual.rect.Rect'>, autoDraw=False, autoLog=True, closeShape=True, color=method-wrapper(...), colorSpace=None, contrast=1.0, depth=-11.0, fillColor='white', fillColorSpace='named', fillRGB=array([255., 255., 255.]), interpolate=True, lineColor='white', lineColorSpace='named', lineRGB=array([255., 255., 255.]), lineWidth=1, name='polygon_10', opacity=1.0, ori=array(0.), pos=array([0.386  , 0.19415]), size=array([1., 1.]), units='height', vertices=ndarray(...), win=Window(...))
9.8566 	EXP 	Created polygon_11 = Rect(__class__=<class 'psychopy.visual.rect.Rect'>, autoDraw=False, autoLog=True, closeShape=True, color=method-wrapper(...), colorSpace=None, contrast=1.0, depth=-12.0, fillColor='white', fillColorSpace='named', fillRGB=array([255., 255., 255.]), interpolate=True, lineColor='white', lineColorSpace='named', lineRGB=array([255., 255., 255.]), lineWidth=1, name='polygon_11', opacity=1.0, ori=array(0.), pos=array([-0.386,  0.   ]), size=array([1., 1.]), units='height', vertices=ndarray(...), win=Window(...))
9.8574 	EXP 	Created polygon_12 = Rect(__class__=<class 'psychopy.visual.rect.Rect'>, autoDraw=False, autoLog=True, closeShape=True, color=method-wrapper(...), colorSpace=None, contrast=1.0, depth=-13.0, fillColor='white', fillColorSpace='named', fillRGB=array([255., 255., 255.]), interpolate=True, lineColor='white', lineColorSpace='named', lineRGB=array([255., 255., 255.]), lineWidth=1, name='polygon_12', opacity=1.0, ori=array(0.), pos=array([-0.193,  0.   ]), size=array([1., 1.]), units='height', vertices=ndarray(...), win=Window(...))
9.8580 	EXP 	Created polygon_13 = Rect(__class__=<class 'psychopy.visual.rect.Rect'>, autoDraw=False, autoLog=True, closeShape=True, color=method-wrapper(...), colorSpace=None, contrast=1.0, depth=-14.0, fillColor='white', fillColorSpace='named', fillRGB=array([255., 255., 255.]), interpolate=True, lineColor='white', lineColorSpace='named', lineRGB=array([255., 255., 255.]), lineWidth=1, name='polygon_13', opacity=1.0, ori=array(0.), pos=array([0., 0.]), size=array([1., 1.]), units='height', vertices=ndarray(...), win=Window(...))
9.8587 	EXP 	Created polygon_14 = Rect(__class__=<class 'psychopy.visual.rect.Rect'>, autoDraw=False, autoLog=True, closeShape=True, color=method-wrapper(...), colorSpace=None, contrast=1.0, depth=-15.0, fillColor='white', fillColorSpace='named', fillRGB=array([255., 255., 255.]), interpolate=True, lineColor='white', lineColorSpace='named', lineRGB=array([255., 255., 255.]), lineWidth=1, name='polygon_14', opacity=1.0, ori=array(0.), pos=array([0.193, 0.   ]), size=array([1., 1.]), units='height', vertices=ndarray(...), win=Window(...))
9.8594 	EXP 	Created polygon_15 = Rect(__class__=<class 'psychopy.visual.rect.Rect'>, autoDraw=False, autoLog=True, closeShape=True, color=method-wrapper(...), colorSpace=None, contrast=1.0, depth=-16.0, fillColor='white', fillColorSpace='named', fillRGB=array([255., 255., 255.]), interpolate=True, lineColor='white', lineColorSpace='named', lineRGB=array([255., 255., 255.]), lineWidth=1, name='polygon_15', opacity=1.0, ori=array(0.), pos=array([0.386, 0.   ]), size=array([1., 1.]), units='height', vertices=ndarray(...), win=Window(...))
9.8602 	EXP 	Created polygon_16 = Rect(__class__=<class 'psychopy.visual.rect.Rect'>, autoDraw=False, autoLog=True, closeShape=True, color=method-wrapper(...), colorSpace=None, contrast=1.0, depth=-17.0, fillColor='white', fillColorSpace='named', fillRGB=array([255., 255., 255.]), interpolate=True, lineColor='white', lineColorSpace='named', lineRGB=array([255., 255., 255.]), lineWidth=1, name='polygon_16', opacity=1.0, ori=array(0.), pos=array([-0.386  , -0.19415]), size=array([1., 1.]), units='height', vertices=ndarray(...), win=Window(...))
9.8609 	EXP 	Created polygon_17 = Rect(__class__=<class 'psychopy.visual.rect.Rect'>, autoDraw=False, autoLog=True, closeShape=True, color=method-wrapper(...), colorSpace=None, contrast=1.0, depth=-18.0, fillColor='white', fillColorSpace='named', fillRGB=array([255., 255., 255.]), interpolate=True, lineColor='white', lineColorSpace='named', lineRGB=array([255., 255., 255.]), lineWidth=1, name='polygon_17', opacity=1.0, ori=array(0.), pos=array([-0.193  , -0.19415]), size=array([1., 1.]), units='height', vertices=ndarray(...), win=Window(...))
9.8616 	EXP 	Created polygon_18 = Rect(__class__=<class 'psychopy.visual.rect.Rect'>, autoDraw=False, autoLog=True, closeShape=True, color=method-wrapper(...), colorSpace=None, contrast=1.0, depth=-19.0, fillColor='white', fillColorSpace='named', fillRGB=array([255., 255., 255.]), interpolate=True, lineColor='white', lineColorSpace='named', lineRGB=array([255., 255., 255.]), lineWidth=1, name='polygon_18', opacity=1.0, ori=array(0.), pos=array([ 0.     , -0.19415]), size=array([1., 1.]), units='height', vertices=ndarray(...), win=Window(...))
9.8623 	EXP 	Created polygon_19 = Rect(__class__=<class 'psychopy.visual.rect.Rect'>, autoDraw=False, autoLog=True, closeShape=True, color=method-wrapper(...), colorSpace=None, contrast=1.0, depth=-20.0, fillColor='white', fillColorSpace='named', fillRGB=array([255., 255., 255.]), interpolate=True, lineColor='white', lineColorSpace='named', lineRGB=array([255., 255., 255.]), lineWidth=1, name='polygon_19', opacity=1.0, ori=array(0.), pos=array([ 0.193  , -0.19415]), size=array([1., 1.]), units='height', vertices=ndarray(...), win=Window(...))
9.8630 	EXP 	Created polygon_20 = Rect(__class__=<class 'psychopy.visual.rect.Rect'>, autoDraw=False, autoLog=True, closeShape=True, color=method-wrapper(...), colorSpace=None, contrast=1.0, depth=-21.0, fillColor='white', fillColorSpace='named', fillRGB=array([255., 255., 255.]), interpolate=True, lineColor='white', lineColorSpace='named', lineRGB=array([255., 255., 255.]), lineWidth=1, name='polygon_20', opacity=1.0, ori=array(0.), pos=array([ 0.386  , -0.19415]), size=array([1., 1.]), units='height', vertices=ndarray(...), win=Window(...))
9.8637 	EXP 	Created polygon_21 = Rect(__class__=<class 'psychopy.visual.rect.Rect'>, autoDraw=False, autoLog=True, closeShape=True, color=method-wrapper(...), colorSpace=None, contrast=1.0, depth=-22.0, fillColor='white', fillColorSpace='named', fillRGB=array([255., 255., 255.]), interpolate=True, lineColor='white', lineColorSpace='named', lineRGB=array([255., 255., 255.]), lineWidth=1, name='polygon_21', opacity=1.0, ori=array(0.), pos=array([-0.386 , -0.3875]), size=array([1., 1.]), units='height', vertices=ndarray(...), win=Window(...))
9.8644 	EXP 	Created polygon_22 = Rect(__class__=<class 'psychopy.visual.rect.Rect'>, autoDraw=False, autoLog=True, closeShape=True, color=method-wrapper(...), colorSpace=None, contrast=1.0, depth=-23.0, fillColor='white', fillColorSpace='named', fillRGB=array([255., 255., 255.]), interpolate=True, lineColor='white', lineColorSpace='named', lineRGB=array([255., 255., 255.]), lineWidth=1, name='polygon_22', opacity=1.0, ori=array(0.), pos=array([-0.193 , -0.3875]), size=array([1., 1.]), units='height', vertices=ndarray(...), win=Window(...))
9.8651 	EXP 	Created polygon_23 = Rect(__class__=<class 'psychopy.visual.rect.Rect'>, autoDraw=False, autoLog=True, closeShape=True, color=method-wrapper(...), colorSpace=None, contrast=1.0, depth=-24.0, fillColor='white', fillColorSpace='named', fillRGB=array([255., 255., 255.]), interpolate=True, lineColor='white', lineColorSpace='named', lineRGB=array([255., 255., 255.]), lineWidth=1, name='polygon_23', opacity=1.0, ori=array(0.), pos=array([ 0.    , -0.3875]), size=array([1., 1.]), units='height', vertices=ndarray(...), win=Window(...))
9.8658 	EXP 	Created polygon_24 = Rect(__class__=<class 'psychopy.visual.rect.Rect'>, autoDraw=False, autoLog=True, closeShape=True, color=method-wrapper(...), colorSpace=None, contrast=1.0, depth=-25.0, fillColor='white', fillColorSpace='named', fillRGB=array([255., 255., 255.]), interpolate=True, lineColor='white', lineColorSpace='named', lineRGB=array([255., 255., 255.]), lineWidth=1, name='polygon_24', opacity=1.0, ori=array(0.), pos=array([ 0.193 , -0.3875]), size=array([1., 1.]), units='height', vertices=ndarray(...), win=Window(...))
9.8665 	EXP 	Created polygon_25 = Rect(__class__=<class 'psychopy.visual.rect.Rect'>, autoDraw=False, autoLog=True, closeShape=True, color=method-wrapper(...), colorSpace=None, contrast=1.0, depth=-26.0, fillColor='white', fillColorSpace='named', fillRGB=array([255., 255., 255.]), interpolate=True, lineColor='white', lineColorSpace='named', lineRGB=array([255., 255., 255.]), lineWidth=1, name='polygon_25', opacity=1.0, ori=array(0.), pos=array([ 0.386 , -0.3875]), size=array([1., 1.]), units='height', vertices=ndarray(...), win=Window(...))
9.9803 	EXP 	Created thx_txt = TextStim(__class__=<class 'psychopy.visual.text.TextStim'>, alignHoriz='center', alignVert='center', antialias=True, autoLog=True, bold=False, color='white', colorSpace='named', contrast=1.0, depth=0.0, flipHoriz=False, flipVert=False, font='Arial', fontFiles=[], height=0.05, italic=False, languageStyle='LTR', name='thx_txt', opacity=1.0, ori=0, pos=array([0., 0.]), rgb=array([255., 255., 255.]), text='Good work! \n\nYou have completed this task.', units='height', win=Window(...), wrapWidth=1)
10.0115 	EXP 	Imported BLS_Trial_Picker.xlsx as conditions, 32 conditions, 4 params
10.0117 	EXP 	Created sequence: sequential, trialTypes=32, nReps=1, seed=None
10.0120 	EXP 	New trial (rep=0, index=0): OrderedDict([('Running_Trial_Num', 1), ('trial_length', 2), ('rows', '0, 1'), ('correct_seq', "polygon_18','polygon_10'")])
10.0670 	EXP 	polygon: fillColor = 'white'
10.0670 	EXP 	polygon: lineColor = 'white'
10.0670 	EXP 	polygon: color = 'white'
10.0670 	EXP 	polygon_2: fillColor = 'white'
10.0670 	EXP 	polygon_2: lineColor = 'white'
10.0670 	EXP 	polygon_2: color = 'white'
10.0670 	EXP 	polygon_3: fillColor = 'white'
10.0670 	EXP 	polygon_3: lineColor = 'white'
10.0670 	EXP 	polygon_3: color = 'white'
10.0670 	EXP 	polygon_4: fillColor = 'white'
10.0670 	EXP 	polygon_4: lineColor = 'white'
10.0670 	EXP 	polygon_4: color = 'white'
10.0670 	EXP 	polygon_5: fillColor = 'white'
10.0670 	EXP 	polygon_5: lineColor = 'white'
10.0670 	EXP 	polygon_5: color = 'white'
10.0670 	EXP 	polygon_6: fillColor = 'white'
10.0670 	EXP 	polygon_6: lineColor = 'white'
10.0670 	EXP 	polygon_6: color = 'white'
10.0670 	EXP 	polygon_7: fillColor = 'white'
10.0670 	EXP 	polygon_7: lineColor = 'white'
10.0670 	EXP 	polygon_7: color = 'white'
10.0670 	EXP 	polygon_8: fillColor = 'white'
10.0670 	EXP 	polygon_8: lineColor = 'white'
10.0670 	EXP 	polygon_8: color = 'white'
10.0670 	EXP 	polygon_9: fillColor = 'white'
10.0670 	EXP 	polygon_9: lineColor = 'white'
10.0670 	EXP 	polygon_9: color = 'white'
10.0670 	EXP 	polygon_10: fillColor = 'white'
10.0670 	EXP 	polygon_10: lineColor = 'white'
10.0670 	EXP 	polygon_10: color = 'white'
10.0670 	EXP 	polygon_11: fillColor = 'white'
10.0670 	EXP 	polygon_11: lineColor = 'white'
10.0670 	EXP 	polygon_11: color = 'white'
10.0670 	EXP 	polygon_12: fillColor = 'white'
10.0670 	EXP 	polygon_12: lineColor = 'white'
10.0670 	EXP 	polygon_12: color = 'white'
10.0670 	EXP 	polygon_13: fillColor = 'white'
10.0670 	EXP 	polygon_13: lineColor = 'white'
10.0670 	EXP 	polygon_13: color = 'white'
10.0670 	EXP 	polygon_14: fillColor = 'white'
10.0670 	EXP 	polygon_14: lineColor = 'white'
10.0670 	EXP 	polygon_14: color = 'white'
10.0670 	EXP 	polygon_15: fillColor = 'white'
10.0670 	EXP 	polygon_15: lineColor = 'white'
10.0670 	EXP 	polygon_15: color = 'white'
10.0670 	EXP 	polygon_16: fillColor = 'white'
10.0670 	EXP 	polygon_16: lineColor = 'white'
10.0670 	EXP 	polygon_16: color = 'white'
10.0670 	EXP 	polygon_17: fillColor = 'white'
10.0670 	EXP 	polygon_17: lineColor = 'white'
10.0670 	EXP 	polygon_17: color = 'white'
10.0670 	EXP 	polygon_18: fillColor = 'white'
10.0670 	EXP 	polygon_18: lineColor = 'white'
10.0670 	EXP 	polygon_18: color = 'white'
10.0670 	EXP 	polygon_19: fillColor = 'white'
10.0670 	EXP 	polygon_19: lineColor = 'white'
10.0670 	EXP 	polygon_19: color = 'white'
10.0670 	EXP 	polygon_20: fillColor = 'white'
10.0670 	EXP 	polygon_20: lineColor = 'white'
10.0670 	EXP 	polygon_20: color = 'white'
10.0670 	EXP 	polygon_21: fillColor = 'white'
10.0670 	EXP 	polygon_21: lineColor = 'white'
10.0670 	EXP 	polygon_21: color = 'white'
10.0670 	EXP 	polygon_22: fillColor = 'white'
10.0670 	EXP 	polygon_22: lineColor = 'white'
10.0670 	EXP 	polygon_22: color = 'white'
10.0670 	EXP 	polygon_23: fillColor = 'white'
10.0670 	EXP 	polygon_23: lineColor = 'white'
10.0670 	EXP 	polygon_23: color = 'white'
10.0670 	EXP 	polygon_24: fillColor = 'white'
10.0670 	EXP 	polygon_24: lineColor = 'white'
10.0670 	EXP 	polygon_24: color = 'white'
10.0670 	EXP 	polygon_25: fillColor = 'white'
10.0670 	EXP 	polygon_25: lineColor = 'white'
10.0670 	EXP 	polygon_25: color = 'white'
10.0670 	EXP 	grid: autoDraw = True
10.0670 	EXP 	polygon: autoDraw = True
10.0670 	EXP 	polygon_2: autoDraw = True
10.0670 	EXP 	polygon_3: autoDraw = True
10.0670 	EXP 	polygon_4: autoDraw = True
10.0670 	EXP 	polygon_5: autoDraw = True
10.0670 	EXP 	polygon_6: autoDraw = True
10.0670 	EXP 	polygon_7: autoDraw = True
10.0670 	EXP 	polygon_8: autoDraw = True
10.0670 	EXP 	polygon_9: autoDraw = True
10.0670 	EXP 	polygon_10: autoDraw = True
10.0670 	EXP 	polygon_11: autoDraw = True
10.0670 	EXP 	polygon_12: autoDraw = True
10.0670 	EXP 	polygon_13: autoDraw = True
10.0670 	EXP 	polygon_14: autoDraw = True
10.0670 	EXP 	polygon_15: autoDraw = True
10.0670 	EXP 	polygon_16: autoDraw = True
10.0670 	EXP 	polygon_17: autoDraw = True
10.0670 	EXP 	polygon_18: autoDraw = True
10.0670 	EXP 	polygon_19: autoDraw = True
10.0670 	EXP 	polygon_20: autoDraw = True
10.0670 	EXP 	polygon_21: autoDraw = True
10.0670 	EXP 	polygon_22: autoDraw = True
10.0670 	EXP 	polygon_23: autoDraw = True
10.0670 	EXP 	polygon_24: autoDraw = True
10.0670 	EXP 	polygon_25: autoDraw = True
10.8187 	DATA 	Mouse: Left button down, pos=(1434,577)
10.8500 	EXP 	polygon_18: fillColor = 'black'
10.8500 	EXP 	polygon_18: lineColor = 'black'
10.8500 	EXP 	polygon_18: color = 'black'
10.9229 	DATA 	Mouse:  Left button up, pos=(1434,577)
11.6407 	DATA 	Mouse: Left button down, pos=(2078,1206)
11.6833 	EXP 	polygon_10: fillColor = 'black'
11.6833 	EXP 	polygon_10: lineColor = 'black'
11.6833 	EXP 	polygon_10: color = 'black'
11.7522 	DATA 	Mouse:  Left button up, pos=(2078,1206)
12.4350 	DATA 	Keypress: space
12.4411 	EXP 	New trial (rep=0, index=1): OrderedDict([('Running_Trial_Num', 2), ('trial_length', 2), ('rows', '2, 3'), ('correct_seq', ['polygon_19', 'polygon_2'])])
12.4666 	EXP 	grid: autoDraw = False
12.4666 	EXP 	polygon: autoDraw = False
12.4666 	EXP 	polygon_2: autoDraw = False
12.4666 	EXP 	polygon_3: autoDraw = False
12.4666 	EXP 	polygon_4: autoDraw = False
12.4666 	EXP 	polygon_5: autoDraw = False
12.4666 	EXP 	polygon_6: autoDraw = False
12.4666 	EXP 	polygon_7: autoDraw = False
12.4666 	EXP 	polygon_8: autoDraw = False
12.4666 	EXP 	polygon_9: autoDraw = False
12.4666 	EXP 	polygon_10: autoDraw = False
12.4666 	EXP 	polygon_11: autoDraw = False
12.4666 	EXP 	polygon_12: autoDraw = False
12.4666 	EXP 	polygon_13: autoDraw = False
12.4666 	EXP 	polygon_14: autoDraw = False
12.4666 	EXP 	polygon_15: autoDraw = False
12.4666 	EXP 	polygon_16: autoDraw = False
12.4666 	EXP 	polygon_17: autoDraw = False
12.4666 	EXP 	polygon_18: autoDraw = False
12.4666 	EXP 	polygon_19: autoDraw = False
12.4666 	EXP 	polygon_20: autoDraw = False
12.4666 	EXP 	polygon_21: autoDraw = False
12.4666 	EXP 	polygon_22: autoDraw = False
12.4666 	EXP 	polygon_23: autoDraw = False
12.4666 	EXP 	polygon_24: autoDraw = False
12.4666 	EXP 	polygon_25: autoDraw = False
12.4666 	EXP 	polygon: fillColor = 'white'
12.4666 	EXP 	polygon: lineColor = 'white'
12.4666 	EXP 	polygon: color = 'white'
12.4666 	EXP 	polygon_2: fillColor = 'white'
12.4666 	EXP 	polygon_2: lineColor = 'white'
12.4666 	EXP 	polygon_2: color = 'white'
12.4666 	EXP 	polygon_3: fillColor = 'white'
12.4666 	EXP 	polygon_3: lineColor = 'white'
12.4666 	EXP 	polygon_3: color = 'white'
12.4666 	EXP 	polygon_4: fillColor = 'white'
12.4666 	EXP 	polygon_4: lineColor = 'white'
12.4666 	EXP 	polygon_4: color = 'white'
12.4666 	EXP 	polygon_5: fillColor = 'white'
12.4666 	EXP 	polygon_5: lineColor = 'white'
12.4666 	EXP 	polygon_5: color = 'white'
12.4666 	EXP 	polygon_6: fillColor = 'white'
12.4666 	EXP 	polygon_6: lineColor = 'white'
12.4666 	EXP 	polygon_6: color = 'white'
12.4666 	EXP 	polygon_7: fillColor = 'white'
12.4666 	EXP 	polygon_7: lineColor = 'white'
12.4666 	EXP 	polygon_7: color = 'white'
12.4666 	EXP 	polygon_8: fillColor = 'white'
12.4666 	EXP 	polygon_8: lineColor = 'white'
12.4666 	EXP 	polygon_8: color = 'white'
12.4666 	EXP 	polygon_9: fillColor = 'white'
12.4666 	EXP 	polygon_9: lineColor = 'white'
12.4666 	EXP 	polygon_9: color = 'white'
12.4666 	EXP 	polygon_10: fillColor = 'white'
12.4666 	EXP 	polygon_10: lineColor = 'white'
12.4666 	EXP 	polygon_10: color = 'white'
12.4666 	EXP 	polygon_11: fillColor = 'white'
12.4666 	EXP 	polygon_11: lineColor = 'white'
12.4666 	EXP 	polygon_11: color = 'white'
12.4666 	EXP 	polygon_12: fillColor = 'white'
12.4666 	EXP 	polygon_12: lineColor = 'white'
12.4666 	EXP 	polygon_12: color = 'white'
12.4666 	EXP 	polygon_13: fillColor = 'white'
12.4666 	EXP 	polygon_13: lineColor = 'white'
12.4666 	EXP 	polygon_13: color = 'white'
12.4666 	EXP 	polygon_14: fillColor = 'white'
12.4666 	EXP 	polygon_14: lineColor = 'white'
12.4666 	EXP 	polygon_14: color = 'white'
12.4666 	EXP 	polygon_15: fillColor = 'white'
12.4666 	EXP 	polygon_15: lineColor = 'white'
12.4666 	EXP 	polygon_15: color = 'white'
12.4666 	EXP 	polygon_16: fillColor = 'white'
12.4666 	EXP 	polygon_16: lineColor = 'white'
12.4666 	EXP 	polygon_16: color = 'white'
12.4666 	EXP 	polygon_17: fillColor = 'white'
12.4666 	EXP 	polygon_17: lineColor = 'white'
12.4666 	EXP 	polygon_17: color = 'white'
12.4666 	EXP 	polygon_18: fillColor = 'white'
12.4666 	EXP 	polygon_18: lineColor = 'white'
12.4666 	EXP 	polygon_18: color = 'white'
12.4666 	EXP 	polygon_19: fillColor = 'white'
12.4666 	EXP 	polygon_19: lineColor = 'white'
12.4666 	EXP 	polygon_19: color = 'white'
12.4666 	EXP 	polygon_20: fillColor = 'white'
12.4666 	EXP 	polygon_20: lineColor = 'white'
12.4666 	EXP 	polygon_20: color = 'white'
12.4666 	EXP 	polygon_21: fillColor = 'white'
12.4666 	EXP 	polygon_21: lineColor = 'white'
12.4666 	EXP 	polygon_21: color = 'white'
12.4666 	EXP 	polygon_22: fillColor = 'white'
12.4666 	EXP 	polygon_22: lineColor = 'white'
12.4666 	EXP 	polygon_22: color = 'white'
12.4666 	EXP 	polygon_23: fillColor = 'white'
12.4666 	EXP 	polygon_23: lineColor = 'white'
12.4666 	EXP 	polygon_23: color = 'white'
12.4666 	EXP 	polygon_24: fillColor = 'white'
12.4666 	EXP 	polygon_24: lineColor = 'white'
12.4666 	EXP 	polygon_24: color = 'white'
12.4666 	EXP 	polygon_25: fillColor = 'white'
12.4666 	EXP 	polygon_25: lineColor = 'white'
12.4666 	EXP 	polygon_25: color = 'white'
12.4666 	EXP 	grid: autoDraw = True
12.4666 	EXP 	polygon: autoDraw = True
12.4666 	EXP 	polygon_2: autoDraw = True
12.4666 	EXP 	polygon_3: autoDraw = True
12.4666 	EXP 	polygon_4: autoDraw = True
12.4666 	EXP 	polygon_5: autoDraw = True
12.4666 	EXP 	polygon_6: autoDraw = True
12.4666 	EXP 	polygon_7: autoDraw = True
12.4666 	EXP 	polygon_8: autoDraw = True
12.4666 	EXP 	polygon_9: autoDraw = True
12.4666 	EXP 	polygon_10: autoDraw = True
12.4666 	EXP 	polygon_11: autoDraw = True
12.4666 	EXP 	polygon_12: autoDraw = True
12.4666 	EXP 	polygon_13: autoDraw = True
12.4666 	EXP 	polygon_14: autoDraw = True
12.4666 	EXP 	polygon_15: autoDraw = True
12.4666 	EXP 	polygon_16: autoDraw = True
12.4666 	EXP 	polygon_17: autoDraw = True
12.4666 	EXP 	polygon_18: autoDraw = True
12.4666 	EXP 	polygon_19: autoDraw = True
12.4666 	EXP 	polygon_20: autoDraw = True
12.4666 	EXP 	polygon_21: autoDraw = True
12.4666 	EXP 	polygon_22: autoDraw = True
12.4666 	EXP 	polygon_23: autoDraw = True
12.4666 	EXP 	polygon_24: autoDraw = True
12.4666 	EXP 	polygon_25: autoDraw = True
16.8521 	DATA 	Mouse: Left button down, pos=(1829,549)
16.8832 	EXP 	polygon_19: fillColor = 'black'
16.8832 	EXP 	polygon_19: lineColor = 'black'
16.8832 	EXP 	polygon_19: color = 'black'
16.9854 	DATA 	Mouse:  Left button up, pos=(1829,549)
18.3186 	DATA 	Mouse: Left button down, pos=(1067,1547)
18.3497 	EXP 	polygon_2: fillColor = 'black'
18.3497 	EXP 	polygon_2: lineColor = 'black'
18.3497 	EXP 	polygon_2: color = 'black'
18.4515 	DATA 	Mouse:  Left button up, pos=(1067,1547)
19.3350 	DATA 	Keypress: space
19.3405 	EXP 	New trial (rep=0, index=2): OrderedDict([('Running_Trial_Num', 3), ('trial_length', 2), ('rows', '4, 5'), ('correct_seq', ['polygon_21', 'polygon_8'])])
19.3664 	EXP 	grid: autoDraw = False
19.3664 	EXP 	polygon: autoDraw = False
19.3664 	EXP 	polygon_2: autoDraw = False
19.3664 	EXP 	polygon_3: autoDraw = False
19.3664 	EXP 	polygon_4: autoDraw = False
19.3664 	EXP 	polygon_5: autoDraw = False
19.3664 	EXP 	polygon_6: autoDraw = False
19.3664 	EXP 	polygon_7: autoDraw = False
19.3664 	EXP 	polygon_8: autoDraw = False
19.3664 	EXP 	polygon_9: autoDraw = False
19.3664 	EXP 	polygon_10: autoDraw = False
19.3664 	EXP 	polygon_11: autoDraw = False
19.3664 	EXP 	polygon_12: autoDraw = False
19.3664 	EXP 	polygon_13: autoDraw = False
19.3664 	EXP 	polygon_14: autoDraw = False
19.3664 	EXP 	polygon_15: autoDraw = False
19.3664 	EXP 	polygon_16: autoDraw = False
19.3664 	EXP 	polygon_17: autoDraw = False
19.3664 	EXP 	polygon_18: autoDraw = False
19.3664 	EXP 	polygon_19: autoDraw = False
19.3664 	EXP 	polygon_20: autoDraw = False
19.3664 	EXP 	polygon_21: autoDraw = False
19.3664 	EXP 	polygon_22: autoDraw = False
19.3664 	EXP 	polygon_23: autoDraw = False
19.3664 	EXP 	polygon_24: autoDraw = False
19.3664 	EXP 	polygon_25: autoDraw = False
19.3664 	EXP 	polygon: fillColor = 'white'
19.3664 	EXP 	polygon: lineColor = 'white'
19.3664 	EXP 	polygon: color = 'white'
19.3664 	EXP 	polygon_2: fillColor = 'white'
19.3664 	EXP 	polygon_2: lineColor = 'white'
19.3664 	EXP 	polygon_2: color = 'white'
19.3664 	EXP 	polygon_3: fillColor = 'white'
19.3664 	EXP 	polygon_3: lineColor = 'white'
19.3664 	EXP 	polygon_3: color = 'white'
19.3664 	EXP 	polygon_4: fillColor = 'white'
19.3664 	EXP 	polygon_4: lineColor = 'white'
19.3664 	EXP 	polygon_4: color = 'white'
19.3664 	EXP 	polygon_5: fillColor = 'white'
19.3664 	EXP 	polygon_5: lineColor = 'white'
19.3664 	EXP 	polygon_5: color = 'white'
19.3664 	EXP 	polygon_6: fillColor = 'white'
19.3664 	EXP 	polygon_6: lineColor = 'white'
19.3664 	EXP 	polygon_6: color = 'white'
19.3664 	EXP 	polygon_7: fillColor = 'white'
19.3664 	EXP 	polygon_7: lineColor = 'white'
19.3664 	EXP 	polygon_7: color = 'white'
19.3664 	EXP 	polygon_8: fillColor = 'white'
19.3664 	EXP 	polygon_8: lineColor = 'white'
19.3664 	EXP 	polygon_8: color = 'white'
19.3664 	EXP 	polygon_9: fillColor = 'white'
19.3664 	EXP 	polygon_9: lineColor = 'white'
19.3664 	EXP 	polygon_9: color = 'white'
19.3664 	EXP 	polygon_10: fillColor = 'white'
19.3664 	EXP 	polygon_10: lineColor = 'white'
19.3664 	EXP 	polygon_10: color = 'white'
19.3664 	EXP 	polygon_11: fillColor = 'white'
19.3664 	EXP 	polygon_11: lineColor = 'white'
19.3664 	EXP 	polygon_11: color = 'white'
19.3664 	EXP 	polygon_12: fillColor = 'white'
19.3664 	EXP 	polygon_12: lineColor = 'white'
19.3664 	EXP 	polygon_12: color = 'white'
19.3664 	EXP 	polygon_13: fillColor = 'white'
19.3664 	EXP 	polygon_13: lineColor = 'white'
19.3664 	EXP 	polygon_13: color = 'white'
19.3664 	EXP 	polygon_14: fillColor = 'white'
19.3664 	EXP 	polygon_14: lineColor = 'white'
19.3664 	EXP 	polygon_14: color = 'white'
19.3664 	EXP 	polygon_15: fillColor = 'white'
19.3664 	EXP 	polygon_15: lineColor = 'white'
19.3664 	EXP 	polygon_15: color = 'white'
19.3664 	EXP 	polygon_16: fillColor = 'white'
19.3664 	EXP 	polygon_16: lineColor = 'white'
19.3664 	EXP 	polygon_16: color = 'white'
19.3664 	EXP 	polygon_17: fillColor = 'white'
19.3664 	EXP 	polygon_17: lineColor = 'white'
19.3664 	EXP 	polygon_17: color = 'white'
19.3664 	EXP 	polygon_18: fillColor = 'white'
19.3664 	EXP 	polygon_18: lineColor = 'white'
19.3664 	EXP 	polygon_18: color = 'white'
19.3664 	EXP 	polygon_19: fillColor = 'white'
19.3664 	EXP 	polygon_19: lineColor = 'white'
19.3664 	EXP 	polygon_19: color = 'white'
19.3664 	EXP 	polygon_20: fillColor = 'white'
19.3664 	EXP 	polygon_20: lineColor = 'white'
19.3664 	EXP 	polygon_20: color = 'white'
19.3664 	EXP 	polygon_21: fillColor = 'white'
19.3664 	EXP 	polygon_21: lineColor = 'white'
19.3664 	EXP 	polygon_21: color = 'white'
19.3664 	EXP 	polygon_22: fillColor = 'white'
19.3664 	EXP 	polygon_22: lineColor = 'white'
19.3664 	EXP 	polygon_22: color = 'white'
19.3664 	EXP 	polygon_23: fillColor = 'white'
19.3664 	EXP 	polygon_23: lineColor = 'white'
19.3664 	EXP 	polygon_23: color = 'white'
19.3664 	EXP 	polygon_24: fillColor = 'white'
19.3664 	EXP 	polygon_24: lineColor = 'white'
19.3664 	EXP 	polygon_24: color = 'white'
19.3664 	EXP 	polygon_25: fillColor = 'white'
19.3664 	EXP 	polygon_25: lineColor = 'white'
19.3664 	EXP 	polygon_25: color = 'white'
19.3664 	EXP 	grid: autoDraw = True
19.3664 	EXP 	polygon: autoDraw = True
19.3664 	EXP 	polygon_2: autoDraw = True
19.3664 	EXP 	polygon_3: autoDraw = True
19.3664 	EXP 	polygon_4: autoDraw = True
19.3664 	EXP 	polygon_5: autoDraw = True
19.3664 	EXP 	polygon_6: autoDraw = True
19.3664 	EXP 	polygon_7: autoDraw = True
19.3664 	EXP 	polygon_8: autoDraw = True
19.3664 	EXP 	polygon_9: autoDraw = True
19.3664 	EXP 	polygon_10: autoDraw = True
19.3664 	EXP 	polygon_11: autoDraw = True
19.3664 	EXP 	polygon_12: autoDraw = True
19.3664 	EXP 	polygon_13: autoDraw = True
19.3664 	EXP 	polygon_14: autoDraw = True
19.3664 	EXP 	polygon_15: autoDraw = True
19.3664 	EXP 	polygon_16: autoDraw = True
19.3664 	EXP 	polygon_17: autoDraw = True
19.3664 	EXP 	polygon_18: autoDraw = True
19.3664 	EXP 	polygon_19: autoDraw = True
19.3664 	EXP 	polygon_20: autoDraw = True
19.3664 	EXP 	polygon_21: autoDraw = True
19.3664 	EXP 	polygon_22: autoDraw = True
19.3664 	EXP 	polygon_23: autoDraw = True
19.3664 	EXP 	polygon_24: autoDraw = True
19.3664 	EXP 	polygon_25: autoDraw = True
21.5515 	DATA 	Mouse: Left button down, pos=(1067,1547)
21.5831 	EXP 	polygon_2: fillColor = 'black'
21.5831 	EXP 	polygon_2: lineColor = 'black'
21.5831 	EXP 	polygon_2: color = 'black'
21.7257 	DATA 	Mouse:  Left button up, pos=(1067,1547)
22.4855 	DATA 	Mouse: Left button down, pos=(1460,498)
22.5163 	EXP 	polygon_18: fillColor = 'black'
22.5163 	EXP 	polygon_18: lineColor = 'black'
22.5163 	EXP 	polygon_18: color = 'black'
22.6229 	DATA 	Mouse:  Left button up, pos=(1460,498)
23.3347 	DATA 	Keypress: space
23.3772 	DATA 	Keypress: space
23.3828 	EXP 	grid: autoDraw = False
23.3828 	EXP 	polygon: autoDraw = False
23.3828 	EXP 	polygon_2: autoDraw = False
23.3828 	EXP 	polygon_3: autoDraw = False
23.3828 	EXP 	polygon_4: autoDraw = False
23.3828 	EXP 	polygon_5: autoDraw = False
23.3828 	EXP 	polygon_6: autoDraw = False
23.3828 	EXP 	polygon_7: autoDraw = False
23.3828 	EXP 	polygon_8: autoDraw = False
23.3828 	EXP 	polygon_9: autoDraw = False
23.3828 	EXP 	polygon_10: autoDraw = False
23.3828 	EXP 	polygon_11: autoDraw = False
23.3828 	EXP 	polygon_12: autoDraw = False
23.3828 	EXP 	polygon_13: autoDraw = False
23.3828 	EXP 	polygon_14: autoDraw = False
23.3828 	EXP 	polygon_15: autoDraw = False
23.3828 	EXP 	polygon_16: autoDraw = False
23.3828 	EXP 	polygon_17: autoDraw = False
23.3828 	EXP 	polygon_18: autoDraw = False
23.3828 	EXP 	polygon_19: autoDraw = False
23.3828 	EXP 	polygon_20: autoDraw = False
23.3828 	EXP 	polygon_21: autoDraw = False
23.3828 	EXP 	polygon_22: autoDraw = False
23.3828 	EXP 	polygon_23: autoDraw = False
23.3828 	EXP 	polygon_24: autoDraw = False
23.3828 	EXP 	polygon_25: autoDraw = False
23.3828 	EXP 	thx_txt: autoDraw = True
23.3828 	EXP 	thx_txt: autoDraw = False
23.4720 	EXP 	window1: mouseVisible = True
