4.8373 	WARNING 	User requested fullscreen with size [1440  900], but screen is actually [2880, 1800]. Using actual size
5.8151 	EXP 	Created window1 = Window(allowGUI=False, allowStencil=False, args=UNKNOWN, autoLog=True, bitsMode=UNKNOWN, blendMode='avg', color=array([0., 0., 0.]), colorSpace='hsv', fullscr=<method-wrapper '__getattribute__' of attributeSetter object at 0x0000015DA9E762B0>, gamma=None, gammaErrorPolicy='raise', kwargs=UNKNOWN, lms=UNKNOWN, monitor=<psychopy.monitors.calibTools.Monitor object at 0x0000015DB71BF438>, multiSample=False, name='window1', numSamples=2, pos=[0.0, 0.0], screen=0, size=array([2880, 1800]), stereo=False, units='height', useFBO=True, useRetina=False, viewOri=0.0, viewPos=None, viewScale=None, waitBlanking=True, winType='pyglet')
5.8151 	EXP 	window1: recordFrameIntervals = False
5.9812 	EXP 	window1: recordFrameIntervals = True
6.1647 	EXP 	window1: recordFrameIntervals = False
6.4285 	EXP 	Created grid = ImageStim(__class__=<class 'psychopy.visual.image.ImageStim'>, autoLog=True, color=array([1., 1., 1.]), colorSpace='rgb', contrast=1.0, depth=0.0, flipHoriz=False, flipVert=False, image='Blank Grid.jpg', interpolate=True, mask=None, maskParams=None, name='grid', opacity=1.0, ori=0.0, pos=array([0., 0.]), size=array([1., 1.]), texRes=128, units='height', win=Window(...))
6.4312 	EXP 	Created polygon = Rect(__class__=<class 'psychopy.visual.rect.Rect'>, autoDraw=False, autoLog=True, closeShape=True, color=method-wrapper(...), colorSpace=None, contrast=1.0, depth=-2.0, fillColor='white', fillColorSpace='named', fillRGB=array([255., 255., 255.]), interpolate=True, lineColor='white', lineColorSpace='named', lineRGB=array([255., 255., 255.]), lineWidth=1, name='polygon', opacity=1.0, ori=array(0.), pos=array([-0.386 ,  0.3875]), size=array([1., 1.]), units='height', vertices=ndarray(...), win=Window(...))
6.4319 	EXP 	Created polygon_2 = Rect(__class__=<class 'psychopy.visual.rect.Rect'>, autoDraw=False, autoLog=True, closeShape=True, color=method-wrapper(...), colorSpace=None, contrast=1.0, depth=-3.0, fillColor='white', fillColorSpace='named', fillRGB=array([255., 255., 255.]), interpolate=True, lineColor='white', lineColorSpace='named', lineRGB=array([255., 255., 255.]), lineWidth=1, name='polygon_2', opacity=1.0, ori=array(0.), pos=array([-0.193 ,  0.3875]), size=array([1., 1.]), units='height', vertices=ndarray(...), win=Window(...))
6.4326 	EXP 	Created polygon_3 = Rect(__class__=<class 'psychopy.visual.rect.Rect'>, autoDraw=False, autoLog=True, closeShape=True, color=method-wrapper(...), colorSpace=None, contrast=1.0, depth=-4.0, fillColor='white', fillColorSpace='named', fillRGB=array([255., 255., 255.]), interpolate=True, lineColor='white', lineColorSpace='named', lineRGB=array([255., 255., 255.]), lineWidth=1, name='polygon_3', opacity=1.0, ori=array(0.), pos=array([0.    , 0.3875]), size=array([1., 1.]), units='height', vertices=ndarray(...), win=Window(...))
6.4334 	EXP 	Created polygon_4 = Rect(__class__=<class 'psychopy.visual.rect.Rect'>, autoDraw=False, autoLog=True, closeShape=True, color=method-wrapper(...), colorSpace=None, contrast=1.0, depth=-5.0, fillColor='white', fillColorSpace='named', fillRGB=array([255., 255., 255.]), interpolate=True, lineColor='white', lineColorSpace='named', lineRGB=array([255., 255., 255.]), lineWidth=1, name='polygon_4', opacity=1.0, ori=array(0.), pos=array([0.193 , 0.3875]), size=array([1., 1.]), units='height', vertices=ndarray(...), win=Window(...))
6.4341 	EXP 	Created polygon_5 = Rect(__class__=<class 'psychopy.visual.rect.Rect'>, autoDraw=False, autoLog=True, closeShape=True, color=method-wrapper(...), colorSpace=None, contrast=1.0, depth=-6.0, fillColor='white', fillColorSpace='named', fillRGB=array([255., 255., 255.]), interpolate=True, lineColor='white', lineColorSpace='named', lineRGB=array([255., 255., 255.]), lineWidth=1, name='polygon_5', opacity=1.0, ori=array(0.), pos=array([0.386 , 0.3875]), size=array([1., 1.]), units='height', vertices=ndarray(...), win=Window(...))
6.4348 	EXP 	Created polygon_6 = Rect(__class__=<class 'psychopy.visual.rect.Rect'>, autoDraw=False, autoLog=True, closeShape=True, color=method-wrapper(...), colorSpace=None, contrast=1.0, depth=-7.0, fillColor='white', fillColorSpace='named', fillRGB=array([255., 255., 255.]), interpolate=True, lineColor='white', lineColorSpace='named', lineRGB=array([255., 255., 255.]), lineWidth=1, name='polygon_6', opacity=1.0, ori=array(0.), pos=array([-0.386  ,  0.19415]), size=array([1., 1.]), units='height', vertices=ndarray(...), win=Window(...))
6.4356 	EXP 	Created polygon_7 = Rect(__class__=<class 'psychopy.visual.rect.Rect'>, autoDraw=False, autoLog=True, closeShape=True, color=method-wrapper(...), colorSpace=None, contrast=1.0, depth=-8.0, fillColor='white', fillColorSpace='named', fillRGB=array([255., 255., 255.]), interpolate=True, lineColor='white', lineColorSpace='named', lineRGB=array([255., 255., 255.]), lineWidth=1, name='polygon_7', opacity=1.0, ori=array(0.), pos=array([-0.193  ,  0.19415]), size=array([1., 1.]), units='height', vertices=ndarray(...), win=Window(...))
6.4363 	EXP 	Created polygon_8 = Rect(__class__=<class 'psychopy.visual.rect.Rect'>, autoDraw=False, autoLog=True, closeShape=True, color=method-wrapper(...), colorSpace=None, contrast=1.0, depth=-9.0, fillColor='white', fillColorSpace='named', fillRGB=array([255., 255., 255.]), interpolate=True, lineColor='white', lineColorSpace='named', lineRGB=array([255., 255., 255.]), lineWidth=1, name='polygon_8', opacity=1.0, ori=array(0.), pos=array([0.     , 0.19415]), size=array([1., 1.]), units='height', vertices=ndarray(...), win=Window(...))
6.4370 	EXP 	Created polygon_9 = Rect(__class__=<class 'psychopy.visual.rect.Rect'>, autoDraw=False, autoLog=True, closeShape=True, color=method-wrapper(...), colorSpace=None, contrast=1.0, depth=-10.0, fillColor='white', fillColorSpace='named', fillRGB=array([255., 255., 255.]), interpolate=True, lineColor='white', lineColorSpace='named', lineRGB=array([255., 255., 255.]), lineWidth=1, name='polygon_9', opacity=1.0, ori=array(0.), pos=array([0.193  , 0.19415]), size=array([1., 1.]), units='height', vertices=ndarray(...), win=Window(...))
6.4377 	EXP 	Created polygon_10 = Rect(__class__=<class 'psychopy.visual.rect.Rect'>, autoDraw=False, autoLog=True, closeShape=True, color=method-wrapper(...), colorSpace=None, contrast=1.0, depth=-11.0, fillColor='white', fillColorSpace='named', fillRGB=array([255., 255., 255.]), interpolate=True, lineColor='white', lineColorSpace='named', lineRGB=array([255., 255., 255.]), lineWidth=1, name='polygon_10', opacity=1.0, ori=array(0.), pos=array([0.386  , 0.19415]), size=array([1., 1.]), units='height', vertices=ndarray(...), win=Window(...))
6.4384 	EXP 	Created polygon_11 = Rect(__class__=<class 'psychopy.visual.rect.Rect'>, autoDraw=False, autoLog=True, closeShape=True, color=method-wrapper(...), colorSpace=None, contrast=1.0, depth=-12.0, fillColor='white', fillColorSpace='named', fillRGB=array([255., 255., 255.]), interpolate=True, lineColor='white', lineColorSpace='named', lineRGB=array([255., 255., 255.]), lineWidth=1, name='polygon_11', opacity=1.0, ori=array(0.), pos=array([-0.386,  0.   ]), size=array([1., 1.]), units='height', vertices=ndarray(...), win=Window(...))
6.4392 	EXP 	Created polygon_12 = Rect(__class__=<class 'psychopy.visual.rect.Rect'>, autoDraw=False, autoLog=True, closeShape=True, color=method-wrapper(...), colorSpace=None, contrast=1.0, depth=-13.0, fillColor='white', fillColorSpace='named', fillRGB=array([255., 255., 255.]), interpolate=True, lineColor='white', lineColorSpace='named', lineRGB=array([255., 255., 255.]), lineWidth=1, name='polygon_12', opacity=1.0, ori=array(0.), pos=array([-0.193,  0.   ]), size=array([1., 1.]), units='height', vertices=ndarray(...), win=Window(...))
6.4399 	EXP 	Created polygon_13 = Rect(__class__=<class 'psychopy.visual.rect.Rect'>, autoDraw=False, autoLog=True, closeShape=True, color=method-wrapper(...), colorSpace=None, contrast=1.0, depth=-14.0, fillColor='white', fillColorSpace='named', fillRGB=array([255., 255., 255.]), interpolate=True, lineColor='white', lineColorSpace='named', lineRGB=array([255., 255., 255.]), lineWidth=1, name='polygon_13', opacity=1.0, ori=array(0.), pos=array([0., 0.]), size=array([1., 1.]), units='height', vertices=ndarray(...), win=Window(...))
6.4406 	EXP 	Created polygon_14 = Rect(__class__=<class 'psychopy.visual.rect.Rect'>, autoDraw=False, autoLog=True, closeShape=True, color=method-wrapper(...), colorSpace=None, contrast=1.0, depth=-15.0, fillColor='white', fillColorSpace='named', fillRGB=array([255., 255., 255.]), interpolate=True, lineColor='white', lineColorSpace='named', lineRGB=array([255., 255., 255.]), lineWidth=1, name='polygon_14', opacity=1.0, ori=array(0.), pos=array([0.193, 0.   ]), size=array([1., 1.]), units='height', vertices=ndarray(...), win=Window(...))
6.4414 	EXP 	Created polygon_15 = Rect(__class__=<class 'psychopy.visual.rect.Rect'>, autoDraw=False, autoLog=True, closeShape=True, color=method-wrapper(...), colorSpace=None, contrast=1.0, depth=-16.0, fillColor='white', fillColorSpace='named', fillRGB=array([255., 255., 255.]), interpolate=True, lineColor='white', lineColorSpace='named', lineRGB=array([255., 255., 255.]), lineWidth=1, name='polygon_15', opacity=1.0, ori=array(0.), pos=array([0.386, 0.   ]), size=array([1., 1.]), units='height', vertices=ndarray(...), win=Window(...))
6.4421 	EXP 	Created polygon_16 = Rect(__class__=<class 'psychopy.visual.rect.Rect'>, autoDraw=False, autoLog=True, closeShape=True, color=method-wrapper(...), colorSpace=None, contrast=1.0, depth=-17.0, fillColor='white', fillColorSpace='named', fillRGB=array([255., 255., 255.]), interpolate=True, lineColor='white', lineColorSpace='named', lineRGB=array([255., 255., 255.]), lineWidth=1, name='polygon_16', opacity=1.0, ori=array(0.), pos=array([-0.386  , -0.19415]), size=array([1., 1.]), units='height', vertices=ndarray(...), win=Window(...))
6.4428 	EXP 	Created polygon_17 = Rect(__class__=<class 'psychopy.visual.rect.Rect'>, autoDraw=False, autoLog=True, closeShape=True, color=method-wrapper(...), colorSpace=None, contrast=1.0, depth=-18.0, fillColor='white', fillColorSpace='named', fillRGB=array([255., 255., 255.]), interpolate=True, lineColor='white', lineColorSpace='named', lineRGB=array([255., 255., 255.]), lineWidth=1, name='polygon_17', opacity=1.0, ori=array(0.), pos=array([-0.193  , -0.19415]), size=array([1., 1.]), units='height', vertices=ndarray(...), win=Window(...))
6.4435 	EXP 	Created polygon_18 = Rect(__class__=<class 'psychopy.visual.rect.Rect'>, autoDraw=False, autoLog=True, closeShape=True, color=method-wrapper(...), colorSpace=None, contrast=1.0, depth=-19.0, fillColor='white', fillColorSpace='named', fillRGB=array([255., 255., 255.]), interpolate=True, lineColor='white', lineColorSpace='named', lineRGB=array([255., 255., 255.]), lineWidth=1, name='polygon_18', opacity=1.0, ori=array(0.), pos=array([ 0.     , -0.19415]), size=array([1., 1.]), units='height', vertices=ndarray(...), win=Window(...))
6.4442 	EXP 	Created polygon_19 = Rect(__class__=<class 'psychopy.visual.rect.Rect'>, autoDraw=False, autoLog=True, closeShape=True, color=method-wrapper(...), colorSpace=None, contrast=1.0, depth=-20.0, fillColor='white', fillColorSpace='named', fillRGB=array([255., 255., 255.]), interpolate=True, lineColor='white', lineColorSpace='named', lineRGB=array([255., 255., 255.]), lineWidth=1, name='polygon_19', opacity=1.0, ori=array(0.), pos=array([ 0.193  , -0.19415]), size=array([1., 1.]), units='height', vertices=ndarray(...), win=Window(...))
6.4449 	EXP 	Created polygon_20 = Rect(__class__=<class 'psychopy.visual.rect.Rect'>, autoDraw=False, autoLog=True, closeShape=True, color=method-wrapper(...), colorSpace=None, contrast=1.0, depth=-21.0, fillColor='white', fillColorSpace='named', fillRGB=array([255., 255., 255.]), interpolate=True, lineColor='white', lineColorSpace='named', lineRGB=array([255., 255., 255.]), lineWidth=1, name='polygon_20', opacity=1.0, ori=array(0.), pos=array([ 0.386  , -0.19415]), size=array([1., 1.]), units='height', vertices=ndarray(...), win=Window(...))
6.4456 	EXP 	Created polygon_21 = Rect(__class__=<class 'psychopy.visual.rect.Rect'>, autoDraw=False, autoLog=True, closeShape=True, color=method-wrapper(...), colorSpace=None, contrast=1.0, depth=-22.0, fillColor='white', fillColorSpace='named', fillRGB=array([255., 255., 255.]), interpolate=True, lineColor='white', lineColorSpace='named', lineRGB=array([255., 255., 255.]), lineWidth=1, name='polygon_21', opacity=1.0, ori=array(0.), pos=array([-0.386 , -0.3875]), size=array([1., 1.]), units='height', vertices=ndarray(...), win=Window(...))
6.4464 	EXP 	Created polygon_22 = Rect(__class__=<class 'psychopy.visual.rect.Rect'>, autoDraw=False, autoLog=True, closeShape=True, color=method-wrapper(...), colorSpace=None, contrast=1.0, depth=-23.0, fillColor='white', fillColorSpace='named', fillRGB=array([255., 255., 255.]), interpolate=True, lineColor='white', lineColorSpace='named', lineRGB=array([255., 255., 255.]), lineWidth=1, name='polygon_22', opacity=1.0, ori=array(0.), pos=array([-0.193 , -0.3875]), size=array([1., 1.]), units='height', vertices=ndarray(...), win=Window(...))
6.4476 	EXP 	Created polygon_23 = Rect(__class__=<class 'psychopy.visual.rect.Rect'>, autoDraw=False, autoLog=True, closeShape=True, color=method-wrapper(...), colorSpace=None, contrast=1.0, depth=-24.0, fillColor='white', fillColorSpace='named', fillRGB=array([255., 255., 255.]), interpolate=True, lineColor='white', lineColorSpace='named', lineRGB=array([255., 255., 255.]), lineWidth=1, name='polygon_23', opacity=1.0, ori=array(0.), pos=array([ 0.    , -0.3875]), size=array([1., 1.]), units='height', vertices=ndarray(...), win=Window(...))
6.4486 	EXP 	Created polygon_24 = Rect(__class__=<class 'psychopy.visual.rect.Rect'>, autoDraw=False, autoLog=True, closeShape=True, color=method-wrapper(...), colorSpace=None, contrast=1.0, depth=-25.0, fillColor='white', fillColorSpace='named', fillRGB=array([255., 255., 255.]), interpolate=True, lineColor='white', lineColorSpace='named', lineRGB=array([255., 255., 255.]), lineWidth=1, name='polygon_24', opacity=1.0, ori=array(0.), pos=array([ 0.193 , -0.3875]), size=array([1., 1.]), units='height', vertices=ndarray(...), win=Window(...))
6.4497 	EXP 	Created polygon_25 = Rect(__class__=<class 'psychopy.visual.rect.Rect'>, autoDraw=False, autoLog=True, closeShape=True, color=method-wrapper(...), colorSpace=None, contrast=1.0, depth=-26.0, fillColor='white', fillColorSpace='named', fillRGB=array([255., 255., 255.]), interpolate=True, lineColor='white', lineColorSpace='named', lineRGB=array([255., 255., 255.]), lineWidth=1, name='polygon_25', opacity=1.0, ori=array(0.), pos=array([ 0.386 , -0.3875]), size=array([1., 1.]), units='height', vertices=ndarray(...), win=Window(...))
6.4824 	EXP 	Imported BLS_responses.xlsx as conditions, 32 conditions, 3 params
6.4827 	EXP 	Created sequence: sequential, trialTypes=32, nReps=1, seed=None
6.4829 	EXP 	New trial (rep=0, index=0): OrderedDict([('span', 2), ('trial', 1), ('correct_seq', ['polygon_18', 'polygon_10'])])
6.5479 	EXP 	polygon: fillColor = 'white'
6.5479 	EXP 	polygon: lineColor = 'white'
6.5479 	EXP 	polygon: color = 'white'
6.5479 	EXP 	polygon_2: fillColor = 'white'
6.5479 	EXP 	polygon_2: lineColor = 'white'
6.5479 	EXP 	polygon_2: color = 'white'
6.5479 	EXP 	polygon_3: fillColor = 'white'
6.5479 	EXP 	polygon_3: lineColor = 'white'
6.5479 	EXP 	polygon_3: color = 'white'
6.5479 	EXP 	polygon_4: fillColor = 'white'
6.5479 	EXP 	polygon_4: lineColor = 'white'
6.5479 	EXP 	polygon_4: color = 'white'
6.5479 	EXP 	polygon_5: fillColor = 'white'
6.5479 	EXP 	polygon_5: lineColor = 'white'
6.5479 	EXP 	polygon_5: color = 'white'
6.5479 	EXP 	polygon_6: fillColor = 'white'
6.5479 	EXP 	polygon_6: lineColor = 'white'
6.5479 	EXP 	polygon_6: color = 'white'
6.5479 	EXP 	polygon_7: fillColor = 'white'
6.5479 	EXP 	polygon_7: lineColor = 'white'
6.5479 	EXP 	polygon_7: color = 'white'
6.5479 	EXP 	polygon_8: fillColor = 'white'
6.5479 	EXP 	polygon_8: lineColor = 'white'
6.5479 	EXP 	polygon_8: color = 'white'
6.5479 	EXP 	polygon_9: fillColor = 'white'
6.5479 	EXP 	polygon_9: lineColor = 'white'
6.5479 	EXP 	polygon_9: color = 'white'
6.5479 	EXP 	polygon_10: fillColor = 'white'
6.5479 	EXP 	polygon_10: lineColor = 'white'
6.5479 	EXP 	polygon_10: color = 'white'
6.5479 	EXP 	polygon_11: fillColor = 'white'
6.5479 	EXP 	polygon_11: lineColor = 'white'
6.5479 	EXP 	polygon_11: color = 'white'
6.5479 	EXP 	polygon_12: fillColor = 'white'
6.5479 	EXP 	polygon_12: lineColor = 'white'
6.5479 	EXP 	polygon_12: color = 'white'
6.5479 	EXP 	polygon_13: fillColor = 'white'
6.5479 	EXP 	polygon_13: lineColor = 'white'
6.5479 	EXP 	polygon_13: color = 'white'
6.5479 	EXP 	polygon_14: fillColor = 'white'
6.5479 	EXP 	polygon_14: lineColor = 'white'
6.5479 	EXP 	polygon_14: color = 'white'
6.5479 	EXP 	polygon_15: fillColor = 'white'
6.5479 	EXP 	polygon_15: lineColor = 'white'
6.5479 	EXP 	polygon_15: color = 'white'
6.5479 	EXP 	polygon_16: fillColor = 'white'
6.5479 	EXP 	polygon_16: lineColor = 'white'
6.5479 	EXP 	polygon_16: color = 'white'
6.5479 	EXP 	polygon_17: fillColor = 'white'
6.5479 	EXP 	polygon_17: lineColor = 'white'
6.5479 	EXP 	polygon_17: color = 'white'
6.5479 	EXP 	polygon_18: fillColor = 'white'
6.5479 	EXP 	polygon_18: lineColor = 'white'
6.5479 	EXP 	polygon_18: color = 'white'
6.5479 	EXP 	polygon_19: fillColor = 'white'
6.5479 	EXP 	polygon_19: lineColor = 'white'
6.5479 	EXP 	polygon_19: color = 'white'
6.5479 	EXP 	polygon_20: fillColor = 'white'
6.5479 	EXP 	polygon_20: lineColor = 'white'
6.5479 	EXP 	polygon_20: color = 'white'
6.5479 	EXP 	polygon_21: fillColor = 'white'
6.5479 	EXP 	polygon_21: lineColor = 'white'
6.5479 	EXP 	polygon_21: color = 'white'
6.5479 	EXP 	polygon_22: fillColor = 'white'
6.5479 	EXP 	polygon_22: lineColor = 'white'
6.5479 	EXP 	polygon_22: color = 'white'
6.5479 	EXP 	polygon_23: fillColor = 'white'
6.5479 	EXP 	polygon_23: lineColor = 'white'
6.5479 	EXP 	polygon_23: color = 'white'
6.5479 	EXP 	polygon_24: fillColor = 'white'
6.5479 	EXP 	polygon_24: lineColor = 'white'
6.5479 	EXP 	polygon_24: color = 'white'
6.5479 	EXP 	polygon_25: fillColor = 'white'
6.5479 	EXP 	polygon_25: lineColor = 'white'
6.5479 	EXP 	polygon_25: color = 'white'
6.5479 	EXP 	grid: autoDraw = True
6.5479 	EXP 	polygon: autoDraw = True
6.5479 	EXP 	polygon_2: autoDraw = True
6.5479 	EXP 	polygon_3: autoDraw = True
6.5479 	EXP 	polygon_4: autoDraw = True
6.5479 	EXP 	polygon_5: autoDraw = True
6.5479 	EXP 	polygon_6: autoDraw = True
6.5479 	EXP 	polygon_7: autoDraw = True
6.5479 	EXP 	polygon_8: autoDraw = True
6.5479 	EXP 	polygon_9: autoDraw = True
6.5479 	EXP 	polygon_10: autoDraw = True
6.5479 	EXP 	polygon_11: autoDraw = True
6.5479 	EXP 	polygon_12: autoDraw = True
6.5479 	EXP 	polygon_13: autoDraw = True
6.5479 	EXP 	polygon_14: autoDraw = True
6.5479 	EXP 	polygon_15: autoDraw = True
6.5479 	EXP 	polygon_16: autoDraw = True
6.5479 	EXP 	polygon_17: autoDraw = True
6.5479 	EXP 	polygon_18: autoDraw = True
6.5479 	EXP 	polygon_19: autoDraw = True
6.5479 	EXP 	polygon_20: autoDraw = True
6.5479 	EXP 	polygon_21: autoDraw = True
6.5479 	EXP 	polygon_22: autoDraw = True
6.5479 	EXP 	polygon_23: autoDraw = True
6.5479 	EXP 	polygon_24: autoDraw = True
6.5479 	EXP 	polygon_25: autoDraw = True
9.9560 	DATA 	Mouse: Left button down, pos=(1453,539)
9.9974 	EXP 	polygon_18: fillColor = 'black'
9.9974 	EXP 	polygon_18: lineColor = 'black'
9.9974 	EXP 	polygon_18: color = 'black'
10.2001 	DATA 	Mouse:  Left button up, pos=(1453,539)
11.6020 	DATA 	Mouse: Left button down, pos=(2138,1282)
11.6474 	EXP 	polygon_10: fillColor = 'black'
11.6474 	EXP 	polygon_10: lineColor = 'black'
11.6474 	EXP 	polygon_10: color = 'black'
11.8170 	DATA 	Mouse:  Left button up, pos=(2138,1282)
13.2822 	DATA 	Keypress: space
13.2924 	EXP 	New trial (rep=0, index=1): OrderedDict([('span', 2), ('trial', 2), ('correct_seq', ['polygon_19', 'polygon_2'])])
13.3142 	EXP 	grid: autoDraw = False
13.3142 	EXP 	polygon: autoDraw = False
13.3142 	EXP 	polygon_2: autoDraw = False
13.3142 	EXP 	polygon_3: autoDraw = False
13.3142 	EXP 	polygon_4: autoDraw = False
13.3142 	EXP 	polygon_5: autoDraw = False
13.3142 	EXP 	polygon_6: autoDraw = False
13.3142 	EXP 	polygon_7: autoDraw = False
13.3142 	EXP 	polygon_8: autoDraw = False
13.3142 	EXP 	polygon_9: autoDraw = False
13.3142 	EXP 	polygon_10: autoDraw = False
13.3142 	EXP 	polygon_11: autoDraw = False
13.3142 	EXP 	polygon_12: autoDraw = False
13.3142 	EXP 	polygon_13: autoDraw = False
13.3142 	EXP 	polygon_14: autoDraw = False
13.3142 	EXP 	polygon_15: autoDraw = False
13.3142 	EXP 	polygon_16: autoDraw = False
13.3142 	EXP 	polygon_17: autoDraw = False
13.3142 	EXP 	polygon_18: autoDraw = False
13.3142 	EXP 	polygon_19: autoDraw = False
13.3142 	EXP 	polygon_20: autoDraw = False
13.3142 	EXP 	polygon_21: autoDraw = False
13.3142 	EXP 	polygon_22: autoDraw = False
13.3142 	EXP 	polygon_23: autoDraw = False
13.3142 	EXP 	polygon_24: autoDraw = False
13.3142 	EXP 	polygon_25: autoDraw = False
13.3142 	EXP 	polygon: fillColor = 'white'
13.3142 	EXP 	polygon: lineColor = 'white'
13.3142 	EXP 	polygon: color = 'white'
13.3142 	EXP 	polygon_2: fillColor = 'white'
13.3142 	EXP 	polygon_2: lineColor = 'white'
13.3142 	EXP 	polygon_2: color = 'white'
13.3142 	EXP 	polygon_3: fillColor = 'white'
13.3142 	EXP 	polygon_3: lineColor = 'white'
13.3142 	EXP 	polygon_3: color = 'white'
13.3142 	EXP 	polygon_4: fillColor = 'white'
13.3142 	EXP 	polygon_4: lineColor = 'white'
13.3142 	EXP 	polygon_4: color = 'white'
13.3142 	EXP 	polygon_5: fillColor = 'white'
13.3142 	EXP 	polygon_5: lineColor = 'white'
13.3142 	EXP 	polygon_5: color = 'white'
13.3142 	EXP 	polygon_6: fillColor = 'white'
13.3142 	EXP 	polygon_6: lineColor = 'white'
13.3142 	EXP 	polygon_6: color = 'white'
13.3142 	EXP 	polygon_7: fillColor = 'white'
13.3142 	EXP 	polygon_7: lineColor = 'white'
13.3142 	EXP 	polygon_7: color = 'white'
13.3142 	EXP 	polygon_8: fillColor = 'white'
13.3142 	EXP 	polygon_8: lineColor = 'white'
13.3142 	EXP 	polygon_8: color = 'white'
13.3142 	EXP 	polygon_9: fillColor = 'white'
13.3142 	EXP 	polygon_9: lineColor = 'white'
13.3142 	EXP 	polygon_9: color = 'white'
13.3142 	EXP 	polygon_10: fillColor = 'white'
13.3142 	EXP 	polygon_10: lineColor = 'white'
13.3142 	EXP 	polygon_10: color = 'white'
13.3142 	EXP 	polygon_11: fillColor = 'white'
13.3142 	EXP 	polygon_11: lineColor = 'white'
13.3142 	EXP 	polygon_11: color = 'white'
13.3142 	EXP 	polygon_12: fillColor = 'white'
13.3142 	EXP 	polygon_12: lineColor = 'white'
13.3142 	EXP 	polygon_12: color = 'white'
13.3142 	EXP 	polygon_13: fillColor = 'white'
13.3142 	EXP 	polygon_13: lineColor = 'white'
13.3142 	EXP 	polygon_13: color = 'white'
13.3142 	EXP 	polygon_14: fillColor = 'white'
13.3142 	EXP 	polygon_14: lineColor = 'white'
13.3142 	EXP 	polygon_14: color = 'white'
13.3142 	EXP 	polygon_15: fillColor = 'white'
13.3142 	EXP 	polygon_15: lineColor = 'white'
13.3142 	EXP 	polygon_15: color = 'white'
13.3142 	EXP 	polygon_16: fillColor = 'white'
13.3142 	EXP 	polygon_16: lineColor = 'white'
13.3142 	EXP 	polygon_16: color = 'white'
13.3142 	EXP 	polygon_17: fillColor = 'white'
13.3142 	EXP 	polygon_17: lineColor = 'white'
13.3142 	EXP 	polygon_17: color = 'white'
13.3142 	EXP 	polygon_18: fillColor = 'white'
13.3142 	EXP 	polygon_18: lineColor = 'white'
13.3142 	EXP 	polygon_18: color = 'white'
13.3142 	EXP 	polygon_19: fillColor = 'white'
13.3142 	EXP 	polygon_19: lineColor = 'white'
13.3142 	EXP 	polygon_19: color = 'white'
13.3142 	EXP 	polygon_20: fillColor = 'white'
13.3142 	EXP 	polygon_20: lineColor = 'white'
13.3142 	EXP 	polygon_20: color = 'white'
13.3142 	EXP 	polygon_21: fillColor = 'white'
13.3142 	EXP 	polygon_21: lineColor = 'white'
13.3142 	EXP 	polygon_21: color = 'white'
13.3142 	EXP 	polygon_22: fillColor = 'white'
13.3142 	EXP 	polygon_22: lineColor = 'white'
13.3142 	EXP 	polygon_22: color = 'white'
13.3142 	EXP 	polygon_23: fillColor = 'white'
13.3142 	EXP 	polygon_23: lineColor = 'white'
13.3142 	EXP 	polygon_23: color = 'white'
13.3142 	EXP 	polygon_24: fillColor = 'white'
13.3142 	EXP 	polygon_24: lineColor = 'white'
13.3142 	EXP 	polygon_24: color = 'white'
13.3142 	EXP 	polygon_25: fillColor = 'white'
13.3142 	EXP 	polygon_25: lineColor = 'white'
13.3142 	EXP 	polygon_25: color = 'white'
13.3142 	EXP 	grid: autoDraw = True
13.3142 	EXP 	polygon: autoDraw = True
13.3142 	EXP 	polygon_2: autoDraw = True
13.3142 	EXP 	polygon_3: autoDraw = True
13.3142 	EXP 	polygon_4: autoDraw = True
13.3142 	EXP 	polygon_5: autoDraw = True
13.3142 	EXP 	polygon_6: autoDraw = True
13.3142 	EXP 	polygon_7: autoDraw = True
13.3142 	EXP 	polygon_8: autoDraw = True
13.3142 	EXP 	polygon_9: autoDraw = True
13.3142 	EXP 	polygon_10: autoDraw = True
13.3142 	EXP 	polygon_11: autoDraw = True
13.3142 	EXP 	polygon_12: autoDraw = True
13.3142 	EXP 	polygon_13: autoDraw = True
13.3142 	EXP 	polygon_14: autoDraw = True
13.3142 	EXP 	polygon_15: autoDraw = True
13.3142 	EXP 	polygon_16: autoDraw = True
13.3142 	EXP 	polygon_17: autoDraw = True
13.3142 	EXP 	polygon_18: autoDraw = True
13.3142 	EXP 	polygon_19: autoDraw = True
13.3142 	EXP 	polygon_20: autoDraw = True
13.3142 	EXP 	polygon_21: autoDraw = True
13.3142 	EXP 	polygon_22: autoDraw = True
13.3142 	EXP 	polygon_23: autoDraw = True
13.3142 	EXP 	polygon_24: autoDraw = True
13.3142 	EXP 	polygon_25: autoDraw = True
15.2230 	DATA 	Mouse: Left button down, pos=(1839,1327)
15.2641 	EXP 	polygon_9: fillColor = 'black'
15.2641 	EXP 	polygon_9: lineColor = 'black'
15.2641 	EXP 	polygon_9: color = 'black'
15.4337 	DATA 	Mouse:  Left button up, pos=(1839,1327)
16.3726 	DATA 	Mouse: Left button down, pos=(1373,1235)
16.4141 	EXP 	polygon_8: fillColor = 'black'
16.4141 	EXP 	polygon_8: lineColor = 'black'
16.4141 	EXP 	polygon_8: color = 'black'
16.5821 	DATA 	Mouse:  Left button up, pos=(1373,1235)
17.4891 	DATA 	Mouse: Left button down, pos=(1109,1150)
17.5307 	EXP 	polygon_7: fillColor = 'black'
17.5307 	EXP 	polygon_7: lineColor = 'black'
17.5307 	EXP 	polygon_7: color = 'black'
17.6678 	DATA 	Mouse:  Left button up, pos=(1109,1150)
18.7191 	DATA 	Keypress: space
18.7405 	EXP 	New trial (rep=0, index=2): OrderedDict([('span', 2), ('trial', 3), ('correct_seq', ['polygon_21', 'polygon_8'])])
18.7640 	EXP 	grid: autoDraw = False
18.7640 	EXP 	polygon: autoDraw = False
18.7640 	EXP 	polygon_2: autoDraw = False
18.7640 	EXP 	polygon_3: autoDraw = False
18.7640 	EXP 	polygon_4: autoDraw = False
18.7640 	EXP 	polygon_5: autoDraw = False
18.7640 	EXP 	polygon_6: autoDraw = False
18.7640 	EXP 	polygon_7: autoDraw = False
18.7640 	EXP 	polygon_8: autoDraw = False
18.7640 	EXP 	polygon_9: autoDraw = False
18.7640 	EXP 	polygon_10: autoDraw = False
18.7640 	EXP 	polygon_11: autoDraw = False
18.7640 	EXP 	polygon_12: autoDraw = False
18.7640 	EXP 	polygon_13: autoDraw = False
18.7640 	EXP 	polygon_14: autoDraw = False
18.7640 	EXP 	polygon_15: autoDraw = False
18.7640 	EXP 	polygon_16: autoDraw = False
18.7640 	EXP 	polygon_17: autoDraw = False
18.7640 	EXP 	polygon_18: autoDraw = False
18.7640 	EXP 	polygon_19: autoDraw = False
18.7640 	EXP 	polygon_20: autoDraw = False
18.7640 	EXP 	polygon_21: autoDraw = False
18.7640 	EXP 	polygon_22: autoDraw = False
18.7640 	EXP 	polygon_23: autoDraw = False
18.7640 	EXP 	polygon_24: autoDraw = False
18.7640 	EXP 	polygon_25: autoDraw = False
18.7640 	EXP 	polygon: fillColor = 'white'
18.7640 	EXP 	polygon: lineColor = 'white'
18.7640 	EXP 	polygon: color = 'white'
18.7640 	EXP 	polygon_2: fillColor = 'white'
18.7640 	EXP 	polygon_2: lineColor = 'white'
18.7640 	EXP 	polygon_2: color = 'white'
18.7640 	EXP 	polygon_3: fillColor = 'white'
18.7640 	EXP 	polygon_3: lineColor = 'white'
18.7640 	EXP 	polygon_3: color = 'white'
18.7640 	EXP 	polygon_4: fillColor = 'white'
18.7640 	EXP 	polygon_4: lineColor = 'white'
18.7640 	EXP 	polygon_4: color = 'white'
18.7640 	EXP 	polygon_5: fillColor = 'white'
18.7640 	EXP 	polygon_5: lineColor = 'white'
18.7640 	EXP 	polygon_5: color = 'white'
18.7640 	EXP 	polygon_6: fillColor = 'white'
18.7640 	EXP 	polygon_6: lineColor = 'white'
18.7640 	EXP 	polygon_6: color = 'white'
18.7640 	EXP 	polygon_7: fillColor = 'white'
18.7640 	EXP 	polygon_7: lineColor = 'white'
18.7640 	EXP 	polygon_7: color = 'white'
18.7640 	EXP 	polygon_8: fillColor = 'white'
18.7640 	EXP 	polygon_8: lineColor = 'white'
18.7640 	EXP 	polygon_8: color = 'white'
18.7640 	EXP 	polygon_9: fillColor = 'white'
18.7640 	EXP 	polygon_9: lineColor = 'white'
18.7640 	EXP 	polygon_9: color = 'white'
18.7640 	EXP 	polygon_10: fillColor = 'white'
18.7640 	EXP 	polygon_10: lineColor = 'white'
18.7640 	EXP 	polygon_10: color = 'white'
18.7640 	EXP 	polygon_11: fillColor = 'white'
18.7640 	EXP 	polygon_11: lineColor = 'white'
18.7640 	EXP 	polygon_11: color = 'white'
18.7640 	EXP 	polygon_12: fillColor = 'white'
18.7640 	EXP 	polygon_12: lineColor = 'white'
18.7640 	EXP 	polygon_12: color = 'white'
18.7640 	EXP 	polygon_13: fillColor = 'white'
18.7640 	EXP 	polygon_13: lineColor = 'white'
18.7640 	EXP 	polygon_13: color = 'white'
18.7640 	EXP 	polygon_14: fillColor = 'white'
18.7640 	EXP 	polygon_14: lineColor = 'white'
18.7640 	EXP 	polygon_14: color = 'white'
18.7640 	EXP 	polygon_15: fillColor = 'white'
18.7640 	EXP 	polygon_15: lineColor = 'white'
18.7640 	EXP 	polygon_15: color = 'white'
18.7640 	EXP 	polygon_16: fillColor = 'white'
18.7640 	EXP 	polygon_16: lineColor = 'white'
18.7640 	EXP 	polygon_16: color = 'white'
18.7640 	EXP 	polygon_17: fillColor = 'white'
18.7640 	EXP 	polygon_17: lineColor = 'white'
18.7640 	EXP 	polygon_17: color = 'white'
18.7640 	EXP 	polygon_18: fillColor = 'white'
18.7640 	EXP 	polygon_18: lineColor = 'white'
18.7640 	EXP 	polygon_18: color = 'white'
18.7640 	EXP 	polygon_19: fillColor = 'white'
18.7640 	EXP 	polygon_19: lineColor = 'white'
18.7640 	EXP 	polygon_19: color = 'white'
18.7640 	EXP 	polygon_20: fillColor = 'white'
18.7640 	EXP 	polygon_20: lineColor = 'white'
18.7640 	EXP 	polygon_20: color = 'white'
18.7640 	EXP 	polygon_21: fillColor = 'white'
18.7640 	EXP 	polygon_21: lineColor = 'white'
18.7640 	EXP 	polygon_21: color = 'white'
18.7640 	EXP 	polygon_22: fillColor = 'white'
18.7640 	EXP 	polygon_22: lineColor = 'white'
18.7640 	EXP 	polygon_22: color = 'white'
18.7640 	EXP 	polygon_23: fillColor = 'white'
18.7640 	EXP 	polygon_23: lineColor = 'white'
18.7640 	EXP 	polygon_23: color = 'white'
18.7640 	EXP 	polygon_24: fillColor = 'white'
18.7640 	EXP 	polygon_24: lineColor = 'white'
18.7640 	EXP 	polygon_24: color = 'white'
18.7640 	EXP 	polygon_25: fillColor = 'white'
18.7640 	EXP 	polygon_25: lineColor = 'white'
18.7640 	EXP 	polygon_25: color = 'white'
18.7640 	EXP 	grid: autoDraw = True
18.7640 	EXP 	polygon: autoDraw = True
18.7640 	EXP 	polygon_2: autoDraw = True
18.7640 	EXP 	polygon_3: autoDraw = True
18.7640 	EXP 	polygon_4: autoDraw = True
18.7640 	EXP 	polygon_5: autoDraw = True
18.7640 	EXP 	polygon_6: autoDraw = True
18.7640 	EXP 	polygon_7: autoDraw = True
18.7640 	EXP 	polygon_8: autoDraw = True
18.7640 	EXP 	polygon_9: autoDraw = True
18.7640 	EXP 	polygon_10: autoDraw = True
18.7640 	EXP 	polygon_11: autoDraw = True
18.7640 	EXP 	polygon_12: autoDraw = True
18.7640 	EXP 	polygon_13: autoDraw = True
18.7640 	EXP 	polygon_14: autoDraw = True
18.7640 	EXP 	polygon_15: autoDraw = True
18.7640 	EXP 	polygon_16: autoDraw = True
18.7640 	EXP 	polygon_17: autoDraw = True
18.7640 	EXP 	polygon_18: autoDraw = True
18.7640 	EXP 	polygon_19: autoDraw = True
18.7640 	EXP 	polygon_20: autoDraw = True
18.7640 	EXP 	polygon_21: autoDraw = True
18.7640 	EXP 	polygon_22: autoDraw = True
18.7640 	EXP 	polygon_23: autoDraw = True
18.7640 	EXP 	polygon_24: autoDraw = True
18.7640 	EXP 	polygon_25: autoDraw = True
20.0498 	DATA 	Keypress: escape
20.2690 	EXP 	window1: mouseVisible = True
