9.2142 	WARNING 	User requested fullscreen with size [1440  900], but screen is actually [2880, 1800]. Using actual size
10.1437 	EXP 	Created window1 = Window(allowGUI=False, allowStencil=False, args=UNKNOWN, autoLog=True, bitsMode=UNKNOWN, blendMode='avg', color=array([0., 0., 0.]), colorSpace='hsv', fullscr=<method-wrapper '__getattribute__' of attributeSetter object at 0x0000019C60012F60>, gamma=None, gammaErrorPolicy='raise', kwargs=UNKNOWN, lms=UNKNOWN, monitor=<psychopy.monitors.calibTools.Monitor object at 0x0000019C6112C128>, multiSample=False, name='window1', numSamples=2, pos=[0.0, 0.0], screen=0, size=array([2880, 1800]), stereo=False, units='height', useFBO=True, useRetina=False, viewOri=0.0, viewPos=None, viewScale=None, waitBlanking=True, winType='pyglet')
10.1438 	EXP 	window1: recordFrameIntervals = False
10.3099 	EXP 	window1: recordFrameIntervals = True
10.4935 	EXP 	window1: recordFrameIntervals = False
10.7534 	EXP 	Created instr_text = TextStim(__class__=<class 'psychopy.visual.text.TextStim'>, alignHoriz='center', alignVert='center', antialias=True, autoLog=True, bold=False, color='white', colorSpace='named', contrast=1.0, depth=0.0, flipHoriz=False, flipVert=False, font='Arial', fontFiles=[], height=0.05, italic=False, languageStyle='LTR', name='instr_text', opacity=1.0, ori=0, pos=array([0., 0.]), rgb=array([255., 255., 255.]), text='default text', units='height', win=Window(...), wrapWidth=1)
10.7568 	EXP 	Created cont_text = TextStim(__class__=<class 'psychopy.visual.text.TextStim'>, alignHoriz='center', alignVert='center', antialias=True, autoLog=True, bold=False, color='white', colorSpace='named', contrast=1.0, depth=-1.0, flipHoriz=False, flipVert=False, font='Arial', fontFiles=[], height=0.05, italic=False, languageStyle='LTR', name='cont_text', opacity=1.0, ori=0, pos=array([ 0. , -0.4]), rgb=array([255., 255., 255.]), text='default text', units='height', win=Window(...), wrapWidth=1)
10.8537 	EXP 	Created Grid = ImageStim(__class__=<class 'psychopy.visual.image.ImageStim'>, autoLog=True, color=array([1., 1., 1.]), colorSpace='rgb', contrast=1.0, depth=0.0, flipHoriz=False, flipVert=False, image='Blank Grid.jpg', interpolate=True, mask=None, maskParams=None, name='Grid', opacity=1.0, ori=0.0, pos=array([0., 0.]), size=array([1., 1.]), texRes=128, units='height', win=Window(...))
10.8564 	EXP 	Created Square = Rect(__class__=<class 'psychopy.visual.rect.Rect'>, autoDraw=False, autoLog=True, closeShape=True, color=method-wrapper(...), colorSpace=None, contrast=1.0, depth=-1.0, fillColor=array([255.,   0.,   0.]), fillColorSpace='rgb255', fillRGB=array([255.,   0.,   0.]), interpolate=True, lineColor=array([255.,   0.,   0.]), lineColorSpace='rgb', lineRGB=array([255.,   0.,   0.]), lineWidth=1, name='Square', opacity=1.0, ori=array(0.), pos=array([0., 0.]), size=array([1., 1.]), units='height', vertices=ndarray(...), win=Window(...))
10.9524 	EXP 	Created grid = ImageStim(__class__=<class 'psychopy.visual.image.ImageStim'>, autoLog=True, color=array([1., 1., 1.]), colorSpace='rgb', contrast=1.0, depth=0.0, flipHoriz=False, flipVert=False, image='Blank Grid.jpg', interpolate=True, mask=None, maskParams=None, name='grid', opacity=1.0, ori=0.0, pos=array([0., 0.]), size=array([1., 1.]), texRes=128, units='height', win=Window(...))
10.9532 	EXP 	Created polygon = Rect(__class__=<class 'psychopy.visual.rect.Rect'>, autoDraw=False, autoLog=True, closeShape=True, color=method-wrapper(...), colorSpace=None, contrast=1.0, depth=-2.0, fillColor='white', fillColorSpace='named', fillRGB=array([255., 255., 255.]), interpolate=True, lineColor='white', lineColorSpace='named', lineRGB=array([255., 255., 255.]), lineWidth=1, name='polygon', opacity=1.0, ori=array(0.), pos=array([-0.386 ,  0.3875]), size=array([1., 1.]), units='height', vertices=ndarray(...), win=Window(...))
10.9539 	EXP 	Created polygon_2 = Rect(__class__=<class 'psychopy.visual.rect.Rect'>, autoDraw=False, autoLog=True, closeShape=True, color=method-wrapper(...), colorSpace=None, contrast=1.0, depth=-3.0, fillColor='white', fillColorSpace='named', fillRGB=array([255., 255., 255.]), interpolate=True, lineColor='white', lineColorSpace='named', lineRGB=array([255., 255., 255.]), lineWidth=1, name='polygon_2', opacity=1.0, ori=array(0.), pos=array([-0.193 ,  0.3875]), size=array([1., 1.]), units='height', vertices=ndarray(...), win=Window(...))
10.9547 	EXP 	Created polygon_3 = Rect(__class__=<class 'psychopy.visual.rect.Rect'>, autoDraw=False, autoLog=True, closeShape=True, color=method-wrapper(...), colorSpace=None, contrast=1.0, depth=-4.0, fillColor='white', fillColorSpace='named', fillRGB=array([255., 255., 255.]), interpolate=True, lineColor='white', lineColorSpace='named', lineRGB=array([255., 255., 255.]), lineWidth=1, name='polygon_3', opacity=1.0, ori=array(0.), pos=array([0.    , 0.3875]), size=array([1., 1.]), units='height', vertices=ndarray(...), win=Window(...))
10.9554 	EXP 	Created polygon_4 = Rect(__class__=<class 'psychopy.visual.rect.Rect'>, autoDraw=False, autoLog=True, closeShape=True, color=method-wrapper(...), colorSpace=None, contrast=1.0, depth=-5.0, fillColor='white', fillColorSpace='named', fillRGB=array([255., 255., 255.]), interpolate=True, lineColor='white', lineColorSpace='named', lineRGB=array([255., 255., 255.]), lineWidth=1, name='polygon_4', opacity=1.0, ori=array(0.), pos=array([0.193 , 0.3875]), size=array([1., 1.]), units='height', vertices=ndarray(...), win=Window(...))
10.9561 	EXP 	Created polygon_5 = Rect(__class__=<class 'psychopy.visual.rect.Rect'>, autoDraw=False, autoLog=True, closeShape=True, color=method-wrapper(...), colorSpace=None, contrast=1.0, depth=-6.0, fillColor='white', fillColorSpace='named', fillRGB=array([255., 255., 255.]), interpolate=True, lineColor='white', lineColorSpace='named', lineRGB=array([255., 255., 255.]), lineWidth=1, name='polygon_5', opacity=1.0, ori=array(0.), pos=array([0.386 , 0.3875]), size=array([1., 1.]), units='height', vertices=ndarray(...), win=Window(...))
10.9567 	EXP 	Created polygon_6 = Rect(__class__=<class 'psychopy.visual.rect.Rect'>, autoDraw=False, autoLog=True, closeShape=True, color=method-wrapper(...), colorSpace=None, contrast=1.0, depth=-7.0, fillColor='white', fillColorSpace='named', fillRGB=array([255., 255., 255.]), interpolate=True, lineColor='white', lineColorSpace='named', lineRGB=array([255., 255., 255.]), lineWidth=1, name='polygon_6', opacity=1.0, ori=array(0.), pos=array([-0.386  ,  0.19415]), size=array([1., 1.]), units='height', vertices=ndarray(...), win=Window(...))
10.9574 	EXP 	Created polygon_7 = Rect(__class__=<class 'psychopy.visual.rect.Rect'>, autoDraw=False, autoLog=True, closeShape=True, color=method-wrapper(...), colorSpace=None, contrast=1.0, depth=-8.0, fillColor='white', fillColorSpace='named', fillRGB=array([255., 255., 255.]), interpolate=True, lineColor='white', lineColorSpace='named', lineRGB=array([255., 255., 255.]), lineWidth=1, name='polygon_7', opacity=1.0, ori=array(0.), pos=array([-0.193  ,  0.19415]), size=array([1., 1.]), units='height', vertices=ndarray(...), win=Window(...))
10.9581 	EXP 	Created polygon_8 = Rect(__class__=<class 'psychopy.visual.rect.Rect'>, autoDraw=False, autoLog=True, closeShape=True, color=method-wrapper(...), colorSpace=None, contrast=1.0, depth=-9.0, fillColor='white', fillColorSpace='named', fillRGB=array([255., 255., 255.]), interpolate=True, lineColor='white', lineColorSpace='named', lineRGB=array([255., 255., 255.]), lineWidth=1, name='polygon_8', opacity=1.0, ori=array(0.), pos=array([0.     , 0.19415]), size=array([1., 1.]), units='height', vertices=ndarray(...), win=Window(...))
10.9588 	EXP 	Created polygon_9 = Rect(__class__=<class 'psychopy.visual.rect.Rect'>, autoDraw=False, autoLog=True, closeShape=True, color=method-wrapper(...), colorSpace=None, contrast=1.0, depth=-10.0, fillColor='white', fillColorSpace='named', fillRGB=array([255., 255., 255.]), interpolate=True, lineColor='white', lineColorSpace='named', lineRGB=array([255., 255., 255.]), lineWidth=1, name='polygon_9', opacity=1.0, ori=array(0.), pos=array([0.193  , 0.19415]), size=array([1., 1.]), units='height', vertices=ndarray(...), win=Window(...))
10.9594 	EXP 	Created polygon_10 = Rect(__class__=<class 'psychopy.visual.rect.Rect'>, autoDraw=False, autoLog=True, closeShape=True, color=method-wrapper(...), colorSpace=None, contrast=1.0, depth=-11.0, fillColor='white', fillColorSpace='named', fillRGB=array([255., 255., 255.]), interpolate=True, lineColor='white', lineColorSpace='named', lineRGB=array([255., 255., 255.]), lineWidth=1, name='polygon_10', opacity=1.0, ori=array(0.), pos=array([0.386  , 0.19415]), size=array([1., 1.]), units='height', vertices=ndarray(...), win=Window(...))
10.9601 	EXP 	Created polygon_11 = Rect(__class__=<class 'psychopy.visual.rect.Rect'>, autoDraw=False, autoLog=True, closeShape=True, color=method-wrapper(...), colorSpace=None, contrast=1.0, depth=-12.0, fillColor='white', fillColorSpace='named', fillRGB=array([255., 255., 255.]), interpolate=True, lineColor='white', lineColorSpace='named', lineRGB=array([255., 255., 255.]), lineWidth=1, name='polygon_11', opacity=1.0, ori=array(0.), pos=array([-0.386,  0.   ]), size=array([1., 1.]), units='height', vertices=ndarray(...), win=Window(...))
10.9608 	EXP 	Created polygon_12 = Rect(__class__=<class 'psychopy.visual.rect.Rect'>, autoDraw=False, autoLog=True, closeShape=True, color=method-wrapper(...), colorSpace=None, contrast=1.0, depth=-13.0, fillColor='white', fillColorSpace='named', fillRGB=array([255., 255., 255.]), interpolate=True, lineColor='white', lineColorSpace='named', lineRGB=array([255., 255., 255.]), lineWidth=1, name='polygon_12', opacity=1.0, ori=array(0.), pos=array([-0.193,  0.   ]), size=array([1., 1.]), units='height', vertices=ndarray(...), win=Window(...))
10.9614 	EXP 	Created polygon_13 = Rect(__class__=<class 'psychopy.visual.rect.Rect'>, autoDraw=False, autoLog=True, closeShape=True, color=method-wrapper(...), colorSpace=None, contrast=1.0, depth=-14.0, fillColor='white', fillColorSpace='named', fillRGB=array([255., 255., 255.]), interpolate=True, lineColor='white', lineColorSpace='named', lineRGB=array([255., 255., 255.]), lineWidth=1, name='polygon_13', opacity=1.0, ori=array(0.), pos=array([0., 0.]), size=array([1., 1.]), units='height', vertices=ndarray(...), win=Window(...))
10.9622 	EXP 	Created polygon_14 = Rect(__class__=<class 'psychopy.visual.rect.Rect'>, autoDraw=False, autoLog=True, closeShape=True, color=method-wrapper(...), colorSpace=None, contrast=1.0, depth=-15.0, fillColor='white', fillColorSpace='named', fillRGB=array([255., 255., 255.]), interpolate=True, lineColor='white', lineColorSpace='named', lineRGB=array([255., 255., 255.]), lineWidth=1, name='polygon_14', opacity=1.0, ori=array(0.), pos=array([0.193, 0.   ]), size=array([1., 1.]), units='height', vertices=ndarray(...), win=Window(...))
10.9628 	EXP 	Created polygon_15 = Rect(__class__=<class 'psychopy.visual.rect.Rect'>, autoDraw=False, autoLog=True, closeShape=True, color=method-wrapper(...), colorSpace=None, contrast=1.0, depth=-16.0, fillColor='white', fillColorSpace='named', fillRGB=array([255., 255., 255.]), interpolate=True, lineColor='white', lineColorSpace='named', lineRGB=array([255., 255., 255.]), lineWidth=1, name='polygon_15', opacity=1.0, ori=array(0.), pos=array([0.386, 0.   ]), size=array([1., 1.]), units='height', vertices=ndarray(...), win=Window(...))
10.9635 	EXP 	Created polygon_16 = Rect(__class__=<class 'psychopy.visual.rect.Rect'>, autoDraw=False, autoLog=True, closeShape=True, color=method-wrapper(...), colorSpace=None, contrast=1.0, depth=-17.0, fillColor='white', fillColorSpace='named', fillRGB=array([255., 255., 255.]), interpolate=True, lineColor='white', lineColorSpace='named', lineRGB=array([255., 255., 255.]), lineWidth=1, name='polygon_16', opacity=1.0, ori=array(0.), pos=array([-0.386  , -0.19415]), size=array([1., 1.]), units='height', vertices=ndarray(...), win=Window(...))
10.9642 	EXP 	Created polygon_17 = Rect(__class__=<class 'psychopy.visual.rect.Rect'>, autoDraw=False, autoLog=True, closeShape=True, color=method-wrapper(...), colorSpace=None, contrast=1.0, depth=-18.0, fillColor='white', fillColorSpace='named', fillRGB=array([255., 255., 255.]), interpolate=True, lineColor='white', lineColorSpace='named', lineRGB=array([255., 255., 255.]), lineWidth=1, name='polygon_17', opacity=1.0, ori=array(0.), pos=array([-0.193  , -0.19415]), size=array([1., 1.]), units='height', vertices=ndarray(...), win=Window(...))
10.9650 	EXP 	Created polygon_18 = Rect(__class__=<class 'psychopy.visual.rect.Rect'>, autoDraw=False, autoLog=True, closeShape=True, color=method-wrapper(...), colorSpace=None, contrast=1.0, depth=-19.0, fillColor='white', fillColorSpace='named', fillRGB=array([255., 255., 255.]), interpolate=True, lineColor='white', lineColorSpace='named', lineRGB=array([255., 255., 255.]), lineWidth=1, name='polygon_18', opacity=1.0, ori=array(0.), pos=array([ 0.     , -0.19415]), size=array([1., 1.]), units='height', vertices=ndarray(...), win=Window(...))
10.9657 	EXP 	Created polygon_19 = Rect(__class__=<class 'psychopy.visual.rect.Rect'>, autoDraw=False, autoLog=True, closeShape=True, color=method-wrapper(...), colorSpace=None, contrast=1.0, depth=-20.0, fillColor='white', fillColorSpace='named', fillRGB=array([255., 255., 255.]), interpolate=True, lineColor='white', lineColorSpace='named', lineRGB=array([255., 255., 255.]), lineWidth=1, name='polygon_19', opacity=1.0, ori=array(0.), pos=array([ 0.193  , -0.19415]), size=array([1., 1.]), units='height', vertices=ndarray(...), win=Window(...))
10.9663 	EXP 	Created polygon_20 = Rect(__class__=<class 'psychopy.visual.rect.Rect'>, autoDraw=False, autoLog=True, closeShape=True, color=method-wrapper(...), colorSpace=None, contrast=1.0, depth=-21.0, fillColor='white', fillColorSpace='named', fillRGB=array([255., 255., 255.]), interpolate=True, lineColor='white', lineColorSpace='named', lineRGB=array([255., 255., 255.]), lineWidth=1, name='polygon_20', opacity=1.0, ori=array(0.), pos=array([ 0.386  , -0.19415]), size=array([1., 1.]), units='height', vertices=ndarray(...), win=Window(...))
10.9670 	EXP 	Created polygon_21 = Rect(__class__=<class 'psychopy.visual.rect.Rect'>, autoDraw=False, autoLog=True, closeShape=True, color=method-wrapper(...), colorSpace=None, contrast=1.0, depth=-22.0, fillColor='white', fillColorSpace='named', fillRGB=array([255., 255., 255.]), interpolate=True, lineColor='white', lineColorSpace='named', lineRGB=array([255., 255., 255.]), lineWidth=1, name='polygon_21', opacity=1.0, ori=array(0.), pos=array([-0.386 , -0.3875]), size=array([1., 1.]), units='height', vertices=ndarray(...), win=Window(...))
10.9677 	EXP 	Created polygon_22 = Rect(__class__=<class 'psychopy.visual.rect.Rect'>, autoDraw=False, autoLog=True, closeShape=True, color=method-wrapper(...), colorSpace=None, contrast=1.0, depth=-23.0, fillColor='white', fillColorSpace='named', fillRGB=array([255., 255., 255.]), interpolate=True, lineColor='white', lineColorSpace='named', lineRGB=array([255., 255., 255.]), lineWidth=1, name='polygon_22', opacity=1.0, ori=array(0.), pos=array([-0.193 , -0.3875]), size=array([1., 1.]), units='height', vertices=ndarray(...), win=Window(...))
10.9684 	EXP 	Created polygon_23 = Rect(__class__=<class 'psychopy.visual.rect.Rect'>, autoDraw=False, autoLog=True, closeShape=True, color=method-wrapper(...), colorSpace=None, contrast=1.0, depth=-24.0, fillColor='white', fillColorSpace='named', fillRGB=array([255., 255., 255.]), interpolate=True, lineColor='white', lineColorSpace='named', lineRGB=array([255., 255., 255.]), lineWidth=1, name='polygon_23', opacity=1.0, ori=array(0.), pos=array([ 0.    , -0.3875]), size=array([1., 1.]), units='height', vertices=ndarray(...), win=Window(...))
10.9691 	EXP 	Created polygon_24 = Rect(__class__=<class 'psychopy.visual.rect.Rect'>, autoDraw=False, autoLog=True, closeShape=True, color=method-wrapper(...), colorSpace=None, contrast=1.0, depth=-25.0, fillColor='white', fillColorSpace='named', fillRGB=array([255., 255., 255.]), interpolate=True, lineColor='white', lineColorSpace='named', lineRGB=array([255., 255., 255.]), lineWidth=1, name='polygon_24', opacity=1.0, ori=array(0.), pos=array([ 0.193 , -0.3875]), size=array([1., 1.]), units='height', vertices=ndarray(...), win=Window(...))
10.9698 	EXP 	Created polygon_25 = Rect(__class__=<class 'psychopy.visual.rect.Rect'>, autoDraw=False, autoLog=True, closeShape=True, color=method-wrapper(...), colorSpace=None, contrast=1.0, depth=-26.0, fillColor='white', fillColorSpace='named', fillRGB=array([255., 255., 255.]), interpolate=True, lineColor='white', lineColorSpace='named', lineRGB=array([255., 255., 255.]), lineWidth=1, name='polygon_25', opacity=1.0, ori=array(0.), pos=array([ 0.386 , -0.3875]), size=array([1., 1.]), units='height', vertices=ndarray(...), win=Window(...))
10.9737 	EXP 	Created rdy_txt = TextStim(__class__=<class 'psychopy.visual.text.TextStim'>, alignHoriz='center', alignVert='center', antialias=True, autoLog=True, bold=False, color='white', colorSpace='named', contrast=1.0, depth=0.0, flipHoriz=False, flipVert=False, font='Arial', fontFiles=[], height=0.05, italic=False, languageStyle='LTR', name='rdy_txt', opacity=1.0, ori=0, pos=array([0., 0.]), rgb=array([255., 255., 255.]), text='default text', units='height', win=Window(...), wrapWidth=1)
11.0148 	EXP 	Created thx_text = TextStim(__class__=<class 'psychopy.visual.text.TextStim'>, alignHoriz='center', alignVert='center', antialias=True, autoLog=True, bold=False, color='white', colorSpace='named', contrast=1.0, depth=0.0, flipHoriz=False, flipVert=False, font='Arial', fontFiles=[], height=0.05, italic=False, languageStyle='LTR', name='thx_text', opacity=1.0, ori=0, pos=array([0., 0.]), rgb=array([255., 255., 255.]), text=str(...), units='height', win=Window(...), wrapWidth=1)
11.0420 	EXP 	Imported BLS_Instructions.xlsx as conditions, 5 conditions, 3 params
11.0421 	EXP 	Created sequence: sequential, trialTypes=5, nReps=1, seed=None
11.0424 	EXP 	New trial (rep=0, index=0): OrderedDict([('index', 0), ('instr_txt', 'On this task, you will see a grid.\n\nSquares will appear on the grid one-by-one.'), ('cont_txt', 'Press SPACE for more instructions.')])
11.1600 	EXP 	instr_text: text = 'On this task, you will see a grid.\n\nSquares will appear on the grid one-by-one.'
11.1600 	EXP 	cont_text: text = 'Press SPACE for more instructions.'
11.1600 	EXP 	instr_text: autoDraw = True
11.1600 	EXP 	cont_text: autoDraw = True
33.2142 	EXP 	New trial (rep=0, index=1): OrderedDict([('index', 1), ('instr_txt', 'When you have seen all the squares…\n\nClick where you saw the squares in REVERSE ORDER. \n'), ('cont_txt', 'Press SPACE for more instructions.')])
33.2591 	DATA 	Keypress: space
33.2766 	EXP 	instr_text: autoDraw = False
33.2766 	EXP 	cont_text: autoDraw = False
33.2766 	EXP 	instr_text: text = 'When you have seen all the squares…\n\nClick where you saw the squares in REVERSE ORDER. \n'
33.2766 	EXP 	cont_text: text = 'Press SPACE for more instructions.'
33.2766 	EXP 	instr_text: autoDraw = True
33.2766 	EXP 	cont_text: autoDraw = True
42.8640 	EXP 	New trial (rep=0, index=2): OrderedDict([('index', 2), ('instr_txt', 'So, if there are 2 squares...\nClick the second square, then the first square.'), ('cont_txt', 'Press SPACE for more instructions.')])
42.8996 	DATA 	Keypress: space
42.9098 	EXP 	instr_text: autoDraw = False
42.9098 	EXP 	cont_text: autoDraw = False
42.9098 	EXP 	instr_text: text = 'So, if there are 2 squares...\nClick the second square, then the first square.'
42.9098 	EXP 	cont_text: text = 'Press SPACE for more instructions.'
42.9098 	EXP 	instr_text: autoDraw = True
42.9098 	EXP 	cont_text: autoDraw = True
46.5470 	DATA 	Keypress: space
46.5639 	EXP 	New trial (rep=0, index=3): OrderedDict([('index', 3), ('instr_txt', 'Again, click the squares in reverse order.\n\nThen press SPACE to submit your answer.'), ('cont_txt', 'Press SPACE for more instructions.')])
46.6093 	EXP 	instr_text: autoDraw = False
46.6093 	EXP 	cont_text: autoDraw = False
46.6093 	EXP 	instr_text: text = 'Again, click the squares in reverse order.\n\nThen press SPACE to submit your answer.'
46.6093 	EXP 	cont_text: text = 'Press SPACE for more instructions.'
46.6093 	EXP 	instr_text: autoDraw = True
46.6093 	EXP 	cont_text: autoDraw = True
55.1636 	EXP 	New trial (rep=0, index=4): OrderedDict([('index', 4), ('instr_txt', 'These first trials will have 2 squares each.'), ('cont_txt', 'Press SPACE to begin.')])
55.1920 	DATA 	Keypress: space
55.2092 	EXP 	instr_text: autoDraw = False
55.2092 	EXP 	cont_text: autoDraw = False
55.2092 	EXP 	instr_text: text = 'These first trials will have 2 squares each.'
55.2092 	EXP 	cont_text: text = 'Press SPACE to begin.'
55.2092 	EXP 	instr_text: autoDraw = True
55.2092 	EXP 	cont_text: autoDraw = True
58.2384 	EXP 	Imported BLS_Trials.xlsx as conditions, 32 conditions, 5 params
58.2386 	EXP 	Created sequence: sequential, trialTypes=32, nReps=1, seed=None
58.2389 	EXP 	New trial (rep=0, index=0): OrderedDict([('Running_Trial_Num', 1), ('trial_length', 2), ('rows', '0, 1'), ('correct_seq', ['polygon_18', 'polygon_10']), ('rdy_msg', 'Press SPACE to begin the next trial.')])
58.2583 	EXP 	Imported BLS_Stimuli.xlsx as conditions, 2 conditions, 6 params
58.2585 	EXP 	Created sequence: sequential, trialTypes=2, nReps=1, seed=None
58.2588 	EXP 	New trial (rep=0, index=0): OrderedDict([('span', 2), ('trial', 1), ('stimulus', 1), ('square', 10), ('location', [0.39, 0.195]), ('correct', 18)])
58.2679 	DATA 	Keypress: space
58.2922 	EXP 	instr_text: autoDraw = False
58.2922 	EXP 	cont_text: autoDraw = False
58.2922 	EXP 	Square: pos = array([0.39 , 0.195])
58.2922 	EXP 	Grid: autoDraw = True
58.2922 	EXP 	Square: autoDraw = True
59.7423 	EXP 	New trial (rep=0, index=1): OrderedDict([('span', 2), ('trial', 1), ('stimulus', 2), ('square', 18), ('location', [0, -0.195]), ('correct', 10)])
59.7587 	EXP 	Grid: autoDraw = False
59.7587 	EXP 	Square: autoDraw = False
59.7587 	EXP 	Square: pos = array([ 0.   , -0.195])
59.7587 	EXP 	Grid: autoDraw = True
59.7587 	EXP 	Square: autoDraw = True
61.2753 	EXP 	Grid: autoDraw = False
61.2753 	EXP 	Square: autoDraw = False
61.2753 	EXP 	polygon: fillColor = 'white'
61.2753 	EXP 	polygon: lineColor = 'white'
61.2753 	EXP 	polygon: color = 'white'
61.2753 	EXP 	polygon_2: fillColor = 'white'
61.2753 	EXP 	polygon_2: lineColor = 'white'
61.2753 	EXP 	polygon_2: color = 'white'
61.2753 	EXP 	polygon_3: fillColor = 'white'
61.2753 	EXP 	polygon_3: lineColor = 'white'
61.2753 	EXP 	polygon_3: color = 'white'
61.2753 	EXP 	polygon_4: fillColor = 'white'
61.2753 	EXP 	polygon_4: lineColor = 'white'
61.2753 	EXP 	polygon_4: color = 'white'
61.2753 	EXP 	polygon_5: fillColor = 'white'
61.2753 	EXP 	polygon_5: lineColor = 'white'
61.2753 	EXP 	polygon_5: color = 'white'
61.2753 	EXP 	polygon_6: fillColor = 'white'
61.2753 	EXP 	polygon_6: lineColor = 'white'
61.2753 	EXP 	polygon_6: color = 'white'
61.2753 	EXP 	polygon_7: fillColor = 'white'
61.2753 	EXP 	polygon_7: lineColor = 'white'
61.2753 	EXP 	polygon_7: color = 'white'
61.2753 	EXP 	polygon_8: fillColor = 'white'
61.2753 	EXP 	polygon_8: lineColor = 'white'
61.2753 	EXP 	polygon_8: color = 'white'
61.2753 	EXP 	polygon_9: fillColor = 'white'
61.2753 	EXP 	polygon_9: lineColor = 'white'
61.2753 	EXP 	polygon_9: color = 'white'
61.2753 	EXP 	polygon_10: fillColor = 'white'
61.2753 	EXP 	polygon_10: lineColor = 'white'
61.2753 	EXP 	polygon_10: color = 'white'
61.2753 	EXP 	polygon_11: fillColor = 'white'
61.2753 	EXP 	polygon_11: lineColor = 'white'
61.2753 	EXP 	polygon_11: color = 'white'
61.2753 	EXP 	polygon_12: fillColor = 'white'
61.2753 	EXP 	polygon_12: lineColor = 'white'
61.2753 	EXP 	polygon_12: color = 'white'
61.2753 	EXP 	polygon_13: fillColor = 'white'
61.2753 	EXP 	polygon_13: lineColor = 'white'
61.2753 	EXP 	polygon_13: color = 'white'
61.2753 	EXP 	polygon_14: fillColor = 'white'
61.2753 	EXP 	polygon_14: lineColor = 'white'
61.2753 	EXP 	polygon_14: color = 'white'
61.2753 	EXP 	polygon_15: fillColor = 'white'
61.2753 	EXP 	polygon_15: lineColor = 'white'
61.2753 	EXP 	polygon_15: color = 'white'
61.2753 	EXP 	polygon_16: fillColor = 'white'
61.2753 	EXP 	polygon_16: lineColor = 'white'
61.2753 	EXP 	polygon_16: color = 'white'
61.2753 	EXP 	polygon_17: fillColor = 'white'
61.2753 	EXP 	polygon_17: lineColor = 'white'
61.2753 	EXP 	polygon_17: color = 'white'
61.2753 	EXP 	polygon_18: fillColor = 'white'
61.2753 	EXP 	polygon_18: lineColor = 'white'
61.2753 	EXP 	polygon_18: color = 'white'
61.2753 	EXP 	polygon_19: fillColor = 'white'
61.2753 	EXP 	polygon_19: lineColor = 'white'
61.2753 	EXP 	polygon_19: color = 'white'
61.2753 	EXP 	polygon_20: fillColor = 'white'
61.2753 	EXP 	polygon_20: lineColor = 'white'
61.2753 	EXP 	polygon_20: color = 'white'
61.2753 	EXP 	polygon_21: fillColor = 'white'
61.2753 	EXP 	polygon_21: lineColor = 'white'
61.2753 	EXP 	polygon_21: color = 'white'
61.2753 	EXP 	polygon_22: fillColor = 'white'
61.2753 	EXP 	polygon_22: lineColor = 'white'
61.2753 	EXP 	polygon_22: color = 'white'
61.2753 	EXP 	polygon_23: fillColor = 'white'
61.2753 	EXP 	polygon_23: lineColor = 'white'
61.2753 	EXP 	polygon_23: color = 'white'
61.2753 	EXP 	polygon_24: fillColor = 'white'
61.2753 	EXP 	polygon_24: lineColor = 'white'
61.2753 	EXP 	polygon_24: color = 'white'
61.2753 	EXP 	polygon_25: fillColor = 'white'
61.2753 	EXP 	polygon_25: lineColor = 'white'
61.2753 	EXP 	polygon_25: color = 'white'
61.2753 	EXP 	grid: autoDraw = True
61.2753 	EXP 	polygon: autoDraw = True
61.2753 	EXP 	polygon_2: autoDraw = True
61.2753 	EXP 	polygon_3: autoDraw = True
61.2753 	EXP 	polygon_4: autoDraw = True
61.2753 	EXP 	polygon_5: autoDraw = True
61.2753 	EXP 	polygon_6: autoDraw = True
61.2753 	EXP 	polygon_7: autoDraw = True
61.2753 	EXP 	polygon_8: autoDraw = True
61.2753 	EXP 	polygon_9: autoDraw = True
61.2753 	EXP 	polygon_10: autoDraw = True
61.2753 	EXP 	polygon_11: autoDraw = True
61.2753 	EXP 	polygon_12: autoDraw = True
61.2753 	EXP 	polygon_13: autoDraw = True
61.2753 	EXP 	polygon_14: autoDraw = True
61.2753 	EXP 	polygon_15: autoDraw = True
61.2753 	EXP 	polygon_16: autoDraw = True
61.2753 	EXP 	polygon_17: autoDraw = True
61.2753 	EXP 	polygon_18: autoDraw = True
61.2753 	EXP 	polygon_19: autoDraw = True
61.2753 	EXP 	polygon_20: autoDraw = True
61.2753 	EXP 	polygon_21: autoDraw = True
61.2753 	EXP 	polygon_22: autoDraw = True
61.2753 	EXP 	polygon_23: autoDraw = True
61.2753 	EXP 	polygon_24: autoDraw = True
61.2753 	EXP 	polygon_25: autoDraw = True
70.8274 	DATA 	Mouse: Left button down, pos=(681,1644)
70.8583 	EXP 	polygon: fillColor = 'black'
70.8583 	EXP 	polygon: lineColor = 'black'
70.8583 	EXP 	polygon: color = 'black'
70.9273 	DATA 	Mouse:  Left button up, pos=(681,1644)
71.4450 	DATA 	Mouse: Left button down, pos=(1185,1216)
71.5084 	EXP 	polygon_7: fillColor = 'black'
71.5084 	EXP 	polygon_7: lineColor = 'black'
71.5084 	EXP 	polygon_7: color = 'black'
71.5439 	DATA 	Mouse:  Left button up, pos=(1185,1216)
72.6495 	DATA 	Keypress: space
72.6920 	EXP 	grid: autoDraw = False
72.6920 	EXP 	polygon: autoDraw = False
72.6920 	EXP 	polygon_2: autoDraw = False
72.6920 	EXP 	polygon_3: autoDraw = False
72.6920 	EXP 	polygon_4: autoDraw = False
72.6920 	EXP 	polygon_5: autoDraw = False
72.6920 	EXP 	polygon_6: autoDraw = False
72.6920 	EXP 	polygon_7: autoDraw = False
72.6920 	EXP 	polygon_8: autoDraw = False
72.6920 	EXP 	polygon_9: autoDraw = False
72.6920 	EXP 	polygon_10: autoDraw = False
72.6920 	EXP 	polygon_11: autoDraw = False
72.6920 	EXP 	polygon_12: autoDraw = False
72.6920 	EXP 	polygon_13: autoDraw = False
72.6920 	EXP 	polygon_14: autoDraw = False
72.6920 	EXP 	polygon_15: autoDraw = False
72.6920 	EXP 	polygon_16: autoDraw = False
72.6920 	EXP 	polygon_17: autoDraw = False
72.6920 	EXP 	polygon_18: autoDraw = False
72.6920 	EXP 	polygon_19: autoDraw = False
72.6920 	EXP 	polygon_20: autoDraw = False
72.6920 	EXP 	polygon_21: autoDraw = False
72.6920 	EXP 	polygon_22: autoDraw = False
72.6920 	EXP 	polygon_23: autoDraw = False
72.6920 	EXP 	polygon_24: autoDraw = False
72.6920 	EXP 	polygon_25: autoDraw = False
72.6920 	EXP 	rdy_txt: text = 'Press SPACE to begin the next trial.'
72.6920 	EXP 	rdy_txt: autoDraw = True
83.7295 	EXP 	New trial (rep=0, index=1): OrderedDict([('Running_Trial_Num', 2), ('trial_length', 2), ('rows', '2, 3'), ('correct_seq', ['polygon_19', 'polygon_2']), ('rdy_msg', 'Press SPACE to begin the next trial.')])
83.7504 	EXP 	Imported BLS_Stimuli.xlsx as conditions, 2 conditions, 6 params
83.7507 	EXP 	Created sequence: sequential, trialTypes=2, nReps=1, seed=None
83.7509 	EXP 	New trial (rep=0, index=0): OrderedDict([('span', 2), ('trial', 2), ('stimulus', 1), ('square', 2), ('location', [-0.195, 0.39]), ('correct', 19)])
83.7537 	DATA 	Keypress: space
83.7748 	EXP 	rdy_txt: autoDraw = False
83.7748 	EXP 	Square: pos = array([-0.195,  0.39 ])
83.7748 	EXP 	Grid: autoDraw = True
83.7748 	EXP 	Square: autoDraw = True
85.2416 	EXP 	New trial (rep=0, index=1): OrderedDict([('span', 2), ('trial', 2), ('stimulus', 2), ('square', 19), ('location', [0.195, -0.195]), ('correct', 2)])
85.2580 	EXP 	Grid: autoDraw = False
85.2580 	EXP 	Square: autoDraw = False
85.2580 	EXP 	Square: pos = array([ 0.195, -0.195])
85.2580 	EXP 	Grid: autoDraw = True
85.2580 	EXP 	Square: autoDraw = True
86.7747 	EXP 	Grid: autoDraw = False
86.7747 	EXP 	Square: autoDraw = False
86.7747 	EXP 	polygon: fillColor = 'white'
86.7747 	EXP 	polygon: lineColor = 'white'
86.7747 	EXP 	polygon: color = 'white'
86.7747 	EXP 	polygon_2: fillColor = 'white'
86.7747 	EXP 	polygon_2: lineColor = 'white'
86.7747 	EXP 	polygon_2: color = 'white'
86.7747 	EXP 	polygon_3: fillColor = 'white'
86.7747 	EXP 	polygon_3: lineColor = 'white'
86.7747 	EXP 	polygon_3: color = 'white'
86.7747 	EXP 	polygon_4: fillColor = 'white'
86.7747 	EXP 	polygon_4: lineColor = 'white'
86.7747 	EXP 	polygon_4: color = 'white'
86.7747 	EXP 	polygon_5: fillColor = 'white'
86.7747 	EXP 	polygon_5: lineColor = 'white'
86.7747 	EXP 	polygon_5: color = 'white'
86.7747 	EXP 	polygon_6: fillColor = 'white'
86.7747 	EXP 	polygon_6: lineColor = 'white'
86.7747 	EXP 	polygon_6: color = 'white'
86.7747 	EXP 	polygon_7: fillColor = 'white'
86.7747 	EXP 	polygon_7: lineColor = 'white'
86.7747 	EXP 	polygon_7: color = 'white'
86.7747 	EXP 	polygon_8: fillColor = 'white'
86.7747 	EXP 	polygon_8: lineColor = 'white'
86.7747 	EXP 	polygon_8: color = 'white'
86.7747 	EXP 	polygon_9: fillColor = 'white'
86.7747 	EXP 	polygon_9: lineColor = 'white'
86.7747 	EXP 	polygon_9: color = 'white'
86.7747 	EXP 	polygon_10: fillColor = 'white'
86.7747 	EXP 	polygon_10: lineColor = 'white'
86.7747 	EXP 	polygon_10: color = 'white'
86.7747 	EXP 	polygon_11: fillColor = 'white'
86.7747 	EXP 	polygon_11: lineColor = 'white'
86.7747 	EXP 	polygon_11: color = 'white'
86.7747 	EXP 	polygon_12: fillColor = 'white'
86.7747 	EXP 	polygon_12: lineColor = 'white'
86.7747 	EXP 	polygon_12: color = 'white'
86.7747 	EXP 	polygon_13: fillColor = 'white'
86.7747 	EXP 	polygon_13: lineColor = 'white'
86.7747 	EXP 	polygon_13: color = 'white'
86.7747 	EXP 	polygon_14: fillColor = 'white'
86.7747 	EXP 	polygon_14: lineColor = 'white'
86.7747 	EXP 	polygon_14: color = 'white'
86.7747 	EXP 	polygon_15: fillColor = 'white'
86.7747 	EXP 	polygon_15: lineColor = 'white'
86.7747 	EXP 	polygon_15: color = 'white'
86.7747 	EXP 	polygon_16: fillColor = 'white'
86.7747 	EXP 	polygon_16: lineColor = 'white'
86.7747 	EXP 	polygon_16: color = 'white'
86.7747 	EXP 	polygon_17: fillColor = 'white'
86.7747 	EXP 	polygon_17: lineColor = 'white'
86.7747 	EXP 	polygon_17: color = 'white'
86.7747 	EXP 	polygon_18: fillColor = 'white'
86.7747 	EXP 	polygon_18: lineColor = 'white'
86.7747 	EXP 	polygon_18: color = 'white'
86.7747 	EXP 	polygon_19: fillColor = 'white'
86.7747 	EXP 	polygon_19: lineColor = 'white'
86.7747 	EXP 	polygon_19: color = 'white'
86.7747 	EXP 	polygon_20: fillColor = 'white'
86.7747 	EXP 	polygon_20: lineColor = 'white'
86.7747 	EXP 	polygon_20: color = 'white'
86.7747 	EXP 	polygon_21: fillColor = 'white'
86.7747 	EXP 	polygon_21: lineColor = 'white'
86.7747 	EXP 	polygon_21: color = 'white'
86.7747 	EXP 	polygon_22: fillColor = 'white'
86.7747 	EXP 	polygon_22: lineColor = 'white'
86.7747 	EXP 	polygon_22: color = 'white'
86.7747 	EXP 	polygon_23: fillColor = 'white'
86.7747 	EXP 	polygon_23: lineColor = 'white'
86.7747 	EXP 	polygon_23: color = 'white'
86.7747 	EXP 	polygon_24: fillColor = 'white'
86.7747 	EXP 	polygon_24: lineColor = 'white'
86.7747 	EXP 	polygon_24: color = 'white'
86.7747 	EXP 	polygon_25: fillColor = 'white'
86.7747 	EXP 	polygon_25: lineColor = 'white'
86.7747 	EXP 	polygon_25: color = 'white'
86.7747 	EXP 	grid: autoDraw = True
86.7747 	EXP 	polygon: autoDraw = True
86.7747 	EXP 	polygon_2: autoDraw = True
86.7747 	EXP 	polygon_3: autoDraw = True
86.7747 	EXP 	polygon_4: autoDraw = True
86.7747 	EXP 	polygon_5: autoDraw = True
86.7747 	EXP 	polygon_6: autoDraw = True
86.7747 	EXP 	polygon_7: autoDraw = True
86.7747 	EXP 	polygon_8: autoDraw = True
86.7747 	EXP 	polygon_9: autoDraw = True
86.7747 	EXP 	polygon_10: autoDraw = True
86.7747 	EXP 	polygon_11: autoDraw = True
86.7747 	EXP 	polygon_12: autoDraw = True
86.7747 	EXP 	polygon_13: autoDraw = True
86.7747 	EXP 	polygon_14: autoDraw = True
86.7747 	EXP 	polygon_15: autoDraw = True
86.7747 	EXP 	polygon_16: autoDraw = True
86.7747 	EXP 	polygon_17: autoDraw = True
86.7747 	EXP 	polygon_18: autoDraw = True
86.7747 	EXP 	polygon_19: autoDraw = True
86.7747 	EXP 	polygon_20: autoDraw = True
86.7747 	EXP 	polygon_21: autoDraw = True
86.7747 	EXP 	polygon_22: autoDraw = True
86.7747 	EXP 	polygon_23: autoDraw = True
86.7747 	EXP 	polygon_24: autoDraw = True
86.7747 	EXP 	polygon_25: autoDraw = True
132.9621 	DATA 	Keypress: escape
133.1962 	EXP 	window1: mouseVisible = True
