6.0321 	WARNING 	User requested fullscreen with size [1440  900], but screen is actually [2880, 1800]. Using actual size
7.4284 	EXP 	Created window1 = Window(allowGUI=False, allowStencil=False, args=UNKNOWN, autoLog=True, bitsMode=UNKNOWN, blendMode='avg', color=array([0., 0., 0.]), colorSpace='hsv', fullscr=<method-wrapper '__getattribute__' of attributeSetter object at 0x0000019E068EDF60>, gamma=None, gammaErrorPolicy='raise', kwargs=UNKNOWN, lms=UNKNOWN, monitor=<psychopy.monitors.calibTools.Monitor object at 0x0000019E06A39128>, multiSample=False, name='window1', numSamples=2, pos=[0.0, 0.0], screen=0, size=array([2880, 1800]), stereo=False, units='height', useFBO=True, useRetina=False, viewOri=0.0, viewPos=None, viewScale=None, waitBlanking=True, winType='pyglet')
7.4285 	EXP 	window1: recordFrameIntervals = False
7.5948 	EXP 	window1: recordFrameIntervals = True
7.7782 	EXP 	window1: recordFrameIntervals = False
8.2087 	EXP 	Created instr_text = TextStim(__class__=<class 'psychopy.visual.text.TextStim'>, alignHoriz='center', alignVert='center', antialias=True, autoLog=True, bold=False, color='white', colorSpace='named', contrast=1.0, depth=0.0, flipHoriz=False, flipVert=False, font='Arial', fontFiles=[], height=0.05, italic=False, languageStyle='LTR', name='instr_text', opacity=1.0, ori=0, pos=array([0., 0.]), rgb=array([255., 255., 255.]), text='default text', units='height', win=Window(...), wrapWidth=1)
8.2122 	EXP 	Created cont_text = TextStim(__class__=<class 'psychopy.visual.text.TextStim'>, alignHoriz='center', alignVert='center', antialias=True, autoLog=True, bold=False, color='white', colorSpace='named', contrast=1.0, depth=-1.0, flipHoriz=False, flipVert=False, font='Arial', fontFiles=[], height=0.05, italic=False, languageStyle='LTR', name='cont_text', opacity=1.0, ori=0, pos=array([ 0. , -0.4]), rgb=array([255., 255., 255.]), text='default text', units='height', win=Window(...), wrapWidth=1)
8.3183 	EXP 	Created Grid = ImageStim(__class__=<class 'psychopy.visual.image.ImageStim'>, autoLog=True, color=array([1., 1., 1.]), colorSpace='rgb', contrast=1.0, depth=0.0, flipHoriz=False, flipVert=False, image='Blank Grid.jpg', interpolate=True, mask=None, maskParams=None, name='Grid', opacity=1.0, ori=0.0, pos=array([0., 0.]), size=array([1., 1.]), texRes=128, units='height', win=Window(...))
8.3210 	EXP 	Created Square = Rect(__class__=<class 'psychopy.visual.rect.Rect'>, autoDraw=False, autoLog=True, closeShape=True, color=method-wrapper(...), colorSpace=None, contrast=1.0, depth=-1.0, fillColor=array([255.,   0.,   0.]), fillColorSpace='rgb255', fillRGB=array([255.,   0.,   0.]), interpolate=True, lineColor=array([255.,   0.,   0.]), lineColorSpace='rgb', lineRGB=array([255.,   0.,   0.]), lineWidth=1, name='Square', opacity=1.0, ori=array(0.), pos=array([0., 0.]), size=array([1., 1.]), units='height', vertices=ndarray(...), win=Window(...))
8.4187 	EXP 	Created grid = ImageStim(__class__=<class 'psychopy.visual.image.ImageStim'>, autoLog=True, color=array([1., 1., 1.]), colorSpace='rgb', contrast=1.0, depth=0.0, flipHoriz=False, flipVert=False, image='Blank Grid.jpg', interpolate=True, mask=None, maskParams=None, name='grid', opacity=1.0, ori=0.0, pos=array([0., 0.]), size=array([1., 1.]), texRes=128, units='height', win=Window(...))
8.4195 	EXP 	Created polygon = Rect(__class__=<class 'psychopy.visual.rect.Rect'>, autoDraw=False, autoLog=True, closeShape=True, color=method-wrapper(...), colorSpace=None, contrast=1.0, depth=-2.0, fillColor='white', fillColorSpace='named', fillRGB=array([255., 255., 255.]), interpolate=True, lineColor='white', lineColorSpace='named', lineRGB=array([255., 255., 255.]), lineWidth=1, name='polygon', opacity=1.0, ori=array(0.), pos=array([-0.386 ,  0.3875]), size=array([1., 1.]), units='height', vertices=ndarray(...), win=Window(...))
8.4202 	EXP 	Created polygon_2 = Rect(__class__=<class 'psychopy.visual.rect.Rect'>, autoDraw=False, autoLog=True, closeShape=True, color=method-wrapper(...), colorSpace=None, contrast=1.0, depth=-3.0, fillColor='white', fillColorSpace='named', fillRGB=array([255., 255., 255.]), interpolate=True, lineColor='white', lineColorSpace='named', lineRGB=array([255., 255., 255.]), lineWidth=1, name='polygon_2', opacity=1.0, ori=array(0.), pos=array([-0.193 ,  0.3875]), size=array([1., 1.]), units='height', vertices=ndarray(...), win=Window(...))
8.4210 	EXP 	Created polygon_3 = Rect(__class__=<class 'psychopy.visual.rect.Rect'>, autoDraw=False, autoLog=True, closeShape=True, color=method-wrapper(...), colorSpace=None, contrast=1.0, depth=-4.0, fillColor='white', fillColorSpace='named', fillRGB=array([255., 255., 255.]), interpolate=True, lineColor='white', lineColorSpace='named', lineRGB=array([255., 255., 255.]), lineWidth=1, name='polygon_3', opacity=1.0, ori=array(0.), pos=array([0.    , 0.3875]), size=array([1., 1.]), units='height', vertices=ndarray(...), win=Window(...))
8.4217 	EXP 	Created polygon_4 = Rect(__class__=<class 'psychopy.visual.rect.Rect'>, autoDraw=False, autoLog=True, closeShape=True, color=method-wrapper(...), colorSpace=None, contrast=1.0, depth=-5.0, fillColor='white', fillColorSpace='named', fillRGB=array([255., 255., 255.]), interpolate=True, lineColor='white', lineColorSpace='named', lineRGB=array([255., 255., 255.]), lineWidth=1, name='polygon_4', opacity=1.0, ori=array(0.), pos=array([0.193 , 0.3875]), size=array([1., 1.]), units='height', vertices=ndarray(...), win=Window(...))
8.4224 	EXP 	Created polygon_5 = Rect(__class__=<class 'psychopy.visual.rect.Rect'>, autoDraw=False, autoLog=True, closeShape=True, color=method-wrapper(...), colorSpace=None, contrast=1.0, depth=-6.0, fillColor='white', fillColorSpace='named', fillRGB=array([255., 255., 255.]), interpolate=True, lineColor='white', lineColorSpace='named', lineRGB=array([255., 255., 255.]), lineWidth=1, name='polygon_5', opacity=1.0, ori=array(0.), pos=array([0.386 , 0.3875]), size=array([1., 1.]), units='height', vertices=ndarray(...), win=Window(...))
8.4231 	EXP 	Created polygon_6 = Rect(__class__=<class 'psychopy.visual.rect.Rect'>, autoDraw=False, autoLog=True, closeShape=True, color=method-wrapper(...), colorSpace=None, contrast=1.0, depth=-7.0, fillColor='white', fillColorSpace='named', fillRGB=array([255., 255., 255.]), interpolate=True, lineColor='white', lineColorSpace='named', lineRGB=array([255., 255., 255.]), lineWidth=1, name='polygon_6', opacity=1.0, ori=array(0.), pos=array([-0.386  ,  0.19415]), size=array([1., 1.]), units='height', vertices=ndarray(...), win=Window(...))
8.4238 	EXP 	Created polygon_7 = Rect(__class__=<class 'psychopy.visual.rect.Rect'>, autoDraw=False, autoLog=True, closeShape=True, color=method-wrapper(...), colorSpace=None, contrast=1.0, depth=-8.0, fillColor='white', fillColorSpace='named', fillRGB=array([255., 255., 255.]), interpolate=True, lineColor='white', lineColorSpace='named', lineRGB=array([255., 255., 255.]), lineWidth=1, name='polygon_7', opacity=1.0, ori=array(0.), pos=array([-0.193  ,  0.19415]), size=array([1., 1.]), units='height', vertices=ndarray(...), win=Window(...))
8.4245 	EXP 	Created polygon_8 = Rect(__class__=<class 'psychopy.visual.rect.Rect'>, autoDraw=False, autoLog=True, closeShape=True, color=method-wrapper(...), colorSpace=None, contrast=1.0, depth=-9.0, fillColor='white', fillColorSpace='named', fillRGB=array([255., 255., 255.]), interpolate=True, lineColor='white', lineColorSpace='named', lineRGB=array([255., 255., 255.]), lineWidth=1, name='polygon_8', opacity=1.0, ori=array(0.), pos=array([0.     , 0.19415]), size=array([1., 1.]), units='height', vertices=ndarray(...), win=Window(...))
8.4252 	EXP 	Created polygon_9 = Rect(__class__=<class 'psychopy.visual.rect.Rect'>, autoDraw=False, autoLog=True, closeShape=True, color=method-wrapper(...), colorSpace=None, contrast=1.0, depth=-10.0, fillColor='white', fillColorSpace='named', fillRGB=array([255., 255., 255.]), interpolate=True, lineColor='white', lineColorSpace='named', lineRGB=array([255., 255., 255.]), lineWidth=1, name='polygon_9', opacity=1.0, ori=array(0.), pos=array([0.193  , 0.19415]), size=array([1., 1.]), units='height', vertices=ndarray(...), win=Window(...))
8.4259 	EXP 	Created polygon_10 = Rect(__class__=<class 'psychopy.visual.rect.Rect'>, autoDraw=False, autoLog=True, closeShape=True, color=method-wrapper(...), colorSpace=None, contrast=1.0, depth=-11.0, fillColor='white', fillColorSpace='named', fillRGB=array([255., 255., 255.]), interpolate=True, lineColor='white', lineColorSpace='named', lineRGB=array([255., 255., 255.]), lineWidth=1, name='polygon_10', opacity=1.0, ori=array(0.), pos=array([0.386  , 0.19415]), size=array([1., 1.]), units='height', vertices=ndarray(...), win=Window(...))
8.4266 	EXP 	Created polygon_11 = Rect(__class__=<class 'psychopy.visual.rect.Rect'>, autoDraw=False, autoLog=True, closeShape=True, color=method-wrapper(...), colorSpace=None, contrast=1.0, depth=-12.0, fillColor='white', fillColorSpace='named', fillRGB=array([255., 255., 255.]), interpolate=True, lineColor='white', lineColorSpace='named', lineRGB=array([255., 255., 255.]), lineWidth=1, name='polygon_11', opacity=1.0, ori=array(0.), pos=array([-0.386,  0.   ]), size=array([1., 1.]), units='height', vertices=ndarray(...), win=Window(...))
8.4273 	EXP 	Created polygon_12 = Rect(__class__=<class 'psychopy.visual.rect.Rect'>, autoDraw=False, autoLog=True, closeShape=True, color=method-wrapper(...), colorSpace=None, contrast=1.0, depth=-13.0, fillColor='white', fillColorSpace='named', fillRGB=array([255., 255., 255.]), interpolate=True, lineColor='white', lineColorSpace='named', lineRGB=array([255., 255., 255.]), lineWidth=1, name='polygon_12', opacity=1.0, ori=array(0.), pos=array([-0.193,  0.   ]), size=array([1., 1.]), units='height', vertices=ndarray(...), win=Window(...))
8.4280 	EXP 	Created polygon_13 = Rect(__class__=<class 'psychopy.visual.rect.Rect'>, autoDraw=False, autoLog=True, closeShape=True, color=method-wrapper(...), colorSpace=None, contrast=1.0, depth=-14.0, fillColor='white', fillColorSpace='named', fillRGB=array([255., 255., 255.]), interpolate=True, lineColor='white', lineColorSpace='named', lineRGB=array([255., 255., 255.]), lineWidth=1, name='polygon_13', opacity=1.0, ori=array(0.), pos=array([0., 0.]), size=array([1., 1.]), units='height', vertices=ndarray(...), win=Window(...))
8.4288 	EXP 	Created polygon_14 = Rect(__class__=<class 'psychopy.visual.rect.Rect'>, autoDraw=False, autoLog=True, closeShape=True, color=method-wrapper(...), colorSpace=None, contrast=1.0, depth=-15.0, fillColor='white', fillColorSpace='named', fillRGB=array([255., 255., 255.]), interpolate=True, lineColor='white', lineColorSpace='named', lineRGB=array([255., 255., 255.]), lineWidth=1, name='polygon_14', opacity=1.0, ori=array(0.), pos=array([0.193, 0.   ]), size=array([1., 1.]), units='height', vertices=ndarray(...), win=Window(...))
8.4294 	EXP 	Created polygon_15 = Rect(__class__=<class 'psychopy.visual.rect.Rect'>, autoDraw=False, autoLog=True, closeShape=True, color=method-wrapper(...), colorSpace=None, contrast=1.0, depth=-16.0, fillColor='white', fillColorSpace='named', fillRGB=array([255., 255., 255.]), interpolate=True, lineColor='white', lineColorSpace='named', lineRGB=array([255., 255., 255.]), lineWidth=1, name='polygon_15', opacity=1.0, ori=array(0.), pos=array([0.386, 0.   ]), size=array([1., 1.]), units='height', vertices=ndarray(...), win=Window(...))
8.4302 	EXP 	Created polygon_16 = Rect(__class__=<class 'psychopy.visual.rect.Rect'>, autoDraw=False, autoLog=True, closeShape=True, color=method-wrapper(...), colorSpace=None, contrast=1.0, depth=-17.0, fillColor='white', fillColorSpace='named', fillRGB=array([255., 255., 255.]), interpolate=True, lineColor='white', lineColorSpace='named', lineRGB=array([255., 255., 255.]), lineWidth=1, name='polygon_16', opacity=1.0, ori=array(0.), pos=array([-0.386  , -0.19415]), size=array([1., 1.]), units='height', vertices=ndarray(...), win=Window(...))
8.4309 	EXP 	Created polygon_17 = Rect(__class__=<class 'psychopy.visual.rect.Rect'>, autoDraw=False, autoLog=True, closeShape=True, color=method-wrapper(...), colorSpace=None, contrast=1.0, depth=-18.0, fillColor='white', fillColorSpace='named', fillRGB=array([255., 255., 255.]), interpolate=True, lineColor='white', lineColorSpace='named', lineRGB=array([255., 255., 255.]), lineWidth=1, name='polygon_17', opacity=1.0, ori=array(0.), pos=array([-0.193  , -0.19415]), size=array([1., 1.]), units='height', vertices=ndarray(...), win=Window(...))
8.4316 	EXP 	Created polygon_18 = Rect(__class__=<class 'psychopy.visual.rect.Rect'>, autoDraw=False, autoLog=True, closeShape=True, color=method-wrapper(...), colorSpace=None, contrast=1.0, depth=-19.0, fillColor='white', fillColorSpace='named', fillRGB=array([255., 255., 255.]), interpolate=True, lineColor='white', lineColorSpace='named', lineRGB=array([255., 255., 255.]), lineWidth=1, name='polygon_18', opacity=1.0, ori=array(0.), pos=array([ 0.     , -0.19415]), size=array([1., 1.]), units='height', vertices=ndarray(...), win=Window(...))
8.4323 	EXP 	Created polygon_19 = Rect(__class__=<class 'psychopy.visual.rect.Rect'>, autoDraw=False, autoLog=True, closeShape=True, color=method-wrapper(...), colorSpace=None, contrast=1.0, depth=-20.0, fillColor='white', fillColorSpace='named', fillRGB=array([255., 255., 255.]), interpolate=True, lineColor='white', lineColorSpace='named', lineRGB=array([255., 255., 255.]), lineWidth=1, name='polygon_19', opacity=1.0, ori=array(0.), pos=array([ 0.193  , -0.19415]), size=array([1., 1.]), units='height', vertices=ndarray(...), win=Window(...))
8.4330 	EXP 	Created polygon_20 = Rect(__class__=<class 'psychopy.visual.rect.Rect'>, autoDraw=False, autoLog=True, closeShape=True, color=method-wrapper(...), colorSpace=None, contrast=1.0, depth=-21.0, fillColor='white', fillColorSpace='named', fillRGB=array([255., 255., 255.]), interpolate=True, lineColor='white', lineColorSpace='named', lineRGB=array([255., 255., 255.]), lineWidth=1, name='polygon_20', opacity=1.0, ori=array(0.), pos=array([ 0.386  , -0.19415]), size=array([1., 1.]), units='height', vertices=ndarray(...), win=Window(...))
8.4337 	EXP 	Created polygon_21 = Rect(__class__=<class 'psychopy.visual.rect.Rect'>, autoDraw=False, autoLog=True, closeShape=True, color=method-wrapper(...), colorSpace=None, contrast=1.0, depth=-22.0, fillColor='white', fillColorSpace='named', fillRGB=array([255., 255., 255.]), interpolate=True, lineColor='white', lineColorSpace='named', lineRGB=array([255., 255., 255.]), lineWidth=1, name='polygon_21', opacity=1.0, ori=array(0.), pos=array([-0.386 , -0.3875]), size=array([1., 1.]), units='height', vertices=ndarray(...), win=Window(...))
8.4344 	EXP 	Created polygon_22 = Rect(__class__=<class 'psychopy.visual.rect.Rect'>, autoDraw=False, autoLog=True, closeShape=True, color=method-wrapper(...), colorSpace=None, contrast=1.0, depth=-23.0, fillColor='white', fillColorSpace='named', fillRGB=array([255., 255., 255.]), interpolate=True, lineColor='white', lineColorSpace='named', lineRGB=array([255., 255., 255.]), lineWidth=1, name='polygon_22', opacity=1.0, ori=array(0.), pos=array([-0.193 , -0.3875]), size=array([1., 1.]), units='height', vertices=ndarray(...), win=Window(...))
8.4350 	EXP 	Created polygon_23 = Rect(__class__=<class 'psychopy.visual.rect.Rect'>, autoDraw=False, autoLog=True, closeShape=True, color=method-wrapper(...), colorSpace=None, contrast=1.0, depth=-24.0, fillColor='white', fillColorSpace='named', fillRGB=array([255., 255., 255.]), interpolate=True, lineColor='white', lineColorSpace='named', lineRGB=array([255., 255., 255.]), lineWidth=1, name='polygon_23', opacity=1.0, ori=array(0.), pos=array([ 0.    , -0.3875]), size=array([1., 1.]), units='height', vertices=ndarray(...), win=Window(...))
8.4358 	EXP 	Created polygon_24 = Rect(__class__=<class 'psychopy.visual.rect.Rect'>, autoDraw=False, autoLog=True, closeShape=True, color=method-wrapper(...), colorSpace=None, contrast=1.0, depth=-25.0, fillColor='white', fillColorSpace='named', fillRGB=array([255., 255., 255.]), interpolate=True, lineColor='white', lineColorSpace='named', lineRGB=array([255., 255., 255.]), lineWidth=1, name='polygon_24', opacity=1.0, ori=array(0.), pos=array([ 0.193 , -0.3875]), size=array([1., 1.]), units='height', vertices=ndarray(...), win=Window(...))
8.4365 	EXP 	Created polygon_25 = Rect(__class__=<class 'psychopy.visual.rect.Rect'>, autoDraw=False, autoLog=True, closeShape=True, color=method-wrapper(...), colorSpace=None, contrast=1.0, depth=-26.0, fillColor='white', fillColorSpace='named', fillRGB=array([255., 255., 255.]), interpolate=True, lineColor='white', lineColorSpace='named', lineRGB=array([255., 255., 255.]), lineWidth=1, name='polygon_25', opacity=1.0, ori=array(0.), pos=array([ 0.386 , -0.3875]), size=array([1., 1.]), units='height', vertices=ndarray(...), win=Window(...))
8.4403 	EXP 	Created rdy_txt = TextStim(__class__=<class 'psychopy.visual.text.TextStim'>, alignHoriz='center', alignVert='center', antialias=True, autoLog=True, bold=False, color='white', colorSpace='named', contrast=1.0, depth=0.0, flipHoriz=False, flipVert=False, font='Arial', fontFiles=[], height=0.05, italic=False, languageStyle='LTR', name='rdy_txt', opacity=1.0, ori=0, pos=array([0., 0.]), rgb=array([255., 255., 255.]), text='default text', units='height', win=Window(...), wrapWidth=1)
8.4802 	EXP 	Created thx_text = TextStim(__class__=<class 'psychopy.visual.text.TextStim'>, alignHoriz='center', alignVert='center', antialias=True, autoLog=True, bold=False, color='white', colorSpace='named', contrast=1.0, depth=0.0, flipHoriz=False, flipVert=False, font='Arial', fontFiles=[], height=0.05, italic=False, languageStyle='LTR', name='thx_text', opacity=1.0, ori=0, pos=array([0., 0.]), rgb=array([255., 255., 255.]), text=str(...), units='height', win=Window(...), wrapWidth=1)
8.5082 	EXP 	Imported BLS_Instructions.xlsx as conditions, 4 conditions, 3 params
8.5084 	EXP 	Created sequence: sequential, trialTypes=4, nReps=1, seed=None
8.5086 	EXP 	New trial (rep=0, index=0): OrderedDict([('index', 0), ('instr_txt', 'On this task, you will see a grid and some squares representing locations.\n\nThese locations will be presented one-by-one.'), ('cont_txt', 'Press SPACE for more instructions.')])
8.6615 	EXP 	instr_text: text = 'On this task, you will see a grid and some squares representing locations.\n\nThese locations will be presented one-by-one.'
8.6615 	EXP 	cont_text: text = 'Press SPACE for more instructions.'
8.6615 	EXP 	instr_text: autoDraw = True
8.6615 	EXP 	cont_text: autoDraw = True
10.4996 	EXP 	New trial (rep=0, index=1): OrderedDict([('index', 1), ('instr_txt', 'When you have seen all the locations, \nclick the locations that you saw starting with the last location and continuing in REVERSE ORDER. '), ('cont_txt', 'Press SPACE for more instructions.')])
10.5651 	DATA 	Keypress: space
10.5780 	EXP 	instr_text: autoDraw = False
10.5780 	EXP 	cont_text: autoDraw = False
10.5780 	EXP 	instr_text: text = 'When you have seen all the locations, \nclick the locations that you saw starting with the last location and continuing in REVERSE ORDER. '
10.5780 	EXP 	cont_text: text = 'Press SPACE for more instructions.'
10.5780 	EXP 	instr_text: autoDraw = True
10.5780 	EXP 	cont_text: autoDraw = True
11.6825 	EXP 	New trial (rep=0, index=2): OrderedDict([('index', 2), ('instr_txt', 'So, if there were 2 locations\nyou would click the second location, then the first location.'), ('cont_txt', 'Press SPACE for more instructions.')])
11.7219 	DATA 	Keypress: space
11.7281 	EXP 	instr_text: autoDraw = False
11.7281 	EXP 	cont_text: autoDraw = False
11.7281 	EXP 	instr_text: text = 'So, if there were 2 locations\nyou would click the second location, then the first location.'
11.7281 	EXP 	cont_text: text = 'Press SPACE for more instructions.'
11.7281 	EXP 	instr_text: autoDraw = True
11.7281 	EXP 	cont_text: autoDraw = True
13.1664 	DATA 	Keypress: space
13.1822 	EXP 	New trial (rep=0, index=3): OrderedDict([('index', 3), ('instr_txt', 'Again, click the boxes in reverse order.\n\nThen press SPACE to submit your answer.'), ('cont_txt', 'Press SPACE to begin.')])
13.2446 	EXP 	instr_text: autoDraw = False
13.2446 	EXP 	cont_text: autoDraw = False
13.2446 	EXP 	instr_text: text = 'Again, click the boxes in reverse order.\n\nThen press SPACE to submit your answer.'
13.2446 	EXP 	cont_text: text = 'Press SPACE to begin.'
13.2446 	EXP 	instr_text: autoDraw = True
13.2446 	EXP 	cont_text: autoDraw = True
15.0321 	DATA 	Keypress: space
17.2324 	DATA 	Mouse: Left button down, pos=(1477,553)
17.3157 	DATA 	Mouse:  Left button up, pos=(1477,553)
18.5672 	DATA 	Keypress: space
18.5911 	EXP 	Imported BLS_Trials.xlsx as conditions, 32 conditions, 5 params
18.5913 	EXP 	Created sequence: sequential, trialTypes=32, nReps=1, seed=None
18.5916 	EXP 	New trial (rep=0, index=0): OrderedDict([('Running_Trial_Num', 1), ('trial_length', 2), ('rows', '0, 1'), ('correct_seq', ['polygon_18', 'polygon_10']), ('rdy_msg', 'Press SPACE to begin the next trial.')])
18.6116 	EXP 	Imported BLS_Stimuli.xlsx as conditions, 2 conditions, 6 params
18.6118 	EXP 	Created sequence: sequential, trialTypes=2, nReps=1, seed=None
18.6120 	EXP 	New trial (rep=0, index=0): OrderedDict([('span', 2), ('trial', 1), ('stimulus', 1), ('square', 10), ('location', [0.39, 0.195]), ('correct', 18)])
18.6445 	EXP 	instr_text: autoDraw = False
18.6445 	EXP 	cont_text: autoDraw = False
18.6445 	EXP 	Square: pos = array([0.39 , 0.195])
18.6445 	EXP 	Grid: autoDraw = True
18.6445 	EXP 	Square: autoDraw = True
20.0946 	EXP 	New trial (rep=0, index=1): OrderedDict([('span', 2), ('trial', 1), ('stimulus', 2), ('square', 18), ('location', [0, -0.195]), ('correct', 10)])
20.1110 	EXP 	Grid: autoDraw = False
20.1110 	EXP 	Square: autoDraw = False
20.1110 	EXP 	Square: pos = array([ 0.   , -0.195])
20.1110 	EXP 	Grid: autoDraw = True
20.1110 	EXP 	Square: autoDraw = True
21.6276 	EXP 	Grid: autoDraw = False
21.6276 	EXP 	Square: autoDraw = False
21.6276 	EXP 	polygon: fillColor = 'white'
21.6276 	EXP 	polygon: lineColor = 'white'
21.6276 	EXP 	polygon: color = 'white'
21.6276 	EXP 	polygon_2: fillColor = 'white'
21.6276 	EXP 	polygon_2: lineColor = 'white'
21.6276 	EXP 	polygon_2: color = 'white'
21.6276 	EXP 	polygon_3: fillColor = 'white'
21.6276 	EXP 	polygon_3: lineColor = 'white'
21.6276 	EXP 	polygon_3: color = 'white'
21.6276 	EXP 	polygon_4: fillColor = 'white'
21.6276 	EXP 	polygon_4: lineColor = 'white'
21.6276 	EXP 	polygon_4: color = 'white'
21.6276 	EXP 	polygon_5: fillColor = 'white'
21.6276 	EXP 	polygon_5: lineColor = 'white'
21.6276 	EXP 	polygon_5: color = 'white'
21.6276 	EXP 	polygon_6: fillColor = 'white'
21.6276 	EXP 	polygon_6: lineColor = 'white'
21.6276 	EXP 	polygon_6: color = 'white'
21.6276 	EXP 	polygon_7: fillColor = 'white'
21.6276 	EXP 	polygon_7: lineColor = 'white'
21.6276 	EXP 	polygon_7: color = 'white'
21.6276 	EXP 	polygon_8: fillColor = 'white'
21.6276 	EXP 	polygon_8: lineColor = 'white'
21.6276 	EXP 	polygon_8: color = 'white'
21.6276 	EXP 	polygon_9: fillColor = 'white'
21.6276 	EXP 	polygon_9: lineColor = 'white'
21.6276 	EXP 	polygon_9: color = 'white'
21.6276 	EXP 	polygon_10: fillColor = 'white'
21.6276 	EXP 	polygon_10: lineColor = 'white'
21.6276 	EXP 	polygon_10: color = 'white'
21.6276 	EXP 	polygon_11: fillColor = 'white'
21.6276 	EXP 	polygon_11: lineColor = 'white'
21.6276 	EXP 	polygon_11: color = 'white'
21.6276 	EXP 	polygon_12: fillColor = 'white'
21.6276 	EXP 	polygon_12: lineColor = 'white'
21.6276 	EXP 	polygon_12: color = 'white'
21.6276 	EXP 	polygon_13: fillColor = 'white'
21.6276 	EXP 	polygon_13: lineColor = 'white'
21.6276 	EXP 	polygon_13: color = 'white'
21.6276 	EXP 	polygon_14: fillColor = 'white'
21.6276 	EXP 	polygon_14: lineColor = 'white'
21.6276 	EXP 	polygon_14: color = 'white'
21.6276 	EXP 	polygon_15: fillColor = 'white'
21.6276 	EXP 	polygon_15: lineColor = 'white'
21.6276 	EXP 	polygon_15: color = 'white'
21.6276 	EXP 	polygon_16: fillColor = 'white'
21.6276 	EXP 	polygon_16: lineColor = 'white'
21.6276 	EXP 	polygon_16: color = 'white'
21.6276 	EXP 	polygon_17: fillColor = 'white'
21.6276 	EXP 	polygon_17: lineColor = 'white'
21.6276 	EXP 	polygon_17: color = 'white'
21.6276 	EXP 	polygon_18: fillColor = 'white'
21.6276 	EXP 	polygon_18: lineColor = 'white'
21.6276 	EXP 	polygon_18: color = 'white'
21.6276 	EXP 	polygon_19: fillColor = 'white'
21.6276 	EXP 	polygon_19: lineColor = 'white'
21.6276 	EXP 	polygon_19: color = 'white'
21.6276 	EXP 	polygon_20: fillColor = 'white'
21.6276 	EXP 	polygon_20: lineColor = 'white'
21.6276 	EXP 	polygon_20: color = 'white'
21.6276 	EXP 	polygon_21: fillColor = 'white'
21.6276 	EXP 	polygon_21: lineColor = 'white'
21.6276 	EXP 	polygon_21: color = 'white'
21.6276 	EXP 	polygon_22: fillColor = 'white'
21.6276 	EXP 	polygon_22: lineColor = 'white'
21.6276 	EXP 	polygon_22: color = 'white'
21.6276 	EXP 	polygon_23: fillColor = 'white'
21.6276 	EXP 	polygon_23: lineColor = 'white'
21.6276 	EXP 	polygon_23: color = 'white'
21.6276 	EXP 	polygon_24: fillColor = 'white'
21.6276 	EXP 	polygon_24: lineColor = 'white'
21.6276 	EXP 	polygon_24: color = 'white'
21.6276 	EXP 	polygon_25: fillColor = 'white'
21.6276 	EXP 	polygon_25: lineColor = 'white'
21.6276 	EXP 	polygon_25: color = 'white'
21.6276 	EXP 	grid: autoDraw = True
21.6276 	EXP 	polygon: autoDraw = True
21.6276 	EXP 	polygon_2: autoDraw = True
21.6276 	EXP 	polygon_3: autoDraw = True
21.6276 	EXP 	polygon_4: autoDraw = True
21.6276 	EXP 	polygon_5: autoDraw = True
21.6276 	EXP 	polygon_6: autoDraw = True
21.6276 	EXP 	polygon_7: autoDraw = True
21.6276 	EXP 	polygon_8: autoDraw = True
21.6276 	EXP 	polygon_9: autoDraw = True
21.6276 	EXP 	polygon_10: autoDraw = True
21.6276 	EXP 	polygon_11: autoDraw = True
21.6276 	EXP 	polygon_12: autoDraw = True
21.6276 	EXP 	polygon_13: autoDraw = True
21.6276 	EXP 	polygon_14: autoDraw = True
21.6276 	EXP 	polygon_15: autoDraw = True
21.6276 	EXP 	polygon_16: autoDraw = True
21.6276 	EXP 	polygon_17: autoDraw = True
21.6276 	EXP 	polygon_18: autoDraw = True
21.6276 	EXP 	polygon_19: autoDraw = True
21.6276 	EXP 	polygon_20: autoDraw = True
21.6276 	EXP 	polygon_21: autoDraw = True
21.6276 	EXP 	polygon_22: autoDraw = True
21.6276 	EXP 	polygon_23: autoDraw = True
21.6276 	EXP 	polygon_24: autoDraw = True
21.6276 	EXP 	polygon_25: autoDraw = True
22.2465 	DATA 	Mouse: Left button down, pos=(1461,528)
22.2776 	EXP 	polygon_18: fillColor = 'black'
22.2776 	EXP 	polygon_18: lineColor = 'black'
22.2776 	EXP 	polygon_18: color = 'black'
22.3464 	DATA 	Mouse:  Left button up, pos=(1461,528)
22.9965 	DATA 	Mouse: Left button down, pos=(2091,1340)
23.0275 	EXP 	polygon_10: fillColor = 'black'
23.0275 	EXP 	polygon_10: lineColor = 'black'
23.0275 	EXP 	polygon_10: color = 'black'
23.0963 	DATA 	Mouse:  Left button up, pos=(2091,1340)
23.6631 	DATA 	Keypress: space
23.6946 	EXP 	grid: autoDraw = False
23.6946 	EXP 	polygon: autoDraw = False
23.6946 	EXP 	polygon_2: autoDraw = False
23.6946 	EXP 	polygon_3: autoDraw = False
23.6946 	EXP 	polygon_4: autoDraw = False
23.6946 	EXP 	polygon_5: autoDraw = False
23.6946 	EXP 	polygon_6: autoDraw = False
23.6946 	EXP 	polygon_7: autoDraw = False
23.6946 	EXP 	polygon_8: autoDraw = False
23.6946 	EXP 	polygon_9: autoDraw = False
23.6946 	EXP 	polygon_10: autoDraw = False
23.6946 	EXP 	polygon_11: autoDraw = False
23.6946 	EXP 	polygon_12: autoDraw = False
23.6946 	EXP 	polygon_13: autoDraw = False
23.6946 	EXP 	polygon_14: autoDraw = False
23.6946 	EXP 	polygon_15: autoDraw = False
23.6946 	EXP 	polygon_16: autoDraw = False
23.6946 	EXP 	polygon_17: autoDraw = False
23.6946 	EXP 	polygon_18: autoDraw = False
23.6946 	EXP 	polygon_19: autoDraw = False
23.6946 	EXP 	polygon_20: autoDraw = False
23.6946 	EXP 	polygon_21: autoDraw = False
23.6946 	EXP 	polygon_22: autoDraw = False
23.6946 	EXP 	polygon_23: autoDraw = False
23.6946 	EXP 	polygon_24: autoDraw = False
23.6946 	EXP 	polygon_25: autoDraw = False
23.6946 	EXP 	rdy_txt: text = 'Press SPACE to begin the next trial.'
23.6946 	EXP 	rdy_txt: autoDraw = True
24.7823 	EXP 	New trial (rep=0, index=1): OrderedDict([('Running_Trial_Num', 2), ('trial_length', 2), ('rows', '2, 3'), ('correct_seq', ['polygon_19', 'polygon_2']), ('rdy_msg', 'Press SPACE to begin the next trial.')])
24.8034 	EXP 	Imported BLS_Stimuli.xlsx as conditions, 2 conditions, 6 params
24.8036 	EXP 	Created sequence: sequential, trialTypes=2, nReps=1, seed=None
24.8039 	EXP 	New trial (rep=0, index=0): OrderedDict([('span', 2), ('trial', 2), ('stimulus', 1), ('square', 2), ('location', [-0.195, 0.39]), ('correct', 19)])
24.8064 	DATA 	Keypress: space
24.8276 	EXP 	rdy_txt: autoDraw = False
24.8276 	EXP 	Square: pos = array([-0.195,  0.39 ])
24.8276 	EXP 	Grid: autoDraw = True
24.8276 	EXP 	Square: autoDraw = True
26.2945 	EXP 	New trial (rep=0, index=1): OrderedDict([('span', 2), ('trial', 2), ('stimulus', 2), ('square', 19), ('location', [0.195, -0.195]), ('correct', 2)])
26.3106 	EXP 	Grid: autoDraw = False
26.3106 	EXP 	Square: autoDraw = False
26.3106 	EXP 	Square: pos = array([ 0.195, -0.195])
26.3106 	EXP 	Grid: autoDraw = True
26.3106 	EXP 	Square: autoDraw = True
27.8274 	EXP 	Grid: autoDraw = False
27.8274 	EXP 	Square: autoDraw = False
27.8274 	EXP 	polygon: fillColor = 'white'
27.8274 	EXP 	polygon: lineColor = 'white'
27.8274 	EXP 	polygon: color = 'white'
27.8274 	EXP 	polygon_2: fillColor = 'white'
27.8274 	EXP 	polygon_2: lineColor = 'white'
27.8274 	EXP 	polygon_2: color = 'white'
27.8274 	EXP 	polygon_3: fillColor = 'white'
27.8274 	EXP 	polygon_3: lineColor = 'white'
27.8274 	EXP 	polygon_3: color = 'white'
27.8274 	EXP 	polygon_4: fillColor = 'white'
27.8274 	EXP 	polygon_4: lineColor = 'white'
27.8274 	EXP 	polygon_4: color = 'white'
27.8274 	EXP 	polygon_5: fillColor = 'white'
27.8274 	EXP 	polygon_5: lineColor = 'white'
27.8274 	EXP 	polygon_5: color = 'white'
27.8274 	EXP 	polygon_6: fillColor = 'white'
27.8274 	EXP 	polygon_6: lineColor = 'white'
27.8274 	EXP 	polygon_6: color = 'white'
27.8274 	EXP 	polygon_7: fillColor = 'white'
27.8274 	EXP 	polygon_7: lineColor = 'white'
27.8274 	EXP 	polygon_7: color = 'white'
27.8274 	EXP 	polygon_8: fillColor = 'white'
27.8274 	EXP 	polygon_8: lineColor = 'white'
27.8274 	EXP 	polygon_8: color = 'white'
27.8274 	EXP 	polygon_9: fillColor = 'white'
27.8274 	EXP 	polygon_9: lineColor = 'white'
27.8274 	EXP 	polygon_9: color = 'white'
27.8274 	EXP 	polygon_10: fillColor = 'white'
27.8274 	EXP 	polygon_10: lineColor = 'white'
27.8274 	EXP 	polygon_10: color = 'white'
27.8274 	EXP 	polygon_11: fillColor = 'white'
27.8274 	EXP 	polygon_11: lineColor = 'white'
27.8274 	EXP 	polygon_11: color = 'white'
27.8274 	EXP 	polygon_12: fillColor = 'white'
27.8274 	EXP 	polygon_12: lineColor = 'white'
27.8274 	EXP 	polygon_12: color = 'white'
27.8274 	EXP 	polygon_13: fillColor = 'white'
27.8274 	EXP 	polygon_13: lineColor = 'white'
27.8274 	EXP 	polygon_13: color = 'white'
27.8274 	EXP 	polygon_14: fillColor = 'white'
27.8274 	EXP 	polygon_14: lineColor = 'white'
27.8274 	EXP 	polygon_14: color = 'white'
27.8274 	EXP 	polygon_15: fillColor = 'white'
27.8274 	EXP 	polygon_15: lineColor = 'white'
27.8274 	EXP 	polygon_15: color = 'white'
27.8274 	EXP 	polygon_16: fillColor = 'white'
27.8274 	EXP 	polygon_16: lineColor = 'white'
27.8274 	EXP 	polygon_16: color = 'white'
27.8274 	EXP 	polygon_17: fillColor = 'white'
27.8274 	EXP 	polygon_17: lineColor = 'white'
27.8274 	EXP 	polygon_17: color = 'white'
27.8274 	EXP 	polygon_18: fillColor = 'white'
27.8274 	EXP 	polygon_18: lineColor = 'white'
27.8274 	EXP 	polygon_18: color = 'white'
27.8274 	EXP 	polygon_19: fillColor = 'white'
27.8274 	EXP 	polygon_19: lineColor = 'white'
27.8274 	EXP 	polygon_19: color = 'white'
27.8274 	EXP 	polygon_20: fillColor = 'white'
27.8274 	EXP 	polygon_20: lineColor = 'white'
27.8274 	EXP 	polygon_20: color = 'white'
27.8274 	EXP 	polygon_21: fillColor = 'white'
27.8274 	EXP 	polygon_21: lineColor = 'white'
27.8274 	EXP 	polygon_21: color = 'white'
27.8274 	EXP 	polygon_22: fillColor = 'white'
27.8274 	EXP 	polygon_22: lineColor = 'white'
27.8274 	EXP 	polygon_22: color = 'white'
27.8274 	EXP 	polygon_23: fillColor = 'white'
27.8274 	EXP 	polygon_23: lineColor = 'white'
27.8274 	EXP 	polygon_23: color = 'white'
27.8274 	EXP 	polygon_24: fillColor = 'white'
27.8274 	EXP 	polygon_24: lineColor = 'white'
27.8274 	EXP 	polygon_24: color = 'white'
27.8274 	EXP 	polygon_25: fillColor = 'white'
27.8274 	EXP 	polygon_25: lineColor = 'white'
27.8274 	EXP 	polygon_25: color = 'white'
27.8274 	EXP 	grid: autoDraw = True
27.8274 	EXP 	polygon: autoDraw = True
27.8274 	EXP 	polygon_2: autoDraw = True
27.8274 	EXP 	polygon_3: autoDraw = True
27.8274 	EXP 	polygon_4: autoDraw = True
27.8274 	EXP 	polygon_5: autoDraw = True
27.8274 	EXP 	polygon_6: autoDraw = True
27.8274 	EXP 	polygon_7: autoDraw = True
27.8274 	EXP 	polygon_8: autoDraw = True
27.8274 	EXP 	polygon_9: autoDraw = True
27.8274 	EXP 	polygon_10: autoDraw = True
27.8274 	EXP 	polygon_11: autoDraw = True
27.8274 	EXP 	polygon_12: autoDraw = True
27.8274 	EXP 	polygon_13: autoDraw = True
27.8274 	EXP 	polygon_14: autoDraw = True
27.8274 	EXP 	polygon_15: autoDraw = True
27.8274 	EXP 	polygon_16: autoDraw = True
27.8274 	EXP 	polygon_17: autoDraw = True
27.8274 	EXP 	polygon_18: autoDraw = True
27.8274 	EXP 	polygon_19: autoDraw = True
27.8274 	EXP 	polygon_20: autoDraw = True
27.8274 	EXP 	polygon_21: autoDraw = True
27.8274 	EXP 	polygon_22: autoDraw = True
27.8274 	EXP 	polygon_23: autoDraw = True
27.8274 	EXP 	polygon_24: autoDraw = True
27.8274 	EXP 	polygon_25: autoDraw = True
28.3478 	DATA 	Mouse: Left button down, pos=(1768,584)
28.3773 	EXP 	polygon_19: fillColor = 'black'
28.3773 	EXP 	polygon_19: lineColor = 'black'
28.3773 	EXP 	polygon_19: color = 'black'
28.4485 	DATA 	Mouse:  Left button up, pos=(1768,584)
29.4960 	DATA 	Mouse: Left button down, pos=(1203,1561)
29.5274 	EXP 	polygon_2: fillColor = 'black'
29.5274 	EXP 	polygon_2: lineColor = 'black'
29.5274 	EXP 	polygon_2: color = 'black'
29.6294 	DATA 	Mouse:  Left button up, pos=(1203,1561)
30.3363 	DATA 	Keypress: space
30.3605 	EXP 	grid: autoDraw = False
30.3605 	EXP 	polygon: autoDraw = False
30.3605 	EXP 	polygon_2: autoDraw = False
30.3605 	EXP 	polygon_3: autoDraw = False
30.3605 	EXP 	polygon_4: autoDraw = False
30.3605 	EXP 	polygon_5: autoDraw = False
30.3605 	EXP 	polygon_6: autoDraw = False
30.3605 	EXP 	polygon_7: autoDraw = False
30.3605 	EXP 	polygon_8: autoDraw = False
30.3605 	EXP 	polygon_9: autoDraw = False
30.3605 	EXP 	polygon_10: autoDraw = False
30.3605 	EXP 	polygon_11: autoDraw = False
30.3605 	EXP 	polygon_12: autoDraw = False
30.3605 	EXP 	polygon_13: autoDraw = False
30.3605 	EXP 	polygon_14: autoDraw = False
30.3605 	EXP 	polygon_15: autoDraw = False
30.3605 	EXP 	polygon_16: autoDraw = False
30.3605 	EXP 	polygon_17: autoDraw = False
30.3605 	EXP 	polygon_18: autoDraw = False
30.3605 	EXP 	polygon_19: autoDraw = False
30.3605 	EXP 	polygon_20: autoDraw = False
30.3605 	EXP 	polygon_21: autoDraw = False
30.3605 	EXP 	polygon_22: autoDraw = False
30.3605 	EXP 	polygon_23: autoDraw = False
30.3605 	EXP 	polygon_24: autoDraw = False
30.3605 	EXP 	polygon_25: autoDraw = False
30.3605 	EXP 	rdy_txt: text = 'Press SPACE to begin the next trial.'
30.3605 	EXP 	rdy_txt: autoDraw = True
31.0655 	EXP 	New trial (rep=0, index=2): OrderedDict([('Running_Trial_Num', 3), ('trial_length', 2), ('rows', '4, 5'), ('correct_seq', ['polygon_21', 'polygon_8']), ('rdy_msg', 'Press SPACE to begin the next trial.')])
31.0878 	EXP 	Imported BLS_Stimuli.xlsx as conditions, 2 conditions, 6 params
31.0880 	EXP 	Created sequence: sequential, trialTypes=2, nReps=1, seed=None
31.0883 	EXP 	New trial (rep=0, index=0): OrderedDict([('span', 2), ('trial', 3), ('stimulus', 1), ('square', 8), ('location', [0, 0.195]), ('correct', 21)])
31.0907 	DATA 	Keypress: space
31.1107 	EXP 	rdy_txt: autoDraw = False
31.1107 	EXP 	Square: pos = array([0.   , 0.195])
31.1107 	EXP 	Grid: autoDraw = True
31.1107 	EXP 	Square: autoDraw = True
32.5775 	EXP 	New trial (rep=0, index=1): OrderedDict([('span', 2), ('trial', 3), ('stimulus', 2), ('square', 21), ('location', [-0.39, -0.39]), ('correct', 8)])
32.5940 	EXP 	Grid: autoDraw = False
32.5940 	EXP 	Square: autoDraw = False
32.5940 	EXP 	Square: pos = array([-0.39, -0.39])
32.5940 	EXP 	Grid: autoDraw = True
32.5940 	EXP 	Square: autoDraw = True
34.1106 	EXP 	Grid: autoDraw = False
34.1106 	EXP 	Square: autoDraw = False
34.1106 	EXP 	polygon: fillColor = 'white'
34.1106 	EXP 	polygon: lineColor = 'white'
34.1106 	EXP 	polygon: color = 'white'
34.1106 	EXP 	polygon_2: fillColor = 'white'
34.1106 	EXP 	polygon_2: lineColor = 'white'
34.1106 	EXP 	polygon_2: color = 'white'
34.1106 	EXP 	polygon_3: fillColor = 'white'
34.1106 	EXP 	polygon_3: lineColor = 'white'
34.1106 	EXP 	polygon_3: color = 'white'
34.1106 	EXP 	polygon_4: fillColor = 'white'
34.1106 	EXP 	polygon_4: lineColor = 'white'
34.1106 	EXP 	polygon_4: color = 'white'
34.1106 	EXP 	polygon_5: fillColor = 'white'
34.1106 	EXP 	polygon_5: lineColor = 'white'
34.1106 	EXP 	polygon_5: color = 'white'
34.1106 	EXP 	polygon_6: fillColor = 'white'
34.1106 	EXP 	polygon_6: lineColor = 'white'
34.1106 	EXP 	polygon_6: color = 'white'
34.1106 	EXP 	polygon_7: fillColor = 'white'
34.1106 	EXP 	polygon_7: lineColor = 'white'
34.1106 	EXP 	polygon_7: color = 'white'
34.1106 	EXP 	polygon_8: fillColor = 'white'
34.1106 	EXP 	polygon_8: lineColor = 'white'
34.1106 	EXP 	polygon_8: color = 'white'
34.1106 	EXP 	polygon_9: fillColor = 'white'
34.1106 	EXP 	polygon_9: lineColor = 'white'
34.1106 	EXP 	polygon_9: color = 'white'
34.1106 	EXP 	polygon_10: fillColor = 'white'
34.1106 	EXP 	polygon_10: lineColor = 'white'
34.1106 	EXP 	polygon_10: color = 'white'
34.1106 	EXP 	polygon_11: fillColor = 'white'
34.1106 	EXP 	polygon_11: lineColor = 'white'
34.1106 	EXP 	polygon_11: color = 'white'
34.1106 	EXP 	polygon_12: fillColor = 'white'
34.1106 	EXP 	polygon_12: lineColor = 'white'
34.1106 	EXP 	polygon_12: color = 'white'
34.1106 	EXP 	polygon_13: fillColor = 'white'
34.1106 	EXP 	polygon_13: lineColor = 'white'
34.1106 	EXP 	polygon_13: color = 'white'
34.1106 	EXP 	polygon_14: fillColor = 'white'
34.1106 	EXP 	polygon_14: lineColor = 'white'
34.1106 	EXP 	polygon_14: color = 'white'
34.1106 	EXP 	polygon_15: fillColor = 'white'
34.1106 	EXP 	polygon_15: lineColor = 'white'
34.1106 	EXP 	polygon_15: color = 'white'
34.1106 	EXP 	polygon_16: fillColor = 'white'
34.1106 	EXP 	polygon_16: lineColor = 'white'
34.1106 	EXP 	polygon_16: color = 'white'
34.1106 	EXP 	polygon_17: fillColor = 'white'
34.1106 	EXP 	polygon_17: lineColor = 'white'
34.1106 	EXP 	polygon_17: color = 'white'
34.1106 	EXP 	polygon_18: fillColor = 'white'
34.1106 	EXP 	polygon_18: lineColor = 'white'
34.1106 	EXP 	polygon_18: color = 'white'
34.1106 	EXP 	polygon_19: fillColor = 'white'
34.1106 	EXP 	polygon_19: lineColor = 'white'
34.1106 	EXP 	polygon_19: color = 'white'
34.1106 	EXP 	polygon_20: fillColor = 'white'
34.1106 	EXP 	polygon_20: lineColor = 'white'
34.1106 	EXP 	polygon_20: color = 'white'
34.1106 	EXP 	polygon_21: fillColor = 'white'
34.1106 	EXP 	polygon_21: lineColor = 'white'
34.1106 	EXP 	polygon_21: color = 'white'
34.1106 	EXP 	polygon_22: fillColor = 'white'
34.1106 	EXP 	polygon_22: lineColor = 'white'
34.1106 	EXP 	polygon_22: color = 'white'
34.1106 	EXP 	polygon_23: fillColor = 'white'
34.1106 	EXP 	polygon_23: lineColor = 'white'
34.1106 	EXP 	polygon_23: color = 'white'
34.1106 	EXP 	polygon_24: fillColor = 'white'
34.1106 	EXP 	polygon_24: lineColor = 'white'
34.1106 	EXP 	polygon_24: color = 'white'
34.1106 	EXP 	polygon_25: fillColor = 'white'
34.1106 	EXP 	polygon_25: lineColor = 'white'
34.1106 	EXP 	polygon_25: color = 'white'
34.1106 	EXP 	grid: autoDraw = True
34.1106 	EXP 	polygon: autoDraw = True
34.1106 	EXP 	polygon_2: autoDraw = True
34.1106 	EXP 	polygon_3: autoDraw = True
34.1106 	EXP 	polygon_4: autoDraw = True
34.1106 	EXP 	polygon_5: autoDraw = True
34.1106 	EXP 	polygon_6: autoDraw = True
34.1106 	EXP 	polygon_7: autoDraw = True
34.1106 	EXP 	polygon_8: autoDraw = True
34.1106 	EXP 	polygon_9: autoDraw = True
34.1106 	EXP 	polygon_10: autoDraw = True
34.1106 	EXP 	polygon_11: autoDraw = True
34.1106 	EXP 	polygon_12: autoDraw = True
34.1106 	EXP 	polygon_13: autoDraw = True
34.1106 	EXP 	polygon_14: autoDraw = True
34.1106 	EXP 	polygon_15: autoDraw = True
34.1106 	EXP 	polygon_16: autoDraw = True
34.1106 	EXP 	polygon_17: autoDraw = True
34.1106 	EXP 	polygon_18: autoDraw = True
34.1106 	EXP 	polygon_19: autoDraw = True
34.1106 	EXP 	polygon_20: autoDraw = True
34.1106 	EXP 	polygon_21: autoDraw = True
34.1106 	EXP 	polygon_22: autoDraw = True
34.1106 	EXP 	polygon_23: autoDraw = True
34.1106 	EXP 	polygon_24: autoDraw = True
34.1106 	EXP 	polygon_25: autoDraw = True
34.3795 	DATA 	Mouse: Left button down, pos=(713,253)
34.4106 	EXP 	polygon_21: fillColor = 'black'
34.4106 	EXP 	polygon_21: lineColor = 'black'
34.4106 	EXP 	polygon_21: color = 'black'
34.4793 	DATA 	Mouse:  Left button up, pos=(713,253)
35.1310 	DATA 	Mouse: Left button down, pos=(1375,1295)
35.1939 	EXP 	polygon_8: fillColor = 'black'
35.1939 	EXP 	polygon_8: lineColor = 'black'
35.1939 	EXP 	polygon_8: color = 'black'
35.2321 	DATA 	Mouse:  Left button up, pos=(1375,1295)
35.7670 	DATA 	Keypress: space
35.7938 	EXP 	grid: autoDraw = False
35.7938 	EXP 	polygon: autoDraw = False
35.7938 	EXP 	polygon_2: autoDraw = False
35.7938 	EXP 	polygon_3: autoDraw = False
35.7938 	EXP 	polygon_4: autoDraw = False
35.7938 	EXP 	polygon_5: autoDraw = False
35.7938 	EXP 	polygon_6: autoDraw = False
35.7938 	EXP 	polygon_7: autoDraw = False
35.7938 	EXP 	polygon_8: autoDraw = False
35.7938 	EXP 	polygon_9: autoDraw = False
35.7938 	EXP 	polygon_10: autoDraw = False
35.7938 	EXP 	polygon_11: autoDraw = False
35.7938 	EXP 	polygon_12: autoDraw = False
35.7938 	EXP 	polygon_13: autoDraw = False
35.7938 	EXP 	polygon_14: autoDraw = False
35.7938 	EXP 	polygon_15: autoDraw = False
35.7938 	EXP 	polygon_16: autoDraw = False
35.7938 	EXP 	polygon_17: autoDraw = False
35.7938 	EXP 	polygon_18: autoDraw = False
35.7938 	EXP 	polygon_19: autoDraw = False
35.7938 	EXP 	polygon_20: autoDraw = False
35.7938 	EXP 	polygon_21: autoDraw = False
35.7938 	EXP 	polygon_22: autoDraw = False
35.7938 	EXP 	polygon_23: autoDraw = False
35.7938 	EXP 	polygon_24: autoDraw = False
35.7938 	EXP 	polygon_25: autoDraw = False
35.7938 	EXP 	rdy_txt: text = 'Press SPACE to begin the next trial.'
35.7938 	EXP 	rdy_txt: autoDraw = True
36.5655 	EXP 	New trial (rep=0, index=3): OrderedDict([('Running_Trial_Num', 4), ('trial_length', 2), ('rows', '6, 7'), ('correct_seq', ['polygon_3', 'polygon_7']), ('rdy_msg', 'The next trial will have 3 locations.\n\nPress SPACE to begin.')])
36.5868 	EXP 	Imported BLS_Stimuli.xlsx as conditions, 2 conditions, 6 params
36.5870 	EXP 	Created sequence: sequential, trialTypes=2, nReps=1, seed=None
36.5873 	EXP 	New trial (rep=0, index=0): OrderedDict([('span', 2), ('trial', 4), ('stimulus', 1), ('square', 7), ('location', [-0.195, 0.195]), ('correct', 3)])
36.5897 	DATA 	Keypress: space
36.6106 	EXP 	rdy_txt: autoDraw = False
36.6106 	EXP 	Square: pos = array([-0.195,  0.195])
36.6106 	EXP 	Grid: autoDraw = True
36.6106 	EXP 	Square: autoDraw = True
38.0775 	EXP 	New trial (rep=0, index=1): OrderedDict([('span', 2), ('trial', 4), ('stimulus', 2), ('square', 3), ('location', [0, 0.39]), ('correct', 7)])
38.0938 	EXP 	Grid: autoDraw = False
38.0938 	EXP 	Square: autoDraw = False
38.0938 	EXP 	Square: pos = array([0.  , 0.39])
38.0938 	EXP 	Grid: autoDraw = True
38.0938 	EXP 	Square: autoDraw = True
39.6105 	EXP 	Grid: autoDraw = False
39.6105 	EXP 	Square: autoDraw = False
39.6105 	EXP 	polygon: fillColor = 'white'
39.6105 	EXP 	polygon: lineColor = 'white'
39.6105 	EXP 	polygon: color = 'white'
39.6105 	EXP 	polygon_2: fillColor = 'white'
39.6105 	EXP 	polygon_2: lineColor = 'white'
39.6105 	EXP 	polygon_2: color = 'white'
39.6105 	EXP 	polygon_3: fillColor = 'white'
39.6105 	EXP 	polygon_3: lineColor = 'white'
39.6105 	EXP 	polygon_3: color = 'white'
39.6105 	EXP 	polygon_4: fillColor = 'white'
39.6105 	EXP 	polygon_4: lineColor = 'white'
39.6105 	EXP 	polygon_4: color = 'white'
39.6105 	EXP 	polygon_5: fillColor = 'white'
39.6105 	EXP 	polygon_5: lineColor = 'white'
39.6105 	EXP 	polygon_5: color = 'white'
39.6105 	EXP 	polygon_6: fillColor = 'white'
39.6105 	EXP 	polygon_6: lineColor = 'white'
39.6105 	EXP 	polygon_6: color = 'white'
39.6105 	EXP 	polygon_7: fillColor = 'white'
39.6105 	EXP 	polygon_7: lineColor = 'white'
39.6105 	EXP 	polygon_7: color = 'white'
39.6105 	EXP 	polygon_8: fillColor = 'white'
39.6105 	EXP 	polygon_8: lineColor = 'white'
39.6105 	EXP 	polygon_8: color = 'white'
39.6105 	EXP 	polygon_9: fillColor = 'white'
39.6105 	EXP 	polygon_9: lineColor = 'white'
39.6105 	EXP 	polygon_9: color = 'white'
39.6105 	EXP 	polygon_10: fillColor = 'white'
39.6105 	EXP 	polygon_10: lineColor = 'white'
39.6105 	EXP 	polygon_10: color = 'white'
39.6105 	EXP 	polygon_11: fillColor = 'white'
39.6105 	EXP 	polygon_11: lineColor = 'white'
39.6105 	EXP 	polygon_11: color = 'white'
39.6105 	EXP 	polygon_12: fillColor = 'white'
39.6105 	EXP 	polygon_12: lineColor = 'white'
39.6105 	EXP 	polygon_12: color = 'white'
39.6105 	EXP 	polygon_13: fillColor = 'white'
39.6105 	EXP 	polygon_13: lineColor = 'white'
39.6105 	EXP 	polygon_13: color = 'white'
39.6105 	EXP 	polygon_14: fillColor = 'white'
39.6105 	EXP 	polygon_14: lineColor = 'white'
39.6105 	EXP 	polygon_14: color = 'white'
39.6105 	EXP 	polygon_15: fillColor = 'white'
39.6105 	EXP 	polygon_15: lineColor = 'white'
39.6105 	EXP 	polygon_15: color = 'white'
39.6105 	EXP 	polygon_16: fillColor = 'white'
39.6105 	EXP 	polygon_16: lineColor = 'white'
39.6105 	EXP 	polygon_16: color = 'white'
39.6105 	EXP 	polygon_17: fillColor = 'white'
39.6105 	EXP 	polygon_17: lineColor = 'white'
39.6105 	EXP 	polygon_17: color = 'white'
39.6105 	EXP 	polygon_18: fillColor = 'white'
39.6105 	EXP 	polygon_18: lineColor = 'white'
39.6105 	EXP 	polygon_18: color = 'white'
39.6105 	EXP 	polygon_19: fillColor = 'white'
39.6105 	EXP 	polygon_19: lineColor = 'white'
39.6105 	EXP 	polygon_19: color = 'white'
39.6105 	EXP 	polygon_20: fillColor = 'white'
39.6105 	EXP 	polygon_20: lineColor = 'white'
39.6105 	EXP 	polygon_20: color = 'white'
39.6105 	EXP 	polygon_21: fillColor = 'white'
39.6105 	EXP 	polygon_21: lineColor = 'white'
39.6105 	EXP 	polygon_21: color = 'white'
39.6105 	EXP 	polygon_22: fillColor = 'white'
39.6105 	EXP 	polygon_22: lineColor = 'white'
39.6105 	EXP 	polygon_22: color = 'white'
39.6105 	EXP 	polygon_23: fillColor = 'white'
39.6105 	EXP 	polygon_23: lineColor = 'white'
39.6105 	EXP 	polygon_23: color = 'white'
39.6105 	EXP 	polygon_24: fillColor = 'white'
39.6105 	EXP 	polygon_24: lineColor = 'white'
39.6105 	EXP 	polygon_24: color = 'white'
39.6105 	EXP 	polygon_25: fillColor = 'white'
39.6105 	EXP 	polygon_25: lineColor = 'white'
39.6105 	EXP 	polygon_25: color = 'white'
39.6105 	EXP 	grid: autoDraw = True
39.6105 	EXP 	polygon: autoDraw = True
39.6105 	EXP 	polygon_2: autoDraw = True
39.6105 	EXP 	polygon_3: autoDraw = True
39.6105 	EXP 	polygon_4: autoDraw = True
39.6105 	EXP 	polygon_5: autoDraw = True
39.6105 	EXP 	polygon_6: autoDraw = True
39.6105 	EXP 	polygon_7: autoDraw = True
39.6105 	EXP 	polygon_8: autoDraw = True
39.6105 	EXP 	polygon_9: autoDraw = True
39.6105 	EXP 	polygon_10: autoDraw = True
39.6105 	EXP 	polygon_11: autoDraw = True
39.6105 	EXP 	polygon_12: autoDraw = True
39.6105 	EXP 	polygon_13: autoDraw = True
39.6105 	EXP 	polygon_14: autoDraw = True
39.6105 	EXP 	polygon_15: autoDraw = True
39.6105 	EXP 	polygon_16: autoDraw = True
39.6105 	EXP 	polygon_17: autoDraw = True
39.6105 	EXP 	polygon_18: autoDraw = True
39.6105 	EXP 	polygon_19: autoDraw = True
39.6105 	EXP 	polygon_20: autoDraw = True
39.6105 	EXP 	polygon_21: autoDraw = True
39.6105 	EXP 	polygon_22: autoDraw = True
39.6105 	EXP 	polygon_23: autoDraw = True
39.6105 	EXP 	polygon_24: autoDraw = True
39.6105 	EXP 	polygon_25: autoDraw = True
39.8459 	DATA 	Mouse: Left button down, pos=(1166,1301)
39.8772 	EXP 	polygon_7: fillColor = 'black'
39.8772 	EXP 	polygon_7: lineColor = 'black'
39.8772 	EXP 	polygon_7: color = 'black'
39.9579 	DATA 	Mouse:  Left button up, pos=(1166,1301)
40.3794 	DATA 	Mouse: Left button down, pos=(1465,1555)
40.4105 	EXP 	polygon_3: fillColor = 'black'
40.4105 	EXP 	polygon_3: lineColor = 'black'
40.4105 	EXP 	polygon_3: color = 'black'
40.4860 	DATA 	Mouse:  Left button up, pos=(1465,1557)
41.0157 	DATA 	Keypress: space
41.0938 	EXP 	grid: autoDraw = False
41.0938 	EXP 	polygon: autoDraw = False
41.0938 	EXP 	polygon_2: autoDraw = False
41.0938 	EXP 	polygon_3: autoDraw = False
41.0938 	EXP 	polygon_4: autoDraw = False
41.0938 	EXP 	polygon_5: autoDraw = False
41.0938 	EXP 	polygon_6: autoDraw = False
41.0938 	EXP 	polygon_7: autoDraw = False
41.0938 	EXP 	polygon_8: autoDraw = False
41.0938 	EXP 	polygon_9: autoDraw = False
41.0938 	EXP 	polygon_10: autoDraw = False
41.0938 	EXP 	polygon_11: autoDraw = False
41.0938 	EXP 	polygon_12: autoDraw = False
41.0938 	EXP 	polygon_13: autoDraw = False
41.0938 	EXP 	polygon_14: autoDraw = False
41.0938 	EXP 	polygon_15: autoDraw = False
41.0938 	EXP 	polygon_16: autoDraw = False
41.0938 	EXP 	polygon_17: autoDraw = False
41.0938 	EXP 	polygon_18: autoDraw = False
41.0938 	EXP 	polygon_19: autoDraw = False
41.0938 	EXP 	polygon_20: autoDraw = False
41.0938 	EXP 	polygon_21: autoDraw = False
41.0938 	EXP 	polygon_22: autoDraw = False
41.0938 	EXP 	polygon_23: autoDraw = False
41.0938 	EXP 	polygon_24: autoDraw = False
41.0938 	EXP 	polygon_25: autoDraw = False
41.0938 	EXP 	rdy_txt: text = 'The next trial will have 3 locations.\n\nPress SPACE to begin.'
41.0938 	EXP 	rdy_txt: autoDraw = True
41.9992 	DATA 	Keypress: space
42.0146 	EXP 	New trial (rep=0, index=4): OrderedDict([('Running_Trial_Num', 5), ('trial_length', 3), ('rows', '8, 9, 10'), ('correct_seq', ['polygon_22', 'polygon_5', 'polygon_9']), ('rdy_msg', 'Press SPACE to begin the next trial.')])
42.0358 	EXP 	Imported BLS_Stimuli.xlsx as conditions, 3 conditions, 6 params
42.0360 	EXP 	Created sequence: sequential, trialTypes=3, nReps=1, seed=None
42.0363 	EXP 	New trial (rep=0, index=0): OrderedDict([('span', 3), ('trial', 1), ('stimulus', 1), ('square', 9), ('location', [0.195, 0.195]), ('correct', 22)])
42.0437 	EXP 	rdy_txt: autoDraw = False
42.0437 	EXP 	Square: pos = array([0.195, 0.195])
42.0437 	EXP 	Grid: autoDraw = True
42.0437 	EXP 	Square: autoDraw = True
43.5272 	EXP 	New trial (rep=0, index=1): OrderedDict([('span', 3), ('trial', 1), ('stimulus', 2), ('square', 5), ('location', [0.39, 0.39]), ('correct', 5)])
43.5435 	EXP 	Grid: autoDraw = False
43.5435 	EXP 	Square: autoDraw = False
43.5435 	EXP 	Square: pos = array([0.39, 0.39])
43.5435 	EXP 	Grid: autoDraw = True
43.5435 	EXP 	Square: autoDraw = True
45.0274 	EXP 	New trial (rep=0, index=2): OrderedDict([('span', 3), ('trial', 1), ('stimulus', 3), ('square', 22), ('location', [-0.195, -0.39]), ('correct', 9)])
45.0437 	EXP 	Grid: autoDraw = False
45.0437 	EXP 	Square: autoDraw = False
45.0437 	EXP 	Square: pos = array([-0.195, -0.39 ])
45.0437 	EXP 	Grid: autoDraw = True
45.0437 	EXP 	Square: autoDraw = True
46.5603 	EXP 	Grid: autoDraw = False
46.5603 	EXP 	Square: autoDraw = False
46.5603 	EXP 	polygon: fillColor = 'white'
46.5603 	EXP 	polygon: lineColor = 'white'
46.5603 	EXP 	polygon: color = 'white'
46.5603 	EXP 	polygon_2: fillColor = 'white'
46.5603 	EXP 	polygon_2: lineColor = 'white'
46.5603 	EXP 	polygon_2: color = 'white'
46.5603 	EXP 	polygon_3: fillColor = 'white'
46.5603 	EXP 	polygon_3: lineColor = 'white'
46.5603 	EXP 	polygon_3: color = 'white'
46.5603 	EXP 	polygon_4: fillColor = 'white'
46.5603 	EXP 	polygon_4: lineColor = 'white'
46.5603 	EXP 	polygon_4: color = 'white'
46.5603 	EXP 	polygon_5: fillColor = 'white'
46.5603 	EXP 	polygon_5: lineColor = 'white'
46.5603 	EXP 	polygon_5: color = 'white'
46.5603 	EXP 	polygon_6: fillColor = 'white'
46.5603 	EXP 	polygon_6: lineColor = 'white'
46.5603 	EXP 	polygon_6: color = 'white'
46.5603 	EXP 	polygon_7: fillColor = 'white'
46.5603 	EXP 	polygon_7: lineColor = 'white'
46.5603 	EXP 	polygon_7: color = 'white'
46.5603 	EXP 	polygon_8: fillColor = 'white'
46.5603 	EXP 	polygon_8: lineColor = 'white'
46.5603 	EXP 	polygon_8: color = 'white'
46.5603 	EXP 	polygon_9: fillColor = 'white'
46.5603 	EXP 	polygon_9: lineColor = 'white'
46.5603 	EXP 	polygon_9: color = 'white'
46.5603 	EXP 	polygon_10: fillColor = 'white'
46.5603 	EXP 	polygon_10: lineColor = 'white'
46.5603 	EXP 	polygon_10: color = 'white'
46.5603 	EXP 	polygon_11: fillColor = 'white'
46.5603 	EXP 	polygon_11: lineColor = 'white'
46.5603 	EXP 	polygon_11: color = 'white'
46.5603 	EXP 	polygon_12: fillColor = 'white'
46.5603 	EXP 	polygon_12: lineColor = 'white'
46.5603 	EXP 	polygon_12: color = 'white'
46.5603 	EXP 	polygon_13: fillColor = 'white'
46.5603 	EXP 	polygon_13: lineColor = 'white'
46.5603 	EXP 	polygon_13: color = 'white'
46.5603 	EXP 	polygon_14: fillColor = 'white'
46.5603 	EXP 	polygon_14: lineColor = 'white'
46.5603 	EXP 	polygon_14: color = 'white'
46.5603 	EXP 	polygon_15: fillColor = 'white'
46.5603 	EXP 	polygon_15: lineColor = 'white'
46.5603 	EXP 	polygon_15: color = 'white'
46.5603 	EXP 	polygon_16: fillColor = 'white'
46.5603 	EXP 	polygon_16: lineColor = 'white'
46.5603 	EXP 	polygon_16: color = 'white'
46.5603 	EXP 	polygon_17: fillColor = 'white'
46.5603 	EXP 	polygon_17: lineColor = 'white'
46.5603 	EXP 	polygon_17: color = 'white'
46.5603 	EXP 	polygon_18: fillColor = 'white'
46.5603 	EXP 	polygon_18: lineColor = 'white'
46.5603 	EXP 	polygon_18: color = 'white'
46.5603 	EXP 	polygon_19: fillColor = 'white'
46.5603 	EXP 	polygon_19: lineColor = 'white'
46.5603 	EXP 	polygon_19: color = 'white'
46.5603 	EXP 	polygon_20: fillColor = 'white'
46.5603 	EXP 	polygon_20: lineColor = 'white'
46.5603 	EXP 	polygon_20: color = 'white'
46.5603 	EXP 	polygon_21: fillColor = 'white'
46.5603 	EXP 	polygon_21: lineColor = 'white'
46.5603 	EXP 	polygon_21: color = 'white'
46.5603 	EXP 	polygon_22: fillColor = 'white'
46.5603 	EXP 	polygon_22: lineColor = 'white'
46.5603 	EXP 	polygon_22: color = 'white'
46.5603 	EXP 	polygon_23: fillColor = 'white'
46.5603 	EXP 	polygon_23: lineColor = 'white'
46.5603 	EXP 	polygon_23: color = 'white'
46.5603 	EXP 	polygon_24: fillColor = 'white'
46.5603 	EXP 	polygon_24: lineColor = 'white'
46.5603 	EXP 	polygon_24: color = 'white'
46.5603 	EXP 	polygon_25: fillColor = 'white'
46.5603 	EXP 	polygon_25: lineColor = 'white'
46.5603 	EXP 	polygon_25: color = 'white'
46.5603 	EXP 	grid: autoDraw = True
46.5603 	EXP 	polygon: autoDraw = True
46.5603 	EXP 	polygon_2: autoDraw = True
46.5603 	EXP 	polygon_3: autoDraw = True
46.5603 	EXP 	polygon_4: autoDraw = True
46.5603 	EXP 	polygon_5: autoDraw = True
46.5603 	EXP 	polygon_6: autoDraw = True
46.5603 	EXP 	polygon_7: autoDraw = True
46.5603 	EXP 	polygon_8: autoDraw = True
46.5603 	EXP 	polygon_9: autoDraw = True
46.5603 	EXP 	polygon_10: autoDraw = True
46.5603 	EXP 	polygon_11: autoDraw = True
46.5603 	EXP 	polygon_12: autoDraw = True
46.5603 	EXP 	polygon_13: autoDraw = True
46.5603 	EXP 	polygon_14: autoDraw = True
46.5603 	EXP 	polygon_15: autoDraw = True
46.5603 	EXP 	polygon_16: autoDraw = True
46.5603 	EXP 	polygon_17: autoDraw = True
46.5603 	EXP 	polygon_18: autoDraw = True
46.5603 	EXP 	polygon_19: autoDraw = True
46.5603 	EXP 	polygon_20: autoDraw = True
46.5603 	EXP 	polygon_21: autoDraw = True
46.5603 	EXP 	polygon_22: autoDraw = True
46.5603 	EXP 	polygon_23: autoDraw = True
46.5603 	EXP 	polygon_24: autoDraw = True
46.5603 	EXP 	polygon_25: autoDraw = True
46.8620 	DATA 	Mouse: Left button down, pos=(1827,1546)
46.8937 	EXP 	polygon_4: fillColor = 'black'
46.8937 	EXP 	polygon_4: lineColor = 'black'
46.8937 	EXP 	polygon_4: color = 'black'
46.9625 	DATA 	Mouse:  Left button up, pos=(1827,1546)
47.3617 	DATA 	Mouse: Left button down, pos=(1463,1196)
47.3934 	EXP 	polygon_8: fillColor = 'black'
47.3934 	EXP 	polygon_8: lineColor = 'black'
47.3934 	EXP 	polygon_8: color = 'black'
47.4292 	DATA 	Mouse:  Left button up, pos=(1463,1196)
47.8291 	DATA 	Mouse: Left button down, pos=(1536,855)
47.8603 	EXP 	polygon_13: fillColor = 'black'
47.8603 	EXP 	polygon_13: lineColor = 'black'
47.8603 	EXP 	polygon_13: color = 'black'
47.8956 	DATA 	Mouse:  Left button up, pos=(1536,854)
48.4625 	DATA 	Keypress: space
48.5103 	EXP 	grid: autoDraw = False
48.5103 	EXP 	polygon: autoDraw = False
48.5103 	EXP 	polygon_2: autoDraw = False
48.5103 	EXP 	polygon_3: autoDraw = False
48.5103 	EXP 	polygon_4: autoDraw = False
48.5103 	EXP 	polygon_5: autoDraw = False
48.5103 	EXP 	polygon_6: autoDraw = False
48.5103 	EXP 	polygon_7: autoDraw = False
48.5103 	EXP 	polygon_8: autoDraw = False
48.5103 	EXP 	polygon_9: autoDraw = False
48.5103 	EXP 	polygon_10: autoDraw = False
48.5103 	EXP 	polygon_11: autoDraw = False
48.5103 	EXP 	polygon_12: autoDraw = False
48.5103 	EXP 	polygon_13: autoDraw = False
48.5103 	EXP 	polygon_14: autoDraw = False
48.5103 	EXP 	polygon_15: autoDraw = False
48.5103 	EXP 	polygon_16: autoDraw = False
48.5103 	EXP 	polygon_17: autoDraw = False
48.5103 	EXP 	polygon_18: autoDraw = False
48.5103 	EXP 	polygon_19: autoDraw = False
48.5103 	EXP 	polygon_20: autoDraw = False
48.5103 	EXP 	polygon_21: autoDraw = False
48.5103 	EXP 	polygon_22: autoDraw = False
48.5103 	EXP 	polygon_23: autoDraw = False
48.5103 	EXP 	polygon_24: autoDraw = False
48.5103 	EXP 	polygon_25: autoDraw = False
48.5103 	EXP 	thx_text: autoDraw = True
49.7484 	DATA 	Keypress: space
49.7606 	EXP 	thx_text: autoDraw = False
49.8671 	EXP 	window1: mouseVisible = True
