5.6595 	WARNING 	User requested fullscreen with size [1440  900], but screen is actually [2880, 1800]. Using actual size
6.6401 	EXP 	Created window1 = Window(allowGUI=False, allowStencil=False, args=UNKNOWN, autoLog=True, bitsMode=UNKNOWN, blendMode='avg', color=array([0., 0., 0.]), colorSpace='hsv', fullscr=<method-wrapper '__getattribute__' of attributeSetter object at 0x0000025CC0F74F98>, gamma=None, gammaErrorPolicy='raise', kwargs=UNKNOWN, lms=UNKNOWN, monitor=<psychopy.monitors.calibTools.Monitor object at 0x0000025CCF2AF400>, multiSample=False, name='window1', numSamples=2, pos=[0.0, 0.0], screen=0, size=array([2880, 1800]), stereo=False, units='height', useFBO=True, useRetina=False, viewOri=0.0, viewPos=None, viewScale=None, waitBlanking=True, winType='pyglet')
6.6402 	EXP 	window1: recordFrameIntervals = False
6.8064 	EXP 	window1: recordFrameIntervals = True
6.9898 	EXP 	window1: recordFrameIntervals = False
7.2542 	EXP 	Created grid = ImageStim(__class__=<class 'psychopy.visual.image.ImageStim'>, autoLog=True, color=array([1., 1., 1.]), colorSpace='rgb', contrast=1.0, depth=0.0, flipHoriz=False, flipVert=False, image='Blank Grid.jpg', interpolate=True, mask=None, maskParams=None, name='grid', opacity=1.0, ori=0.0, pos=array([0., 0.]), size=array([1., 1.]), texRes=128, units='height', win=Window(...))
7.2568 	EXP 	Created polygon = Rect(__class__=<class 'psychopy.visual.rect.Rect'>, autoDraw=False, autoLog=True, closeShape=True, color=method-wrapper(...), colorSpace=None, contrast=1.0, depth=-2.0, fillColor='white', fillColorSpace='named', fillRGB=array([255., 255., 255.]), interpolate=True, lineColor='white', lineColorSpace='named', lineRGB=array([255., 255., 255.]), lineWidth=1, name='polygon', opacity=1.0, ori=array(0.), pos=array([-0.386 ,  0.3875]), size=array([1., 1.]), units='height', vertices=ndarray(...), win=Window(...))
7.2576 	EXP 	Created polygon_2 = Rect(__class__=<class 'psychopy.visual.rect.Rect'>, autoDraw=False, autoLog=True, closeShape=True, color=method-wrapper(...), colorSpace=None, contrast=1.0, depth=-3.0, fillColor='white', fillColorSpace='named', fillRGB=array([255., 255., 255.]), interpolate=True, lineColor='white', lineColorSpace='named', lineRGB=array([255., 255., 255.]), lineWidth=1, name='polygon_2', opacity=1.0, ori=array(0.), pos=array([-0.193 ,  0.3875]), size=array([1., 1.]), units='height', vertices=ndarray(...), win=Window(...))
7.2583 	EXP 	Created polygon_3 = Rect(__class__=<class 'psychopy.visual.rect.Rect'>, autoDraw=False, autoLog=True, closeShape=True, color=method-wrapper(...), colorSpace=None, contrast=1.0, depth=-4.0, fillColor='white', fillColorSpace='named', fillRGB=array([255., 255., 255.]), interpolate=True, lineColor='white', lineColorSpace='named', lineRGB=array([255., 255., 255.]), lineWidth=1, name='polygon_3', opacity=1.0, ori=array(0.), pos=array([0.    , 0.3875]), size=array([1., 1.]), units='height', vertices=ndarray(...), win=Window(...))
7.2590 	EXP 	Created polygon_4 = Rect(__class__=<class 'psychopy.visual.rect.Rect'>, autoDraw=False, autoLog=True, closeShape=True, color=method-wrapper(...), colorSpace=None, contrast=1.0, depth=-5.0, fillColor='white', fillColorSpace='named', fillRGB=array([255., 255., 255.]), interpolate=True, lineColor='white', lineColorSpace='named', lineRGB=array([255., 255., 255.]), lineWidth=1, name='polygon_4', opacity=1.0, ori=array(0.), pos=array([0.193 , 0.3875]), size=array([1., 1.]), units='height', vertices=ndarray(...), win=Window(...))
7.2597 	EXP 	Created polygon_5 = Rect(__class__=<class 'psychopy.visual.rect.Rect'>, autoDraw=False, autoLog=True, closeShape=True, color=method-wrapper(...), colorSpace=None, contrast=1.0, depth=-6.0, fillColor='white', fillColorSpace='named', fillRGB=array([255., 255., 255.]), interpolate=True, lineColor='white', lineColorSpace='named', lineRGB=array([255., 255., 255.]), lineWidth=1, name='polygon_5', opacity=1.0, ori=array(0.), pos=array([0.386 , 0.3875]), size=array([1., 1.]), units='height', vertices=ndarray(...), win=Window(...))
7.2604 	EXP 	Created polygon_6 = Rect(__class__=<class 'psychopy.visual.rect.Rect'>, autoDraw=False, autoLog=True, closeShape=True, color=method-wrapper(...), colorSpace=None, contrast=1.0, depth=-7.0, fillColor='white', fillColorSpace='named', fillRGB=array([255., 255., 255.]), interpolate=True, lineColor='white', lineColorSpace='named', lineRGB=array([255., 255., 255.]), lineWidth=1, name='polygon_6', opacity=1.0, ori=array(0.), pos=array([-0.386  ,  0.19415]), size=array([1., 1.]), units='height', vertices=ndarray(...), win=Window(...))
7.2611 	EXP 	Created polygon_7 = Rect(__class__=<class 'psychopy.visual.rect.Rect'>, autoDraw=False, autoLog=True, closeShape=True, color=method-wrapper(...), colorSpace=None, contrast=1.0, depth=-8.0, fillColor='white', fillColorSpace='named', fillRGB=array([255., 255., 255.]), interpolate=True, lineColor='white', lineColorSpace='named', lineRGB=array([255., 255., 255.]), lineWidth=1, name='polygon_7', opacity=1.0, ori=array(0.), pos=array([-0.193  ,  0.19415]), size=array([1., 1.]), units='height', vertices=ndarray(...), win=Window(...))
7.2619 	EXP 	Created polygon_8 = Rect(__class__=<class 'psychopy.visual.rect.Rect'>, autoDraw=False, autoLog=True, closeShape=True, color=method-wrapper(...), colorSpace=None, contrast=1.0, depth=-9.0, fillColor='white', fillColorSpace='named', fillRGB=array([255., 255., 255.]), interpolate=True, lineColor='white', lineColorSpace='named', lineRGB=array([255., 255., 255.]), lineWidth=1, name='polygon_8', opacity=1.0, ori=array(0.), pos=array([0.     , 0.19415]), size=array([1., 1.]), units='height', vertices=ndarray(...), win=Window(...))
7.2626 	EXP 	Created polygon_9 = Rect(__class__=<class 'psychopy.visual.rect.Rect'>, autoDraw=False, autoLog=True, closeShape=True, color=method-wrapper(...), colorSpace=None, contrast=1.0, depth=-10.0, fillColor='white', fillColorSpace='named', fillRGB=array([255., 255., 255.]), interpolate=True, lineColor='white', lineColorSpace='named', lineRGB=array([255., 255., 255.]), lineWidth=1, name='polygon_9', opacity=1.0, ori=array(0.), pos=array([0.193  , 0.19415]), size=array([1., 1.]), units='height', vertices=ndarray(...), win=Window(...))
7.2634 	EXP 	Created polygon_10 = Rect(__class__=<class 'psychopy.visual.rect.Rect'>, autoDraw=False, autoLog=True, closeShape=True, color=method-wrapper(...), colorSpace=None, contrast=1.0, depth=-11.0, fillColor='white', fillColorSpace='named', fillRGB=array([255., 255., 255.]), interpolate=True, lineColor='white', lineColorSpace='named', lineRGB=array([255., 255., 255.]), lineWidth=1, name='polygon_10', opacity=1.0, ori=array(0.), pos=array([0.386  , 0.19415]), size=array([1., 1.]), units='height', vertices=ndarray(...), win=Window(...))
7.2641 	EXP 	Created polygon_11 = Rect(__class__=<class 'psychopy.visual.rect.Rect'>, autoDraw=False, autoLog=True, closeShape=True, color=method-wrapper(...), colorSpace=None, contrast=1.0, depth=-12.0, fillColor='white', fillColorSpace='named', fillRGB=array([255., 255., 255.]), interpolate=True, lineColor='white', lineColorSpace='named', lineRGB=array([255., 255., 255.]), lineWidth=1, name='polygon_11', opacity=1.0, ori=array(0.), pos=array([-0.386,  0.   ]), size=array([1., 1.]), units='height', vertices=ndarray(...), win=Window(...))
7.2648 	EXP 	Created polygon_12 = Rect(__class__=<class 'psychopy.visual.rect.Rect'>, autoDraw=False, autoLog=True, closeShape=True, color=method-wrapper(...), colorSpace=None, contrast=1.0, depth=-13.0, fillColor='white', fillColorSpace='named', fillRGB=array([255., 255., 255.]), interpolate=True, lineColor='white', lineColorSpace='named', lineRGB=array([255., 255., 255.]), lineWidth=1, name='polygon_12', opacity=1.0, ori=array(0.), pos=array([-0.193,  0.   ]), size=array([1., 1.]), units='height', vertices=ndarray(...), win=Window(...))
7.2655 	EXP 	Created polygon_13 = Rect(__class__=<class 'psychopy.visual.rect.Rect'>, autoDraw=False, autoLog=True, closeShape=True, color=method-wrapper(...), colorSpace=None, contrast=1.0, depth=-14.0, fillColor='white', fillColorSpace='named', fillRGB=array([255., 255., 255.]), interpolate=True, lineColor='white', lineColorSpace='named', lineRGB=array([255., 255., 255.]), lineWidth=1, name='polygon_13', opacity=1.0, ori=array(0.), pos=array([0., 0.]), size=array([1., 1.]), units='height', vertices=ndarray(...), win=Window(...))
7.2662 	EXP 	Created polygon_14 = Rect(__class__=<class 'psychopy.visual.rect.Rect'>, autoDraw=False, autoLog=True, closeShape=True, color=method-wrapper(...), colorSpace=None, contrast=1.0, depth=-15.0, fillColor='white', fillColorSpace='named', fillRGB=array([255., 255., 255.]), interpolate=True, lineColor='white', lineColorSpace='named', lineRGB=array([255., 255., 255.]), lineWidth=1, name='polygon_14', opacity=1.0, ori=array(0.), pos=array([0.193, 0.   ]), size=array([1., 1.]), units='height', vertices=ndarray(...), win=Window(...))
7.2670 	EXP 	Created polygon_15 = Rect(__class__=<class 'psychopy.visual.rect.Rect'>, autoDraw=False, autoLog=True, closeShape=True, color=method-wrapper(...), colorSpace=None, contrast=1.0, depth=-16.0, fillColor='white', fillColorSpace='named', fillRGB=array([255., 255., 255.]), interpolate=True, lineColor='white', lineColorSpace='named', lineRGB=array([255., 255., 255.]), lineWidth=1, name='polygon_15', opacity=1.0, ori=array(0.), pos=array([0.386, 0.   ]), size=array([1., 1.]), units='height', vertices=ndarray(...), win=Window(...))
7.2677 	EXP 	Created polygon_16 = Rect(__class__=<class 'psychopy.visual.rect.Rect'>, autoDraw=False, autoLog=True, closeShape=True, color=method-wrapper(...), colorSpace=None, contrast=1.0, depth=-17.0, fillColor='white', fillColorSpace='named', fillRGB=array([255., 255., 255.]), interpolate=True, lineColor='white', lineColorSpace='named', lineRGB=array([255., 255., 255.]), lineWidth=1, name='polygon_16', opacity=1.0, ori=array(0.), pos=array([-0.386  , -0.19415]), size=array([1., 1.]), units='height', vertices=ndarray(...), win=Window(...))
7.2684 	EXP 	Created polygon_17 = Rect(__class__=<class 'psychopy.visual.rect.Rect'>, autoDraw=False, autoLog=True, closeShape=True, color=method-wrapper(...), colorSpace=None, contrast=1.0, depth=-18.0, fillColor='white', fillColorSpace='named', fillRGB=array([255., 255., 255.]), interpolate=True, lineColor='white', lineColorSpace='named', lineRGB=array([255., 255., 255.]), lineWidth=1, name='polygon_17', opacity=1.0, ori=array(0.), pos=array([-0.193  , -0.19415]), size=array([1., 1.]), units='height', vertices=ndarray(...), win=Window(...))
7.2691 	EXP 	Created polygon_18 = Rect(__class__=<class 'psychopy.visual.rect.Rect'>, autoDraw=False, autoLog=True, closeShape=True, color=method-wrapper(...), colorSpace=None, contrast=1.0, depth=-19.0, fillColor='white', fillColorSpace='named', fillRGB=array([255., 255., 255.]), interpolate=True, lineColor='white', lineColorSpace='named', lineRGB=array([255., 255., 255.]), lineWidth=1, name='polygon_18', opacity=1.0, ori=array(0.), pos=array([ 0.     , -0.19415]), size=array([1., 1.]), units='height', vertices=ndarray(...), win=Window(...))
7.2698 	EXP 	Created polygon_19 = Rect(__class__=<class 'psychopy.visual.rect.Rect'>, autoDraw=False, autoLog=True, closeShape=True, color=method-wrapper(...), colorSpace=None, contrast=1.0, depth=-20.0, fillColor='white', fillColorSpace='named', fillRGB=array([255., 255., 255.]), interpolate=True, lineColor='white', lineColorSpace='named', lineRGB=array([255., 255., 255.]), lineWidth=1, name='polygon_19', opacity=1.0, ori=array(0.), pos=array([ 0.193  , -0.19415]), size=array([1., 1.]), units='height', vertices=ndarray(...), win=Window(...))
7.2705 	EXP 	Created polygon_20 = Rect(__class__=<class 'psychopy.visual.rect.Rect'>, autoDraw=False, autoLog=True, closeShape=True, color=method-wrapper(...), colorSpace=None, contrast=1.0, depth=-21.0, fillColor='white', fillColorSpace='named', fillRGB=array([255., 255., 255.]), interpolate=True, lineColor='white', lineColorSpace='named', lineRGB=array([255., 255., 255.]), lineWidth=1, name='polygon_20', opacity=1.0, ori=array(0.), pos=array([ 0.386  , -0.19415]), size=array([1., 1.]), units='height', vertices=ndarray(...), win=Window(...))
7.2713 	EXP 	Created polygon_21 = Rect(__class__=<class 'psychopy.visual.rect.Rect'>, autoDraw=False, autoLog=True, closeShape=True, color=method-wrapper(...), colorSpace=None, contrast=1.0, depth=-22.0, fillColor='white', fillColorSpace='named', fillRGB=array([255., 255., 255.]), interpolate=True, lineColor='white', lineColorSpace='named', lineRGB=array([255., 255., 255.]), lineWidth=1, name='polygon_21', opacity=1.0, ori=array(0.), pos=array([-0.386 , -0.3875]), size=array([1., 1.]), units='height', vertices=ndarray(...), win=Window(...))
7.2720 	EXP 	Created polygon_22 = Rect(__class__=<class 'psychopy.visual.rect.Rect'>, autoDraw=False, autoLog=True, closeShape=True, color=method-wrapper(...), colorSpace=None, contrast=1.0, depth=-23.0, fillColor='white', fillColorSpace='named', fillRGB=array([255., 255., 255.]), interpolate=True, lineColor='white', lineColorSpace='named', lineRGB=array([255., 255., 255.]), lineWidth=1, name='polygon_22', opacity=1.0, ori=array(0.), pos=array([-0.193 , -0.3875]), size=array([1., 1.]), units='height', vertices=ndarray(...), win=Window(...))
7.2728 	EXP 	Created polygon_23 = Rect(__class__=<class 'psychopy.visual.rect.Rect'>, autoDraw=False, autoLog=True, closeShape=True, color=method-wrapper(...), colorSpace=None, contrast=1.0, depth=-24.0, fillColor='white', fillColorSpace='named', fillRGB=array([255., 255., 255.]), interpolate=True, lineColor='white', lineColorSpace='named', lineRGB=array([255., 255., 255.]), lineWidth=1, name='polygon_23', opacity=1.0, ori=array(0.), pos=array([ 0.    , -0.3875]), size=array([1., 1.]), units='height', vertices=ndarray(...), win=Window(...))
7.2735 	EXP 	Created polygon_24 = Rect(__class__=<class 'psychopy.visual.rect.Rect'>, autoDraw=False, autoLog=True, closeShape=True, color=method-wrapper(...), colorSpace=None, contrast=1.0, depth=-25.0, fillColor='white', fillColorSpace='named', fillRGB=array([255., 255., 255.]), interpolate=True, lineColor='white', lineColorSpace='named', lineRGB=array([255., 255., 255.]), lineWidth=1, name='polygon_24', opacity=1.0, ori=array(0.), pos=array([ 0.193 , -0.3875]), size=array([1., 1.]), units='height', vertices=ndarray(...), win=Window(...))
7.2742 	EXP 	Created polygon_25 = Rect(__class__=<class 'psychopy.visual.rect.Rect'>, autoDraw=False, autoLog=True, closeShape=True, color=method-wrapper(...), colorSpace=None, contrast=1.0, depth=-26.0, fillColor='white', fillColorSpace='named', fillRGB=array([255., 255., 255.]), interpolate=True, lineColor='white', lineColorSpace='named', lineRGB=array([255., 255., 255.]), lineWidth=1, name='polygon_25', opacity=1.0, ori=array(0.), pos=array([ 0.386 , -0.3875]), size=array([1., 1.]), units='height', vertices=ndarray(...), win=Window(...))
7.3055 	EXP 	Imported BLS_responses.xlsx as conditions, 32 conditions, 3 params
7.3057 	EXP 	Created sequence: sequential, trialTypes=32, nReps=1, seed=None
7.3060 	EXP 	New trial (rep=0, index=0): OrderedDict([('span', 2), ('trial', 1), ('correct_seq', ['polygon_18', 'polygon_10'])])
7.3562 	EXP 	grid: autoDraw = True
7.3562 	EXP 	polygon: autoDraw = True
7.3562 	EXP 	polygon_2: autoDraw = True
7.3562 	EXP 	polygon_3: autoDraw = True
7.3562 	EXP 	polygon_4: autoDraw = True
7.3562 	EXP 	polygon_5: autoDraw = True
7.3562 	EXP 	polygon_6: autoDraw = True
7.3562 	EXP 	polygon_7: autoDraw = True
7.3562 	EXP 	polygon_8: autoDraw = True
7.3562 	EXP 	polygon_9: autoDraw = True
7.3562 	EXP 	polygon_10: autoDraw = True
7.3562 	EXP 	polygon_11: autoDraw = True
7.3562 	EXP 	polygon_12: autoDraw = True
7.3562 	EXP 	polygon_13: autoDraw = True
7.3562 	EXP 	polygon_14: autoDraw = True
7.3562 	EXP 	polygon_15: autoDraw = True
7.3562 	EXP 	polygon_16: autoDraw = True
7.3562 	EXP 	polygon_17: autoDraw = True
7.3562 	EXP 	polygon_18: autoDraw = True
7.3562 	EXP 	polygon_19: autoDraw = True
7.3562 	EXP 	polygon_20: autoDraw = True
7.3562 	EXP 	polygon_21: autoDraw = True
7.3562 	EXP 	polygon_22: autoDraw = True
7.3562 	EXP 	polygon_23: autoDraw = True
7.3562 	EXP 	polygon_24: autoDraw = True
7.3562 	EXP 	polygon_25: autoDraw = True
12.6913 	DATA 	Mouse: Left button down, pos=(1466,914)
12.7226 	EXP 	polygon_13: fillColor = 'black'
12.7226 	EXP 	polygon_13: lineColor = 'black'
12.7226 	EXP 	polygon_13: color = 'black'
12.8945 	DATA 	Mouse:  Left button up, pos=(1466,914)
14.0915 	DATA 	Mouse: Left button down, pos=(2189,1231)
14.1226 	EXP 	polygon_10: fillColor = 'black'
14.1226 	EXP 	polygon_10: lineColor = 'black'
14.1226 	EXP 	polygon_10: color = 'black'
14.2918 	DATA 	Mouse:  Left button up, pos=(2189,1231)
15.4650 	DATA 	Keypress: space
15.4842 	EXP 	New trial (rep=0, index=1): OrderedDict([('span', 2), ('trial', 2), ('correct_seq', ['polygon_19', 'polygon_2'])])
15.5060 	EXP 	grid: autoDraw = False
15.5060 	EXP 	polygon: autoDraw = False
15.5060 	EXP 	polygon_2: autoDraw = False
15.5060 	EXP 	polygon_3: autoDraw = False
15.5060 	EXP 	polygon_4: autoDraw = False
15.5060 	EXP 	polygon_5: autoDraw = False
15.5060 	EXP 	polygon_6: autoDraw = False
15.5060 	EXP 	polygon_7: autoDraw = False
15.5060 	EXP 	polygon_8: autoDraw = False
15.5060 	EXP 	polygon_9: autoDraw = False
15.5060 	EXP 	polygon_10: autoDraw = False
15.5060 	EXP 	polygon_11: autoDraw = False
15.5060 	EXP 	polygon_12: autoDraw = False
15.5060 	EXP 	polygon_13: autoDraw = False
15.5060 	EXP 	polygon_14: autoDraw = False
15.5060 	EXP 	polygon_15: autoDraw = False
15.5060 	EXP 	polygon_16: autoDraw = False
15.5060 	EXP 	polygon_17: autoDraw = False
15.5060 	EXP 	polygon_18: autoDraw = False
15.5060 	EXP 	polygon_19: autoDraw = False
15.5060 	EXP 	polygon_20: autoDraw = False
15.5060 	EXP 	polygon_21: autoDraw = False
15.5060 	EXP 	polygon_22: autoDraw = False
15.5060 	EXP 	polygon_23: autoDraw = False
15.5060 	EXP 	polygon_24: autoDraw = False
15.5060 	EXP 	polygon_25: autoDraw = False
15.5060 	EXP 	grid: autoDraw = True
15.5060 	EXP 	polygon: autoDraw = True
15.5060 	EXP 	polygon_2: autoDraw = True
15.5060 	EXP 	polygon_3: autoDraw = True
15.5060 	EXP 	polygon_4: autoDraw = True
15.5060 	EXP 	polygon_5: autoDraw = True
15.5060 	EXP 	polygon_6: autoDraw = True
15.5060 	EXP 	polygon_7: autoDraw = True
15.5060 	EXP 	polygon_8: autoDraw = True
15.5060 	EXP 	polygon_9: autoDraw = True
15.5060 	EXP 	polygon_10: autoDraw = True
15.5060 	EXP 	polygon_11: autoDraw = True
15.5060 	EXP 	polygon_12: autoDraw = True
15.5060 	EXP 	polygon_13: autoDraw = True
15.5060 	EXP 	polygon_14: autoDraw = True
15.5060 	EXP 	polygon_15: autoDraw = True
15.5060 	EXP 	polygon_16: autoDraw = True
15.5060 	EXP 	polygon_17: autoDraw = True
15.5060 	EXP 	polygon_18: autoDraw = True
15.5060 	EXP 	polygon_19: autoDraw = True
15.5060 	EXP 	polygon_20: autoDraw = True
15.5060 	EXP 	polygon_21: autoDraw = True
15.5060 	EXP 	polygon_22: autoDraw = True
15.5060 	EXP 	polygon_23: autoDraw = True
15.5060 	EXP 	polygon_24: autoDraw = True
15.5060 	EXP 	polygon_25: autoDraw = True
19.4933 	DATA 	Keypress: space
19.5143 	EXP 	New trial (rep=0, index=2): OrderedDict([('span', 2), ('trial', 3), ('correct_seq', ['polygon_21', 'polygon_8'])])
19.5392 	EXP 	grid: autoDraw = False
19.5392 	EXP 	polygon: autoDraw = False
19.5392 	EXP 	polygon_2: autoDraw = False
19.5392 	EXP 	polygon_3: autoDraw = False
19.5392 	EXP 	polygon_4: autoDraw = False
19.5392 	EXP 	polygon_5: autoDraw = False
19.5392 	EXP 	polygon_6: autoDraw = False
19.5392 	EXP 	polygon_7: autoDraw = False
19.5392 	EXP 	polygon_8: autoDraw = False
19.5392 	EXP 	polygon_9: autoDraw = False
19.5392 	EXP 	polygon_10: autoDraw = False
19.5392 	EXP 	polygon_11: autoDraw = False
19.5392 	EXP 	polygon_12: autoDraw = False
19.5392 	EXP 	polygon_13: autoDraw = False
19.5392 	EXP 	polygon_14: autoDraw = False
19.5392 	EXP 	polygon_15: autoDraw = False
19.5392 	EXP 	polygon_16: autoDraw = False
19.5392 	EXP 	polygon_17: autoDraw = False
19.5392 	EXP 	polygon_18: autoDraw = False
19.5392 	EXP 	polygon_19: autoDraw = False
19.5392 	EXP 	polygon_20: autoDraw = False
19.5392 	EXP 	polygon_21: autoDraw = False
19.5392 	EXP 	polygon_22: autoDraw = False
19.5392 	EXP 	polygon_23: autoDraw = False
19.5392 	EXP 	polygon_24: autoDraw = False
19.5392 	EXP 	polygon_25: autoDraw = False
19.5392 	EXP 	grid: autoDraw = True
19.5392 	EXP 	polygon: autoDraw = True
19.5392 	EXP 	polygon_2: autoDraw = True
19.5392 	EXP 	polygon_3: autoDraw = True
19.5392 	EXP 	polygon_4: autoDraw = True
19.5392 	EXP 	polygon_5: autoDraw = True
19.5392 	EXP 	polygon_6: autoDraw = True
19.5392 	EXP 	polygon_7: autoDraw = True
19.5392 	EXP 	polygon_8: autoDraw = True
19.5392 	EXP 	polygon_9: autoDraw = True
19.5392 	EXP 	polygon_10: autoDraw = True
19.5392 	EXP 	polygon_11: autoDraw = True
19.5392 	EXP 	polygon_12: autoDraw = True
19.5392 	EXP 	polygon_13: autoDraw = True
19.5392 	EXP 	polygon_14: autoDraw = True
19.5392 	EXP 	polygon_15: autoDraw = True
19.5392 	EXP 	polygon_16: autoDraw = True
19.5392 	EXP 	polygon_17: autoDraw = True
19.5392 	EXP 	polygon_18: autoDraw = True
19.5392 	EXP 	polygon_19: autoDraw = True
19.5392 	EXP 	polygon_20: autoDraw = True
19.5392 	EXP 	polygon_21: autoDraw = True
19.5392 	EXP 	polygon_22: autoDraw = True
19.5392 	EXP 	polygon_23: autoDraw = True
19.5392 	EXP 	polygon_24: autoDraw = True
19.5392 	EXP 	polygon_25: autoDraw = True
20.8581 	DATA 	Keypress: escape
20.9789 	EXP 	window1: mouseVisible = True
