5.3557 	WARNING 	User requested fullscreen with size [1440  900], but screen is actually [2880, 1800]. Using actual size
6.3216 	EXP 	Created window1 = Window(allowGUI=False, allowStencil=False, args=UNKNOWN, autoLog=True, bitsMode=UNKNOWN, blendMode='avg', color=array([0., 0., 0.]), colorSpace='hsv', fullscr=<method-wrapper '__getattribute__' of attributeSetter object at 0x000001398278CE10>, gamma=None, gammaErrorPolicy='raise', kwargs=UNKNOWN, lms=UNKNOWN, monitor=<psychopy.monitors.calibTools.Monitor object at 0x0000013982A4C208>, multiSample=False, name='window1', numSamples=2, pos=[0.0, 0.0], screen=0, size=array([2880, 1800]), stereo=False, units='height', useFBO=True, useRetina=False, viewOri=0.0, viewPos=None, viewScale=None, waitBlanking=True, winType='pyglet')
6.3216 	EXP 	window1: recordFrameIntervals = False
6.4877 	EXP 	window1: recordFrameIntervals = True
6.6712 	EXP 	window1: recordFrameIntervals = False
6.9359 	EXP 	Created instr_text = TextStim(__class__=<class 'psychopy.visual.text.TextStim'>, alignHoriz='center', alignVert='center', antialias=True, autoLog=True, bold=False, color='white', colorSpace='named', contrast=1.0, depth=0.0, flipHoriz=False, flipVert=False, font='Arial', fontFiles=[], height=0.05, italic=False, languageStyle='LTR', name='instr_text', opacity=1.0, ori=0, pos=array([0., 0.]), rgb=array([255., 255., 255.]), text='default text', units='height', win=Window(...), wrapWidth=1)
6.9393 	EXP 	Created cont_text = TextStim(__class__=<class 'psychopy.visual.text.TextStim'>, alignHoriz='center', alignVert='center', antialias=True, autoLog=True, bold=False, color='white', colorSpace='named', contrast=1.0, depth=-1.0, flipHoriz=False, flipVert=False, font='Arial', fontFiles=[], height=0.05, italic=False, languageStyle='LTR', name='cont_text', opacity=1.0, ori=0, pos=array([ 0. , -0.4]), rgb=array([255., 255., 255.]), text='default text', units='height', win=Window(...), wrapWidth=1)
7.0379 	EXP 	Created Grid = ImageStim(__class__=<class 'psychopy.visual.image.ImageStim'>, autoLog=True, color=array([1., 1., 1.]), colorSpace='rgb', contrast=1.0, depth=0.0, flipHoriz=False, flipVert=False, image='Blank Grid.jpg', interpolate=True, mask=None, maskParams=None, name='Grid', opacity=1.0, ori=0.0, pos=array([0., 0.]), size=array([1., 1.]), texRes=128, units='height', win=Window(...))
7.0405 	EXP 	Created Square = Rect(__class__=<class 'psychopy.visual.rect.Rect'>, autoDraw=False, autoLog=True, closeShape=True, color=method-wrapper(...), colorSpace=None, contrast=1.0, depth=-1.0, fillColor=array([255.,   0.,   0.]), fillColorSpace='rgb255', fillRGB=array([255.,   0.,   0.]), interpolate=True, lineColor=array([255.,   0.,   0.]), lineColorSpace='rgb', lineRGB=array([255.,   0.,   0.]), lineWidth=1, name='Square', opacity=1.0, ori=array(0.), pos=array([0., 0.]), size=array([1., 1.]), units='height', vertices=ndarray(...), win=Window(...))
7.1379 	EXP 	Created grid = ImageStim(__class__=<class 'psychopy.visual.image.ImageStim'>, autoLog=True, color=array([1., 1., 1.]), colorSpace='rgb', contrast=1.0, depth=0.0, flipHoriz=False, flipVert=False, image='Blank Grid.jpg', interpolate=True, mask=None, maskParams=None, name='grid', opacity=1.0, ori=0.0, pos=array([0., 0.]), size=array([1., 1.]), texRes=128, units='height', win=Window(...))
7.1387 	EXP 	Created polygon = Rect(__class__=<class 'psychopy.visual.rect.Rect'>, autoDraw=False, autoLog=True, closeShape=True, color=method-wrapper(...), colorSpace=None, contrast=1.0, depth=-2.0, fillColor='white', fillColorSpace='named', fillRGB=array([255., 255., 255.]), interpolate=True, lineColor='white', lineColorSpace='named', lineRGB=array([255., 255., 255.]), lineWidth=1, name='polygon', opacity=1.0, ori=array(0.), pos=array([-0.386 ,  0.3875]), size=array([1., 1.]), units='height', vertices=ndarray(...), win=Window(...))
7.1394 	EXP 	Created polygon_2 = Rect(__class__=<class 'psychopy.visual.rect.Rect'>, autoDraw=False, autoLog=True, closeShape=True, color=method-wrapper(...), colorSpace=None, contrast=1.0, depth=-3.0, fillColor='white', fillColorSpace='named', fillRGB=array([255., 255., 255.]), interpolate=True, lineColor='white', lineColorSpace='named', lineRGB=array([255., 255., 255.]), lineWidth=1, name='polygon_2', opacity=1.0, ori=array(0.), pos=array([-0.193 ,  0.3875]), size=array([1., 1.]), units='height', vertices=ndarray(...), win=Window(...))
7.1402 	EXP 	Created polygon_3 = Rect(__class__=<class 'psychopy.visual.rect.Rect'>, autoDraw=False, autoLog=True, closeShape=True, color=method-wrapper(...), colorSpace=None, contrast=1.0, depth=-4.0, fillColor='white', fillColorSpace='named', fillRGB=array([255., 255., 255.]), interpolate=True, lineColor='white', lineColorSpace='named', lineRGB=array([255., 255., 255.]), lineWidth=1, name='polygon_3', opacity=1.0, ori=array(0.), pos=array([0.    , 0.3875]), size=array([1., 1.]), units='height', vertices=ndarray(...), win=Window(...))
7.1409 	EXP 	Created polygon_4 = Rect(__class__=<class 'psychopy.visual.rect.Rect'>, autoDraw=False, autoLog=True, closeShape=True, color=method-wrapper(...), colorSpace=None, contrast=1.0, depth=-5.0, fillColor='white', fillColorSpace='named', fillRGB=array([255., 255., 255.]), interpolate=True, lineColor='white', lineColorSpace='named', lineRGB=array([255., 255., 255.]), lineWidth=1, name='polygon_4', opacity=1.0, ori=array(0.), pos=array([0.193 , 0.3875]), size=array([1., 1.]), units='height', vertices=ndarray(...), win=Window(...))
7.1416 	EXP 	Created polygon_5 = Rect(__class__=<class 'psychopy.visual.rect.Rect'>, autoDraw=False, autoLog=True, closeShape=True, color=method-wrapper(...), colorSpace=None, contrast=1.0, depth=-6.0, fillColor='white', fillColorSpace='named', fillRGB=array([255., 255., 255.]), interpolate=True, lineColor='white', lineColorSpace='named', lineRGB=array([255., 255., 255.]), lineWidth=1, name='polygon_5', opacity=1.0, ori=array(0.), pos=array([0.386 , 0.3875]), size=array([1., 1.]), units='height', vertices=ndarray(...), win=Window(...))
7.1423 	EXP 	Created polygon_6 = Rect(__class__=<class 'psychopy.visual.rect.Rect'>, autoDraw=False, autoLog=True, closeShape=True, color=method-wrapper(...), colorSpace=None, contrast=1.0, depth=-7.0, fillColor='white', fillColorSpace='named', fillRGB=array([255., 255., 255.]), interpolate=True, lineColor='white', lineColorSpace='named', lineRGB=array([255., 255., 255.]), lineWidth=1, name='polygon_6', opacity=1.0, ori=array(0.), pos=array([-0.386  ,  0.19415]), size=array([1., 1.]), units='height', vertices=ndarray(...), win=Window(...))
7.1430 	EXP 	Created polygon_7 = Rect(__class__=<class 'psychopy.visual.rect.Rect'>, autoDraw=False, autoLog=True, closeShape=True, color=method-wrapper(...), colorSpace=None, contrast=1.0, depth=-8.0, fillColor='white', fillColorSpace='named', fillRGB=array([255., 255., 255.]), interpolate=True, lineColor='white', lineColorSpace='named', lineRGB=array([255., 255., 255.]), lineWidth=1, name='polygon_7', opacity=1.0, ori=array(0.), pos=array([-0.193  ,  0.19415]), size=array([1., 1.]), units='height', vertices=ndarray(...), win=Window(...))
7.1437 	EXP 	Created polygon_8 = Rect(__class__=<class 'psychopy.visual.rect.Rect'>, autoDraw=False, autoLog=True, closeShape=True, color=method-wrapper(...), colorSpace=None, contrast=1.0, depth=-9.0, fillColor='white', fillColorSpace='named', fillRGB=array([255., 255., 255.]), interpolate=True, lineColor='white', lineColorSpace='named', lineRGB=array([255., 255., 255.]), lineWidth=1, name='polygon_8', opacity=1.0, ori=array(0.), pos=array([0.     , 0.19415]), size=array([1., 1.]), units='height', vertices=ndarray(...), win=Window(...))
7.1444 	EXP 	Created polygon_9 = Rect(__class__=<class 'psychopy.visual.rect.Rect'>, autoDraw=False, autoLog=True, closeShape=True, color=method-wrapper(...), colorSpace=None, contrast=1.0, depth=-10.0, fillColor='white', fillColorSpace='named', fillRGB=array([255., 255., 255.]), interpolate=True, lineColor='white', lineColorSpace='named', lineRGB=array([255., 255., 255.]), lineWidth=1, name='polygon_9', opacity=1.0, ori=array(0.), pos=array([0.193  , 0.19415]), size=array([1., 1.]), units='height', vertices=ndarray(...), win=Window(...))
7.1451 	EXP 	Created polygon_10 = Rect(__class__=<class 'psychopy.visual.rect.Rect'>, autoDraw=False, autoLog=True, closeShape=True, color=method-wrapper(...), colorSpace=None, contrast=1.0, depth=-11.0, fillColor='white', fillColorSpace='named', fillRGB=array([255., 255., 255.]), interpolate=True, lineColor='white', lineColorSpace='named', lineRGB=array([255., 255., 255.]), lineWidth=1, name='polygon_10', opacity=1.0, ori=array(0.), pos=array([0.386  , 0.19415]), size=array([1., 1.]), units='height', vertices=ndarray(...), win=Window(...))
7.1458 	EXP 	Created polygon_11 = Rect(__class__=<class 'psychopy.visual.rect.Rect'>, autoDraw=False, autoLog=True, closeShape=True, color=method-wrapper(...), colorSpace=None, contrast=1.0, depth=-12.0, fillColor='white', fillColorSpace='named', fillRGB=array([255., 255., 255.]), interpolate=True, lineColor='white', lineColorSpace='named', lineRGB=array([255., 255., 255.]), lineWidth=1, name='polygon_11', opacity=1.0, ori=array(0.), pos=array([-0.386,  0.   ]), size=array([1., 1.]), units='height', vertices=ndarray(...), win=Window(...))
7.1465 	EXP 	Created polygon_12 = Rect(__class__=<class 'psychopy.visual.rect.Rect'>, autoDraw=False, autoLog=True, closeShape=True, color=method-wrapper(...), colorSpace=None, contrast=1.0, depth=-13.0, fillColor='white', fillColorSpace='named', fillRGB=array([255., 255., 255.]), interpolate=True, lineColor='white', lineColorSpace='named', lineRGB=array([255., 255., 255.]), lineWidth=1, name='polygon_12', opacity=1.0, ori=array(0.), pos=array([-0.193,  0.   ]), size=array([1., 1.]), units='height', vertices=ndarray(...), win=Window(...))
7.1471 	EXP 	Created polygon_13 = Rect(__class__=<class 'psychopy.visual.rect.Rect'>, autoDraw=False, autoLog=True, closeShape=True, color=method-wrapper(...), colorSpace=None, contrast=1.0, depth=-14.0, fillColor='white', fillColorSpace='named', fillRGB=array([255., 255., 255.]), interpolate=True, lineColor='white', lineColorSpace='named', lineRGB=array([255., 255., 255.]), lineWidth=1, name='polygon_13', opacity=1.0, ori=array(0.), pos=array([0., 0.]), size=array([1., 1.]), units='height', vertices=ndarray(...), win=Window(...))
7.1478 	EXP 	Created polygon_14 = Rect(__class__=<class 'psychopy.visual.rect.Rect'>, autoDraw=False, autoLog=True, closeShape=True, color=method-wrapper(...), colorSpace=None, contrast=1.0, depth=-15.0, fillColor='white', fillColorSpace='named', fillRGB=array([255., 255., 255.]), interpolate=True, lineColor='white', lineColorSpace='named', lineRGB=array([255., 255., 255.]), lineWidth=1, name='polygon_14', opacity=1.0, ori=array(0.), pos=array([0.193, 0.   ]), size=array([1., 1.]), units='height', vertices=ndarray(...), win=Window(...))
7.1486 	EXP 	Created polygon_15 = Rect(__class__=<class 'psychopy.visual.rect.Rect'>, autoDraw=False, autoLog=True, closeShape=True, color=method-wrapper(...), colorSpace=None, contrast=1.0, depth=-16.0, fillColor='white', fillColorSpace='named', fillRGB=array([255., 255., 255.]), interpolate=True, lineColor='white', lineColorSpace='named', lineRGB=array([255., 255., 255.]), lineWidth=1, name='polygon_15', opacity=1.0, ori=array(0.), pos=array([0.386, 0.   ]), size=array([1., 1.]), units='height', vertices=ndarray(...), win=Window(...))
7.1493 	EXP 	Created polygon_16 = Rect(__class__=<class 'psychopy.visual.rect.Rect'>, autoDraw=False, autoLog=True, closeShape=True, color=method-wrapper(...), colorSpace=None, contrast=1.0, depth=-17.0, fillColor='white', fillColorSpace='named', fillRGB=array([255., 255., 255.]), interpolate=True, lineColor='white', lineColorSpace='named', lineRGB=array([255., 255., 255.]), lineWidth=1, name='polygon_16', opacity=1.0, ori=array(0.), pos=array([-0.386  , -0.19415]), size=array([1., 1.]), units='height', vertices=ndarray(...), win=Window(...))
7.1500 	EXP 	Created polygon_17 = Rect(__class__=<class 'psychopy.visual.rect.Rect'>, autoDraw=False, autoLog=True, closeShape=True, color=method-wrapper(...), colorSpace=None, contrast=1.0, depth=-18.0, fillColor='white', fillColorSpace='named', fillRGB=array([255., 255., 255.]), interpolate=True, lineColor='white', lineColorSpace='named', lineRGB=array([255., 255., 255.]), lineWidth=1, name='polygon_17', opacity=1.0, ori=array(0.), pos=array([-0.193  , -0.19415]), size=array([1., 1.]), units='height', vertices=ndarray(...), win=Window(...))
7.1507 	EXP 	Created polygon_18 = Rect(__class__=<class 'psychopy.visual.rect.Rect'>, autoDraw=False, autoLog=True, closeShape=True, color=method-wrapper(...), colorSpace=None, contrast=1.0, depth=-19.0, fillColor='white', fillColorSpace='named', fillRGB=array([255., 255., 255.]), interpolate=True, lineColor='white', lineColorSpace='named', lineRGB=array([255., 255., 255.]), lineWidth=1, name='polygon_18', opacity=1.0, ori=array(0.), pos=array([ 0.     , -0.19415]), size=array([1., 1.]), units='height', vertices=ndarray(...), win=Window(...))
7.1514 	EXP 	Created polygon_19 = Rect(__class__=<class 'psychopy.visual.rect.Rect'>, autoDraw=False, autoLog=True, closeShape=True, color=method-wrapper(...), colorSpace=None, contrast=1.0, depth=-20.0, fillColor='white', fillColorSpace='named', fillRGB=array([255., 255., 255.]), interpolate=True, lineColor='white', lineColorSpace='named', lineRGB=array([255., 255., 255.]), lineWidth=1, name='polygon_19', opacity=1.0, ori=array(0.), pos=array([ 0.193  , -0.19415]), size=array([1., 1.]), units='height', vertices=ndarray(...), win=Window(...))
7.1521 	EXP 	Created polygon_20 = Rect(__class__=<class 'psychopy.visual.rect.Rect'>, autoDraw=False, autoLog=True, closeShape=True, color=method-wrapper(...), colorSpace=None, contrast=1.0, depth=-21.0, fillColor='white', fillColorSpace='named', fillRGB=array([255., 255., 255.]), interpolate=True, lineColor='white', lineColorSpace='named', lineRGB=array([255., 255., 255.]), lineWidth=1, name='polygon_20', opacity=1.0, ori=array(0.), pos=array([ 0.386  , -0.19415]), size=array([1., 1.]), units='height', vertices=ndarray(...), win=Window(...))
7.1528 	EXP 	Created polygon_21 = Rect(__class__=<class 'psychopy.visual.rect.Rect'>, autoDraw=False, autoLog=True, closeShape=True, color=method-wrapper(...), colorSpace=None, contrast=1.0, depth=-22.0, fillColor='white', fillColorSpace='named', fillRGB=array([255., 255., 255.]), interpolate=True, lineColor='white', lineColorSpace='named', lineRGB=array([255., 255., 255.]), lineWidth=1, name='polygon_21', opacity=1.0, ori=array(0.), pos=array([-0.386 , -0.3875]), size=array([1., 1.]), units='height', vertices=ndarray(...), win=Window(...))
7.1534 	EXP 	Created polygon_22 = Rect(__class__=<class 'psychopy.visual.rect.Rect'>, autoDraw=False, autoLog=True, closeShape=True, color=method-wrapper(...), colorSpace=None, contrast=1.0, depth=-23.0, fillColor='white', fillColorSpace='named', fillRGB=array([255., 255., 255.]), interpolate=True, lineColor='white', lineColorSpace='named', lineRGB=array([255., 255., 255.]), lineWidth=1, name='polygon_22', opacity=1.0, ori=array(0.), pos=array([-0.193 , -0.3875]), size=array([1., 1.]), units='height', vertices=ndarray(...), win=Window(...))
7.1541 	EXP 	Created polygon_23 = Rect(__class__=<class 'psychopy.visual.rect.Rect'>, autoDraw=False, autoLog=True, closeShape=True, color=method-wrapper(...), colorSpace=None, contrast=1.0, depth=-24.0, fillColor='white', fillColorSpace='named', fillRGB=array([255., 255., 255.]), interpolate=True, lineColor='white', lineColorSpace='named', lineRGB=array([255., 255., 255.]), lineWidth=1, name='polygon_23', opacity=1.0, ori=array(0.), pos=array([ 0.    , -0.3875]), size=array([1., 1.]), units='height', vertices=ndarray(...), win=Window(...))
7.1548 	EXP 	Created polygon_24 = Rect(__class__=<class 'psychopy.visual.rect.Rect'>, autoDraw=False, autoLog=True, closeShape=True, color=method-wrapper(...), colorSpace=None, contrast=1.0, depth=-25.0, fillColor='white', fillColorSpace='named', fillRGB=array([255., 255., 255.]), interpolate=True, lineColor='white', lineColorSpace='named', lineRGB=array([255., 255., 255.]), lineWidth=1, name='polygon_24', opacity=1.0, ori=array(0.), pos=array([ 0.193 , -0.3875]), size=array([1., 1.]), units='height', vertices=ndarray(...), win=Window(...))
7.1555 	EXP 	Created polygon_25 = Rect(__class__=<class 'psychopy.visual.rect.Rect'>, autoDraw=False, autoLog=True, closeShape=True, color=method-wrapper(...), colorSpace=None, contrast=1.0, depth=-26.0, fillColor='white', fillColorSpace='named', fillRGB=array([255., 255., 255.]), interpolate=True, lineColor='white', lineColorSpace='named', lineRGB=array([255., 255., 255.]), lineWidth=1, name='polygon_25', opacity=1.0, ori=array(0.), pos=array([ 0.386 , -0.3875]), size=array([1., 1.]), units='height', vertices=ndarray(...), win=Window(...))
7.1738 	EXP 	Created resp_cue = TextStim(__class__=<class 'psychopy.visual.text.TextStim'>, alignHoriz='center', alignVert='center', antialias=True, autoLog=True, bold=False, color='white', colorSpace='named', contrast=1.0, depth=-29.0, flipHoriz=False, flipVert=False, font='Arial', fontFiles=[], height=0.05, italic=False, languageStyle='LTR', name='resp_cue', opacity=1.0, ori=0, pos=array([0.45, 0.6 ]), rgb=array([255., 255., 255.]), text='SPACE\nTo\nSubmit', units='height', win=Window(...), wrapWidth=1)
7.1772 	EXP 	Created rdy_txt = TextStim(__class__=<class 'psychopy.visual.text.TextStim'>, alignHoriz='center', alignVert='center', antialias=True, autoLog=True, bold=False, color='white', colorSpace='named', contrast=1.0, depth=0.0, flipHoriz=False, flipVert=False, font='Arial', fontFiles=[], height=0.05, italic=False, languageStyle='LTR', name='rdy_txt', opacity=1.0, ori=0, pos=array([0., 0.]), rgb=array([255., 255., 255.]), text='default text', units='height', win=Window(...), wrapWidth=1)
7.2118 	EXP 	Created thx_text = TextStim(__class__=<class 'psychopy.visual.text.TextStim'>, alignHoriz='center', alignVert='center', antialias=True, autoLog=True, bold=False, color='white', colorSpace='named', contrast=1.0, depth=0.0, flipHoriz=False, flipVert=False, font='Arial', fontFiles=[], height=0.05, italic=False, languageStyle='LTR', name='thx_text', opacity=1.0, ori=0, pos=array([0., 0.]), rgb=array([255., 255., 255.]), text=str(...), units='height', win=Window(...), wrapWidth=1)
7.2393 	EXP 	Imported BLS_Instructions.xlsx as conditions, 5 conditions, 3 params
7.2395 	EXP 	Created sequence: sequential, trialTypes=5, nReps=1, seed=None
7.2398 	EXP 	New trial (rep=0, index=0): OrderedDict([('index', 0), ('instr_txt', 'On this task, you will see a grid and some squares.\n\nSquares will appear on the grid one-by-one.\n\nRemember WHERE the squares appear.'), ('cont_txt', 'Press SPACE for more instructions.')])
7.3544 	EXP 	instr_text: text = 'On this task, you will see a grid and some squares.\n\nSquares will appear on the grid one-by-one.\n\nRemember WHERE the squares appear.'
7.3544 	EXP 	cont_text: text = 'Press SPACE for more instructions.'
7.3544 	EXP 	instr_text: autoDraw = True
7.3544 	EXP 	cont_text: autoDraw = True
15.0589 	EXP 	New trial (rep=0, index=1): OrderedDict([('index', 1), ('instr_txt', 'When you have seen all the squares,\n\nClick where you saw the squares \n\nIn REVERSE ORDER. '), ('cont_txt', 'Press SPACE for more instructions.')])
15.0995 	DATA 	Keypress: space
15.1046 	EXP 	instr_text: autoDraw = False
15.1046 	EXP 	cont_text: autoDraw = False
15.1046 	EXP 	instr_text: text = 'When you have seen all the squares,\n\nClick where you saw the squares \n\nIn REVERSE ORDER. '
15.1046 	EXP 	cont_text: text = 'Press SPACE for more instructions.'
15.1046 	EXP 	instr_text: autoDraw = True
15.1046 	EXP 	cont_text: autoDraw = True
25.6425 	DATA 	Keypress: space
25.6587 	EXP 	New trial (rep=0, index=2): OrderedDict([('index', 2), ('instr_txt', 'So, if there are 2 squares…\n\nClick the second box, then the first box.'), ('cont_txt', 'Press SPACE for more instructions.')])
25.7041 	EXP 	instr_text: autoDraw = False
25.7041 	EXP 	cont_text: autoDraw = False
25.7041 	EXP 	instr_text: text = 'So, if there are 2 squares…\n\nClick the second box, then the first box.'
25.7041 	EXP 	cont_text: text = 'Press SPACE for more instructions.'
25.7041 	EXP 	instr_text: autoDraw = True
25.7041 	EXP 	cont_text: autoDraw = True
27.0107 	DATA 	Keypress: space
27.0252 	EXP 	New trial (rep=0, index=3): OrderedDict([('index', 3), ('instr_txt', 'Again, click the squares in reverse order.\n\nThen press SPACE to submit your answer.'), ('cont_txt', 'Press SPACE for more instructions.')])
27.0708 	EXP 	instr_text: autoDraw = False
27.0708 	EXP 	cont_text: autoDraw = False
27.0708 	EXP 	instr_text: text = 'Again, click the squares in reverse order.\n\nThen press SPACE to submit your answer.'
27.0708 	EXP 	cont_text: text = 'Press SPACE for more instructions.'
27.0708 	EXP 	instr_text: autoDraw = True
27.0708 	EXP 	cont_text: autoDraw = True
28.0088 	EXP 	New trial (rep=0, index=4): OrderedDict([('index', 4), ('instr_txt', 'These first trials will have 2 squares each.'), ('cont_txt', 'Press SPACE to begin.')])
28.0373 	DATA 	Keypress: space
28.0540 	EXP 	instr_text: autoDraw = False
28.0540 	EXP 	cont_text: autoDraw = False
28.0540 	EXP 	instr_text: text = 'These first trials will have 2 squares each.'
28.0540 	EXP 	cont_text: text = 'Press SPACE to begin.'
28.0540 	EXP 	instr_text: autoDraw = True
28.0540 	EXP 	cont_text: autoDraw = True
31.4425 	DATA 	Keypress: space
31.4675 	EXP 	Imported BLS_Trials.xlsx as conditions, 32 conditions, 5 params
31.4677 	EXP 	Created sequence: sequential, trialTypes=32, nReps=1, seed=None
31.4680 	EXP 	New trial (rep=0, index=0): OrderedDict([('Running_Trial_Num', 1), ('trial_length', 2), ('rows', '0, 1'), ('correct_seq', ['polygon_18', 'polygon_10']), ('rdy_msg', 'Press SPACE to begin the next trial.')])
31.4877 	EXP 	Imported BLS_Stimuli.xlsx as conditions, 2 conditions, 6 params
31.4879 	EXP 	Created sequence: sequential, trialTypes=2, nReps=1, seed=None
31.4881 	EXP 	New trial (rep=0, index=0): OrderedDict([('span', 2), ('trial', 1), ('stimulus', 1), ('square', 10), ('location', [0.39, 0.195]), ('correct', 18)])
31.5205 	EXP 	instr_text: autoDraw = False
31.5205 	EXP 	cont_text: autoDraw = False
31.5205 	EXP 	Square: pos = array([0.39 , 0.195])
31.5205 	EXP 	Grid: autoDraw = True
31.5205 	EXP 	Square: autoDraw = True
32.9705 	EXP 	New trial (rep=0, index=1): OrderedDict([('span', 2), ('trial', 1), ('stimulus', 2), ('square', 18), ('location', [0, -0.195]), ('correct', 10)])
32.9869 	EXP 	Grid: autoDraw = False
32.9869 	EXP 	Square: autoDraw = False
32.9869 	EXP 	Square: pos = array([ 0.   , -0.195])
32.9869 	EXP 	Grid: autoDraw = True
32.9869 	EXP 	Square: autoDraw = True
34.5036 	EXP 	Grid: autoDraw = False
34.5036 	EXP 	Square: autoDraw = False
34.5036 	EXP 	polygon: fillColor = 'white'
34.5036 	EXP 	polygon: lineColor = 'white'
34.5036 	EXP 	polygon: color = 'white'
34.5036 	EXP 	polygon_2: fillColor = 'white'
34.5036 	EXP 	polygon_2: lineColor = 'white'
34.5036 	EXP 	polygon_2: color = 'white'
34.5036 	EXP 	polygon_3: fillColor = 'white'
34.5036 	EXP 	polygon_3: lineColor = 'white'
34.5036 	EXP 	polygon_3: color = 'white'
34.5036 	EXP 	polygon_4: fillColor = 'white'
34.5036 	EXP 	polygon_4: lineColor = 'white'
34.5036 	EXP 	polygon_4: color = 'white'
34.5036 	EXP 	polygon_5: fillColor = 'white'
34.5036 	EXP 	polygon_5: lineColor = 'white'
34.5036 	EXP 	polygon_5: color = 'white'
34.5036 	EXP 	polygon_6: fillColor = 'white'
34.5036 	EXP 	polygon_6: lineColor = 'white'
34.5036 	EXP 	polygon_6: color = 'white'
34.5036 	EXP 	polygon_7: fillColor = 'white'
34.5036 	EXP 	polygon_7: lineColor = 'white'
34.5036 	EXP 	polygon_7: color = 'white'
34.5036 	EXP 	polygon_8: fillColor = 'white'
34.5036 	EXP 	polygon_8: lineColor = 'white'
34.5036 	EXP 	polygon_8: color = 'white'
34.5036 	EXP 	polygon_9: fillColor = 'white'
34.5036 	EXP 	polygon_9: lineColor = 'white'
34.5036 	EXP 	polygon_9: color = 'white'
34.5036 	EXP 	polygon_10: fillColor = 'white'
34.5036 	EXP 	polygon_10: lineColor = 'white'
34.5036 	EXP 	polygon_10: color = 'white'
34.5036 	EXP 	polygon_11: fillColor = 'white'
34.5036 	EXP 	polygon_11: lineColor = 'white'
34.5036 	EXP 	polygon_11: color = 'white'
34.5036 	EXP 	polygon_12: fillColor = 'white'
34.5036 	EXP 	polygon_12: lineColor = 'white'
34.5036 	EXP 	polygon_12: color = 'white'
34.5036 	EXP 	polygon_13: fillColor = 'white'
34.5036 	EXP 	polygon_13: lineColor = 'white'
34.5036 	EXP 	polygon_13: color = 'white'
34.5036 	EXP 	polygon_14: fillColor = 'white'
34.5036 	EXP 	polygon_14: lineColor = 'white'
34.5036 	EXP 	polygon_14: color = 'white'
34.5036 	EXP 	polygon_15: fillColor = 'white'
34.5036 	EXP 	polygon_15: lineColor = 'white'
34.5036 	EXP 	polygon_15: color = 'white'
34.5036 	EXP 	polygon_16: fillColor = 'white'
34.5036 	EXP 	polygon_16: lineColor = 'white'
34.5036 	EXP 	polygon_16: color = 'white'
34.5036 	EXP 	polygon_17: fillColor = 'white'
34.5036 	EXP 	polygon_17: lineColor = 'white'
34.5036 	EXP 	polygon_17: color = 'white'
34.5036 	EXP 	polygon_18: fillColor = 'white'
34.5036 	EXP 	polygon_18: lineColor = 'white'
34.5036 	EXP 	polygon_18: color = 'white'
34.5036 	EXP 	polygon_19: fillColor = 'white'
34.5036 	EXP 	polygon_19: lineColor = 'white'
34.5036 	EXP 	polygon_19: color = 'white'
34.5036 	EXP 	polygon_20: fillColor = 'white'
34.5036 	EXP 	polygon_20: lineColor = 'white'
34.5036 	EXP 	polygon_20: color = 'white'
34.5036 	EXP 	polygon_21: fillColor = 'white'
34.5036 	EXP 	polygon_21: lineColor = 'white'
34.5036 	EXP 	polygon_21: color = 'white'
34.5036 	EXP 	polygon_22: fillColor = 'white'
34.5036 	EXP 	polygon_22: lineColor = 'white'
34.5036 	EXP 	polygon_22: color = 'white'
34.5036 	EXP 	polygon_23: fillColor = 'white'
34.5036 	EXP 	polygon_23: lineColor = 'white'
34.5036 	EXP 	polygon_23: color = 'white'
34.5036 	EXP 	polygon_24: fillColor = 'white'
34.5036 	EXP 	polygon_24: lineColor = 'white'
34.5036 	EXP 	polygon_24: color = 'white'
34.5036 	EXP 	polygon_25: fillColor = 'white'
34.5036 	EXP 	polygon_25: lineColor = 'white'
34.5036 	EXP 	polygon_25: color = 'white'
34.5036 	EXP 	grid: autoDraw = True
34.5036 	EXP 	polygon: autoDraw = True
34.5036 	EXP 	polygon_2: autoDraw = True
34.5036 	EXP 	polygon_3: autoDraw = True
34.5036 	EXP 	polygon_4: autoDraw = True
34.5036 	EXP 	polygon_5: autoDraw = True
34.5036 	EXP 	polygon_6: autoDraw = True
34.5036 	EXP 	polygon_7: autoDraw = True
34.5036 	EXP 	polygon_8: autoDraw = True
34.5036 	EXP 	polygon_9: autoDraw = True
34.5036 	EXP 	polygon_10: autoDraw = True
34.5036 	EXP 	polygon_11: autoDraw = True
34.5036 	EXP 	polygon_12: autoDraw = True
34.5036 	EXP 	polygon_13: autoDraw = True
34.5036 	EXP 	polygon_14: autoDraw = True
34.5036 	EXP 	polygon_15: autoDraw = True
34.5036 	EXP 	polygon_16: autoDraw = True
34.5036 	EXP 	polygon_17: autoDraw = True
34.5036 	EXP 	polygon_18: autoDraw = True
34.5036 	EXP 	polygon_19: autoDraw = True
34.5036 	EXP 	polygon_20: autoDraw = True
34.5036 	EXP 	polygon_21: autoDraw = True
34.5036 	EXP 	polygon_22: autoDraw = True
34.5036 	EXP 	polygon_23: autoDraw = True
34.5036 	EXP 	polygon_24: autoDraw = True
34.5036 	EXP 	polygon_25: autoDraw = True
44.4703 	EXP 	resp_cue: autoDraw = True
47.7882 	DATA 	Keypress: escape
47.9955 	EXP 	window1: mouseVisible = True
