6.4552 	WARNING 	User requested fullscreen with size [1440  900], but screen is actually [2880, 1800]. Using actual size
7.4609 	EXP 	Created window1 = Window(allowGUI=False, allowStencil=False, args=UNKNOWN, autoLog=True, bitsMode=UNKNOWN, blendMode='avg', color=array([0., 0., 0.]), colorSpace='hsv', fullscr=<method-wrapper '__getattribute__' of attributeSetter object at 0x00000203D1859630>, gamma=None, gammaErrorPolicy='raise', kwargs=UNKNOWN, lms=UNKNOWN, monitor=<psychopy.monitors.calibTools.Monitor object at 0x00000203D165E7B8>, multiSample=False, name='window1', numSamples=2, pos=[0.0, 0.0], screen=0, size=array([2880, 1800]), stereo=False, units='height', useFBO=True, useRetina=False, viewOri=0.0, viewPos=None, viewScale=None, waitBlanking=True, winType='pyglet')
7.4609 	EXP 	window1: recordFrameIntervals = False
7.6272 	EXP 	window1: recordFrameIntervals = True
7.8107 	EXP 	window1: recordFrameIntervals = False
8.0362 	EXP 	Created grid = ImageStim(__class__=<class 'psychopy.visual.image.ImageStim'>, autoLog=True, color=array([1., 1., 1.]), colorSpace='rgb', contrast=1.0, depth=0.0, flipHoriz=False, flipVert=False, image='Blank Grid.jpg', interpolate=True, mask=None, maskParams=None, name='grid', opacity=1.0, ori=0.0, pos=array([0., 0.]), size=array([1., 1.]), texRes=128, units='height', win=Window(...))
8.0385 	EXP 	Created polygon = Rect(__class__=<class 'psychopy.visual.rect.Rect'>, autoDraw=False, autoLog=True, closeShape=True, color=method-wrapper(...), colorSpace=None, contrast=1.0, depth=-2.0, fillColor='white', fillColorSpace='named', fillRGB=array([255., 255., 255.]), interpolate=True, lineColor='white', lineColorSpace='named', lineRGB=array([255., 255., 255.]), lineWidth=1, name='polygon', opacity=1.0, ori=array(0.), pos=array([-0.386 ,  0.3875]), size=array([1., 1.]), units='height', vertices=ndarray(...), win=Window(...))
8.0393 	EXP 	Created polygon_2 = Rect(__class__=<class 'psychopy.visual.rect.Rect'>, autoDraw=False, autoLog=True, closeShape=True, color=method-wrapper(...), colorSpace=None, contrast=1.0, depth=-3.0, fillColor='white', fillColorSpace='named', fillRGB=array([255., 255., 255.]), interpolate=True, lineColor='white', lineColorSpace='named', lineRGB=array([255., 255., 255.]), lineWidth=1, name='polygon_2', opacity=1.0, ori=array(0.), pos=array([-0.193 ,  0.3875]), size=array([1., 1.]), units='height', vertices=ndarray(...), win=Window(...))
8.0400 	EXP 	Created polygon_3 = Rect(__class__=<class 'psychopy.visual.rect.Rect'>, autoDraw=False, autoLog=True, closeShape=True, color=method-wrapper(...), colorSpace=None, contrast=1.0, depth=-4.0, fillColor='white', fillColorSpace='named', fillRGB=array([255., 255., 255.]), interpolate=True, lineColor='white', lineColorSpace='named', lineRGB=array([255., 255., 255.]), lineWidth=1, name='polygon_3', opacity=1.0, ori=array(0.), pos=array([0.    , 0.3875]), size=array([1., 1.]), units='height', vertices=ndarray(...), win=Window(...))
8.0407 	EXP 	Created polygon_4 = Rect(__class__=<class 'psychopy.visual.rect.Rect'>, autoDraw=False, autoLog=True, closeShape=True, color=method-wrapper(...), colorSpace=None, contrast=1.0, depth=-5.0, fillColor='white', fillColorSpace='named', fillRGB=array([255., 255., 255.]), interpolate=True, lineColor='white', lineColorSpace='named', lineRGB=array([255., 255., 255.]), lineWidth=1, name='polygon_4', opacity=1.0, ori=array(0.), pos=array([0.193 , 0.3875]), size=array([1., 1.]), units='height', vertices=ndarray(...), win=Window(...))
8.0414 	EXP 	Created polygon_5 = Rect(__class__=<class 'psychopy.visual.rect.Rect'>, autoDraw=False, autoLog=True, closeShape=True, color=method-wrapper(...), colorSpace=None, contrast=1.0, depth=-6.0, fillColor='white', fillColorSpace='named', fillRGB=array([255., 255., 255.]), interpolate=True, lineColor='white', lineColorSpace='named', lineRGB=array([255., 255., 255.]), lineWidth=1, name='polygon_5', opacity=1.0, ori=array(0.), pos=array([0.386 , 0.3875]), size=array([1., 1.]), units='height', vertices=ndarray(...), win=Window(...))
8.0421 	EXP 	Created polygon_6 = Rect(__class__=<class 'psychopy.visual.rect.Rect'>, autoDraw=False, autoLog=True, closeShape=True, color=method-wrapper(...), colorSpace=None, contrast=1.0, depth=-7.0, fillColor='white', fillColorSpace='named', fillRGB=array([255., 255., 255.]), interpolate=True, lineColor='white', lineColorSpace='named', lineRGB=array([255., 255., 255.]), lineWidth=1, name='polygon_6', opacity=1.0, ori=array(0.), pos=array([-0.386  ,  0.19415]), size=array([1., 1.]), units='height', vertices=ndarray(...), win=Window(...))
8.0428 	EXP 	Created polygon_7 = Rect(__class__=<class 'psychopy.visual.rect.Rect'>, autoDraw=False, autoLog=True, closeShape=True, color=method-wrapper(...), colorSpace=None, contrast=1.0, depth=-8.0, fillColor='white', fillColorSpace='named', fillRGB=array([255., 255., 255.]), interpolate=True, lineColor='white', lineColorSpace='named', lineRGB=array([255., 255., 255.]), lineWidth=1, name='polygon_7', opacity=1.0, ori=array(0.), pos=array([-0.193  ,  0.19415]), size=array([1., 1.]), units='height', vertices=ndarray(...), win=Window(...))
8.0435 	EXP 	Created polygon_8 = Rect(__class__=<class 'psychopy.visual.rect.Rect'>, autoDraw=False, autoLog=True, closeShape=True, color=method-wrapper(...), colorSpace=None, contrast=1.0, depth=-9.0, fillColor='white', fillColorSpace='named', fillRGB=array([255., 255., 255.]), interpolate=True, lineColor='white', lineColorSpace='named', lineRGB=array([255., 255., 255.]), lineWidth=1, name='polygon_8', opacity=1.0, ori=array(0.), pos=array([0.     , 0.19415]), size=array([1., 1.]), units='height', vertices=ndarray(...), win=Window(...))
8.0443 	EXP 	Created polygon_9 = Rect(__class__=<class 'psychopy.visual.rect.Rect'>, autoDraw=False, autoLog=True, closeShape=True, color=method-wrapper(...), colorSpace=None, contrast=1.0, depth=-10.0, fillColor='white', fillColorSpace='named', fillRGB=array([255., 255., 255.]), interpolate=True, lineColor='white', lineColorSpace='named', lineRGB=array([255., 255., 255.]), lineWidth=1, name='polygon_9', opacity=1.0, ori=array(0.), pos=array([0.193  , 0.19415]), size=array([1., 1.]), units='height', vertices=ndarray(...), win=Window(...))
8.0450 	EXP 	Created polygon_10 = Rect(__class__=<class 'psychopy.visual.rect.Rect'>, autoDraw=False, autoLog=True, closeShape=True, color=method-wrapper(...), colorSpace=None, contrast=1.0, depth=-11.0, fillColor='white', fillColorSpace='named', fillRGB=array([255., 255., 255.]), interpolate=True, lineColor='white', lineColorSpace='named', lineRGB=array([255., 255., 255.]), lineWidth=1, name='polygon_10', opacity=1.0, ori=array(0.), pos=array([0.386  , 0.19415]), size=array([1., 1.]), units='height', vertices=ndarray(...), win=Window(...))
8.0457 	EXP 	Created polygon_11 = Rect(__class__=<class 'psychopy.visual.rect.Rect'>, autoDraw=False, autoLog=True, closeShape=True, color=method-wrapper(...), colorSpace=None, contrast=1.0, depth=-12.0, fillColor='white', fillColorSpace='named', fillRGB=array([255., 255., 255.]), interpolate=True, lineColor='white', lineColorSpace='named', lineRGB=array([255., 255., 255.]), lineWidth=1, name='polygon_11', opacity=1.0, ori=array(0.), pos=array([-0.386,  0.   ]), size=array([1., 1.]), units='height', vertices=ndarray(...), win=Window(...))
8.0464 	EXP 	Created polygon_12 = Rect(__class__=<class 'psychopy.visual.rect.Rect'>, autoDraw=False, autoLog=True, closeShape=True, color=method-wrapper(...), colorSpace=None, contrast=1.0, depth=-13.0, fillColor='white', fillColorSpace='named', fillRGB=array([255., 255., 255.]), interpolate=True, lineColor='white', lineColorSpace='named', lineRGB=array([255., 255., 255.]), lineWidth=1, name='polygon_12', opacity=1.0, ori=array(0.), pos=array([-0.193,  0.   ]), size=array([1., 1.]), units='height', vertices=ndarray(...), win=Window(...))
8.0471 	EXP 	Created polygon_13 = Rect(__class__=<class 'psychopy.visual.rect.Rect'>, autoDraw=False, autoLog=True, closeShape=True, color=method-wrapper(...), colorSpace=None, contrast=1.0, depth=-14.0, fillColor='white', fillColorSpace='named', fillRGB=array([255., 255., 255.]), interpolate=True, lineColor='white', lineColorSpace='named', lineRGB=array([255., 255., 255.]), lineWidth=1, name='polygon_13', opacity=1.0, ori=array(0.), pos=array([0., 0.]), size=array([1., 1.]), units='height', vertices=ndarray(...), win=Window(...))
8.0478 	EXP 	Created polygon_14 = Rect(__class__=<class 'psychopy.visual.rect.Rect'>, autoDraw=False, autoLog=True, closeShape=True, color=method-wrapper(...), colorSpace=None, contrast=1.0, depth=-15.0, fillColor='white', fillColorSpace='named', fillRGB=array([255., 255., 255.]), interpolate=True, lineColor='white', lineColorSpace='named', lineRGB=array([255., 255., 255.]), lineWidth=1, name='polygon_14', opacity=1.0, ori=array(0.), pos=array([0.193, 0.   ]), size=array([1., 1.]), units='height', vertices=ndarray(...), win=Window(...))
8.0485 	EXP 	Created polygon_15 = Rect(__class__=<class 'psychopy.visual.rect.Rect'>, autoDraw=False, autoLog=True, closeShape=True, color=method-wrapper(...), colorSpace=None, contrast=1.0, depth=-16.0, fillColor='white', fillColorSpace='named', fillRGB=array([255., 255., 255.]), interpolate=True, lineColor='white', lineColorSpace='named', lineRGB=array([255., 255., 255.]), lineWidth=1, name='polygon_15', opacity=1.0, ori=array(0.), pos=array([0.386, 0.   ]), size=array([1., 1.]), units='height', vertices=ndarray(...), win=Window(...))
8.0492 	EXP 	Created polygon_16 = Rect(__class__=<class 'psychopy.visual.rect.Rect'>, autoDraw=False, autoLog=True, closeShape=True, color=method-wrapper(...), colorSpace=None, contrast=1.0, depth=-17.0, fillColor='white', fillColorSpace='named', fillRGB=array([255., 255., 255.]), interpolate=True, lineColor='white', lineColorSpace='named', lineRGB=array([255., 255., 255.]), lineWidth=1, name='polygon_16', opacity=1.0, ori=array(0.), pos=array([-0.386  , -0.19415]), size=array([1., 1.]), units='height', vertices=ndarray(...), win=Window(...))
8.0499 	EXP 	Created polygon_17 = Rect(__class__=<class 'psychopy.visual.rect.Rect'>, autoDraw=False, autoLog=True, closeShape=True, color=method-wrapper(...), colorSpace=None, contrast=1.0, depth=-18.0, fillColor='white', fillColorSpace='named', fillRGB=array([255., 255., 255.]), interpolate=True, lineColor='white', lineColorSpace='named', lineRGB=array([255., 255., 255.]), lineWidth=1, name='polygon_17', opacity=1.0, ori=array(0.), pos=array([-0.193  , -0.19415]), size=array([1., 1.]), units='height', vertices=ndarray(...), win=Window(...))
8.0505 	EXP 	Created polygon_18 = Rect(__class__=<class 'psychopy.visual.rect.Rect'>, autoDraw=False, autoLog=True, closeShape=True, color=method-wrapper(...), colorSpace=None, contrast=1.0, depth=-19.0, fillColor='white', fillColorSpace='named', fillRGB=array([255., 255., 255.]), interpolate=True, lineColor='white', lineColorSpace='named', lineRGB=array([255., 255., 255.]), lineWidth=1, name='polygon_18', opacity=1.0, ori=array(0.), pos=array([ 0.     , -0.19415]), size=array([1., 1.]), units='height', vertices=ndarray(...), win=Window(...))
8.0512 	EXP 	Created polygon_19 = Rect(__class__=<class 'psychopy.visual.rect.Rect'>, autoDraw=False, autoLog=True, closeShape=True, color=method-wrapper(...), colorSpace=None, contrast=1.0, depth=-20.0, fillColor='white', fillColorSpace='named', fillRGB=array([255., 255., 255.]), interpolate=True, lineColor='white', lineColorSpace='named', lineRGB=array([255., 255., 255.]), lineWidth=1, name='polygon_19', opacity=1.0, ori=array(0.), pos=array([ 0.193  , -0.19415]), size=array([1., 1.]), units='height', vertices=ndarray(...), win=Window(...))
8.0519 	EXP 	Created polygon_20 = Rect(__class__=<class 'psychopy.visual.rect.Rect'>, autoDraw=False, autoLog=True, closeShape=True, color=method-wrapper(...), colorSpace=None, contrast=1.0, depth=-21.0, fillColor='white', fillColorSpace='named', fillRGB=array([255., 255., 255.]), interpolate=True, lineColor='white', lineColorSpace='named', lineRGB=array([255., 255., 255.]), lineWidth=1, name='polygon_20', opacity=1.0, ori=array(0.), pos=array([ 0.386  , -0.19415]), size=array([1., 1.]), units='height', vertices=ndarray(...), win=Window(...))
8.0526 	EXP 	Created polygon_21 = Rect(__class__=<class 'psychopy.visual.rect.Rect'>, autoDraw=False, autoLog=True, closeShape=True, color=method-wrapper(...), colorSpace=None, contrast=1.0, depth=-22.0, fillColor='white', fillColorSpace='named', fillRGB=array([255., 255., 255.]), interpolate=True, lineColor='white', lineColorSpace='named', lineRGB=array([255., 255., 255.]), lineWidth=1, name='polygon_21', opacity=1.0, ori=array(0.), pos=array([-0.386 , -0.3875]), size=array([1., 1.]), units='height', vertices=ndarray(...), win=Window(...))
8.0533 	EXP 	Created polygon_22 = Rect(__class__=<class 'psychopy.visual.rect.Rect'>, autoDraw=False, autoLog=True, closeShape=True, color=method-wrapper(...), colorSpace=None, contrast=1.0, depth=-23.0, fillColor='white', fillColorSpace='named', fillRGB=array([255., 255., 255.]), interpolate=True, lineColor='white', lineColorSpace='named', lineRGB=array([255., 255., 255.]), lineWidth=1, name='polygon_22', opacity=1.0, ori=array(0.), pos=array([-0.193 , -0.3875]), size=array([1., 1.]), units='height', vertices=ndarray(...), win=Window(...))
8.0540 	EXP 	Created polygon_23 = Rect(__class__=<class 'psychopy.visual.rect.Rect'>, autoDraw=False, autoLog=True, closeShape=True, color=method-wrapper(...), colorSpace=None, contrast=1.0, depth=-24.0, fillColor='white', fillColorSpace='named', fillRGB=array([255., 255., 255.]), interpolate=True, lineColor='white', lineColorSpace='named', lineRGB=array([255., 255., 255.]), lineWidth=1, name='polygon_23', opacity=1.0, ori=array(0.), pos=array([ 0.    , -0.3875]), size=array([1., 1.]), units='height', vertices=ndarray(...), win=Window(...))
8.0547 	EXP 	Created polygon_24 = Rect(__class__=<class 'psychopy.visual.rect.Rect'>, autoDraw=False, autoLog=True, closeShape=True, color=method-wrapper(...), colorSpace=None, contrast=1.0, depth=-25.0, fillColor='white', fillColorSpace='named', fillRGB=array([255., 255., 255.]), interpolate=True, lineColor='white', lineColorSpace='named', lineRGB=array([255., 255., 255.]), lineWidth=1, name='polygon_24', opacity=1.0, ori=array(0.), pos=array([ 0.193 , -0.3875]), size=array([1., 1.]), units='height', vertices=ndarray(...), win=Window(...))
8.0554 	EXP 	Created polygon_25 = Rect(__class__=<class 'psychopy.visual.rect.Rect'>, autoDraw=False, autoLog=True, closeShape=True, color=method-wrapper(...), colorSpace=None, contrast=1.0, depth=-26.0, fillColor='white', fillColorSpace='named', fillRGB=array([255., 255., 255.]), interpolate=True, lineColor='white', lineColorSpace='named', lineRGB=array([255., 255., 255.]), lineWidth=1, name='polygon_25', opacity=1.0, ori=array(0.), pos=array([ 0.386 , -0.3875]), size=array([1., 1.]), units='height', vertices=ndarray(...), win=Window(...))
8.1709 	EXP 	Created thx_txt = TextStim(__class__=<class 'psychopy.visual.text.TextStim'>, alignHoriz='center', alignVert='center', antialias=True, autoLog=True, bold=False, color='white', colorSpace='named', contrast=1.0, depth=0.0, flipHoriz=False, flipVert=False, font='Arial', fontFiles=[], height=0.05, italic=False, languageStyle='LTR', name='thx_txt', opacity=1.0, ori=0, pos=array([0., 0.]), rgb=array([255., 255., 255.]), text='Good work! \n\nYou have completed this task.', units='height', win=Window(...), wrapWidth=1)
8.2020 	EXP 	Imported BLS_Trial_Picker.xlsx as conditions, 32 conditions, 4 params
8.2023 	EXP 	Created sequence: sequential, trialTypes=32, nReps=1, seed=None
8.2025 	EXP 	New trial (rep=0, index=0): OrderedDict([('Running_Trial_Num', 1), ('trial_length', 2), ('rows', '0, 1'), ('correct_seq', ['polygon_18', 'polygon_10'])])
8.2938 	EXP 	polygon: fillColor = 'white'
8.2938 	EXP 	polygon: lineColor = 'white'
8.2938 	EXP 	polygon: color = 'white'
8.2938 	EXP 	polygon_2: fillColor = 'white'
8.2938 	EXP 	polygon_2: lineColor = 'white'
8.2938 	EXP 	polygon_2: color = 'white'
8.2938 	EXP 	polygon_3: fillColor = 'white'
8.2938 	EXP 	polygon_3: lineColor = 'white'
8.2938 	EXP 	polygon_3: color = 'white'
8.2938 	EXP 	polygon_4: fillColor = 'white'
8.2938 	EXP 	polygon_4: lineColor = 'white'
8.2938 	EXP 	polygon_4: color = 'white'
8.2938 	EXP 	polygon_5: fillColor = 'white'
8.2938 	EXP 	polygon_5: lineColor = 'white'
8.2938 	EXP 	polygon_5: color = 'white'
8.2938 	EXP 	polygon_6: fillColor = 'white'
8.2938 	EXP 	polygon_6: lineColor = 'white'
8.2938 	EXP 	polygon_6: color = 'white'
8.2938 	EXP 	polygon_7: fillColor = 'white'
8.2938 	EXP 	polygon_7: lineColor = 'white'
8.2938 	EXP 	polygon_7: color = 'white'
8.2938 	EXP 	polygon_8: fillColor = 'white'
8.2938 	EXP 	polygon_8: lineColor = 'white'
8.2938 	EXP 	polygon_8: color = 'white'
8.2938 	EXP 	polygon_9: fillColor = 'white'
8.2938 	EXP 	polygon_9: lineColor = 'white'
8.2938 	EXP 	polygon_9: color = 'white'
8.2938 	EXP 	polygon_10: fillColor = 'white'
8.2938 	EXP 	polygon_10: lineColor = 'white'
8.2938 	EXP 	polygon_10: color = 'white'
8.2938 	EXP 	polygon_11: fillColor = 'white'
8.2938 	EXP 	polygon_11: lineColor = 'white'
8.2938 	EXP 	polygon_11: color = 'white'
8.2938 	EXP 	polygon_12: fillColor = 'white'
8.2938 	EXP 	polygon_12: lineColor = 'white'
8.2938 	EXP 	polygon_12: color = 'white'
8.2938 	EXP 	polygon_13: fillColor = 'white'
8.2938 	EXP 	polygon_13: lineColor = 'white'
8.2938 	EXP 	polygon_13: color = 'white'
8.2938 	EXP 	polygon_14: fillColor = 'white'
8.2938 	EXP 	polygon_14: lineColor = 'white'
8.2938 	EXP 	polygon_14: color = 'white'
8.2938 	EXP 	polygon_15: fillColor = 'white'
8.2938 	EXP 	polygon_15: lineColor = 'white'
8.2938 	EXP 	polygon_15: color = 'white'
8.2938 	EXP 	polygon_16: fillColor = 'white'
8.2938 	EXP 	polygon_16: lineColor = 'white'
8.2938 	EXP 	polygon_16: color = 'white'
8.2938 	EXP 	polygon_17: fillColor = 'white'
8.2938 	EXP 	polygon_17: lineColor = 'white'
8.2938 	EXP 	polygon_17: color = 'white'
8.2938 	EXP 	polygon_18: fillColor = 'white'
8.2938 	EXP 	polygon_18: lineColor = 'white'
8.2938 	EXP 	polygon_18: color = 'white'
8.2938 	EXP 	polygon_19: fillColor = 'white'
8.2938 	EXP 	polygon_19: lineColor = 'white'
8.2938 	EXP 	polygon_19: color = 'white'
8.2938 	EXP 	polygon_20: fillColor = 'white'
8.2938 	EXP 	polygon_20: lineColor = 'white'
8.2938 	EXP 	polygon_20: color = 'white'
8.2938 	EXP 	polygon_21: fillColor = 'white'
8.2938 	EXP 	polygon_21: lineColor = 'white'
8.2938 	EXP 	polygon_21: color = 'white'
8.2938 	EXP 	polygon_22: fillColor = 'white'
8.2938 	EXP 	polygon_22: lineColor = 'white'
8.2938 	EXP 	polygon_22: color = 'white'
8.2938 	EXP 	polygon_23: fillColor = 'white'
8.2938 	EXP 	polygon_23: lineColor = 'white'
8.2938 	EXP 	polygon_23: color = 'white'
8.2938 	EXP 	polygon_24: fillColor = 'white'
8.2938 	EXP 	polygon_24: lineColor = 'white'
8.2938 	EXP 	polygon_24: color = 'white'
8.2938 	EXP 	polygon_25: fillColor = 'white'
8.2938 	EXP 	polygon_25: lineColor = 'white'
8.2938 	EXP 	polygon_25: color = 'white'
8.2938 	EXP 	grid: autoDraw = True
8.2938 	EXP 	polygon: autoDraw = True
8.2938 	EXP 	polygon_2: autoDraw = True
8.2938 	EXP 	polygon_3: autoDraw = True
8.2938 	EXP 	polygon_4: autoDraw = True
8.2938 	EXP 	polygon_5: autoDraw = True
8.2938 	EXP 	polygon_6: autoDraw = True
8.2938 	EXP 	polygon_7: autoDraw = True
8.2938 	EXP 	polygon_8: autoDraw = True
8.2938 	EXP 	polygon_9: autoDraw = True
8.2938 	EXP 	polygon_10: autoDraw = True
8.2938 	EXP 	polygon_11: autoDraw = True
8.2938 	EXP 	polygon_12: autoDraw = True
8.2938 	EXP 	polygon_13: autoDraw = True
8.2938 	EXP 	polygon_14: autoDraw = True
8.2938 	EXP 	polygon_15: autoDraw = True
8.2938 	EXP 	polygon_16: autoDraw = True
8.2938 	EXP 	polygon_17: autoDraw = True
8.2938 	EXP 	polygon_18: autoDraw = True
8.2938 	EXP 	polygon_19: autoDraw = True
8.2938 	EXP 	polygon_20: autoDraw = True
8.2938 	EXP 	polygon_21: autoDraw = True
8.2938 	EXP 	polygon_22: autoDraw = True
8.2938 	EXP 	polygon_23: autoDraw = True
8.2938 	EXP 	polygon_24: autoDraw = True
8.2938 	EXP 	polygon_25: autoDraw = True
9.9454 	DATA 	Mouse: Left button down, pos=(1420,566)
9.9769 	EXP 	polygon_18: fillColor = 'black'
9.9769 	EXP 	polygon_18: lineColor = 'black'
9.9769 	EXP 	polygon_18: color = 'black'
10.1160 	DATA 	Mouse:  Left button up, pos=(1420,566)
11.1522 	DATA 	Mouse: Left button down, pos=(2126,1244)
11.1935 	EXP 	polygon_10: fillColor = 'black'
11.1935 	EXP 	polygon_10: lineColor = 'black'
11.1935 	EXP 	polygon_10: color = 'black'
11.2957 	DATA 	Mouse:  Left button up, pos=(2126,1244)
12.3843 	DATA 	Keypress: space
14.3282 	DATA 	Keypress: space
14.3342 	EXP 	New trial (rep=0, index=1): OrderedDict([('Running_Trial_Num', 2), ('trial_length', 2), ('rows', '2, 3'), ('correct_seq', ['polygon_19', 'polygon_2'])])
14.3601 	EXP 	grid: autoDraw = False
14.3601 	EXP 	polygon: autoDraw = False
14.3601 	EXP 	polygon_2: autoDraw = False
14.3601 	EXP 	polygon_3: autoDraw = False
14.3601 	EXP 	polygon_4: autoDraw = False
14.3601 	EXP 	polygon_5: autoDraw = False
14.3601 	EXP 	polygon_6: autoDraw = False
14.3601 	EXP 	polygon_7: autoDraw = False
14.3601 	EXP 	polygon_8: autoDraw = False
14.3601 	EXP 	polygon_9: autoDraw = False
14.3601 	EXP 	polygon_10: autoDraw = False
14.3601 	EXP 	polygon_11: autoDraw = False
14.3601 	EXP 	polygon_12: autoDraw = False
14.3601 	EXP 	polygon_13: autoDraw = False
14.3601 	EXP 	polygon_14: autoDraw = False
14.3601 	EXP 	polygon_15: autoDraw = False
14.3601 	EXP 	polygon_16: autoDraw = False
14.3601 	EXP 	polygon_17: autoDraw = False
14.3601 	EXP 	polygon_18: autoDraw = False
14.3601 	EXP 	polygon_19: autoDraw = False
14.3601 	EXP 	polygon_20: autoDraw = False
14.3601 	EXP 	polygon_21: autoDraw = False
14.3601 	EXP 	polygon_22: autoDraw = False
14.3601 	EXP 	polygon_23: autoDraw = False
14.3601 	EXP 	polygon_24: autoDraw = False
14.3601 	EXP 	polygon_25: autoDraw = False
14.3601 	EXP 	polygon: fillColor = 'white'
14.3601 	EXP 	polygon: lineColor = 'white'
14.3601 	EXP 	polygon: color = 'white'
14.3601 	EXP 	polygon_2: fillColor = 'white'
14.3601 	EXP 	polygon_2: lineColor = 'white'
14.3601 	EXP 	polygon_2: color = 'white'
14.3601 	EXP 	polygon_3: fillColor = 'white'
14.3601 	EXP 	polygon_3: lineColor = 'white'
14.3601 	EXP 	polygon_3: color = 'white'
14.3601 	EXP 	polygon_4: fillColor = 'white'
14.3601 	EXP 	polygon_4: lineColor = 'white'
14.3601 	EXP 	polygon_4: color = 'white'
14.3601 	EXP 	polygon_5: fillColor = 'white'
14.3601 	EXP 	polygon_5: lineColor = 'white'
14.3601 	EXP 	polygon_5: color = 'white'
14.3601 	EXP 	polygon_6: fillColor = 'white'
14.3601 	EXP 	polygon_6: lineColor = 'white'
14.3601 	EXP 	polygon_6: color = 'white'
14.3601 	EXP 	polygon_7: fillColor = 'white'
14.3601 	EXP 	polygon_7: lineColor = 'white'
14.3601 	EXP 	polygon_7: color = 'white'
14.3601 	EXP 	polygon_8: fillColor = 'white'
14.3601 	EXP 	polygon_8: lineColor = 'white'
14.3601 	EXP 	polygon_8: color = 'white'
14.3601 	EXP 	polygon_9: fillColor = 'white'
14.3601 	EXP 	polygon_9: lineColor = 'white'
14.3601 	EXP 	polygon_9: color = 'white'
14.3601 	EXP 	polygon_10: fillColor = 'white'
14.3601 	EXP 	polygon_10: lineColor = 'white'
14.3601 	EXP 	polygon_10: color = 'white'
14.3601 	EXP 	polygon_11: fillColor = 'white'
14.3601 	EXP 	polygon_11: lineColor = 'white'
14.3601 	EXP 	polygon_11: color = 'white'
14.3601 	EXP 	polygon_12: fillColor = 'white'
14.3601 	EXP 	polygon_12: lineColor = 'white'
14.3601 	EXP 	polygon_12: color = 'white'
14.3601 	EXP 	polygon_13: fillColor = 'white'
14.3601 	EXP 	polygon_13: lineColor = 'white'
14.3601 	EXP 	polygon_13: color = 'white'
14.3601 	EXP 	polygon_14: fillColor = 'white'
14.3601 	EXP 	polygon_14: lineColor = 'white'
14.3601 	EXP 	polygon_14: color = 'white'
14.3601 	EXP 	polygon_15: fillColor = 'white'
14.3601 	EXP 	polygon_15: lineColor = 'white'
14.3601 	EXP 	polygon_15: color = 'white'
14.3601 	EXP 	polygon_16: fillColor = 'white'
14.3601 	EXP 	polygon_16: lineColor = 'white'
14.3601 	EXP 	polygon_16: color = 'white'
14.3601 	EXP 	polygon_17: fillColor = 'white'
14.3601 	EXP 	polygon_17: lineColor = 'white'
14.3601 	EXP 	polygon_17: color = 'white'
14.3601 	EXP 	polygon_18: fillColor = 'white'
14.3601 	EXP 	polygon_18: lineColor = 'white'
14.3601 	EXP 	polygon_18: color = 'white'
14.3601 	EXP 	polygon_19: fillColor = 'white'
14.3601 	EXP 	polygon_19: lineColor = 'white'
14.3601 	EXP 	polygon_19: color = 'white'
14.3601 	EXP 	polygon_20: fillColor = 'white'
14.3601 	EXP 	polygon_20: lineColor = 'white'
14.3601 	EXP 	polygon_20: color = 'white'
14.3601 	EXP 	polygon_21: fillColor = 'white'
14.3601 	EXP 	polygon_21: lineColor = 'white'
14.3601 	EXP 	polygon_21: color = 'white'
14.3601 	EXP 	polygon_22: fillColor = 'white'
14.3601 	EXP 	polygon_22: lineColor = 'white'
14.3601 	EXP 	polygon_22: color = 'white'
14.3601 	EXP 	polygon_23: fillColor = 'white'
14.3601 	EXP 	polygon_23: lineColor = 'white'
14.3601 	EXP 	polygon_23: color = 'white'
14.3601 	EXP 	polygon_24: fillColor = 'white'
14.3601 	EXP 	polygon_24: lineColor = 'white'
14.3601 	EXP 	polygon_24: color = 'white'
14.3601 	EXP 	polygon_25: fillColor = 'white'
14.3601 	EXP 	polygon_25: lineColor = 'white'
14.3601 	EXP 	polygon_25: color = 'white'
14.3601 	EXP 	grid: autoDraw = True
14.3601 	EXP 	polygon: autoDraw = True
14.3601 	EXP 	polygon_2: autoDraw = True
14.3601 	EXP 	polygon_3: autoDraw = True
14.3601 	EXP 	polygon_4: autoDraw = True
14.3601 	EXP 	polygon_5: autoDraw = True
14.3601 	EXP 	polygon_6: autoDraw = True
14.3601 	EXP 	polygon_7: autoDraw = True
14.3601 	EXP 	polygon_8: autoDraw = True
14.3601 	EXP 	polygon_9: autoDraw = True
14.3601 	EXP 	polygon_10: autoDraw = True
14.3601 	EXP 	polygon_11: autoDraw = True
14.3601 	EXP 	polygon_12: autoDraw = True
14.3601 	EXP 	polygon_13: autoDraw = True
14.3601 	EXP 	polygon_14: autoDraw = True
14.3601 	EXP 	polygon_15: autoDraw = True
14.3601 	EXP 	polygon_16: autoDraw = True
14.3601 	EXP 	polygon_17: autoDraw = True
14.3601 	EXP 	polygon_18: autoDraw = True
14.3601 	EXP 	polygon_19: autoDraw = True
14.3601 	EXP 	polygon_20: autoDraw = True
14.3601 	EXP 	polygon_21: autoDraw = True
14.3601 	EXP 	polygon_22: autoDraw = True
14.3601 	EXP 	polygon_23: autoDraw = True
14.3601 	EXP 	polygon_24: autoDraw = True
14.3601 	EXP 	polygon_25: autoDraw = True
17.7013 	DATA 	Mouse: Left button down, pos=(1793,610)
17.7431 	EXP 	polygon_19: fillColor = 'black'
17.7431 	EXP 	polygon_19: lineColor = 'black'
17.7431 	EXP 	polygon_19: color = 'black'
17.8460 	DATA 	Mouse:  Left button up, pos=(1793,610)
19.3187 	DATA 	Mouse: Left button down, pos=(1111,1673)
19.3600 	EXP 	polygon_2: fillColor = 'black'
19.3600 	EXP 	polygon_2: lineColor = 'black'
19.3600 	EXP 	polygon_2: color = 'black'
19.3730 	DATA 	Mouse:  Left button up, pos=(1111,1673)
20.4623 	DATA 	Keypress: space
20.4680 	EXP 	New trial (rep=0, index=2): OrderedDict([('Running_Trial_Num', 3), ('trial_length', 2), ('rows', '4, 5'), ('correct_seq', ['polygon_21', 'polygon_8'])])
20.4933 	EXP 	grid: autoDraw = False
20.4933 	EXP 	polygon: autoDraw = False
20.4933 	EXP 	polygon_2: autoDraw = False
20.4933 	EXP 	polygon_3: autoDraw = False
20.4933 	EXP 	polygon_4: autoDraw = False
20.4933 	EXP 	polygon_5: autoDraw = False
20.4933 	EXP 	polygon_6: autoDraw = False
20.4933 	EXP 	polygon_7: autoDraw = False
20.4933 	EXP 	polygon_8: autoDraw = False
20.4933 	EXP 	polygon_9: autoDraw = False
20.4933 	EXP 	polygon_10: autoDraw = False
20.4933 	EXP 	polygon_11: autoDraw = False
20.4933 	EXP 	polygon_12: autoDraw = False
20.4933 	EXP 	polygon_13: autoDraw = False
20.4933 	EXP 	polygon_14: autoDraw = False
20.4933 	EXP 	polygon_15: autoDraw = False
20.4933 	EXP 	polygon_16: autoDraw = False
20.4933 	EXP 	polygon_17: autoDraw = False
20.4933 	EXP 	polygon_18: autoDraw = False
20.4933 	EXP 	polygon_19: autoDraw = False
20.4933 	EXP 	polygon_20: autoDraw = False
20.4933 	EXP 	polygon_21: autoDraw = False
20.4933 	EXP 	polygon_22: autoDraw = False
20.4933 	EXP 	polygon_23: autoDraw = False
20.4933 	EXP 	polygon_24: autoDraw = False
20.4933 	EXP 	polygon_25: autoDraw = False
20.4933 	EXP 	polygon: fillColor = 'white'
20.4933 	EXP 	polygon: lineColor = 'white'
20.4933 	EXP 	polygon: color = 'white'
20.4933 	EXP 	polygon_2: fillColor = 'white'
20.4933 	EXP 	polygon_2: lineColor = 'white'
20.4933 	EXP 	polygon_2: color = 'white'
20.4933 	EXP 	polygon_3: fillColor = 'white'
20.4933 	EXP 	polygon_3: lineColor = 'white'
20.4933 	EXP 	polygon_3: color = 'white'
20.4933 	EXP 	polygon_4: fillColor = 'white'
20.4933 	EXP 	polygon_4: lineColor = 'white'
20.4933 	EXP 	polygon_4: color = 'white'
20.4933 	EXP 	polygon_5: fillColor = 'white'
20.4933 	EXP 	polygon_5: lineColor = 'white'
20.4933 	EXP 	polygon_5: color = 'white'
20.4933 	EXP 	polygon_6: fillColor = 'white'
20.4933 	EXP 	polygon_6: lineColor = 'white'
20.4933 	EXP 	polygon_6: color = 'white'
20.4933 	EXP 	polygon_7: fillColor = 'white'
20.4933 	EXP 	polygon_7: lineColor = 'white'
20.4933 	EXP 	polygon_7: color = 'white'
20.4933 	EXP 	polygon_8: fillColor = 'white'
20.4933 	EXP 	polygon_8: lineColor = 'white'
20.4933 	EXP 	polygon_8: color = 'white'
20.4933 	EXP 	polygon_9: fillColor = 'white'
20.4933 	EXP 	polygon_9: lineColor = 'white'
20.4933 	EXP 	polygon_9: color = 'white'
20.4933 	EXP 	polygon_10: fillColor = 'white'
20.4933 	EXP 	polygon_10: lineColor = 'white'
20.4933 	EXP 	polygon_10: color = 'white'
20.4933 	EXP 	polygon_11: fillColor = 'white'
20.4933 	EXP 	polygon_11: lineColor = 'white'
20.4933 	EXP 	polygon_11: color = 'white'
20.4933 	EXP 	polygon_12: fillColor = 'white'
20.4933 	EXP 	polygon_12: lineColor = 'white'
20.4933 	EXP 	polygon_12: color = 'white'
20.4933 	EXP 	polygon_13: fillColor = 'white'
20.4933 	EXP 	polygon_13: lineColor = 'white'
20.4933 	EXP 	polygon_13: color = 'white'
20.4933 	EXP 	polygon_14: fillColor = 'white'
20.4933 	EXP 	polygon_14: lineColor = 'white'
20.4933 	EXP 	polygon_14: color = 'white'
20.4933 	EXP 	polygon_15: fillColor = 'white'
20.4933 	EXP 	polygon_15: lineColor = 'white'
20.4933 	EXP 	polygon_15: color = 'white'
20.4933 	EXP 	polygon_16: fillColor = 'white'
20.4933 	EXP 	polygon_16: lineColor = 'white'
20.4933 	EXP 	polygon_16: color = 'white'
20.4933 	EXP 	polygon_17: fillColor = 'white'
20.4933 	EXP 	polygon_17: lineColor = 'white'
20.4933 	EXP 	polygon_17: color = 'white'
20.4933 	EXP 	polygon_18: fillColor = 'white'
20.4933 	EXP 	polygon_18: lineColor = 'white'
20.4933 	EXP 	polygon_18: color = 'white'
20.4933 	EXP 	polygon_19: fillColor = 'white'
20.4933 	EXP 	polygon_19: lineColor = 'white'
20.4933 	EXP 	polygon_19: color = 'white'
20.4933 	EXP 	polygon_20: fillColor = 'white'
20.4933 	EXP 	polygon_20: lineColor = 'white'
20.4933 	EXP 	polygon_20: color = 'white'
20.4933 	EXP 	polygon_21: fillColor = 'white'
20.4933 	EXP 	polygon_21: lineColor = 'white'
20.4933 	EXP 	polygon_21: color = 'white'
20.4933 	EXP 	polygon_22: fillColor = 'white'
20.4933 	EXP 	polygon_22: lineColor = 'white'
20.4933 	EXP 	polygon_22: color = 'white'
20.4933 	EXP 	polygon_23: fillColor = 'white'
20.4933 	EXP 	polygon_23: lineColor = 'white'
20.4933 	EXP 	polygon_23: color = 'white'
20.4933 	EXP 	polygon_24: fillColor = 'white'
20.4933 	EXP 	polygon_24: lineColor = 'white'
20.4933 	EXP 	polygon_24: color = 'white'
20.4933 	EXP 	polygon_25: fillColor = 'white'
20.4933 	EXP 	polygon_25: lineColor = 'white'
20.4933 	EXP 	polygon_25: color = 'white'
20.4933 	EXP 	grid: autoDraw = True
20.4933 	EXP 	polygon: autoDraw = True
20.4933 	EXP 	polygon_2: autoDraw = True
20.4933 	EXP 	polygon_3: autoDraw = True
20.4933 	EXP 	polygon_4: autoDraw = True
20.4933 	EXP 	polygon_5: autoDraw = True
20.4933 	EXP 	polygon_6: autoDraw = True
20.4933 	EXP 	polygon_7: autoDraw = True
20.4933 	EXP 	polygon_8: autoDraw = True
20.4933 	EXP 	polygon_9: autoDraw = True
20.4933 	EXP 	polygon_10: autoDraw = True
20.4933 	EXP 	polygon_11: autoDraw = True
20.4933 	EXP 	polygon_12: autoDraw = True
20.4933 	EXP 	polygon_13: autoDraw = True
20.4933 	EXP 	polygon_14: autoDraw = True
20.4933 	EXP 	polygon_15: autoDraw = True
20.4933 	EXP 	polygon_16: autoDraw = True
20.4933 	EXP 	polygon_17: autoDraw = True
20.4933 	EXP 	polygon_18: autoDraw = True
20.4933 	EXP 	polygon_19: autoDraw = True
20.4933 	EXP 	polygon_20: autoDraw = True
20.4933 	EXP 	polygon_21: autoDraw = True
20.4933 	EXP 	polygon_22: autoDraw = True
20.4933 	EXP 	polygon_23: autoDraw = True
20.4933 	EXP 	polygon_24: autoDraw = True
20.4933 	EXP 	polygon_25: autoDraw = True
23.6653 	DATA 	Mouse: Left button down, pos=(737,181)
23.7100 	EXP 	polygon_21: fillColor = 'black'
23.7100 	EXP 	polygon_21: lineColor = 'black'
23.7100 	EXP 	polygon_21: color = 'black'
23.7787 	DATA 	Mouse:  Left button up, pos=(737,181)
24.7514 	DATA 	Mouse: Left button down, pos=(1506,1277)
24.7932 	EXP 	polygon_8: fillColor = 'black'
24.7932 	EXP 	polygon_8: lineColor = 'black'
24.7932 	EXP 	polygon_8: color = 'black'
24.8288 	DATA 	Mouse:  Left button up, pos=(1506,1277)
25.7182 	DATA 	Keypress: space
25.7340 	EXP 	New trial (rep=0, index=3): OrderedDict([('Running_Trial_Num', 4), ('trial_length', 2), ('rows', '6, 7'), ('correct_seq', ['polygon_3', 'polygon_7'])])
25.7599 	EXP 	grid: autoDraw = False
25.7599 	EXP 	polygon: autoDraw = False
25.7599 	EXP 	polygon_2: autoDraw = False
25.7599 	EXP 	polygon_3: autoDraw = False
25.7599 	EXP 	polygon_4: autoDraw = False
25.7599 	EXP 	polygon_5: autoDraw = False
25.7599 	EXP 	polygon_6: autoDraw = False
25.7599 	EXP 	polygon_7: autoDraw = False
25.7599 	EXP 	polygon_8: autoDraw = False
25.7599 	EXP 	polygon_9: autoDraw = False
25.7599 	EXP 	polygon_10: autoDraw = False
25.7599 	EXP 	polygon_11: autoDraw = False
25.7599 	EXP 	polygon_12: autoDraw = False
25.7599 	EXP 	polygon_13: autoDraw = False
25.7599 	EXP 	polygon_14: autoDraw = False
25.7599 	EXP 	polygon_15: autoDraw = False
25.7599 	EXP 	polygon_16: autoDraw = False
25.7599 	EXP 	polygon_17: autoDraw = False
25.7599 	EXP 	polygon_18: autoDraw = False
25.7599 	EXP 	polygon_19: autoDraw = False
25.7599 	EXP 	polygon_20: autoDraw = False
25.7599 	EXP 	polygon_21: autoDraw = False
25.7599 	EXP 	polygon_22: autoDraw = False
25.7599 	EXP 	polygon_23: autoDraw = False
25.7599 	EXP 	polygon_24: autoDraw = False
25.7599 	EXP 	polygon_25: autoDraw = False
25.7599 	EXP 	polygon: fillColor = 'white'
25.7599 	EXP 	polygon: lineColor = 'white'
25.7599 	EXP 	polygon: color = 'white'
25.7599 	EXP 	polygon_2: fillColor = 'white'
25.7599 	EXP 	polygon_2: lineColor = 'white'
25.7599 	EXP 	polygon_2: color = 'white'
25.7599 	EXP 	polygon_3: fillColor = 'white'
25.7599 	EXP 	polygon_3: lineColor = 'white'
25.7599 	EXP 	polygon_3: color = 'white'
25.7599 	EXP 	polygon_4: fillColor = 'white'
25.7599 	EXP 	polygon_4: lineColor = 'white'
25.7599 	EXP 	polygon_4: color = 'white'
25.7599 	EXP 	polygon_5: fillColor = 'white'
25.7599 	EXP 	polygon_5: lineColor = 'white'
25.7599 	EXP 	polygon_5: color = 'white'
25.7599 	EXP 	polygon_6: fillColor = 'white'
25.7599 	EXP 	polygon_6: lineColor = 'white'
25.7599 	EXP 	polygon_6: color = 'white'
25.7599 	EXP 	polygon_7: fillColor = 'white'
25.7599 	EXP 	polygon_7: lineColor = 'white'
25.7599 	EXP 	polygon_7: color = 'white'
25.7599 	EXP 	polygon_8: fillColor = 'white'
25.7599 	EXP 	polygon_8: lineColor = 'white'
25.7599 	EXP 	polygon_8: color = 'white'
25.7599 	EXP 	polygon_9: fillColor = 'white'
25.7599 	EXP 	polygon_9: lineColor = 'white'
25.7599 	EXP 	polygon_9: color = 'white'
25.7599 	EXP 	polygon_10: fillColor = 'white'
25.7599 	EXP 	polygon_10: lineColor = 'white'
25.7599 	EXP 	polygon_10: color = 'white'
25.7599 	EXP 	polygon_11: fillColor = 'white'
25.7599 	EXP 	polygon_11: lineColor = 'white'
25.7599 	EXP 	polygon_11: color = 'white'
25.7599 	EXP 	polygon_12: fillColor = 'white'
25.7599 	EXP 	polygon_12: lineColor = 'white'
25.7599 	EXP 	polygon_12: color = 'white'
25.7599 	EXP 	polygon_13: fillColor = 'white'
25.7599 	EXP 	polygon_13: lineColor = 'white'
25.7599 	EXP 	polygon_13: color = 'white'
25.7599 	EXP 	polygon_14: fillColor = 'white'
25.7599 	EXP 	polygon_14: lineColor = 'white'
25.7599 	EXP 	polygon_14: color = 'white'
25.7599 	EXP 	polygon_15: fillColor = 'white'
25.7599 	EXP 	polygon_15: lineColor = 'white'
25.7599 	EXP 	polygon_15: color = 'white'
25.7599 	EXP 	polygon_16: fillColor = 'white'
25.7599 	EXP 	polygon_16: lineColor = 'white'
25.7599 	EXP 	polygon_16: color = 'white'
25.7599 	EXP 	polygon_17: fillColor = 'white'
25.7599 	EXP 	polygon_17: lineColor = 'white'
25.7599 	EXP 	polygon_17: color = 'white'
25.7599 	EXP 	polygon_18: fillColor = 'white'
25.7599 	EXP 	polygon_18: lineColor = 'white'
25.7599 	EXP 	polygon_18: color = 'white'
25.7599 	EXP 	polygon_19: fillColor = 'white'
25.7599 	EXP 	polygon_19: lineColor = 'white'
25.7599 	EXP 	polygon_19: color = 'white'
25.7599 	EXP 	polygon_20: fillColor = 'white'
25.7599 	EXP 	polygon_20: lineColor = 'white'
25.7599 	EXP 	polygon_20: color = 'white'
25.7599 	EXP 	polygon_21: fillColor = 'white'
25.7599 	EXP 	polygon_21: lineColor = 'white'
25.7599 	EXP 	polygon_21: color = 'white'
25.7599 	EXP 	polygon_22: fillColor = 'white'
25.7599 	EXP 	polygon_22: lineColor = 'white'
25.7599 	EXP 	polygon_22: color = 'white'
25.7599 	EXP 	polygon_23: fillColor = 'white'
25.7599 	EXP 	polygon_23: lineColor = 'white'
25.7599 	EXP 	polygon_23: color = 'white'
25.7599 	EXP 	polygon_24: fillColor = 'white'
25.7599 	EXP 	polygon_24: lineColor = 'white'
25.7599 	EXP 	polygon_24: color = 'white'
25.7599 	EXP 	polygon_25: fillColor = 'white'
25.7599 	EXP 	polygon_25: lineColor = 'white'
25.7599 	EXP 	polygon_25: color = 'white'
25.7599 	EXP 	grid: autoDraw = True
25.7599 	EXP 	polygon: autoDraw = True
25.7599 	EXP 	polygon_2: autoDraw = True
25.7599 	EXP 	polygon_3: autoDraw = True
25.7599 	EXP 	polygon_4: autoDraw = True
25.7599 	EXP 	polygon_5: autoDraw = True
25.7599 	EXP 	polygon_6: autoDraw = True
25.7599 	EXP 	polygon_7: autoDraw = True
25.7599 	EXP 	polygon_8: autoDraw = True
25.7599 	EXP 	polygon_9: autoDraw = True
25.7599 	EXP 	polygon_10: autoDraw = True
25.7599 	EXP 	polygon_11: autoDraw = True
25.7599 	EXP 	polygon_12: autoDraw = True
25.7599 	EXP 	polygon_13: autoDraw = True
25.7599 	EXP 	polygon_14: autoDraw = True
25.7599 	EXP 	polygon_15: autoDraw = True
25.7599 	EXP 	polygon_16: autoDraw = True
25.7599 	EXP 	polygon_17: autoDraw = True
25.7599 	EXP 	polygon_18: autoDraw = True
25.7599 	EXP 	polygon_19: autoDraw = True
25.7599 	EXP 	polygon_20: autoDraw = True
25.7599 	EXP 	polygon_21: autoDraw = True
25.7599 	EXP 	polygon_22: autoDraw = True
25.7599 	EXP 	polygon_23: autoDraw = True
25.7599 	EXP 	polygon_24: autoDraw = True
25.7599 	EXP 	polygon_25: autoDraw = True
27.3847 	DATA 	Mouse: Left button down, pos=(1506,1277)
27.4264 	EXP 	polygon_8: fillColor = 'black'
27.4264 	EXP 	polygon_8: lineColor = 'black'
27.4264 	EXP 	polygon_8: color = 'black'
27.4947 	DATA 	Mouse:  Left button up, pos=(1506,1277)
28.1189 	DATA 	Mouse: Left button down, pos=(1477,961)
28.1598 	EXP 	polygon_13: fillColor = 'black'
28.1598 	EXP 	polygon_13: lineColor = 'black'
28.1598 	EXP 	polygon_13: color = 'black'
28.2627 	DATA 	Mouse:  Left button up, pos=(1477,961)
28.9287 	DATA 	Keypress: space
28.9343 	EXP 	New trial (rep=0, index=4): OrderedDict([('Running_Trial_Num', 5), ('trial_length', 3), ('rows', '8, 9, 10'), ('correct_seq', ['polygon_22', 'polygon_5', 'polygon_9'])])
28.9599 	EXP 	grid: autoDraw = False
28.9599 	EXP 	polygon: autoDraw = False
28.9599 	EXP 	polygon_2: autoDraw = False
28.9599 	EXP 	polygon_3: autoDraw = False
28.9599 	EXP 	polygon_4: autoDraw = False
28.9599 	EXP 	polygon_5: autoDraw = False
28.9599 	EXP 	polygon_6: autoDraw = False
28.9599 	EXP 	polygon_7: autoDraw = False
28.9599 	EXP 	polygon_8: autoDraw = False
28.9599 	EXP 	polygon_9: autoDraw = False
28.9599 	EXP 	polygon_10: autoDraw = False
28.9599 	EXP 	polygon_11: autoDraw = False
28.9599 	EXP 	polygon_12: autoDraw = False
28.9599 	EXP 	polygon_13: autoDraw = False
28.9599 	EXP 	polygon_14: autoDraw = False
28.9599 	EXP 	polygon_15: autoDraw = False
28.9599 	EXP 	polygon_16: autoDraw = False
28.9599 	EXP 	polygon_17: autoDraw = False
28.9599 	EXP 	polygon_18: autoDraw = False
28.9599 	EXP 	polygon_19: autoDraw = False
28.9599 	EXP 	polygon_20: autoDraw = False
28.9599 	EXP 	polygon_21: autoDraw = False
28.9599 	EXP 	polygon_22: autoDraw = False
28.9599 	EXP 	polygon_23: autoDraw = False
28.9599 	EXP 	polygon_24: autoDraw = False
28.9599 	EXP 	polygon_25: autoDraw = False
28.9599 	EXP 	polygon: fillColor = 'white'
28.9599 	EXP 	polygon: lineColor = 'white'
28.9599 	EXP 	polygon: color = 'white'
28.9599 	EXP 	polygon_2: fillColor = 'white'
28.9599 	EXP 	polygon_2: lineColor = 'white'
28.9599 	EXP 	polygon_2: color = 'white'
28.9599 	EXP 	polygon_3: fillColor = 'white'
28.9599 	EXP 	polygon_3: lineColor = 'white'
28.9599 	EXP 	polygon_3: color = 'white'
28.9599 	EXP 	polygon_4: fillColor = 'white'
28.9599 	EXP 	polygon_4: lineColor = 'white'
28.9599 	EXP 	polygon_4: color = 'white'
28.9599 	EXP 	polygon_5: fillColor = 'white'
28.9599 	EXP 	polygon_5: lineColor = 'white'
28.9599 	EXP 	polygon_5: color = 'white'
28.9599 	EXP 	polygon_6: fillColor = 'white'
28.9599 	EXP 	polygon_6: lineColor = 'white'
28.9599 	EXP 	polygon_6: color = 'white'
28.9599 	EXP 	polygon_7: fillColor = 'white'
28.9599 	EXP 	polygon_7: lineColor = 'white'
28.9599 	EXP 	polygon_7: color = 'white'
28.9599 	EXP 	polygon_8: fillColor = 'white'
28.9599 	EXP 	polygon_8: lineColor = 'white'
28.9599 	EXP 	polygon_8: color = 'white'
28.9599 	EXP 	polygon_9: fillColor = 'white'
28.9599 	EXP 	polygon_9: lineColor = 'white'
28.9599 	EXP 	polygon_9: color = 'white'
28.9599 	EXP 	polygon_10: fillColor = 'white'
28.9599 	EXP 	polygon_10: lineColor = 'white'
28.9599 	EXP 	polygon_10: color = 'white'
28.9599 	EXP 	polygon_11: fillColor = 'white'
28.9599 	EXP 	polygon_11: lineColor = 'white'
28.9599 	EXP 	polygon_11: color = 'white'
28.9599 	EXP 	polygon_12: fillColor = 'white'
28.9599 	EXP 	polygon_12: lineColor = 'white'
28.9599 	EXP 	polygon_12: color = 'white'
28.9599 	EXP 	polygon_13: fillColor = 'white'
28.9599 	EXP 	polygon_13: lineColor = 'white'
28.9599 	EXP 	polygon_13: color = 'white'
28.9599 	EXP 	polygon_14: fillColor = 'white'
28.9599 	EXP 	polygon_14: lineColor = 'white'
28.9599 	EXP 	polygon_14: color = 'white'
28.9599 	EXP 	polygon_15: fillColor = 'white'
28.9599 	EXP 	polygon_15: lineColor = 'white'
28.9599 	EXP 	polygon_15: color = 'white'
28.9599 	EXP 	polygon_16: fillColor = 'white'
28.9599 	EXP 	polygon_16: lineColor = 'white'
28.9599 	EXP 	polygon_16: color = 'white'
28.9599 	EXP 	polygon_17: fillColor = 'white'
28.9599 	EXP 	polygon_17: lineColor = 'white'
28.9599 	EXP 	polygon_17: color = 'white'
28.9599 	EXP 	polygon_18: fillColor = 'white'
28.9599 	EXP 	polygon_18: lineColor = 'white'
28.9599 	EXP 	polygon_18: color = 'white'
28.9599 	EXP 	polygon_19: fillColor = 'white'
28.9599 	EXP 	polygon_19: lineColor = 'white'
28.9599 	EXP 	polygon_19: color = 'white'
28.9599 	EXP 	polygon_20: fillColor = 'white'
28.9599 	EXP 	polygon_20: lineColor = 'white'
28.9599 	EXP 	polygon_20: color = 'white'
28.9599 	EXP 	polygon_21: fillColor = 'white'
28.9599 	EXP 	polygon_21: lineColor = 'white'
28.9599 	EXP 	polygon_21: color = 'white'
28.9599 	EXP 	polygon_22: fillColor = 'white'
28.9599 	EXP 	polygon_22: lineColor = 'white'
28.9599 	EXP 	polygon_22: color = 'white'
28.9599 	EXP 	polygon_23: fillColor = 'white'
28.9599 	EXP 	polygon_23: lineColor = 'white'
28.9599 	EXP 	polygon_23: color = 'white'
28.9599 	EXP 	polygon_24: fillColor = 'white'
28.9599 	EXP 	polygon_24: lineColor = 'white'
28.9599 	EXP 	polygon_24: color = 'white'
28.9599 	EXP 	polygon_25: fillColor = 'white'
28.9599 	EXP 	polygon_25: lineColor = 'white'
28.9599 	EXP 	polygon_25: color = 'white'
28.9599 	EXP 	grid: autoDraw = True
28.9599 	EXP 	polygon: autoDraw = True
28.9599 	EXP 	polygon_2: autoDraw = True
28.9599 	EXP 	polygon_3: autoDraw = True
28.9599 	EXP 	polygon_4: autoDraw = True
28.9599 	EXP 	polygon_5: autoDraw = True
28.9599 	EXP 	polygon_6: autoDraw = True
28.9599 	EXP 	polygon_7: autoDraw = True
28.9599 	EXP 	polygon_8: autoDraw = True
28.9599 	EXP 	polygon_9: autoDraw = True
28.9599 	EXP 	polygon_10: autoDraw = True
28.9599 	EXP 	polygon_11: autoDraw = True
28.9599 	EXP 	polygon_12: autoDraw = True
28.9599 	EXP 	polygon_13: autoDraw = True
28.9599 	EXP 	polygon_14: autoDraw = True
28.9599 	EXP 	polygon_15: autoDraw = True
28.9599 	EXP 	polygon_16: autoDraw = True
28.9599 	EXP 	polygon_17: autoDraw = True
28.9599 	EXP 	polygon_18: autoDraw = True
28.9599 	EXP 	polygon_19: autoDraw = True
28.9599 	EXP 	polygon_20: autoDraw = True
28.9599 	EXP 	polygon_21: autoDraw = True
28.9599 	EXP 	polygon_22: autoDraw = True
28.9599 	EXP 	polygon_23: autoDraw = True
28.9599 	EXP 	polygon_24: autoDraw = True
28.9599 	EXP 	polygon_25: autoDraw = True
29.8446 	DATA 	Mouse: Left button down, pos=(1473,961)
29.8765 	EXP 	polygon_13: fillColor = 'black'
29.8765 	EXP 	polygon_13: lineColor = 'black'
29.8765 	EXP 	polygon_13: color = 'black'
29.9781 	DATA 	Mouse:  Left button up, pos=(1473,961)
30.6185 	DATA 	Mouse: Left button down, pos=(1670,961)
30.6597 	EXP 	polygon_14: fillColor = 'black'
30.6597 	EXP 	polygon_14: lineColor = 'black'
30.6597 	EXP 	polygon_14: color = 'black'
30.7056 	DATA 	Mouse:  Left button up, pos=(1670,961)
31.4609 	DATA 	Keypress: space
31.5014 	DATA 	Keypress: space
31.5102 	EXP 	grid: autoDraw = False
31.5102 	EXP 	polygon: autoDraw = False
31.5102 	EXP 	polygon_2: autoDraw = False
31.5102 	EXP 	polygon_3: autoDraw = False
31.5102 	EXP 	polygon_4: autoDraw = False
31.5102 	EXP 	polygon_5: autoDraw = False
31.5102 	EXP 	polygon_6: autoDraw = False
31.5102 	EXP 	polygon_7: autoDraw = False
31.5102 	EXP 	polygon_8: autoDraw = False
31.5102 	EXP 	polygon_9: autoDraw = False
31.5102 	EXP 	polygon_10: autoDraw = False
31.5102 	EXP 	polygon_11: autoDraw = False
31.5102 	EXP 	polygon_12: autoDraw = False
31.5102 	EXP 	polygon_13: autoDraw = False
31.5102 	EXP 	polygon_14: autoDraw = False
31.5102 	EXP 	polygon_15: autoDraw = False
31.5102 	EXP 	polygon_16: autoDraw = False
31.5102 	EXP 	polygon_17: autoDraw = False
31.5102 	EXP 	polygon_18: autoDraw = False
31.5102 	EXP 	polygon_19: autoDraw = False
31.5102 	EXP 	polygon_20: autoDraw = False
31.5102 	EXP 	polygon_21: autoDraw = False
31.5102 	EXP 	polygon_22: autoDraw = False
31.5102 	EXP 	polygon_23: autoDraw = False
31.5102 	EXP 	polygon_24: autoDraw = False
31.5102 	EXP 	polygon_25: autoDraw = False
31.5102 	EXP 	thx_txt: autoDraw = True
32.7979 	DATA 	Keypress: space
32.8101 	EXP 	thx_txt: autoDraw = False
32.9173 	EXP 	window1: mouseVisible = True
