5.7651 	WARNING 	User requested fullscreen with size [1440  900], but screen is actually [2880, 1800]. Using actual size
6.7587 	EXP 	Created window1 = Window(allowGUI=False, allowStencil=False, args=UNKNOWN, autoLog=True, bitsMode=UNKNOWN, blendMode='avg', color=array([0., 0., 0.]), colorSpace='hsv', fullscr=<method-wrapper '__getattribute__' of attributeSetter object at 0x000001AE4FEA0320>, gamma=None, gammaErrorPolicy='raise', kwargs=UNKNOWN, lms=UNKNOWN, monitor=<psychopy.monitors.calibTools.Monitor object at 0x000001AE42D074A8>, multiSample=False, name='window1', numSamples=2, pos=[0.0, 0.0], screen=0, size=array([2880, 1800]), stereo=False, units='height', useFBO=True, useRetina=False, viewOri=0.0, viewPos=None, viewScale=None, waitBlanking=True, winType='pyglet')
6.7588 	EXP 	window1: recordFrameIntervals = False
6.9250 	EXP 	window1: recordFrameIntervals = True
7.1085 	EXP 	window1: recordFrameIntervals = False
7.3746 	EXP 	Created grid = ImageStim(__class__=<class 'psychopy.visual.image.ImageStim'>, autoLog=True, color=array([1., 1., 1.]), colorSpace='rgb', contrast=1.0, depth=0.0, flipHoriz=False, flipVert=False, image='Blank Grid.jpg', interpolate=True, mask=None, maskParams=None, name='grid', opacity=1.0, ori=0.0, pos=array([0., 0.]), size=array([1., 1.]), texRes=128, units='height', win=Window(...))
7.3771 	EXP 	Created polygon = Rect(__class__=<class 'psychopy.visual.rect.Rect'>, autoDraw=False, autoLog=True, closeShape=True, color=method-wrapper(...), colorSpace=None, contrast=1.0, depth=-2.0, fillColor='white', fillColorSpace='named', fillRGB=array([255., 255., 255.]), interpolate=True, lineColor='white', lineColorSpace='named', lineRGB=array([255., 255., 255.]), lineWidth=1, name='polygon', opacity=1.0, ori=array(0.), pos=array([-0.386 ,  0.3875]), size=array([1., 1.]), units='height', vertices=ndarray(...), win=Window(...))
7.3778 	EXP 	Created polygon_2 = Rect(__class__=<class 'psychopy.visual.rect.Rect'>, autoDraw=False, autoLog=True, closeShape=True, color=method-wrapper(...), colorSpace=None, contrast=1.0, depth=-3.0, fillColor='white', fillColorSpace='named', fillRGB=array([255., 255., 255.]), interpolate=True, lineColor='white', lineColorSpace='named', lineRGB=array([255., 255., 255.]), lineWidth=1, name='polygon_2', opacity=1.0, ori=array(0.), pos=array([-0.193 ,  0.3875]), size=array([1., 1.]), units='height', vertices=ndarray(...), win=Window(...))
7.3786 	EXP 	Created polygon_3 = Rect(__class__=<class 'psychopy.visual.rect.Rect'>, autoDraw=False, autoLog=True, closeShape=True, color=method-wrapper(...), colorSpace=None, contrast=1.0, depth=-4.0, fillColor='white', fillColorSpace='named', fillRGB=array([255., 255., 255.]), interpolate=True, lineColor='white', lineColorSpace='named', lineRGB=array([255., 255., 255.]), lineWidth=1, name='polygon_3', opacity=1.0, ori=array(0.), pos=array([0.    , 0.3875]), size=array([1., 1.]), units='height', vertices=ndarray(...), win=Window(...))
7.3794 	EXP 	Created polygon_4 = Rect(__class__=<class 'psychopy.visual.rect.Rect'>, autoDraw=False, autoLog=True, closeShape=True, color=method-wrapper(...), colorSpace=None, contrast=1.0, depth=-5.0, fillColor='white', fillColorSpace='named', fillRGB=array([255., 255., 255.]), interpolate=True, lineColor='white', lineColorSpace='named', lineRGB=array([255., 255., 255.]), lineWidth=1, name='polygon_4', opacity=1.0, ori=array(0.), pos=array([0.193 , 0.3875]), size=array([1., 1.]), units='height', vertices=ndarray(...), win=Window(...))
7.3802 	EXP 	Created polygon_5 = Rect(__class__=<class 'psychopy.visual.rect.Rect'>, autoDraw=False, autoLog=True, closeShape=True, color=method-wrapper(...), colorSpace=None, contrast=1.0, depth=-6.0, fillColor='white', fillColorSpace='named', fillRGB=array([255., 255., 255.]), interpolate=True, lineColor='white', lineColorSpace='named', lineRGB=array([255., 255., 255.]), lineWidth=1, name='polygon_5', opacity=1.0, ori=array(0.), pos=array([0.386 , 0.3875]), size=array([1., 1.]), units='height', vertices=ndarray(...), win=Window(...))
7.3810 	EXP 	Created polygon_6 = Rect(__class__=<class 'psychopy.visual.rect.Rect'>, autoDraw=False, autoLog=True, closeShape=True, color=method-wrapper(...), colorSpace=None, contrast=1.0, depth=-7.0, fillColor='white', fillColorSpace='named', fillRGB=array([255., 255., 255.]), interpolate=True, lineColor='white', lineColorSpace='named', lineRGB=array([255., 255., 255.]), lineWidth=1, name='polygon_6', opacity=1.0, ori=array(0.), pos=array([-0.386  ,  0.19415]), size=array([1., 1.]), units='height', vertices=ndarray(...), win=Window(...))
7.3819 	EXP 	Created polygon_7 = Rect(__class__=<class 'psychopy.visual.rect.Rect'>, autoDraw=False, autoLog=True, closeShape=True, color=method-wrapper(...), colorSpace=None, contrast=1.0, depth=-8.0, fillColor='white', fillColorSpace='named', fillRGB=array([255., 255., 255.]), interpolate=True, lineColor='white', lineColorSpace='named', lineRGB=array([255., 255., 255.]), lineWidth=1, name='polygon_7', opacity=1.0, ori=array(0.), pos=array([-0.193  ,  0.19415]), size=array([1., 1.]), units='height', vertices=ndarray(...), win=Window(...))
7.3827 	EXP 	Created polygon_8 = Rect(__class__=<class 'psychopy.visual.rect.Rect'>, autoDraw=False, autoLog=True, closeShape=True, color=method-wrapper(...), colorSpace=None, contrast=1.0, depth=-9.0, fillColor='white', fillColorSpace='named', fillRGB=array([255., 255., 255.]), interpolate=True, lineColor='white', lineColorSpace='named', lineRGB=array([255., 255., 255.]), lineWidth=1, name='polygon_8', opacity=1.0, ori=array(0.), pos=array([0.     , 0.19415]), size=array([1., 1.]), units='height', vertices=ndarray(...), win=Window(...))
7.3835 	EXP 	Created polygon_9 = Rect(__class__=<class 'psychopy.visual.rect.Rect'>, autoDraw=False, autoLog=True, closeShape=True, color=method-wrapper(...), colorSpace=None, contrast=1.0, depth=-10.0, fillColor='white', fillColorSpace='named', fillRGB=array([255., 255., 255.]), interpolate=True, lineColor='white', lineColorSpace='named', lineRGB=array([255., 255., 255.]), lineWidth=1, name='polygon_9', opacity=1.0, ori=array(0.), pos=array([0.193  , 0.19415]), size=array([1., 1.]), units='height', vertices=ndarray(...), win=Window(...))
7.3843 	EXP 	Created polygon_10 = Rect(__class__=<class 'psychopy.visual.rect.Rect'>, autoDraw=False, autoLog=True, closeShape=True, color=method-wrapper(...), colorSpace=None, contrast=1.0, depth=-11.0, fillColor='white', fillColorSpace='named', fillRGB=array([255., 255., 255.]), interpolate=True, lineColor='white', lineColorSpace='named', lineRGB=array([255., 255., 255.]), lineWidth=1, name='polygon_10', opacity=1.0, ori=array(0.), pos=array([0.386  , 0.19415]), size=array([1., 1.]), units='height', vertices=ndarray(...), win=Window(...))
7.3851 	EXP 	Created polygon_11 = Rect(__class__=<class 'psychopy.visual.rect.Rect'>, autoDraw=False, autoLog=True, closeShape=True, color=method-wrapper(...), colorSpace=None, contrast=1.0, depth=-12.0, fillColor='white', fillColorSpace='named', fillRGB=array([255., 255., 255.]), interpolate=True, lineColor='white', lineColorSpace='named', lineRGB=array([255., 255., 255.]), lineWidth=1, name='polygon_11', opacity=1.0, ori=array(0.), pos=array([-0.386,  0.   ]), size=array([1., 1.]), units='height', vertices=ndarray(...), win=Window(...))
7.3860 	EXP 	Created polygon_12 = Rect(__class__=<class 'psychopy.visual.rect.Rect'>, autoDraw=False, autoLog=True, closeShape=True, color=method-wrapper(...), colorSpace=None, contrast=1.0, depth=-13.0, fillColor='white', fillColorSpace='named', fillRGB=array([255., 255., 255.]), interpolate=True, lineColor='white', lineColorSpace='named', lineRGB=array([255., 255., 255.]), lineWidth=1, name='polygon_12', opacity=1.0, ori=array(0.), pos=array([-0.193,  0.   ]), size=array([1., 1.]), units='height', vertices=ndarray(...), win=Window(...))
7.3867 	EXP 	Created polygon_13 = Rect(__class__=<class 'psychopy.visual.rect.Rect'>, autoDraw=False, autoLog=True, closeShape=True, color=method-wrapper(...), colorSpace=None, contrast=1.0, depth=-14.0, fillColor='white', fillColorSpace='named', fillRGB=array([255., 255., 255.]), interpolate=True, lineColor='white', lineColorSpace='named', lineRGB=array([255., 255., 255.]), lineWidth=1, name='polygon_13', opacity=1.0, ori=array(0.), pos=array([0., 0.]), size=array([1., 1.]), units='height', vertices=ndarray(...), win=Window(...))
7.3875 	EXP 	Created polygon_14 = Rect(__class__=<class 'psychopy.visual.rect.Rect'>, autoDraw=False, autoLog=True, closeShape=True, color=method-wrapper(...), colorSpace=None, contrast=1.0, depth=-15.0, fillColor='white', fillColorSpace='named', fillRGB=array([255., 255., 255.]), interpolate=True, lineColor='white', lineColorSpace='named', lineRGB=array([255., 255., 255.]), lineWidth=1, name='polygon_14', opacity=1.0, ori=array(0.), pos=array([0.193, 0.   ]), size=array([1., 1.]), units='height', vertices=ndarray(...), win=Window(...))
7.3883 	EXP 	Created polygon_15 = Rect(__class__=<class 'psychopy.visual.rect.Rect'>, autoDraw=False, autoLog=True, closeShape=True, color=method-wrapper(...), colorSpace=None, contrast=1.0, depth=-16.0, fillColor='white', fillColorSpace='named', fillRGB=array([255., 255., 255.]), interpolate=True, lineColor='white', lineColorSpace='named', lineRGB=array([255., 255., 255.]), lineWidth=1, name='polygon_15', opacity=1.0, ori=array(0.), pos=array([0.386, 0.   ]), size=array([1., 1.]), units='height', vertices=ndarray(...), win=Window(...))
7.3891 	EXP 	Created polygon_16 = Rect(__class__=<class 'psychopy.visual.rect.Rect'>, autoDraw=False, autoLog=True, closeShape=True, color=method-wrapper(...), colorSpace=None, contrast=1.0, depth=-17.0, fillColor='white', fillColorSpace='named', fillRGB=array([255., 255., 255.]), interpolate=True, lineColor='white', lineColorSpace='named', lineRGB=array([255., 255., 255.]), lineWidth=1, name='polygon_16', opacity=1.0, ori=array(0.), pos=array([-0.386  , -0.19415]), size=array([1., 1.]), units='height', vertices=ndarray(...), win=Window(...))
7.3900 	EXP 	Created polygon_17 = Rect(__class__=<class 'psychopy.visual.rect.Rect'>, autoDraw=False, autoLog=True, closeShape=True, color=method-wrapper(...), colorSpace=None, contrast=1.0, depth=-18.0, fillColor='white', fillColorSpace='named', fillRGB=array([255., 255., 255.]), interpolate=True, lineColor='white', lineColorSpace='named', lineRGB=array([255., 255., 255.]), lineWidth=1, name='polygon_17', opacity=1.0, ori=array(0.), pos=array([-0.193  , -0.19415]), size=array([1., 1.]), units='height', vertices=ndarray(...), win=Window(...))
7.3908 	EXP 	Created polygon_18 = Rect(__class__=<class 'psychopy.visual.rect.Rect'>, autoDraw=False, autoLog=True, closeShape=True, color=method-wrapper(...), colorSpace=None, contrast=1.0, depth=-19.0, fillColor='white', fillColorSpace='named', fillRGB=array([255., 255., 255.]), interpolate=True, lineColor='white', lineColorSpace='named', lineRGB=array([255., 255., 255.]), lineWidth=1, name='polygon_18', opacity=1.0, ori=array(0.), pos=array([ 0.     , -0.19415]), size=array([1., 1.]), units='height', vertices=ndarray(...), win=Window(...))
7.3916 	EXP 	Created polygon_19 = Rect(__class__=<class 'psychopy.visual.rect.Rect'>, autoDraw=False, autoLog=True, closeShape=True, color=method-wrapper(...), colorSpace=None, contrast=1.0, depth=-20.0, fillColor='white', fillColorSpace='named', fillRGB=array([255., 255., 255.]), interpolate=True, lineColor='white', lineColorSpace='named', lineRGB=array([255., 255., 255.]), lineWidth=1, name='polygon_19', opacity=1.0, ori=array(0.), pos=array([ 0.193  , -0.19415]), size=array([1., 1.]), units='height', vertices=ndarray(...), win=Window(...))
7.3924 	EXP 	Created polygon_20 = Rect(__class__=<class 'psychopy.visual.rect.Rect'>, autoDraw=False, autoLog=True, closeShape=True, color=method-wrapper(...), colorSpace=None, contrast=1.0, depth=-21.0, fillColor='white', fillColorSpace='named', fillRGB=array([255., 255., 255.]), interpolate=True, lineColor='white', lineColorSpace='named', lineRGB=array([255., 255., 255.]), lineWidth=1, name='polygon_20', opacity=1.0, ori=array(0.), pos=array([ 0.386  , -0.19415]), size=array([1., 1.]), units='height', vertices=ndarray(...), win=Window(...))
7.3933 	EXP 	Created polygon_21 = Rect(__class__=<class 'psychopy.visual.rect.Rect'>, autoDraw=False, autoLog=True, closeShape=True, color=method-wrapper(...), colorSpace=None, contrast=1.0, depth=-22.0, fillColor='white', fillColorSpace='named', fillRGB=array([255., 255., 255.]), interpolate=True, lineColor='white', lineColorSpace='named', lineRGB=array([255., 255., 255.]), lineWidth=1, name='polygon_21', opacity=1.0, ori=array(0.), pos=array([-0.386 , -0.3875]), size=array([1., 1.]), units='height', vertices=ndarray(...), win=Window(...))
7.3941 	EXP 	Created polygon_22 = Rect(__class__=<class 'psychopy.visual.rect.Rect'>, autoDraw=False, autoLog=True, closeShape=True, color=method-wrapper(...), colorSpace=None, contrast=1.0, depth=-23.0, fillColor='white', fillColorSpace='named', fillRGB=array([255., 255., 255.]), interpolate=True, lineColor='white', lineColorSpace='named', lineRGB=array([255., 255., 255.]), lineWidth=1, name='polygon_22', opacity=1.0, ori=array(0.), pos=array([-0.193 , -0.3875]), size=array([1., 1.]), units='height', vertices=ndarray(...), win=Window(...))
7.3949 	EXP 	Created polygon_23 = Rect(__class__=<class 'psychopy.visual.rect.Rect'>, autoDraw=False, autoLog=True, closeShape=True, color=method-wrapper(...), colorSpace=None, contrast=1.0, depth=-24.0, fillColor='white', fillColorSpace='named', fillRGB=array([255., 255., 255.]), interpolate=True, lineColor='white', lineColorSpace='named', lineRGB=array([255., 255., 255.]), lineWidth=1, name='polygon_23', opacity=1.0, ori=array(0.), pos=array([ 0.    , -0.3875]), size=array([1., 1.]), units='height', vertices=ndarray(...), win=Window(...))
7.3957 	EXP 	Created polygon_24 = Rect(__class__=<class 'psychopy.visual.rect.Rect'>, autoDraw=False, autoLog=True, closeShape=True, color=method-wrapper(...), colorSpace=None, contrast=1.0, depth=-25.0, fillColor='white', fillColorSpace='named', fillRGB=array([255., 255., 255.]), interpolate=True, lineColor='white', lineColorSpace='named', lineRGB=array([255., 255., 255.]), lineWidth=1, name='polygon_24', opacity=1.0, ori=array(0.), pos=array([ 0.193 , -0.3875]), size=array([1., 1.]), units='height', vertices=ndarray(...), win=Window(...))
7.3965 	EXP 	Created polygon_25 = Rect(__class__=<class 'psychopy.visual.rect.Rect'>, autoDraw=False, autoLog=True, closeShape=True, color=method-wrapper(...), colorSpace=None, contrast=1.0, depth=-26.0, fillColor='white', fillColorSpace='named', fillRGB=array([255., 255., 255.]), interpolate=True, lineColor='white', lineColorSpace='named', lineRGB=array([255., 255., 255.]), lineWidth=1, name='polygon_25', opacity=1.0, ori=array(0.), pos=array([ 0.386 , -0.3875]), size=array([1., 1.]), units='height', vertices=ndarray(...), win=Window(...))
7.4282 	EXP 	Imported BLS_responses.xlsx as conditions, 32 conditions, 3 params
7.4284 	EXP 	Created sequence: sequential, trialTypes=32, nReps=1, seed=None
7.4287 	EXP 	New trial (rep=0, index=0): OrderedDict([('span', 2), ('trial', 1), ('correct_seq', ['polygon_18', 'polygon_10'])])
7.4918 	EXP 	polygon: fillColor = 'white'
7.4918 	EXP 	polygon: lineColor = 'white'
7.4918 	EXP 	polygon: color = 'white'
7.4918 	EXP 	polygon_2: fillColor = 'white'
7.4918 	EXP 	polygon_2: lineColor = 'white'
7.4918 	EXP 	polygon_2: color = 'white'
7.4918 	EXP 	polygon_3: fillColor = 'white'
7.4918 	EXP 	polygon_3: lineColor = 'white'
7.4918 	EXP 	polygon_3: color = 'white'
7.4918 	EXP 	polygon_4: fillColor = 'white'
7.4918 	EXP 	polygon_4: lineColor = 'white'
7.4918 	EXP 	polygon_4: color = 'white'
7.4918 	EXP 	polygon_5: fillColor = 'white'
7.4918 	EXP 	polygon_5: lineColor = 'white'
7.4918 	EXP 	polygon_5: color = 'white'
7.4918 	EXP 	polygon_6: fillColor = 'white'
7.4918 	EXP 	polygon_6: lineColor = 'white'
7.4918 	EXP 	polygon_6: color = 'white'
7.4918 	EXP 	polygon_7: fillColor = 'white'
7.4918 	EXP 	polygon_7: lineColor = 'white'
7.4918 	EXP 	polygon_7: color = 'white'
7.4918 	EXP 	polygon_8: fillColor = 'white'
7.4918 	EXP 	polygon_8: lineColor = 'white'
7.4918 	EXP 	polygon_8: color = 'white'
7.4918 	EXP 	polygon_9: fillColor = 'white'
7.4918 	EXP 	polygon_9: lineColor = 'white'
7.4918 	EXP 	polygon_9: color = 'white'
7.4918 	EXP 	polygon_10: fillColor = 'white'
7.4918 	EXP 	polygon_10: lineColor = 'white'
7.4918 	EXP 	polygon_10: color = 'white'
7.4918 	EXP 	polygon_11: fillColor = 'white'
7.4918 	EXP 	polygon_11: lineColor = 'white'
7.4918 	EXP 	polygon_11: color = 'white'
7.4918 	EXP 	polygon_12: fillColor = 'white'
7.4918 	EXP 	polygon_12: lineColor = 'white'
7.4918 	EXP 	polygon_12: color = 'white'
7.4918 	EXP 	polygon_13: fillColor = 'white'
7.4918 	EXP 	polygon_13: lineColor = 'white'
7.4918 	EXP 	polygon_13: color = 'white'
7.4918 	EXP 	polygon_14: fillColor = 'white'
7.4918 	EXP 	polygon_14: lineColor = 'white'
7.4918 	EXP 	polygon_14: color = 'white'
7.4918 	EXP 	polygon_15: fillColor = 'white'
7.4918 	EXP 	polygon_15: lineColor = 'white'
7.4918 	EXP 	polygon_15: color = 'white'
7.4918 	EXP 	polygon_16: fillColor = 'white'
7.4918 	EXP 	polygon_16: lineColor = 'white'
7.4918 	EXP 	polygon_16: color = 'white'
7.4918 	EXP 	polygon_17: fillColor = 'white'
7.4918 	EXP 	polygon_17: lineColor = 'white'
7.4918 	EXP 	polygon_17: color = 'white'
7.4918 	EXP 	polygon_18: fillColor = 'white'
7.4918 	EXP 	polygon_18: lineColor = 'white'
7.4918 	EXP 	polygon_18: color = 'white'
7.4918 	EXP 	polygon_19: fillColor = 'white'
7.4918 	EXP 	polygon_19: lineColor = 'white'
7.4918 	EXP 	polygon_19: color = 'white'
7.4918 	EXP 	polygon_20: fillColor = 'white'
7.4918 	EXP 	polygon_20: lineColor = 'white'
7.4918 	EXP 	polygon_20: color = 'white'
7.4918 	EXP 	polygon_21: fillColor = 'white'
7.4918 	EXP 	polygon_21: lineColor = 'white'
7.4918 	EXP 	polygon_21: color = 'white'
7.4918 	EXP 	polygon_22: fillColor = 'white'
7.4918 	EXP 	polygon_22: lineColor = 'white'
7.4918 	EXP 	polygon_22: color = 'white'
7.4918 	EXP 	polygon_23: fillColor = 'white'
7.4918 	EXP 	polygon_23: lineColor = 'white'
7.4918 	EXP 	polygon_23: color = 'white'
7.4918 	EXP 	polygon_24: fillColor = 'white'
7.4918 	EXP 	polygon_24: lineColor = 'white'
7.4918 	EXP 	polygon_24: color = 'white'
7.4918 	EXP 	polygon_25: fillColor = 'white'
7.4918 	EXP 	polygon_25: lineColor = 'white'
7.4918 	EXP 	polygon_25: color = 'white'
7.4918 	EXP 	grid: autoDraw = True
7.4918 	EXP 	polygon: autoDraw = True
7.4918 	EXP 	polygon_2: autoDraw = True
7.4918 	EXP 	polygon_3: autoDraw = True
7.4918 	EXP 	polygon_4: autoDraw = True
7.4918 	EXP 	polygon_5: autoDraw = True
7.4918 	EXP 	polygon_6: autoDraw = True
7.4918 	EXP 	polygon_7: autoDraw = True
7.4918 	EXP 	polygon_8: autoDraw = True
7.4918 	EXP 	polygon_9: autoDraw = True
7.4918 	EXP 	polygon_10: autoDraw = True
7.4918 	EXP 	polygon_11: autoDraw = True
7.4918 	EXP 	polygon_12: autoDraw = True
7.4918 	EXP 	polygon_13: autoDraw = True
7.4918 	EXP 	polygon_14: autoDraw = True
7.4918 	EXP 	polygon_15: autoDraw = True
7.4918 	EXP 	polygon_16: autoDraw = True
7.4918 	EXP 	polygon_17: autoDraw = True
7.4918 	EXP 	polygon_18: autoDraw = True
7.4918 	EXP 	polygon_19: autoDraw = True
7.4918 	EXP 	polygon_20: autoDraw = True
7.4918 	EXP 	polygon_21: autoDraw = True
7.4918 	EXP 	polygon_22: autoDraw = True
7.4918 	EXP 	polygon_23: autoDraw = True
7.4918 	EXP 	polygon_24: autoDraw = True
7.4918 	EXP 	polygon_25: autoDraw = True
10.1440 	DATA 	Mouse: Left button down, pos=(1478,572)
10.1749 	EXP 	polygon_18: fillColor = 'black'
10.1749 	EXP 	polygon_18: lineColor = 'black'
10.1749 	EXP 	polygon_18: color = 'black'
10.3158 	DATA 	Mouse:  Left button up, pos=(1478,572)
11.6605 	DATA 	Mouse: Left button down, pos=(2150,1237)
11.6915 	EXP 	polygon_10: fillColor = 'black'
11.6915 	EXP 	polygon_10: lineColor = 'black'
11.6915 	EXP 	polygon_10: color = 'black'
11.7991 	DATA 	Mouse:  Left button up, pos=(2150,1237)
12.8437 	DATA 	Keypress: space
12.8499 	EXP 	New trial (rep=0, index=1): OrderedDict([('span', 2), ('trial', 2), ('correct_seq', ['polygon_19', 'polygon_2'])])
12.8746 	EXP 	grid: autoDraw = False
12.8746 	EXP 	polygon: autoDraw = False
12.8746 	EXP 	polygon_2: autoDraw = False
12.8746 	EXP 	polygon_3: autoDraw = False
12.8746 	EXP 	polygon_4: autoDraw = False
12.8746 	EXP 	polygon_5: autoDraw = False
12.8746 	EXP 	polygon_6: autoDraw = False
12.8746 	EXP 	polygon_7: autoDraw = False
12.8746 	EXP 	polygon_8: autoDraw = False
12.8746 	EXP 	polygon_9: autoDraw = False
12.8746 	EXP 	polygon_10: autoDraw = False
12.8746 	EXP 	polygon_11: autoDraw = False
12.8746 	EXP 	polygon_12: autoDraw = False
12.8746 	EXP 	polygon_13: autoDraw = False
12.8746 	EXP 	polygon_14: autoDraw = False
12.8746 	EXP 	polygon_15: autoDraw = False
12.8746 	EXP 	polygon_16: autoDraw = False
12.8746 	EXP 	polygon_17: autoDraw = False
12.8746 	EXP 	polygon_18: autoDraw = False
12.8746 	EXP 	polygon_19: autoDraw = False
12.8746 	EXP 	polygon_20: autoDraw = False
12.8746 	EXP 	polygon_21: autoDraw = False
12.8746 	EXP 	polygon_22: autoDraw = False
12.8746 	EXP 	polygon_23: autoDraw = False
12.8746 	EXP 	polygon_24: autoDraw = False
12.8746 	EXP 	polygon_25: autoDraw = False
12.8746 	EXP 	polygon: fillColor = 'white'
12.8746 	EXP 	polygon: lineColor = 'white'
12.8746 	EXP 	polygon: color = 'white'
12.8746 	EXP 	polygon_2: fillColor = 'white'
12.8746 	EXP 	polygon_2: lineColor = 'white'
12.8746 	EXP 	polygon_2: color = 'white'
12.8746 	EXP 	polygon_3: fillColor = 'white'
12.8746 	EXP 	polygon_3: lineColor = 'white'
12.8746 	EXP 	polygon_3: color = 'white'
12.8746 	EXP 	polygon_4: fillColor = 'white'
12.8746 	EXP 	polygon_4: lineColor = 'white'
12.8746 	EXP 	polygon_4: color = 'white'
12.8746 	EXP 	polygon_5: fillColor = 'white'
12.8746 	EXP 	polygon_5: lineColor = 'white'
12.8746 	EXP 	polygon_5: color = 'white'
12.8746 	EXP 	polygon_6: fillColor = 'white'
12.8746 	EXP 	polygon_6: lineColor = 'white'
12.8746 	EXP 	polygon_6: color = 'white'
12.8746 	EXP 	polygon_7: fillColor = 'white'
12.8746 	EXP 	polygon_7: lineColor = 'white'
12.8746 	EXP 	polygon_7: color = 'white'
12.8746 	EXP 	polygon_8: fillColor = 'white'
12.8746 	EXP 	polygon_8: lineColor = 'white'
12.8746 	EXP 	polygon_8: color = 'white'
12.8746 	EXP 	polygon_9: fillColor = 'white'
12.8746 	EXP 	polygon_9: lineColor = 'white'
12.8746 	EXP 	polygon_9: color = 'white'
12.8746 	EXP 	polygon_10: fillColor = 'white'
12.8746 	EXP 	polygon_10: lineColor = 'white'
12.8746 	EXP 	polygon_10: color = 'white'
12.8746 	EXP 	polygon_11: fillColor = 'white'
12.8746 	EXP 	polygon_11: lineColor = 'white'
12.8746 	EXP 	polygon_11: color = 'white'
12.8746 	EXP 	polygon_12: fillColor = 'white'
12.8746 	EXP 	polygon_12: lineColor = 'white'
12.8746 	EXP 	polygon_12: color = 'white'
12.8746 	EXP 	polygon_13: fillColor = 'white'
12.8746 	EXP 	polygon_13: lineColor = 'white'
12.8746 	EXP 	polygon_13: color = 'white'
12.8746 	EXP 	polygon_14: fillColor = 'white'
12.8746 	EXP 	polygon_14: lineColor = 'white'
12.8746 	EXP 	polygon_14: color = 'white'
12.8746 	EXP 	polygon_15: fillColor = 'white'
12.8746 	EXP 	polygon_15: lineColor = 'white'
12.8746 	EXP 	polygon_15: color = 'white'
12.8746 	EXP 	polygon_16: fillColor = 'white'
12.8746 	EXP 	polygon_16: lineColor = 'white'
12.8746 	EXP 	polygon_16: color = 'white'
12.8746 	EXP 	polygon_17: fillColor = 'white'
12.8746 	EXP 	polygon_17: lineColor = 'white'
12.8746 	EXP 	polygon_17: color = 'white'
12.8746 	EXP 	polygon_18: fillColor = 'white'
12.8746 	EXP 	polygon_18: lineColor = 'white'
12.8746 	EXP 	polygon_18: color = 'white'
12.8746 	EXP 	polygon_19: fillColor = 'white'
12.8746 	EXP 	polygon_19: lineColor = 'white'
12.8746 	EXP 	polygon_19: color = 'white'
12.8746 	EXP 	polygon_20: fillColor = 'white'
12.8746 	EXP 	polygon_20: lineColor = 'white'
12.8746 	EXP 	polygon_20: color = 'white'
12.8746 	EXP 	polygon_21: fillColor = 'white'
12.8746 	EXP 	polygon_21: lineColor = 'white'
12.8746 	EXP 	polygon_21: color = 'white'
12.8746 	EXP 	polygon_22: fillColor = 'white'
12.8746 	EXP 	polygon_22: lineColor = 'white'
12.8746 	EXP 	polygon_22: color = 'white'
12.8746 	EXP 	polygon_23: fillColor = 'white'
12.8746 	EXP 	polygon_23: lineColor = 'white'
12.8746 	EXP 	polygon_23: color = 'white'
12.8746 	EXP 	polygon_24: fillColor = 'white'
12.8746 	EXP 	polygon_24: lineColor = 'white'
12.8746 	EXP 	polygon_24: color = 'white'
12.8746 	EXP 	polygon_25: fillColor = 'white'
12.8746 	EXP 	polygon_25: lineColor = 'white'
12.8746 	EXP 	polygon_25: color = 'white'
12.8746 	EXP 	grid: autoDraw = True
12.8746 	EXP 	polygon: autoDraw = True
12.8746 	EXP 	polygon_2: autoDraw = True
12.8746 	EXP 	polygon_3: autoDraw = True
12.8746 	EXP 	polygon_4: autoDraw = True
12.8746 	EXP 	polygon_5: autoDraw = True
12.8746 	EXP 	polygon_6: autoDraw = True
12.8746 	EXP 	polygon_7: autoDraw = True
12.8746 	EXP 	polygon_8: autoDraw = True
12.8746 	EXP 	polygon_9: autoDraw = True
12.8746 	EXP 	polygon_10: autoDraw = True
12.8746 	EXP 	polygon_11: autoDraw = True
12.8746 	EXP 	polygon_12: autoDraw = True
12.8746 	EXP 	polygon_13: autoDraw = True
12.8746 	EXP 	polygon_14: autoDraw = True
12.8746 	EXP 	polygon_15: autoDraw = True
12.8746 	EXP 	polygon_16: autoDraw = True
12.8746 	EXP 	polygon_17: autoDraw = True
12.8746 	EXP 	polygon_18: autoDraw = True
12.8746 	EXP 	polygon_19: autoDraw = True
12.8746 	EXP 	polygon_20: autoDraw = True
12.8746 	EXP 	polygon_21: autoDraw = True
12.8746 	EXP 	polygon_22: autoDraw = True
12.8746 	EXP 	polygon_23: autoDraw = True
12.8746 	EXP 	polygon_24: autoDraw = True
12.8746 	EXP 	polygon_25: autoDraw = True
15.2490 	DATA 	Mouse: Left button down, pos=(2150,1238)
15.2914 	EXP 	polygon_10: fillColor = 'black'
15.2914 	EXP 	polygon_10: lineColor = 'black'
15.2914 	EXP 	polygon_10: color = 'black'
15.4344 	DATA 	Mouse:  Left button up, pos=(2150,1238)
15.9656 	DATA 	Mouse: Left button down, pos=(1915,1187)
16.0079 	EXP 	polygon_9: fillColor = 'black'
16.0079 	EXP 	polygon_9: lineColor = 'black'
16.0079 	EXP 	polygon_9: color = 'black'
16.0868 	DATA 	Mouse:  Left button up, pos=(1915,1187)
16.5604 	DATA 	Mouse: Left button down, pos=(1825,950)
16.5914 	EXP 	polygon_14: fillColor = 'black'
16.5914 	EXP 	polygon_14: lineColor = 'black'
16.5914 	EXP 	polygon_14: color = 'black'
16.6983 	DATA 	Mouse:  Left button up, pos=(1825,950)
17.1776 	DATA 	Keypress: space
17.1994 	EXP 	New trial (rep=0, index=2): OrderedDict([('span', 2), ('trial', 3), ('correct_seq', ['polygon_21', 'polygon_8'])])
17.2247 	EXP 	grid: autoDraw = False
17.2247 	EXP 	polygon: autoDraw = False
17.2247 	EXP 	polygon_2: autoDraw = False
17.2247 	EXP 	polygon_3: autoDraw = False
17.2247 	EXP 	polygon_4: autoDraw = False
17.2247 	EXP 	polygon_5: autoDraw = False
17.2247 	EXP 	polygon_6: autoDraw = False
17.2247 	EXP 	polygon_7: autoDraw = False
17.2247 	EXP 	polygon_8: autoDraw = False
17.2247 	EXP 	polygon_9: autoDraw = False
17.2247 	EXP 	polygon_10: autoDraw = False
17.2247 	EXP 	polygon_11: autoDraw = False
17.2247 	EXP 	polygon_12: autoDraw = False
17.2247 	EXP 	polygon_13: autoDraw = False
17.2247 	EXP 	polygon_14: autoDraw = False
17.2247 	EXP 	polygon_15: autoDraw = False
17.2247 	EXP 	polygon_16: autoDraw = False
17.2247 	EXP 	polygon_17: autoDraw = False
17.2247 	EXP 	polygon_18: autoDraw = False
17.2247 	EXP 	polygon_19: autoDraw = False
17.2247 	EXP 	polygon_20: autoDraw = False
17.2247 	EXP 	polygon_21: autoDraw = False
17.2247 	EXP 	polygon_22: autoDraw = False
17.2247 	EXP 	polygon_23: autoDraw = False
17.2247 	EXP 	polygon_24: autoDraw = False
17.2247 	EXP 	polygon_25: autoDraw = False
17.2247 	EXP 	polygon: fillColor = 'white'
17.2247 	EXP 	polygon: lineColor = 'white'
17.2247 	EXP 	polygon: color = 'white'
17.2247 	EXP 	polygon_2: fillColor = 'white'
17.2247 	EXP 	polygon_2: lineColor = 'white'
17.2247 	EXP 	polygon_2: color = 'white'
17.2247 	EXP 	polygon_3: fillColor = 'white'
17.2247 	EXP 	polygon_3: lineColor = 'white'
17.2247 	EXP 	polygon_3: color = 'white'
17.2247 	EXP 	polygon_4: fillColor = 'white'
17.2247 	EXP 	polygon_4: lineColor = 'white'
17.2247 	EXP 	polygon_4: color = 'white'
17.2247 	EXP 	polygon_5: fillColor = 'white'
17.2247 	EXP 	polygon_5: lineColor = 'white'
17.2247 	EXP 	polygon_5: color = 'white'
17.2247 	EXP 	polygon_6: fillColor = 'white'
17.2247 	EXP 	polygon_6: lineColor = 'white'
17.2247 	EXP 	polygon_6: color = 'white'
17.2247 	EXP 	polygon_7: fillColor = 'white'
17.2247 	EXP 	polygon_7: lineColor = 'white'
17.2247 	EXP 	polygon_7: color = 'white'
17.2247 	EXP 	polygon_8: fillColor = 'white'
17.2247 	EXP 	polygon_8: lineColor = 'white'
17.2247 	EXP 	polygon_8: color = 'white'
17.2247 	EXP 	polygon_9: fillColor = 'white'
17.2247 	EXP 	polygon_9: lineColor = 'white'
17.2247 	EXP 	polygon_9: color = 'white'
17.2247 	EXP 	polygon_10: fillColor = 'white'
17.2247 	EXP 	polygon_10: lineColor = 'white'
17.2247 	EXP 	polygon_10: color = 'white'
17.2247 	EXP 	polygon_11: fillColor = 'white'
17.2247 	EXP 	polygon_11: lineColor = 'white'
17.2247 	EXP 	polygon_11: color = 'white'
17.2247 	EXP 	polygon_12: fillColor = 'white'
17.2247 	EXP 	polygon_12: lineColor = 'white'
17.2247 	EXP 	polygon_12: color = 'white'
17.2247 	EXP 	polygon_13: fillColor = 'white'
17.2247 	EXP 	polygon_13: lineColor = 'white'
17.2247 	EXP 	polygon_13: color = 'white'
17.2247 	EXP 	polygon_14: fillColor = 'white'
17.2247 	EXP 	polygon_14: lineColor = 'white'
17.2247 	EXP 	polygon_14: color = 'white'
17.2247 	EXP 	polygon_15: fillColor = 'white'
17.2247 	EXP 	polygon_15: lineColor = 'white'
17.2247 	EXP 	polygon_15: color = 'white'
17.2247 	EXP 	polygon_16: fillColor = 'white'
17.2247 	EXP 	polygon_16: lineColor = 'white'
17.2247 	EXP 	polygon_16: color = 'white'
17.2247 	EXP 	polygon_17: fillColor = 'white'
17.2247 	EXP 	polygon_17: lineColor = 'white'
17.2247 	EXP 	polygon_17: color = 'white'
17.2247 	EXP 	polygon_18: fillColor = 'white'
17.2247 	EXP 	polygon_18: lineColor = 'white'
17.2247 	EXP 	polygon_18: color = 'white'
17.2247 	EXP 	polygon_19: fillColor = 'white'
17.2247 	EXP 	polygon_19: lineColor = 'white'
17.2247 	EXP 	polygon_19: color = 'white'
17.2247 	EXP 	polygon_20: fillColor = 'white'
17.2247 	EXP 	polygon_20: lineColor = 'white'
17.2247 	EXP 	polygon_20: color = 'white'
17.2247 	EXP 	polygon_21: fillColor = 'white'
17.2247 	EXP 	polygon_21: lineColor = 'white'
17.2247 	EXP 	polygon_21: color = 'white'
17.2247 	EXP 	polygon_22: fillColor = 'white'
17.2247 	EXP 	polygon_22: lineColor = 'white'
17.2247 	EXP 	polygon_22: color = 'white'
17.2247 	EXP 	polygon_23: fillColor = 'white'
17.2247 	EXP 	polygon_23: lineColor = 'white'
17.2247 	EXP 	polygon_23: color = 'white'
17.2247 	EXP 	polygon_24: fillColor = 'white'
17.2247 	EXP 	polygon_24: lineColor = 'white'
17.2247 	EXP 	polygon_24: color = 'white'
17.2247 	EXP 	polygon_25: fillColor = 'white'
17.2247 	EXP 	polygon_25: lineColor = 'white'
17.2247 	EXP 	polygon_25: color = 'white'
17.2247 	EXP 	grid: autoDraw = True
17.2247 	EXP 	polygon: autoDraw = True
17.2247 	EXP 	polygon_2: autoDraw = True
17.2247 	EXP 	polygon_3: autoDraw = True
17.2247 	EXP 	polygon_4: autoDraw = True
17.2247 	EXP 	polygon_5: autoDraw = True
17.2247 	EXP 	polygon_6: autoDraw = True
17.2247 	EXP 	polygon_7: autoDraw = True
17.2247 	EXP 	polygon_8: autoDraw = True
17.2247 	EXP 	polygon_9: autoDraw = True
17.2247 	EXP 	polygon_10: autoDraw = True
17.2247 	EXP 	polygon_11: autoDraw = True
17.2247 	EXP 	polygon_12: autoDraw = True
17.2247 	EXP 	polygon_13: autoDraw = True
17.2247 	EXP 	polygon_14: autoDraw = True
17.2247 	EXP 	polygon_15: autoDraw = True
17.2247 	EXP 	polygon_16: autoDraw = True
17.2247 	EXP 	polygon_17: autoDraw = True
17.2247 	EXP 	polygon_18: autoDraw = True
17.2247 	EXP 	polygon_19: autoDraw = True
17.2247 	EXP 	polygon_20: autoDraw = True
17.2247 	EXP 	polygon_21: autoDraw = True
17.2247 	EXP 	polygon_22: autoDraw = True
17.2247 	EXP 	polygon_23: autoDraw = True
17.2247 	EXP 	polygon_24: autoDraw = True
17.2247 	EXP 	polygon_25: autoDraw = True
19.6294 	DATA 	Mouse: Left button down, pos=(1720,894)
19.6913 	EXP 	polygon_14: fillColor = 'black'
19.6913 	EXP 	polygon_14: lineColor = 'black'
19.6913 	EXP 	polygon_14: color = 'black'
19.7603 	DATA 	Mouse:  Left button up, pos=(1720,894)
20.2339 	DATA 	Mouse: Left button down, pos=(1484,881)
20.2747 	EXP 	polygon_13: fillColor = 'black'
20.2747 	EXP 	polygon_13: lineColor = 'black'
20.2747 	EXP 	polygon_13: color = 'black'
20.3761 	DATA 	Mouse:  Left button up, pos=(1484,881)
20.9766 	DATA 	Mouse: Left button down, pos=(1066,819)
21.0080 	EXP 	polygon_12: fillColor = 'black'
21.0080 	EXP 	polygon_12: lineColor = 'black'
21.0080 	EXP 	polygon_12: color = 'black'
21.1437 	DATA 	Mouse:  Left button up, pos=(1066,819)
21.8111 	DATA 	Keypress: space
21.8746 	EXP 	grid: autoDraw = False
21.8746 	EXP 	polygon: autoDraw = False
21.8746 	EXP 	polygon_2: autoDraw = False
21.8746 	EXP 	polygon_3: autoDraw = False
21.8746 	EXP 	polygon_4: autoDraw = False
21.8746 	EXP 	polygon_5: autoDraw = False
21.8746 	EXP 	polygon_6: autoDraw = False
21.8746 	EXP 	polygon_7: autoDraw = False
21.8746 	EXP 	polygon_8: autoDraw = False
21.8746 	EXP 	polygon_9: autoDraw = False
21.8746 	EXP 	polygon_10: autoDraw = False
21.8746 	EXP 	polygon_11: autoDraw = False
21.8746 	EXP 	polygon_12: autoDraw = False
21.8746 	EXP 	polygon_13: autoDraw = False
21.8746 	EXP 	polygon_14: autoDraw = False
21.8746 	EXP 	polygon_15: autoDraw = False
21.8746 	EXP 	polygon_16: autoDraw = False
21.8746 	EXP 	polygon_17: autoDraw = False
21.8746 	EXP 	polygon_18: autoDraw = False
21.8746 	EXP 	polygon_19: autoDraw = False
21.8746 	EXP 	polygon_20: autoDraw = False
21.8746 	EXP 	polygon_21: autoDraw = False
21.8746 	EXP 	polygon_22: autoDraw = False
21.8746 	EXP 	polygon_23: autoDraw = False
21.8746 	EXP 	polygon_24: autoDraw = False
21.8746 	EXP 	polygon_25: autoDraw = False
21.9644 	EXP 	window1: mouseVisible = True
