7.8346 	WARNING 	User requested fullscreen with size [1440  900], but screen is actually [2880, 1800]. Using actual size
8.7787 	EXP 	Created window1 = Window(allowGUI=False, allowStencil=False, args=UNKNOWN, autoLog=True, bitsMode=UNKNOWN, blendMode='avg', color=array([0., 0., 0.]), colorSpace='hsv', fullscr=<method-wrapper '__getattribute__' of attributeSetter object at 0x000001B1C5D2BDD8>, gamma=None, gammaErrorPolicy='raise', kwargs=UNKNOWN, lms=UNKNOWN, monitor=<psychopy.monitors.calibTools.Monitor object at 0x000001B1D3FB4F60>, multiSample=False, name='window1', numSamples=2, pos=[0.0, 0.0], screen=0, size=array([2880, 1800]), stereo=False, units='height', useFBO=True, useRetina=False, viewOri=0.0, viewPos=None, viewScale=None, waitBlanking=True, winType='pyglet')
8.7788 	EXP 	window1: recordFrameIntervals = False
8.9448 	EXP 	window1: recordFrameIntervals = True
9.1283 	EXP 	window1: recordFrameIntervals = False
9.4176 	EXP 	Created instr_text = TextStim(__class__=<class 'psychopy.visual.text.TextStim'>, alignHoriz='center', alignVert='center', antialias=True, autoLog=True, bold=False, color='white', colorSpace='named', contrast=1.0, depth=0.0, flipHoriz=False, flipVert=False, font='Arial', fontFiles=[], height=0.05, italic=False, languageStyle='LTR', name='instr_text', opacity=1.0, ori=0, pos=array([0., 0.]), rgb=array([255., 255., 255.]), text='Any text\n\nincluding line breaks', units='height', win=Window(...), wrapWidth=1)
9.5176 	EXP 	Created Grid = ImageStim(__class__=<class 'psychopy.visual.image.ImageStim'>, autoLog=True, color=array([1., 1., 1.]), colorSpace='rgb', contrast=1.0, depth=0.0, flipHoriz=False, flipVert=False, image='Blank Grid.jpg', interpolate=True, mask=None, maskParams=None, name='Grid', opacity=1.0, ori=0.0, pos=array([0., 0.]), size=array([1., 1.]), texRes=128, units='height', win=Window(...))
9.5204 	EXP 	Created Square = Rect(__class__=<class 'psychopy.visual.rect.Rect'>, autoDraw=False, autoLog=True, closeShape=True, color=method-wrapper(...), colorSpace=None, contrast=1.0, depth=-1.0, fillColor=array([255.,   0.,   0.]), fillColorSpace='rgb255', fillRGB=array([255.,   0.,   0.]), interpolate=True, lineColor=array([255.,   0.,   0.]), lineColorSpace='rgb', lineRGB=array([255.,   0.,   0.]), lineWidth=1, name='Square', opacity=1.0, ori=array(0.), pos=array([0., 0.]), size=array([1., 1.]), units='height', vertices=ndarray(...), win=Window(...))
9.6186 	EXP 	Created grid = ImageStim(__class__=<class 'psychopy.visual.image.ImageStim'>, autoLog=True, color=array([1., 1., 1.]), colorSpace='rgb', contrast=1.0, depth=0.0, flipHoriz=False, flipVert=False, image='Blank Grid.jpg', interpolate=True, mask=None, maskParams=None, name='grid', opacity=1.0, ori=0.0, pos=array([0., 0.]), size=array([1., 1.]), texRes=128, units='height', win=Window(...))
9.6194 	EXP 	Created polygon = Rect(__class__=<class 'psychopy.visual.rect.Rect'>, autoDraw=False, autoLog=True, closeShape=True, color=method-wrapper(...), colorSpace=None, contrast=1.0, depth=-2.0, fillColor='white', fillColorSpace='named', fillRGB=array([255., 255., 255.]), interpolate=True, lineColor='white', lineColorSpace='named', lineRGB=array([255., 255., 255.]), lineWidth=1, name='polygon', opacity=1.0, ori=array(0.), pos=array([-0.386 ,  0.3875]), size=array([1., 1.]), units='height', vertices=ndarray(...), win=Window(...))
9.6202 	EXP 	Created polygon_2 = Rect(__class__=<class 'psychopy.visual.rect.Rect'>, autoDraw=False, autoLog=True, closeShape=True, color=method-wrapper(...), colorSpace=None, contrast=1.0, depth=-3.0, fillColor='white', fillColorSpace='named', fillRGB=array([255., 255., 255.]), interpolate=True, lineColor='white', lineColorSpace='named', lineRGB=array([255., 255., 255.]), lineWidth=1, name='polygon_2', opacity=1.0, ori=array(0.), pos=array([-0.193 ,  0.3875]), size=array([1., 1.]), units='height', vertices=ndarray(...), win=Window(...))
9.6210 	EXP 	Created polygon_3 = Rect(__class__=<class 'psychopy.visual.rect.Rect'>, autoDraw=False, autoLog=True, closeShape=True, color=method-wrapper(...), colorSpace=None, contrast=1.0, depth=-4.0, fillColor='white', fillColorSpace='named', fillRGB=array([255., 255., 255.]), interpolate=True, lineColor='white', lineColorSpace='named', lineRGB=array([255., 255., 255.]), lineWidth=1, name='polygon_3', opacity=1.0, ori=array(0.), pos=array([0.    , 0.3875]), size=array([1., 1.]), units='height', vertices=ndarray(...), win=Window(...))
9.6217 	EXP 	Created polygon_4 = Rect(__class__=<class 'psychopy.visual.rect.Rect'>, autoDraw=False, autoLog=True, closeShape=True, color=method-wrapper(...), colorSpace=None, contrast=1.0, depth=-5.0, fillColor='white', fillColorSpace='named', fillRGB=array([255., 255., 255.]), interpolate=True, lineColor='white', lineColorSpace='named', lineRGB=array([255., 255., 255.]), lineWidth=1, name='polygon_4', opacity=1.0, ori=array(0.), pos=array([0.193 , 0.3875]), size=array([1., 1.]), units='height', vertices=ndarray(...), win=Window(...))
9.6224 	EXP 	Created polygon_5 = Rect(__class__=<class 'psychopy.visual.rect.Rect'>, autoDraw=False, autoLog=True, closeShape=True, color=method-wrapper(...), colorSpace=None, contrast=1.0, depth=-6.0, fillColor='white', fillColorSpace='named', fillRGB=array([255., 255., 255.]), interpolate=True, lineColor='white', lineColorSpace='named', lineRGB=array([255., 255., 255.]), lineWidth=1, name='polygon_5', opacity=1.0, ori=array(0.), pos=array([0.386 , 0.3875]), size=array([1., 1.]), units='height', vertices=ndarray(...), win=Window(...))
9.6231 	EXP 	Created polygon_6 = Rect(__class__=<class 'psychopy.visual.rect.Rect'>, autoDraw=False, autoLog=True, closeShape=True, color=method-wrapper(...), colorSpace=None, contrast=1.0, depth=-7.0, fillColor='white', fillColorSpace='named', fillRGB=array([255., 255., 255.]), interpolate=True, lineColor='white', lineColorSpace='named', lineRGB=array([255., 255., 255.]), lineWidth=1, name='polygon_6', opacity=1.0, ori=array(0.), pos=array([-0.386  ,  0.19415]), size=array([1., 1.]), units='height', vertices=ndarray(...), win=Window(...))
9.6238 	EXP 	Created polygon_7 = Rect(__class__=<class 'psychopy.visual.rect.Rect'>, autoDraw=False, autoLog=True, closeShape=True, color=method-wrapper(...), colorSpace=None, contrast=1.0, depth=-8.0, fillColor='white', fillColorSpace='named', fillRGB=array([255., 255., 255.]), interpolate=True, lineColor='white', lineColorSpace='named', lineRGB=array([255., 255., 255.]), lineWidth=1, name='polygon_7', opacity=1.0, ori=array(0.), pos=array([-0.193  ,  0.19415]), size=array([1., 1.]), units='height', vertices=ndarray(...), win=Window(...))
9.6245 	EXP 	Created polygon_8 = Rect(__class__=<class 'psychopy.visual.rect.Rect'>, autoDraw=False, autoLog=True, closeShape=True, color=method-wrapper(...), colorSpace=None, contrast=1.0, depth=-9.0, fillColor='white', fillColorSpace='named', fillRGB=array([255., 255., 255.]), interpolate=True, lineColor='white', lineColorSpace='named', lineRGB=array([255., 255., 255.]), lineWidth=1, name='polygon_8', opacity=1.0, ori=array(0.), pos=array([0.     , 0.19415]), size=array([1., 1.]), units='height', vertices=ndarray(...), win=Window(...))
9.6252 	EXP 	Created polygon_9 = Rect(__class__=<class 'psychopy.visual.rect.Rect'>, autoDraw=False, autoLog=True, closeShape=True, color=method-wrapper(...), colorSpace=None, contrast=1.0, depth=-10.0, fillColor='white', fillColorSpace='named', fillRGB=array([255., 255., 255.]), interpolate=True, lineColor='white', lineColorSpace='named', lineRGB=array([255., 255., 255.]), lineWidth=1, name='polygon_9', opacity=1.0, ori=array(0.), pos=array([0.193  , 0.19415]), size=array([1., 1.]), units='height', vertices=ndarray(...), win=Window(...))
9.6260 	EXP 	Created polygon_10 = Rect(__class__=<class 'psychopy.visual.rect.Rect'>, autoDraw=False, autoLog=True, closeShape=True, color=method-wrapper(...), colorSpace=None, contrast=1.0, depth=-11.0, fillColor='white', fillColorSpace='named', fillRGB=array([255., 255., 255.]), interpolate=True, lineColor='white', lineColorSpace='named', lineRGB=array([255., 255., 255.]), lineWidth=1, name='polygon_10', opacity=1.0, ori=array(0.), pos=array([0.386  , 0.19415]), size=array([1., 1.]), units='height', vertices=ndarray(...), win=Window(...))
9.6267 	EXP 	Created polygon_11 = Rect(__class__=<class 'psychopy.visual.rect.Rect'>, autoDraw=False, autoLog=True, closeShape=True, color=method-wrapper(...), colorSpace=None, contrast=1.0, depth=-12.0, fillColor='white', fillColorSpace='named', fillRGB=array([255., 255., 255.]), interpolate=True, lineColor='white', lineColorSpace='named', lineRGB=array([255., 255., 255.]), lineWidth=1, name='polygon_11', opacity=1.0, ori=array(0.), pos=array([-0.386,  0.   ]), size=array([1., 1.]), units='height', vertices=ndarray(...), win=Window(...))
9.6274 	EXP 	Created polygon_12 = Rect(__class__=<class 'psychopy.visual.rect.Rect'>, autoDraw=False, autoLog=True, closeShape=True, color=method-wrapper(...), colorSpace=None, contrast=1.0, depth=-13.0, fillColor='white', fillColorSpace='named', fillRGB=array([255., 255., 255.]), interpolate=True, lineColor='white', lineColorSpace='named', lineRGB=array([255., 255., 255.]), lineWidth=1, name='polygon_12', opacity=1.0, ori=array(0.), pos=array([-0.193,  0.   ]), size=array([1., 1.]), units='height', vertices=ndarray(...), win=Window(...))
9.6281 	EXP 	Created polygon_13 = Rect(__class__=<class 'psychopy.visual.rect.Rect'>, autoDraw=False, autoLog=True, closeShape=True, color=method-wrapper(...), colorSpace=None, contrast=1.0, depth=-14.0, fillColor='white', fillColorSpace='named', fillRGB=array([255., 255., 255.]), interpolate=True, lineColor='white', lineColorSpace='named', lineRGB=array([255., 255., 255.]), lineWidth=1, name='polygon_13', opacity=1.0, ori=array(0.), pos=array([0., 0.]), size=array([1., 1.]), units='height', vertices=ndarray(...), win=Window(...))
9.6288 	EXP 	Created polygon_14 = Rect(__class__=<class 'psychopy.visual.rect.Rect'>, autoDraw=False, autoLog=True, closeShape=True, color=method-wrapper(...), colorSpace=None, contrast=1.0, depth=-15.0, fillColor='white', fillColorSpace='named', fillRGB=array([255., 255., 255.]), interpolate=True, lineColor='white', lineColorSpace='named', lineRGB=array([255., 255., 255.]), lineWidth=1, name='polygon_14', opacity=1.0, ori=array(0.), pos=array([0.193, 0.   ]), size=array([1., 1.]), units='height', vertices=ndarray(...), win=Window(...))
9.6295 	EXP 	Created polygon_15 = Rect(__class__=<class 'psychopy.visual.rect.Rect'>, autoDraw=False, autoLog=True, closeShape=True, color=method-wrapper(...), colorSpace=None, contrast=1.0, depth=-16.0, fillColor='white', fillColorSpace='named', fillRGB=array([255., 255., 255.]), interpolate=True, lineColor='white', lineColorSpace='named', lineRGB=array([255., 255., 255.]), lineWidth=1, name='polygon_15', opacity=1.0, ori=array(0.), pos=array([0.386, 0.   ]), size=array([1., 1.]), units='height', vertices=ndarray(...), win=Window(...))
9.6302 	EXP 	Created polygon_16 = Rect(__class__=<class 'psychopy.visual.rect.Rect'>, autoDraw=False, autoLog=True, closeShape=True, color=method-wrapper(...), colorSpace=None, contrast=1.0, depth=-17.0, fillColor='white', fillColorSpace='named', fillRGB=array([255., 255., 255.]), interpolate=True, lineColor='white', lineColorSpace='named', lineRGB=array([255., 255., 255.]), lineWidth=1, name='polygon_16', opacity=1.0, ori=array(0.), pos=array([-0.386  , -0.19415]), size=array([1., 1.]), units='height', vertices=ndarray(...), win=Window(...))
9.6309 	EXP 	Created polygon_17 = Rect(__class__=<class 'psychopy.visual.rect.Rect'>, autoDraw=False, autoLog=True, closeShape=True, color=method-wrapper(...), colorSpace=None, contrast=1.0, depth=-18.0, fillColor='white', fillColorSpace='named', fillRGB=array([255., 255., 255.]), interpolate=True, lineColor='white', lineColorSpace='named', lineRGB=array([255., 255., 255.]), lineWidth=1, name='polygon_17', opacity=1.0, ori=array(0.), pos=array([-0.193  , -0.19415]), size=array([1., 1.]), units='height', vertices=ndarray(...), win=Window(...))
9.6317 	EXP 	Created polygon_18 = Rect(__class__=<class 'psychopy.visual.rect.Rect'>, autoDraw=False, autoLog=True, closeShape=True, color=method-wrapper(...), colorSpace=None, contrast=1.0, depth=-19.0, fillColor='white', fillColorSpace='named', fillRGB=array([255., 255., 255.]), interpolate=True, lineColor='white', lineColorSpace='named', lineRGB=array([255., 255., 255.]), lineWidth=1, name='polygon_18', opacity=1.0, ori=array(0.), pos=array([ 0.     , -0.19415]), size=array([1., 1.]), units='height', vertices=ndarray(...), win=Window(...))
9.6324 	EXP 	Created polygon_19 = Rect(__class__=<class 'psychopy.visual.rect.Rect'>, autoDraw=False, autoLog=True, closeShape=True, color=method-wrapper(...), colorSpace=None, contrast=1.0, depth=-20.0, fillColor='white', fillColorSpace='named', fillRGB=array([255., 255., 255.]), interpolate=True, lineColor='white', lineColorSpace='named', lineRGB=array([255., 255., 255.]), lineWidth=1, name='polygon_19', opacity=1.0, ori=array(0.), pos=array([ 0.193  , -0.19415]), size=array([1., 1.]), units='height', vertices=ndarray(...), win=Window(...))
9.6331 	EXP 	Created polygon_20 = Rect(__class__=<class 'psychopy.visual.rect.Rect'>, autoDraw=False, autoLog=True, closeShape=True, color=method-wrapper(...), colorSpace=None, contrast=1.0, depth=-21.0, fillColor='white', fillColorSpace='named', fillRGB=array([255., 255., 255.]), interpolate=True, lineColor='white', lineColorSpace='named', lineRGB=array([255., 255., 255.]), lineWidth=1, name='polygon_20', opacity=1.0, ori=array(0.), pos=array([ 0.386  , -0.19415]), size=array([1., 1.]), units='height', vertices=ndarray(...), win=Window(...))
9.6338 	EXP 	Created polygon_21 = Rect(__class__=<class 'psychopy.visual.rect.Rect'>, autoDraw=False, autoLog=True, closeShape=True, color=method-wrapper(...), colorSpace=None, contrast=1.0, depth=-22.0, fillColor='white', fillColorSpace='named', fillRGB=array([255., 255., 255.]), interpolate=True, lineColor='white', lineColorSpace='named', lineRGB=array([255., 255., 255.]), lineWidth=1, name='polygon_21', opacity=1.0, ori=array(0.), pos=array([-0.386 , -0.3875]), size=array([1., 1.]), units='height', vertices=ndarray(...), win=Window(...))
9.6345 	EXP 	Created polygon_22 = Rect(__class__=<class 'psychopy.visual.rect.Rect'>, autoDraw=False, autoLog=True, closeShape=True, color=method-wrapper(...), colorSpace=None, contrast=1.0, depth=-23.0, fillColor='white', fillColorSpace='named', fillRGB=array([255., 255., 255.]), interpolate=True, lineColor='white', lineColorSpace='named', lineRGB=array([255., 255., 255.]), lineWidth=1, name='polygon_22', opacity=1.0, ori=array(0.), pos=array([-0.193 , -0.3875]), size=array([1., 1.]), units='height', vertices=ndarray(...), win=Window(...))
9.6352 	EXP 	Created polygon_23 = Rect(__class__=<class 'psychopy.visual.rect.Rect'>, autoDraw=False, autoLog=True, closeShape=True, color=method-wrapper(...), colorSpace=None, contrast=1.0, depth=-24.0, fillColor='white', fillColorSpace='named', fillRGB=array([255., 255., 255.]), interpolate=True, lineColor='white', lineColorSpace='named', lineRGB=array([255., 255., 255.]), lineWidth=1, name='polygon_23', opacity=1.0, ori=array(0.), pos=array([ 0.    , -0.3875]), size=array([1., 1.]), units='height', vertices=ndarray(...), win=Window(...))
9.6360 	EXP 	Created polygon_24 = Rect(__class__=<class 'psychopy.visual.rect.Rect'>, autoDraw=False, autoLog=True, closeShape=True, color=method-wrapper(...), colorSpace=None, contrast=1.0, depth=-25.0, fillColor='white', fillColorSpace='named', fillRGB=array([255., 255., 255.]), interpolate=True, lineColor='white', lineColorSpace='named', lineRGB=array([255., 255., 255.]), lineWidth=1, name='polygon_24', opacity=1.0, ori=array(0.), pos=array([ 0.193 , -0.3875]), size=array([1., 1.]), units='height', vertices=ndarray(...), win=Window(...))
9.6367 	EXP 	Created polygon_25 = Rect(__class__=<class 'psychopy.visual.rect.Rect'>, autoDraw=False, autoLog=True, closeShape=True, color=method-wrapper(...), colorSpace=None, contrast=1.0, depth=-26.0, fillColor='white', fillColorSpace='named', fillRGB=array([255., 255., 255.]), interpolate=True, lineColor='white', lineColorSpace='named', lineRGB=array([255., 255., 255.]), lineWidth=1, name='polygon_25', opacity=1.0, ori=array(0.), pos=array([ 0.386 , -0.3875]), size=array([1., 1.]), units='height', vertices=ndarray(...), win=Window(...))
9.6433 	EXP 	Created rdy_txt = TextStim(__class__=<class 'psychopy.visual.text.TextStim'>, alignHoriz='center', alignVert='center', antialias=True, autoLog=True, bold=False, color='white', colorSpace='named', contrast=1.0, depth=0.0, flipHoriz=False, flipVert=False, font='Arial', fontFiles=[], height=0.05, italic=False, languageStyle='LTR', name='rdy_txt', opacity=1.0, ori=0, pos=array([0., 0.]), rgb=array([255., 255., 255.]), text='default text', units='height', win=Window(...), wrapWidth=1)
9.6779 	EXP 	Created thx_text = TextStim(__class__=<class 'psychopy.visual.text.TextStim'>, alignHoriz='center', alignVert='center', antialias=True, autoLog=True, bold=False, color='white', colorSpace='named', contrast=1.0, depth=0.0, flipHoriz=False, flipVert=False, font='Arial', fontFiles=[], height=0.05, italic=False, languageStyle='LTR', name='thx_text', opacity=1.0, ori=0, pos=array([0., 0.]), rgb=array([255., 255., 255.]), text=str(...), units='height', win=Window(...), wrapWidth=1)
9.7115 	EXP 	instr_text: autoDraw = True
11.5981 	EXP 	Imported BLS_Trials.xlsx as conditions, 32 conditions, 5 params
11.5984 	EXP 	Created sequence: sequential, trialTypes=32, nReps=1, seed=None
11.5986 	EXP 	New trial (rep=0, index=0): OrderedDict([('Running_Trial_Num', 1), ('trial_length', 2), ('rows', '0, 1'), ('correct_seq', ['polygon_18', 'polygon_10']), ('rdy_msg', 'Press SPACE to begin the next trial.')])
11.6188 	EXP 	Imported BLS_Stimuli.xlsx as conditions, 2 conditions, 6 params
11.6190 	EXP 	Created sequence: sequential, trialTypes=2, nReps=1, seed=None
11.6193 	EXP 	New trial (rep=0, index=0): OrderedDict([('span', 2), ('trial', 1), ('stimulus', 1), ('square', 10), ('location', [0.39, 0.195]), ('correct', 18)])
11.6277 	DATA 	Keypress: space
11.6448 	EXP 	instr_text: autoDraw = False
11.6448 	EXP 	Square: pos = array([0.39 , 0.195])
11.6448 	EXP 	Grid: autoDraw = True
11.6448 	EXP 	Square: autoDraw = True
13.0782 	EXP 	New trial (rep=0, index=1): OrderedDict([('span', 2), ('trial', 1), ('stimulus', 2), ('square', 18), ('location', [0, -0.195]), ('correct', 10)])
13.0944 	EXP 	Grid: autoDraw = False
13.0944 	EXP 	Square: autoDraw = False
13.0944 	EXP 	Square: pos = array([ 0.   , -0.195])
13.0944 	EXP 	Grid: autoDraw = True
13.0944 	EXP 	Square: autoDraw = True
14.6112 	EXP 	Grid: autoDraw = False
14.6112 	EXP 	Square: autoDraw = False
14.6112 	EXP 	polygon: fillColor = 'white'
14.6112 	EXP 	polygon: lineColor = 'white'
14.6112 	EXP 	polygon: color = 'white'
14.6112 	EXP 	polygon_2: fillColor = 'white'
14.6112 	EXP 	polygon_2: lineColor = 'white'
14.6112 	EXP 	polygon_2: color = 'white'
14.6112 	EXP 	polygon_3: fillColor = 'white'
14.6112 	EXP 	polygon_3: lineColor = 'white'
14.6112 	EXP 	polygon_3: color = 'white'
14.6112 	EXP 	polygon_4: fillColor = 'white'
14.6112 	EXP 	polygon_4: lineColor = 'white'
14.6112 	EXP 	polygon_4: color = 'white'
14.6112 	EXP 	polygon_5: fillColor = 'white'
14.6112 	EXP 	polygon_5: lineColor = 'white'
14.6112 	EXP 	polygon_5: color = 'white'
14.6112 	EXP 	polygon_6: fillColor = 'white'
14.6112 	EXP 	polygon_6: lineColor = 'white'
14.6112 	EXP 	polygon_6: color = 'white'
14.6112 	EXP 	polygon_7: fillColor = 'white'
14.6112 	EXP 	polygon_7: lineColor = 'white'
14.6112 	EXP 	polygon_7: color = 'white'
14.6112 	EXP 	polygon_8: fillColor = 'white'
14.6112 	EXP 	polygon_8: lineColor = 'white'
14.6112 	EXP 	polygon_8: color = 'white'
14.6112 	EXP 	polygon_9: fillColor = 'white'
14.6112 	EXP 	polygon_9: lineColor = 'white'
14.6112 	EXP 	polygon_9: color = 'white'
14.6112 	EXP 	polygon_10: fillColor = 'white'
14.6112 	EXP 	polygon_10: lineColor = 'white'
14.6112 	EXP 	polygon_10: color = 'white'
14.6112 	EXP 	polygon_11: fillColor = 'white'
14.6112 	EXP 	polygon_11: lineColor = 'white'
14.6112 	EXP 	polygon_11: color = 'white'
14.6112 	EXP 	polygon_12: fillColor = 'white'
14.6112 	EXP 	polygon_12: lineColor = 'white'
14.6112 	EXP 	polygon_12: color = 'white'
14.6112 	EXP 	polygon_13: fillColor = 'white'
14.6112 	EXP 	polygon_13: lineColor = 'white'
14.6112 	EXP 	polygon_13: color = 'white'
14.6112 	EXP 	polygon_14: fillColor = 'white'
14.6112 	EXP 	polygon_14: lineColor = 'white'
14.6112 	EXP 	polygon_14: color = 'white'
14.6112 	EXP 	polygon_15: fillColor = 'white'
14.6112 	EXP 	polygon_15: lineColor = 'white'
14.6112 	EXP 	polygon_15: color = 'white'
14.6112 	EXP 	polygon_16: fillColor = 'white'
14.6112 	EXP 	polygon_16: lineColor = 'white'
14.6112 	EXP 	polygon_16: color = 'white'
14.6112 	EXP 	polygon_17: fillColor = 'white'
14.6112 	EXP 	polygon_17: lineColor = 'white'
14.6112 	EXP 	polygon_17: color = 'white'
14.6112 	EXP 	polygon_18: fillColor = 'white'
14.6112 	EXP 	polygon_18: lineColor = 'white'
14.6112 	EXP 	polygon_18: color = 'white'
14.6112 	EXP 	polygon_19: fillColor = 'white'
14.6112 	EXP 	polygon_19: lineColor = 'white'
14.6112 	EXP 	polygon_19: color = 'white'
14.6112 	EXP 	polygon_20: fillColor = 'white'
14.6112 	EXP 	polygon_20: lineColor = 'white'
14.6112 	EXP 	polygon_20: color = 'white'
14.6112 	EXP 	polygon_21: fillColor = 'white'
14.6112 	EXP 	polygon_21: lineColor = 'white'
14.6112 	EXP 	polygon_21: color = 'white'
14.6112 	EXP 	polygon_22: fillColor = 'white'
14.6112 	EXP 	polygon_22: lineColor = 'white'
14.6112 	EXP 	polygon_22: color = 'white'
14.6112 	EXP 	polygon_23: fillColor = 'white'
14.6112 	EXP 	polygon_23: lineColor = 'white'
14.6112 	EXP 	polygon_23: color = 'white'
14.6112 	EXP 	polygon_24: fillColor = 'white'
14.6112 	EXP 	polygon_24: lineColor = 'white'
14.6112 	EXP 	polygon_24: color = 'white'
14.6112 	EXP 	polygon_25: fillColor = 'white'
14.6112 	EXP 	polygon_25: lineColor = 'white'
14.6112 	EXP 	polygon_25: color = 'white'
14.6112 	EXP 	grid: autoDraw = True
14.6112 	EXP 	polygon: autoDraw = True
14.6112 	EXP 	polygon_2: autoDraw = True
14.6112 	EXP 	polygon_3: autoDraw = True
14.6112 	EXP 	polygon_4: autoDraw = True
14.6112 	EXP 	polygon_5: autoDraw = True
14.6112 	EXP 	polygon_6: autoDraw = True
14.6112 	EXP 	polygon_7: autoDraw = True
14.6112 	EXP 	polygon_8: autoDraw = True
14.6112 	EXP 	polygon_9: autoDraw = True
14.6112 	EXP 	polygon_10: autoDraw = True
14.6112 	EXP 	polygon_11: autoDraw = True
14.6112 	EXP 	polygon_12: autoDraw = True
14.6112 	EXP 	polygon_13: autoDraw = True
14.6112 	EXP 	polygon_14: autoDraw = True
14.6112 	EXP 	polygon_15: autoDraw = True
14.6112 	EXP 	polygon_16: autoDraw = True
14.6112 	EXP 	polygon_17: autoDraw = True
14.6112 	EXP 	polygon_18: autoDraw = True
14.6112 	EXP 	polygon_19: autoDraw = True
14.6112 	EXP 	polygon_20: autoDraw = True
14.6112 	EXP 	polygon_21: autoDraw = True
14.6112 	EXP 	polygon_22: autoDraw = True
14.6112 	EXP 	polygon_23: autoDraw = True
14.6112 	EXP 	polygon_24: autoDraw = True
14.6112 	EXP 	polygon_25: autoDraw = True
14.9316 	DATA 	Mouse: Left button down, pos=(1470,570)
14.9612 	EXP 	polygon_18: fillColor = 'black'
14.9612 	EXP 	polygon_18: lineColor = 'black'
14.9612 	EXP 	polygon_18: color = 'black'
15.0295 	DATA 	Mouse:  Left button up, pos=(1470,570)
15.9463 	DATA 	Mouse: Left button down, pos=(2177,1245)
15.9779 	EXP 	polygon_10: fillColor = 'black'
15.9779 	EXP 	polygon_10: lineColor = 'black'
15.9779 	EXP 	polygon_10: color = 'black'
16.0128 	DATA 	Mouse:  Left button up, pos=(2177,1245)
17.0525 	DATA 	Keypress: space
17.0948 	EXP 	grid: autoDraw = False
17.0948 	EXP 	polygon: autoDraw = False
17.0948 	EXP 	polygon_2: autoDraw = False
17.0948 	EXP 	polygon_3: autoDraw = False
17.0948 	EXP 	polygon_4: autoDraw = False
17.0948 	EXP 	polygon_5: autoDraw = False
17.0948 	EXP 	polygon_6: autoDraw = False
17.0948 	EXP 	polygon_7: autoDraw = False
17.0948 	EXP 	polygon_8: autoDraw = False
17.0948 	EXP 	polygon_9: autoDraw = False
17.0948 	EXP 	polygon_10: autoDraw = False
17.0948 	EXP 	polygon_11: autoDraw = False
17.0948 	EXP 	polygon_12: autoDraw = False
17.0948 	EXP 	polygon_13: autoDraw = False
17.0948 	EXP 	polygon_14: autoDraw = False
17.0948 	EXP 	polygon_15: autoDraw = False
17.0948 	EXP 	polygon_16: autoDraw = False
17.0948 	EXP 	polygon_17: autoDraw = False
17.0948 	EXP 	polygon_18: autoDraw = False
17.0948 	EXP 	polygon_19: autoDraw = False
17.0948 	EXP 	polygon_20: autoDraw = False
17.0948 	EXP 	polygon_21: autoDraw = False
17.0948 	EXP 	polygon_22: autoDraw = False
17.0948 	EXP 	polygon_23: autoDraw = False
17.0948 	EXP 	polygon_24: autoDraw = False
17.0948 	EXP 	polygon_25: autoDraw = False
17.0948 	EXP 	rdy_txt: text = 'Press SPACE to begin the next trial.'
17.0948 	EXP 	rdy_txt: autoDraw = True
18.1661 	EXP 	New trial (rep=0, index=1): OrderedDict([('Running_Trial_Num', 2), ('trial_length', 2), ('rows', '2, 3'), ('correct_seq', ['polygon_19', 'polygon_2']), ('rdy_msg', 'Press SPACE to begin the next trial.')])
18.1874 	EXP 	Imported BLS_Stimuli.xlsx as conditions, 2 conditions, 6 params
18.1876 	EXP 	Created sequence: sequential, trialTypes=2, nReps=1, seed=None
18.1878 	EXP 	New trial (rep=0, index=0): OrderedDict([('span', 2), ('trial', 2), ('stimulus', 1), ('square', 2), ('location', [-0.195, 0.39]), ('correct', 19)])
18.1902 	DATA 	Keypress: space
18.2112 	EXP 	rdy_txt: autoDraw = False
18.2112 	EXP 	Square: pos = array([-0.195,  0.39 ])
18.2112 	EXP 	Grid: autoDraw = True
18.2112 	EXP 	Square: autoDraw = True
19.6781 	EXP 	New trial (rep=0, index=1): OrderedDict([('span', 2), ('trial', 2), ('stimulus', 2), ('square', 19), ('location', [0.195, -0.195]), ('correct', 2)])
19.6944 	EXP 	Grid: autoDraw = False
19.6944 	EXP 	Square: autoDraw = False
19.6944 	EXP 	Square: pos = array([ 0.195, -0.195])
19.6944 	EXP 	Grid: autoDraw = True
19.6944 	EXP 	Square: autoDraw = True
21.2111 	EXP 	Grid: autoDraw = False
21.2111 	EXP 	Square: autoDraw = False
21.2111 	EXP 	polygon: fillColor = 'white'
21.2111 	EXP 	polygon: lineColor = 'white'
21.2111 	EXP 	polygon: color = 'white'
21.2111 	EXP 	polygon_2: fillColor = 'white'
21.2111 	EXP 	polygon_2: lineColor = 'white'
21.2111 	EXP 	polygon_2: color = 'white'
21.2111 	EXP 	polygon_3: fillColor = 'white'
21.2111 	EXP 	polygon_3: lineColor = 'white'
21.2111 	EXP 	polygon_3: color = 'white'
21.2111 	EXP 	polygon_4: fillColor = 'white'
21.2111 	EXP 	polygon_4: lineColor = 'white'
21.2111 	EXP 	polygon_4: color = 'white'
21.2111 	EXP 	polygon_5: fillColor = 'white'
21.2111 	EXP 	polygon_5: lineColor = 'white'
21.2111 	EXP 	polygon_5: color = 'white'
21.2111 	EXP 	polygon_6: fillColor = 'white'
21.2111 	EXP 	polygon_6: lineColor = 'white'
21.2111 	EXP 	polygon_6: color = 'white'
21.2111 	EXP 	polygon_7: fillColor = 'white'
21.2111 	EXP 	polygon_7: lineColor = 'white'
21.2111 	EXP 	polygon_7: color = 'white'
21.2111 	EXP 	polygon_8: fillColor = 'white'
21.2111 	EXP 	polygon_8: lineColor = 'white'
21.2111 	EXP 	polygon_8: color = 'white'
21.2111 	EXP 	polygon_9: fillColor = 'white'
21.2111 	EXP 	polygon_9: lineColor = 'white'
21.2111 	EXP 	polygon_9: color = 'white'
21.2111 	EXP 	polygon_10: fillColor = 'white'
21.2111 	EXP 	polygon_10: lineColor = 'white'
21.2111 	EXP 	polygon_10: color = 'white'
21.2111 	EXP 	polygon_11: fillColor = 'white'
21.2111 	EXP 	polygon_11: lineColor = 'white'
21.2111 	EXP 	polygon_11: color = 'white'
21.2111 	EXP 	polygon_12: fillColor = 'white'
21.2111 	EXP 	polygon_12: lineColor = 'white'
21.2111 	EXP 	polygon_12: color = 'white'
21.2111 	EXP 	polygon_13: fillColor = 'white'
21.2111 	EXP 	polygon_13: lineColor = 'white'
21.2111 	EXP 	polygon_13: color = 'white'
21.2111 	EXP 	polygon_14: fillColor = 'white'
21.2111 	EXP 	polygon_14: lineColor = 'white'
21.2111 	EXP 	polygon_14: color = 'white'
21.2111 	EXP 	polygon_15: fillColor = 'white'
21.2111 	EXP 	polygon_15: lineColor = 'white'
21.2111 	EXP 	polygon_15: color = 'white'
21.2111 	EXP 	polygon_16: fillColor = 'white'
21.2111 	EXP 	polygon_16: lineColor = 'white'
21.2111 	EXP 	polygon_16: color = 'white'
21.2111 	EXP 	polygon_17: fillColor = 'white'
21.2111 	EXP 	polygon_17: lineColor = 'white'
21.2111 	EXP 	polygon_17: color = 'white'
21.2111 	EXP 	polygon_18: fillColor = 'white'
21.2111 	EXP 	polygon_18: lineColor = 'white'
21.2111 	EXP 	polygon_18: color = 'white'
21.2111 	EXP 	polygon_19: fillColor = 'white'
21.2111 	EXP 	polygon_19: lineColor = 'white'
21.2111 	EXP 	polygon_19: color = 'white'
21.2111 	EXP 	polygon_20: fillColor = 'white'
21.2111 	EXP 	polygon_20: lineColor = 'white'
21.2111 	EXP 	polygon_20: color = 'white'
21.2111 	EXP 	polygon_21: fillColor = 'white'
21.2111 	EXP 	polygon_21: lineColor = 'white'
21.2111 	EXP 	polygon_21: color = 'white'
21.2111 	EXP 	polygon_22: fillColor = 'white'
21.2111 	EXP 	polygon_22: lineColor = 'white'
21.2111 	EXP 	polygon_22: color = 'white'
21.2111 	EXP 	polygon_23: fillColor = 'white'
21.2111 	EXP 	polygon_23: lineColor = 'white'
21.2111 	EXP 	polygon_23: color = 'white'
21.2111 	EXP 	polygon_24: fillColor = 'white'
21.2111 	EXP 	polygon_24: lineColor = 'white'
21.2111 	EXP 	polygon_24: color = 'white'
21.2111 	EXP 	polygon_25: fillColor = 'white'
21.2111 	EXP 	polygon_25: lineColor = 'white'
21.2111 	EXP 	polygon_25: color = 'white'
21.2111 	EXP 	grid: autoDraw = True
21.2111 	EXP 	polygon: autoDraw = True
21.2111 	EXP 	polygon_2: autoDraw = True
21.2111 	EXP 	polygon_3: autoDraw = True
21.2111 	EXP 	polygon_4: autoDraw = True
21.2111 	EXP 	polygon_5: autoDraw = True
21.2111 	EXP 	polygon_6: autoDraw = True
21.2111 	EXP 	polygon_7: autoDraw = True
21.2111 	EXP 	polygon_8: autoDraw = True
21.2111 	EXP 	polygon_9: autoDraw = True
21.2111 	EXP 	polygon_10: autoDraw = True
21.2111 	EXP 	polygon_11: autoDraw = True
21.2111 	EXP 	polygon_12: autoDraw = True
21.2111 	EXP 	polygon_13: autoDraw = True
21.2111 	EXP 	polygon_14: autoDraw = True
21.2111 	EXP 	polygon_15: autoDraw = True
21.2111 	EXP 	polygon_16: autoDraw = True
21.2111 	EXP 	polygon_17: autoDraw = True
21.2111 	EXP 	polygon_18: autoDraw = True
21.2111 	EXP 	polygon_19: autoDraw = True
21.2111 	EXP 	polygon_20: autoDraw = True
21.2111 	EXP 	polygon_21: autoDraw = True
21.2111 	EXP 	polygon_22: autoDraw = True
21.2111 	EXP 	polygon_23: autoDraw = True
21.2111 	EXP 	polygon_24: autoDraw = True
21.2111 	EXP 	polygon_25: autoDraw = True
21.4698 	DATA 	Mouse: Left button down, pos=(1835,1278)
21.5111 	EXP 	polygon_9: fillColor = 'black'
21.5111 	EXP 	polygon_9: lineColor = 'black'
21.5111 	EXP 	polygon_9: color = 'black'
21.5804 	DATA 	Mouse:  Left button up, pos=(1835,1278)
22.0201 	DATA 	Mouse: Left button down, pos=(1817,922)
22.0611 	EXP 	polygon_14: fillColor = 'black'
22.0611 	EXP 	polygon_14: lineColor = 'black'
22.0611 	EXP 	polygon_14: color = 'black'
22.1292 	DATA 	Mouse:  Left button up, pos=(1817,922)
22.6465 	DATA 	Keypress: space
22.6611 	EXP 	grid: autoDraw = False
22.6611 	EXP 	polygon: autoDraw = False
22.6611 	EXP 	polygon_2: autoDraw = False
22.6611 	EXP 	polygon_3: autoDraw = False
22.6611 	EXP 	polygon_4: autoDraw = False
22.6611 	EXP 	polygon_5: autoDraw = False
22.6611 	EXP 	polygon_6: autoDraw = False
22.6611 	EXP 	polygon_7: autoDraw = False
22.6611 	EXP 	polygon_8: autoDraw = False
22.6611 	EXP 	polygon_9: autoDraw = False
22.6611 	EXP 	polygon_10: autoDraw = False
22.6611 	EXP 	polygon_11: autoDraw = False
22.6611 	EXP 	polygon_12: autoDraw = False
22.6611 	EXP 	polygon_13: autoDraw = False
22.6611 	EXP 	polygon_14: autoDraw = False
22.6611 	EXP 	polygon_15: autoDraw = False
22.6611 	EXP 	polygon_16: autoDraw = False
22.6611 	EXP 	polygon_17: autoDraw = False
22.6611 	EXP 	polygon_18: autoDraw = False
22.6611 	EXP 	polygon_19: autoDraw = False
22.6611 	EXP 	polygon_20: autoDraw = False
22.6611 	EXP 	polygon_21: autoDraw = False
22.6611 	EXP 	polygon_22: autoDraw = False
22.6611 	EXP 	polygon_23: autoDraw = False
22.6611 	EXP 	polygon_24: autoDraw = False
22.6611 	EXP 	polygon_25: autoDraw = False
22.6611 	EXP 	rdy_txt: text = 'Press SPACE to begin the next trial.'
22.6611 	EXP 	rdy_txt: autoDraw = True
23.4987 	EXP 	New trial (rep=0, index=2): OrderedDict([('Running_Trial_Num', 3), ('trial_length', 2), ('rows', '4, 5'), ('correct_seq', ['polygon_21', 'polygon_8']), ('rdy_msg', 'Press SPACE to begin the next trial.')])
23.5203 	EXP 	Imported BLS_Stimuli.xlsx as conditions, 2 conditions, 6 params
23.5207 	EXP 	Created sequence: sequential, trialTypes=2, nReps=1, seed=None
23.5212 	EXP 	New trial (rep=0, index=0): OrderedDict([('span', 2), ('trial', 3), ('stimulus', 1), ('square', 8), ('location', [0, 0.195]), ('correct', 21)])
23.5244 	DATA 	Keypress: space
23.5444 	EXP 	rdy_txt: autoDraw = False
23.5444 	EXP 	Square: pos = array([0.   , 0.195])
23.5444 	EXP 	Grid: autoDraw = True
23.5444 	EXP 	Square: autoDraw = True
25.0113 	EXP 	New trial (rep=0, index=1): OrderedDict([('span', 2), ('trial', 3), ('stimulus', 2), ('square', 21), ('location', [-0.39, -0.39]), ('correct', 8)])
25.0274 	EXP 	Grid: autoDraw = False
25.0274 	EXP 	Square: autoDraw = False
25.0274 	EXP 	Square: pos = array([-0.39, -0.39])
25.0274 	EXP 	Grid: autoDraw = True
25.0274 	EXP 	Square: autoDraw = True
26.4301 	DATA 	Mouse: Left button down, pos=(1723,899)
26.5443 	EXP 	Grid: autoDraw = False
26.5443 	EXP 	Square: autoDraw = False
26.5443 	EXP 	polygon: fillColor = 'white'
26.5443 	EXP 	polygon: lineColor = 'white'
26.5443 	EXP 	polygon: color = 'white'
26.5443 	EXP 	polygon_2: fillColor = 'white'
26.5443 	EXP 	polygon_2: lineColor = 'white'
26.5443 	EXP 	polygon_2: color = 'white'
26.5443 	EXP 	polygon_3: fillColor = 'white'
26.5443 	EXP 	polygon_3: lineColor = 'white'
26.5443 	EXP 	polygon_3: color = 'white'
26.5443 	EXP 	polygon_4: fillColor = 'white'
26.5443 	EXP 	polygon_4: lineColor = 'white'
26.5443 	EXP 	polygon_4: color = 'white'
26.5443 	EXP 	polygon_5: fillColor = 'white'
26.5443 	EXP 	polygon_5: lineColor = 'white'
26.5443 	EXP 	polygon_5: color = 'white'
26.5443 	EXP 	polygon_6: fillColor = 'white'
26.5443 	EXP 	polygon_6: lineColor = 'white'
26.5443 	EXP 	polygon_6: color = 'white'
26.5443 	EXP 	polygon_7: fillColor = 'white'
26.5443 	EXP 	polygon_7: lineColor = 'white'
26.5443 	EXP 	polygon_7: color = 'white'
26.5443 	EXP 	polygon_8: fillColor = 'white'
26.5443 	EXP 	polygon_8: lineColor = 'white'
26.5443 	EXP 	polygon_8: color = 'white'
26.5443 	EXP 	polygon_9: fillColor = 'white'
26.5443 	EXP 	polygon_9: lineColor = 'white'
26.5443 	EXP 	polygon_9: color = 'white'
26.5443 	EXP 	polygon_10: fillColor = 'white'
26.5443 	EXP 	polygon_10: lineColor = 'white'
26.5443 	EXP 	polygon_10: color = 'white'
26.5443 	EXP 	polygon_11: fillColor = 'white'
26.5443 	EXP 	polygon_11: lineColor = 'white'
26.5443 	EXP 	polygon_11: color = 'white'
26.5443 	EXP 	polygon_12: fillColor = 'white'
26.5443 	EXP 	polygon_12: lineColor = 'white'
26.5443 	EXP 	polygon_12: color = 'white'
26.5443 	EXP 	polygon_13: fillColor = 'white'
26.5443 	EXP 	polygon_13: lineColor = 'white'
26.5443 	EXP 	polygon_13: color = 'white'
26.5443 	EXP 	polygon_14: fillColor = 'white'
26.5443 	EXP 	polygon_14: lineColor = 'white'
26.5443 	EXP 	polygon_14: color = 'white'
26.5443 	EXP 	polygon_15: fillColor = 'white'
26.5443 	EXP 	polygon_15: lineColor = 'white'
26.5443 	EXP 	polygon_15: color = 'white'
26.5443 	EXP 	polygon_16: fillColor = 'white'
26.5443 	EXP 	polygon_16: lineColor = 'white'
26.5443 	EXP 	polygon_16: color = 'white'
26.5443 	EXP 	polygon_17: fillColor = 'white'
26.5443 	EXP 	polygon_17: lineColor = 'white'
26.5443 	EXP 	polygon_17: color = 'white'
26.5443 	EXP 	polygon_18: fillColor = 'white'
26.5443 	EXP 	polygon_18: lineColor = 'white'
26.5443 	EXP 	polygon_18: color = 'white'
26.5443 	EXP 	polygon_19: fillColor = 'white'
26.5443 	EXP 	polygon_19: lineColor = 'white'
26.5443 	EXP 	polygon_19: color = 'white'
26.5443 	EXP 	polygon_20: fillColor = 'white'
26.5443 	EXP 	polygon_20: lineColor = 'white'
26.5443 	EXP 	polygon_20: color = 'white'
26.5443 	EXP 	polygon_21: fillColor = 'white'
26.5443 	EXP 	polygon_21: lineColor = 'white'
26.5443 	EXP 	polygon_21: color = 'white'
26.5443 	EXP 	polygon_22: fillColor = 'white'
26.5443 	EXP 	polygon_22: lineColor = 'white'
26.5443 	EXP 	polygon_22: color = 'white'
26.5443 	EXP 	polygon_23: fillColor = 'white'
26.5443 	EXP 	polygon_23: lineColor = 'white'
26.5443 	EXP 	polygon_23: color = 'white'
26.5443 	EXP 	polygon_24: fillColor = 'white'
26.5443 	EXP 	polygon_24: lineColor = 'white'
26.5443 	EXP 	polygon_24: color = 'white'
26.5443 	EXP 	polygon_25: fillColor = 'white'
26.5443 	EXP 	polygon_25: lineColor = 'white'
26.5443 	EXP 	polygon_25: color = 'white'
26.5443 	EXP 	grid: autoDraw = True
26.5443 	EXP 	polygon: autoDraw = True
26.5443 	EXP 	polygon_2: autoDraw = True
26.5443 	EXP 	polygon_3: autoDraw = True
26.5443 	EXP 	polygon_4: autoDraw = True
26.5443 	EXP 	polygon_5: autoDraw = True
26.5443 	EXP 	polygon_6: autoDraw = True
26.5443 	EXP 	polygon_7: autoDraw = True
26.5443 	EXP 	polygon_8: autoDraw = True
26.5443 	EXP 	polygon_9: autoDraw = True
26.5443 	EXP 	polygon_10: autoDraw = True
26.5443 	EXP 	polygon_11: autoDraw = True
26.5443 	EXP 	polygon_12: autoDraw = True
26.5443 	EXP 	polygon_13: autoDraw = True
26.5443 	EXP 	polygon_14: autoDraw = True
26.5443 	EXP 	polygon_15: autoDraw = True
26.5443 	EXP 	polygon_16: autoDraw = True
26.5443 	EXP 	polygon_17: autoDraw = True
26.5443 	EXP 	polygon_18: autoDraw = True
26.5443 	EXP 	polygon_19: autoDraw = True
26.5443 	EXP 	polygon_20: autoDraw = True
26.5443 	EXP 	polygon_21: autoDraw = True
26.5443 	EXP 	polygon_22: autoDraw = True
26.5443 	EXP 	polygon_23: autoDraw = True
26.5443 	EXP 	polygon_24: autoDraw = True
26.5443 	EXP 	polygon_25: autoDraw = True
26.5443 	EXP 	polygon_14: fillColor = 'black'
26.5443 	EXP 	polygon_14: lineColor = 'black'
26.5443 	EXP 	polygon_14: color = 'black'
26.5484 	DATA 	Mouse:  Left button up, pos=(1723,899)
27.0465 	DATA 	Mouse: Left button down, pos=(1489,902)
27.0776 	EXP 	polygon_13: fillColor = 'black'
27.0776 	EXP 	polygon_13: lineColor = 'black'
27.0776 	EXP 	polygon_13: color = 'black'
27.1462 	DATA 	Mouse:  Left button up, pos=(1489,902)
27.6798 	DATA 	Keypress: space
27.7276 	EXP 	grid: autoDraw = False
27.7276 	EXP 	polygon: autoDraw = False
27.7276 	EXP 	polygon_2: autoDraw = False
27.7276 	EXP 	polygon_3: autoDraw = False
27.7276 	EXP 	polygon_4: autoDraw = False
27.7276 	EXP 	polygon_5: autoDraw = False
27.7276 	EXP 	polygon_6: autoDraw = False
27.7276 	EXP 	polygon_7: autoDraw = False
27.7276 	EXP 	polygon_8: autoDraw = False
27.7276 	EXP 	polygon_9: autoDraw = False
27.7276 	EXP 	polygon_10: autoDraw = False
27.7276 	EXP 	polygon_11: autoDraw = False
27.7276 	EXP 	polygon_12: autoDraw = False
27.7276 	EXP 	polygon_13: autoDraw = False
27.7276 	EXP 	polygon_14: autoDraw = False
27.7276 	EXP 	polygon_15: autoDraw = False
27.7276 	EXP 	polygon_16: autoDraw = False
27.7276 	EXP 	polygon_17: autoDraw = False
27.7276 	EXP 	polygon_18: autoDraw = False
27.7276 	EXP 	polygon_19: autoDraw = False
27.7276 	EXP 	polygon_20: autoDraw = False
27.7276 	EXP 	polygon_21: autoDraw = False
27.7276 	EXP 	polygon_22: autoDraw = False
27.7276 	EXP 	polygon_23: autoDraw = False
27.7276 	EXP 	polygon_24: autoDraw = False
27.7276 	EXP 	polygon_25: autoDraw = False
27.7276 	EXP 	thx_text: autoDraw = True
30.0991 	DATA 	Keypress: space
30.1113 	EXP 	thx_text: autoDraw = False
30.1996 	EXP 	window1: mouseVisible = True
