5.5674 	WARNING 	User requested fullscreen with size [1440  900], but screen is actually [2880, 1800]. Using actual size
6.5368 	EXP 	Created window1 = Window(allowGUI=False, allowStencil=False, args=UNKNOWN, autoLog=True, bitsMode=UNKNOWN, blendMode='avg', color=array([0., 0., 0.]), colorSpace='hsv', fullscr=<method-wrapper '__getattribute__' of attributeSetter object at 0x0000027671318BA8>, gamma=None, gammaErrorPolicy='raise', kwargs=UNKNOWN, lms=UNKNOWN, monitor=<psychopy.monitors.calibTools.Monitor object at 0x00000276630A1D30>, multiSample=False, name='window1', numSamples=2, pos=[0.0, 0.0], screen=0, size=array([2880, 1800]), stereo=False, units='height', useFBO=True, useRetina=False, viewOri=0.0, viewPos=None, viewScale=None, waitBlanking=True, winType='pyglet')
6.5369 	EXP 	window1: recordFrameIntervals = False
6.7030 	EXP 	window1: recordFrameIntervals = True
6.8865 	EXP 	window1: recordFrameIntervals = False
7.1799 	EXP 	Created instr_text = TextStim(__class__=<class 'psychopy.visual.text.TextStim'>, alignHoriz='center', alignVert='center', antialias=True, autoLog=True, bold=False, color='white', colorSpace='named', contrast=1.0, depth=0.0, flipHoriz=False, flipVert=False, font='Arial', fontFiles=[], height=0.05, italic=False, languageStyle='LTR', name='instr_text', opacity=1.0, ori=0, pos=array([0., 0.]), rgb=array([255., 255., 255.]), text='Any text\n\nincluding line breaks', units='height', win=Window(...), wrapWidth=1)
7.2783 	EXP 	Created Grid = ImageStim(__class__=<class 'psychopy.visual.image.ImageStim'>, autoLog=True, color=array([1., 1., 1.]), colorSpace='rgb', contrast=1.0, depth=0.0, flipHoriz=False, flipVert=False, image='Blank Grid.jpg', interpolate=True, mask=None, maskParams=None, name='Grid', opacity=1.0, ori=0.0, pos=array([0., 0.]), size=array([1., 1.]), texRes=128, units='height', win=Window(...))
7.2810 	EXP 	Created Square = Rect(__class__=<class 'psychopy.visual.rect.Rect'>, autoDraw=False, autoLog=True, closeShape=True, color=method-wrapper(...), colorSpace=None, contrast=1.0, depth=-1.0, fillColor=array([255.,   0.,   0.]), fillColorSpace='rgb255', fillRGB=array([255.,   0.,   0.]), interpolate=True, lineColor=array([255.,   0.,   0.]), lineColorSpace='rgb', lineRGB=array([255.,   0.,   0.]), lineWidth=1, name='Square', opacity=1.0, ori=array(0.), pos=array([0., 0.]), size=array([1., 1.]), units='height', vertices=ndarray(...), win=Window(...))
7.3765 	EXP 	Created grid = ImageStim(__class__=<class 'psychopy.visual.image.ImageStim'>, autoLog=True, color=array([1., 1., 1.]), colorSpace='rgb', contrast=1.0, depth=0.0, flipHoriz=False, flipVert=False, image='Blank Grid.jpg', interpolate=True, mask=None, maskParams=None, name='grid', opacity=1.0, ori=0.0, pos=array([0., 0.]), size=array([1., 1.]), texRes=128, units='height', win=Window(...))
7.3773 	EXP 	Created polygon = Rect(__class__=<class 'psychopy.visual.rect.Rect'>, autoDraw=False, autoLog=True, closeShape=True, color=method-wrapper(...), colorSpace=None, contrast=1.0, depth=-2.0, fillColor='white', fillColorSpace='named', fillRGB=array([255., 255., 255.]), interpolate=True, lineColor='white', lineColorSpace='named', lineRGB=array([255., 255., 255.]), lineWidth=1, name='polygon', opacity=1.0, ori=array(0.), pos=array([-0.386 ,  0.3875]), size=array([1., 1.]), units='height', vertices=ndarray(...), win=Window(...))
7.3780 	EXP 	Created polygon_2 = Rect(__class__=<class 'psychopy.visual.rect.Rect'>, autoDraw=False, autoLog=True, closeShape=True, color=method-wrapper(...), colorSpace=None, contrast=1.0, depth=-3.0, fillColor='white', fillColorSpace='named', fillRGB=array([255., 255., 255.]), interpolate=True, lineColor='white', lineColorSpace='named', lineRGB=array([255., 255., 255.]), lineWidth=1, name='polygon_2', opacity=1.0, ori=array(0.), pos=array([-0.193 ,  0.3875]), size=array([1., 1.]), units='height', vertices=ndarray(...), win=Window(...))
7.3787 	EXP 	Created polygon_3 = Rect(__class__=<class 'psychopy.visual.rect.Rect'>, autoDraw=False, autoLog=True, closeShape=True, color=method-wrapper(...), colorSpace=None, contrast=1.0, depth=-4.0, fillColor='white', fillColorSpace='named', fillRGB=array([255., 255., 255.]), interpolate=True, lineColor='white', lineColorSpace='named', lineRGB=array([255., 255., 255.]), lineWidth=1, name='polygon_3', opacity=1.0, ori=array(0.), pos=array([0.    , 0.3875]), size=array([1., 1.]), units='height', vertices=ndarray(...), win=Window(...))
7.3794 	EXP 	Created polygon_4 = Rect(__class__=<class 'psychopy.visual.rect.Rect'>, autoDraw=False, autoLog=True, closeShape=True, color=method-wrapper(...), colorSpace=None, contrast=1.0, depth=-5.0, fillColor='white', fillColorSpace='named', fillRGB=array([255., 255., 255.]), interpolate=True, lineColor='white', lineColorSpace='named', lineRGB=array([255., 255., 255.]), lineWidth=1, name='polygon_4', opacity=1.0, ori=array(0.), pos=array([0.193 , 0.3875]), size=array([1., 1.]), units='height', vertices=ndarray(...), win=Window(...))
7.3801 	EXP 	Created polygon_5 = Rect(__class__=<class 'psychopy.visual.rect.Rect'>, autoDraw=False, autoLog=True, closeShape=True, color=method-wrapper(...), colorSpace=None, contrast=1.0, depth=-6.0, fillColor='white', fillColorSpace='named', fillRGB=array([255., 255., 255.]), interpolate=True, lineColor='white', lineColorSpace='named', lineRGB=array([255., 255., 255.]), lineWidth=1, name='polygon_5', opacity=1.0, ori=array(0.), pos=array([0.386 , 0.3875]), size=array([1., 1.]), units='height', vertices=ndarray(...), win=Window(...))
7.3808 	EXP 	Created polygon_6 = Rect(__class__=<class 'psychopy.visual.rect.Rect'>, autoDraw=False, autoLog=True, closeShape=True, color=method-wrapper(...), colorSpace=None, contrast=1.0, depth=-7.0, fillColor='white', fillColorSpace='named', fillRGB=array([255., 255., 255.]), interpolate=True, lineColor='white', lineColorSpace='named', lineRGB=array([255., 255., 255.]), lineWidth=1, name='polygon_6', opacity=1.0, ori=array(0.), pos=array([-0.386  ,  0.19415]), size=array([1., 1.]), units='height', vertices=ndarray(...), win=Window(...))
7.3814 	EXP 	Created polygon_7 = Rect(__class__=<class 'psychopy.visual.rect.Rect'>, autoDraw=False, autoLog=True, closeShape=True, color=method-wrapper(...), colorSpace=None, contrast=1.0, depth=-8.0, fillColor='white', fillColorSpace='named', fillRGB=array([255., 255., 255.]), interpolate=True, lineColor='white', lineColorSpace='named', lineRGB=array([255., 255., 255.]), lineWidth=1, name='polygon_7', opacity=1.0, ori=array(0.), pos=array([-0.193  ,  0.19415]), size=array([1., 1.]), units='height', vertices=ndarray(...), win=Window(...))
7.3821 	EXP 	Created polygon_8 = Rect(__class__=<class 'psychopy.visual.rect.Rect'>, autoDraw=False, autoLog=True, closeShape=True, color=method-wrapper(...), colorSpace=None, contrast=1.0, depth=-9.0, fillColor='white', fillColorSpace='named', fillRGB=array([255., 255., 255.]), interpolate=True, lineColor='white', lineColorSpace='named', lineRGB=array([255., 255., 255.]), lineWidth=1, name='polygon_8', opacity=1.0, ori=array(0.), pos=array([0.     , 0.19415]), size=array([1., 1.]), units='height', vertices=ndarray(...), win=Window(...))
7.3828 	EXP 	Created polygon_9 = Rect(__class__=<class 'psychopy.visual.rect.Rect'>, autoDraw=False, autoLog=True, closeShape=True, color=method-wrapper(...), colorSpace=None, contrast=1.0, depth=-10.0, fillColor='white', fillColorSpace='named', fillRGB=array([255., 255., 255.]), interpolate=True, lineColor='white', lineColorSpace='named', lineRGB=array([255., 255., 255.]), lineWidth=1, name='polygon_9', opacity=1.0, ori=array(0.), pos=array([0.193  , 0.19415]), size=array([1., 1.]), units='height', vertices=ndarray(...), win=Window(...))
7.3835 	EXP 	Created polygon_10 = Rect(__class__=<class 'psychopy.visual.rect.Rect'>, autoDraw=False, autoLog=True, closeShape=True, color=method-wrapper(...), colorSpace=None, contrast=1.0, depth=-11.0, fillColor='white', fillColorSpace='named', fillRGB=array([255., 255., 255.]), interpolate=True, lineColor='white', lineColorSpace='named', lineRGB=array([255., 255., 255.]), lineWidth=1, name='polygon_10', opacity=1.0, ori=array(0.), pos=array([0.386  , 0.19415]), size=array([1., 1.]), units='height', vertices=ndarray(...), win=Window(...))
7.3842 	EXP 	Created polygon_11 = Rect(__class__=<class 'psychopy.visual.rect.Rect'>, autoDraw=False, autoLog=True, closeShape=True, color=method-wrapper(...), colorSpace=None, contrast=1.0, depth=-12.0, fillColor='white', fillColorSpace='named', fillRGB=array([255., 255., 255.]), interpolate=True, lineColor='white', lineColorSpace='named', lineRGB=array([255., 255., 255.]), lineWidth=1, name='polygon_11', opacity=1.0, ori=array(0.), pos=array([-0.386,  0.   ]), size=array([1., 1.]), units='height', vertices=ndarray(...), win=Window(...))
7.3849 	EXP 	Created polygon_12 = Rect(__class__=<class 'psychopy.visual.rect.Rect'>, autoDraw=False, autoLog=True, closeShape=True, color=method-wrapper(...), colorSpace=None, contrast=1.0, depth=-13.0, fillColor='white', fillColorSpace='named', fillRGB=array([255., 255., 255.]), interpolate=True, lineColor='white', lineColorSpace='named', lineRGB=array([255., 255., 255.]), lineWidth=1, name='polygon_12', opacity=1.0, ori=array(0.), pos=array([-0.193,  0.   ]), size=array([1., 1.]), units='height', vertices=ndarray(...), win=Window(...))
7.3856 	EXP 	Created polygon_13 = Rect(__class__=<class 'psychopy.visual.rect.Rect'>, autoDraw=False, autoLog=True, closeShape=True, color=method-wrapper(...), colorSpace=None, contrast=1.0, depth=-14.0, fillColor='white', fillColorSpace='named', fillRGB=array([255., 255., 255.]), interpolate=True, lineColor='white', lineColorSpace='named', lineRGB=array([255., 255., 255.]), lineWidth=1, name='polygon_13', opacity=1.0, ori=array(0.), pos=array([0., 0.]), size=array([1., 1.]), units='height', vertices=ndarray(...), win=Window(...))
7.3863 	EXP 	Created polygon_14 = Rect(__class__=<class 'psychopy.visual.rect.Rect'>, autoDraw=False, autoLog=True, closeShape=True, color=method-wrapper(...), colorSpace=None, contrast=1.0, depth=-15.0, fillColor='white', fillColorSpace='named', fillRGB=array([255., 255., 255.]), interpolate=True, lineColor='white', lineColorSpace='named', lineRGB=array([255., 255., 255.]), lineWidth=1, name='polygon_14', opacity=1.0, ori=array(0.), pos=array([0.193, 0.   ]), size=array([1., 1.]), units='height', vertices=ndarray(...), win=Window(...))
7.3869 	EXP 	Created polygon_15 = Rect(__class__=<class 'psychopy.visual.rect.Rect'>, autoDraw=False, autoLog=True, closeShape=True, color=method-wrapper(...), colorSpace=None, contrast=1.0, depth=-16.0, fillColor='white', fillColorSpace='named', fillRGB=array([255., 255., 255.]), interpolate=True, lineColor='white', lineColorSpace='named', lineRGB=array([255., 255., 255.]), lineWidth=1, name='polygon_15', opacity=1.0, ori=array(0.), pos=array([0.386, 0.   ]), size=array([1., 1.]), units='height', vertices=ndarray(...), win=Window(...))
7.3876 	EXP 	Created polygon_16 = Rect(__class__=<class 'psychopy.visual.rect.Rect'>, autoDraw=False, autoLog=True, closeShape=True, color=method-wrapper(...), colorSpace=None, contrast=1.0, depth=-17.0, fillColor='white', fillColorSpace='named', fillRGB=array([255., 255., 255.]), interpolate=True, lineColor='white', lineColorSpace='named', lineRGB=array([255., 255., 255.]), lineWidth=1, name='polygon_16', opacity=1.0, ori=array(0.), pos=array([-0.386  , -0.19415]), size=array([1., 1.]), units='height', vertices=ndarray(...), win=Window(...))
7.3883 	EXP 	Created polygon_17 = Rect(__class__=<class 'psychopy.visual.rect.Rect'>, autoDraw=False, autoLog=True, closeShape=True, color=method-wrapper(...), colorSpace=None, contrast=1.0, depth=-18.0, fillColor='white', fillColorSpace='named', fillRGB=array([255., 255., 255.]), interpolate=True, lineColor='white', lineColorSpace='named', lineRGB=array([255., 255., 255.]), lineWidth=1, name='polygon_17', opacity=1.0, ori=array(0.), pos=array([-0.193  , -0.19415]), size=array([1., 1.]), units='height', vertices=ndarray(...), win=Window(...))
7.3889 	EXP 	Created polygon_18 = Rect(__class__=<class 'psychopy.visual.rect.Rect'>, autoDraw=False, autoLog=True, closeShape=True, color=method-wrapper(...), colorSpace=None, contrast=1.0, depth=-19.0, fillColor='white', fillColorSpace='named', fillRGB=array([255., 255., 255.]), interpolate=True, lineColor='white', lineColorSpace='named', lineRGB=array([255., 255., 255.]), lineWidth=1, name='polygon_18', opacity=1.0, ori=array(0.), pos=array([ 0.     , -0.19415]), size=array([1., 1.]), units='height', vertices=ndarray(...), win=Window(...))
7.3897 	EXP 	Created polygon_19 = Rect(__class__=<class 'psychopy.visual.rect.Rect'>, autoDraw=False, autoLog=True, closeShape=True, color=method-wrapper(...), colorSpace=None, contrast=1.0, depth=-20.0, fillColor='white', fillColorSpace='named', fillRGB=array([255., 255., 255.]), interpolate=True, lineColor='white', lineColorSpace='named', lineRGB=array([255., 255., 255.]), lineWidth=1, name='polygon_19', opacity=1.0, ori=array(0.), pos=array([ 0.193  , -0.19415]), size=array([1., 1.]), units='height', vertices=ndarray(...), win=Window(...))
7.3904 	EXP 	Created polygon_20 = Rect(__class__=<class 'psychopy.visual.rect.Rect'>, autoDraw=False, autoLog=True, closeShape=True, color=method-wrapper(...), colorSpace=None, contrast=1.0, depth=-21.0, fillColor='white', fillColorSpace='named', fillRGB=array([255., 255., 255.]), interpolate=True, lineColor='white', lineColorSpace='named', lineRGB=array([255., 255., 255.]), lineWidth=1, name='polygon_20', opacity=1.0, ori=array(0.), pos=array([ 0.386  , -0.19415]), size=array([1., 1.]), units='height', vertices=ndarray(...), win=Window(...))
7.3910 	EXP 	Created polygon_21 = Rect(__class__=<class 'psychopy.visual.rect.Rect'>, autoDraw=False, autoLog=True, closeShape=True, color=method-wrapper(...), colorSpace=None, contrast=1.0, depth=-22.0, fillColor='white', fillColorSpace='named', fillRGB=array([255., 255., 255.]), interpolate=True, lineColor='white', lineColorSpace='named', lineRGB=array([255., 255., 255.]), lineWidth=1, name='polygon_21', opacity=1.0, ori=array(0.), pos=array([-0.386 , -0.3875]), size=array([1., 1.]), units='height', vertices=ndarray(...), win=Window(...))
7.3917 	EXP 	Created polygon_22 = Rect(__class__=<class 'psychopy.visual.rect.Rect'>, autoDraw=False, autoLog=True, closeShape=True, color=method-wrapper(...), colorSpace=None, contrast=1.0, depth=-23.0, fillColor='white', fillColorSpace='named', fillRGB=array([255., 255., 255.]), interpolate=True, lineColor='white', lineColorSpace='named', lineRGB=array([255., 255., 255.]), lineWidth=1, name='polygon_22', opacity=1.0, ori=array(0.), pos=array([-0.193 , -0.3875]), size=array([1., 1.]), units='height', vertices=ndarray(...), win=Window(...))
7.3924 	EXP 	Created polygon_23 = Rect(__class__=<class 'psychopy.visual.rect.Rect'>, autoDraw=False, autoLog=True, closeShape=True, color=method-wrapper(...), colorSpace=None, contrast=1.0, depth=-24.0, fillColor='white', fillColorSpace='named', fillRGB=array([255., 255., 255.]), interpolate=True, lineColor='white', lineColorSpace='named', lineRGB=array([255., 255., 255.]), lineWidth=1, name='polygon_23', opacity=1.0, ori=array(0.), pos=array([ 0.    , -0.3875]), size=array([1., 1.]), units='height', vertices=ndarray(...), win=Window(...))
7.3932 	EXP 	Created polygon_24 = Rect(__class__=<class 'psychopy.visual.rect.Rect'>, autoDraw=False, autoLog=True, closeShape=True, color=method-wrapper(...), colorSpace=None, contrast=1.0, depth=-25.0, fillColor='white', fillColorSpace='named', fillRGB=array([255., 255., 255.]), interpolate=True, lineColor='white', lineColorSpace='named', lineRGB=array([255., 255., 255.]), lineWidth=1, name='polygon_24', opacity=1.0, ori=array(0.), pos=array([ 0.193 , -0.3875]), size=array([1., 1.]), units='height', vertices=ndarray(...), win=Window(...))
7.3939 	EXP 	Created polygon_25 = Rect(__class__=<class 'psychopy.visual.rect.Rect'>, autoDraw=False, autoLog=True, closeShape=True, color=method-wrapper(...), colorSpace=None, contrast=1.0, depth=-26.0, fillColor='white', fillColorSpace='named', fillRGB=array([255., 255., 255.]), interpolate=True, lineColor='white', lineColorSpace='named', lineRGB=array([255., 255., 255.]), lineWidth=1, name='polygon_25', opacity=1.0, ori=array(0.), pos=array([ 0.386 , -0.3875]), size=array([1., 1.]), units='height', vertices=ndarray(...), win=Window(...))
7.4009 	EXP 	Created rdy_txt = TextStim(__class__=<class 'psychopy.visual.text.TextStim'>, alignHoriz='center', alignVert='center', antialias=True, autoLog=True, bold=False, color='white', colorSpace='named', contrast=1.0, depth=0.0, flipHoriz=False, flipVert=False, font='Arial', fontFiles=[], height=0.05, italic=False, languageStyle='LTR', name='rdy_txt', opacity=1.0, ori=0, pos=array([0., 0.]), rgb=array([255., 255., 255.]), text='default text', units='height', win=Window(...), wrapWidth=1)
7.4363 	EXP 	instr_text: autoDraw = True
9.1587 	EXP 	Imported BLS_Trials.xlsx as conditions, 32 conditions, 5 params
9.1590 	EXP 	Created sequence: sequential, trialTypes=32, nReps=1, seed=None
9.1592 	EXP 	New trial (rep=0, index=0): OrderedDict([('Running_Trial_Num', 1), ('trial_length', 2), ('rows', '0, 1'), ('correct_seq', ['polygon_18', 'polygon_10']), ('rdy_msg', 'Press SPACE to begin the next trial.')])
9.1807 	EXP 	Imported BLS_Stimuli.xlsx as conditions, 2 conditions, 6 params
9.1810 	EXP 	Created sequence: sequential, trialTypes=2, nReps=1, seed=None
9.1812 	EXP 	New trial (rep=0, index=0): OrderedDict([('span', 2), ('trial', 1), ('stimulus', 1), ('square', 10), ('location', [0.39, 0.195]), ('correct', 18)])
9.1895 	DATA 	Keypress: space
9.2032 	EXP 	instr_text: autoDraw = False
9.2032 	EXP 	Square: pos = array([0.39 , 0.195])
9.2032 	EXP 	Grid: autoDraw = True
9.2032 	EXP 	Square: autoDraw = True
10.6361 	EXP 	New trial (rep=0, index=1): OrderedDict([('span', 2), ('trial', 1), ('stimulus', 2), ('square', 18), ('location', [0, -0.195]), ('correct', 10)])
10.6525 	EXP 	Grid: autoDraw = False
10.6525 	EXP 	Square: autoDraw = False
10.6525 	EXP 	Square: pos = array([ 0.   , -0.195])
10.6525 	EXP 	Grid: autoDraw = True
10.6525 	EXP 	Square: autoDraw = True
12.1694 	EXP 	Grid: autoDraw = False
12.1694 	EXP 	Square: autoDraw = False
12.1694 	EXP 	polygon: fillColor = 'white'
12.1694 	EXP 	polygon: lineColor = 'white'
12.1694 	EXP 	polygon: color = 'white'
12.1694 	EXP 	polygon_2: fillColor = 'white'
12.1694 	EXP 	polygon_2: lineColor = 'white'
12.1694 	EXP 	polygon_2: color = 'white'
12.1694 	EXP 	polygon_3: fillColor = 'white'
12.1694 	EXP 	polygon_3: lineColor = 'white'
12.1694 	EXP 	polygon_3: color = 'white'
12.1694 	EXP 	polygon_4: fillColor = 'white'
12.1694 	EXP 	polygon_4: lineColor = 'white'
12.1694 	EXP 	polygon_4: color = 'white'
12.1694 	EXP 	polygon_5: fillColor = 'white'
12.1694 	EXP 	polygon_5: lineColor = 'white'
12.1694 	EXP 	polygon_5: color = 'white'
12.1694 	EXP 	polygon_6: fillColor = 'white'
12.1694 	EXP 	polygon_6: lineColor = 'white'
12.1694 	EXP 	polygon_6: color = 'white'
12.1694 	EXP 	polygon_7: fillColor = 'white'
12.1694 	EXP 	polygon_7: lineColor = 'white'
12.1694 	EXP 	polygon_7: color = 'white'
12.1694 	EXP 	polygon_8: fillColor = 'white'
12.1694 	EXP 	polygon_8: lineColor = 'white'
12.1694 	EXP 	polygon_8: color = 'white'
12.1694 	EXP 	polygon_9: fillColor = 'white'
12.1694 	EXP 	polygon_9: lineColor = 'white'
12.1694 	EXP 	polygon_9: color = 'white'
12.1694 	EXP 	polygon_10: fillColor = 'white'
12.1694 	EXP 	polygon_10: lineColor = 'white'
12.1694 	EXP 	polygon_10: color = 'white'
12.1694 	EXP 	polygon_11: fillColor = 'white'
12.1694 	EXP 	polygon_11: lineColor = 'white'
12.1694 	EXP 	polygon_11: color = 'white'
12.1694 	EXP 	polygon_12: fillColor = 'white'
12.1694 	EXP 	polygon_12: lineColor = 'white'
12.1694 	EXP 	polygon_12: color = 'white'
12.1694 	EXP 	polygon_13: fillColor = 'white'
12.1694 	EXP 	polygon_13: lineColor = 'white'
12.1694 	EXP 	polygon_13: color = 'white'
12.1694 	EXP 	polygon_14: fillColor = 'white'
12.1694 	EXP 	polygon_14: lineColor = 'white'
12.1694 	EXP 	polygon_14: color = 'white'
12.1694 	EXP 	polygon_15: fillColor = 'white'
12.1694 	EXP 	polygon_15: lineColor = 'white'
12.1694 	EXP 	polygon_15: color = 'white'
12.1694 	EXP 	polygon_16: fillColor = 'white'
12.1694 	EXP 	polygon_16: lineColor = 'white'
12.1694 	EXP 	polygon_16: color = 'white'
12.1694 	EXP 	polygon_17: fillColor = 'white'
12.1694 	EXP 	polygon_17: lineColor = 'white'
12.1694 	EXP 	polygon_17: color = 'white'
12.1694 	EXP 	polygon_18: fillColor = 'white'
12.1694 	EXP 	polygon_18: lineColor = 'white'
12.1694 	EXP 	polygon_18: color = 'white'
12.1694 	EXP 	polygon_19: fillColor = 'white'
12.1694 	EXP 	polygon_19: lineColor = 'white'
12.1694 	EXP 	polygon_19: color = 'white'
12.1694 	EXP 	polygon_20: fillColor = 'white'
12.1694 	EXP 	polygon_20: lineColor = 'white'
12.1694 	EXP 	polygon_20: color = 'white'
12.1694 	EXP 	polygon_21: fillColor = 'white'
12.1694 	EXP 	polygon_21: lineColor = 'white'
12.1694 	EXP 	polygon_21: color = 'white'
12.1694 	EXP 	polygon_22: fillColor = 'white'
12.1694 	EXP 	polygon_22: lineColor = 'white'
12.1694 	EXP 	polygon_22: color = 'white'
12.1694 	EXP 	polygon_23: fillColor = 'white'
12.1694 	EXP 	polygon_23: lineColor = 'white'
12.1694 	EXP 	polygon_23: color = 'white'
12.1694 	EXP 	polygon_24: fillColor = 'white'
12.1694 	EXP 	polygon_24: lineColor = 'white'
12.1694 	EXP 	polygon_24: color = 'white'
12.1694 	EXP 	polygon_25: fillColor = 'white'
12.1694 	EXP 	polygon_25: lineColor = 'white'
12.1694 	EXP 	polygon_25: color = 'white'
12.1694 	EXP 	grid: autoDraw = True
12.1694 	EXP 	polygon: autoDraw = True
12.1694 	EXP 	polygon_2: autoDraw = True
12.1694 	EXP 	polygon_3: autoDraw = True
12.1694 	EXP 	polygon_4: autoDraw = True
12.1694 	EXP 	polygon_5: autoDraw = True
12.1694 	EXP 	polygon_6: autoDraw = True
12.1694 	EXP 	polygon_7: autoDraw = True
12.1694 	EXP 	polygon_8: autoDraw = True
12.1694 	EXP 	polygon_9: autoDraw = True
12.1694 	EXP 	polygon_10: autoDraw = True
12.1694 	EXP 	polygon_11: autoDraw = True
12.1694 	EXP 	polygon_12: autoDraw = True
12.1694 	EXP 	polygon_13: autoDraw = True
12.1694 	EXP 	polygon_14: autoDraw = True
12.1694 	EXP 	polygon_15: autoDraw = True
12.1694 	EXP 	polygon_16: autoDraw = True
12.1694 	EXP 	polygon_17: autoDraw = True
12.1694 	EXP 	polygon_18: autoDraw = True
12.1694 	EXP 	polygon_19: autoDraw = True
12.1694 	EXP 	polygon_20: autoDraw = True
12.1694 	EXP 	polygon_21: autoDraw = True
12.1694 	EXP 	polygon_22: autoDraw = True
12.1694 	EXP 	polygon_23: autoDraw = True
12.1694 	EXP 	polygon_24: autoDraw = True
12.1694 	EXP 	polygon_25: autoDraw = True
12.5550 	DATA 	Mouse: Left button down, pos=(1426,563)
12.5860 	EXP 	polygon_18: fillColor = 'black'
12.5860 	EXP 	polygon_18: lineColor = 'black'
12.5860 	EXP 	polygon_18: color = 'black'
12.6548 	DATA 	Mouse:  Left button up, pos=(1426,563)
13.5881 	DATA 	Mouse: Left button down, pos=(1870,1215)
13.6193 	EXP 	polygon_9: fillColor = 'black'
13.6193 	EXP 	polygon_9: lineColor = 'black'
13.6193 	EXP 	polygon_9: color = 'black'
13.6883 	DATA 	Mouse:  Left button up, pos=(1870,1215)
14.6277 	DATA 	Keypress: space
14.6863 	EXP 	grid: autoDraw = False
14.6863 	EXP 	polygon: autoDraw = False
14.6863 	EXP 	polygon_2: autoDraw = False
14.6863 	EXP 	polygon_3: autoDraw = False
14.6863 	EXP 	polygon_4: autoDraw = False
14.6863 	EXP 	polygon_5: autoDraw = False
14.6863 	EXP 	polygon_6: autoDraw = False
14.6863 	EXP 	polygon_7: autoDraw = False
14.6863 	EXP 	polygon_8: autoDraw = False
14.6863 	EXP 	polygon_9: autoDraw = False
14.6863 	EXP 	polygon_10: autoDraw = False
14.6863 	EXP 	polygon_11: autoDraw = False
14.6863 	EXP 	polygon_12: autoDraw = False
14.6863 	EXP 	polygon_13: autoDraw = False
14.6863 	EXP 	polygon_14: autoDraw = False
14.6863 	EXP 	polygon_15: autoDraw = False
14.6863 	EXP 	polygon_16: autoDraw = False
14.6863 	EXP 	polygon_17: autoDraw = False
14.6863 	EXP 	polygon_18: autoDraw = False
14.6863 	EXP 	polygon_19: autoDraw = False
14.6863 	EXP 	polygon_20: autoDraw = False
14.6863 	EXP 	polygon_21: autoDraw = False
14.6863 	EXP 	polygon_22: autoDraw = False
14.6863 	EXP 	polygon_23: autoDraw = False
14.6863 	EXP 	polygon_24: autoDraw = False
14.6863 	EXP 	polygon_25: autoDraw = False
14.6863 	EXP 	rdy_txt: text = 'Press SPACE to begin the next trial.'
14.6863 	EXP 	rdy_txt: autoDraw = True
15.8571 	EXP 	New trial (rep=0, index=1): OrderedDict([('Running_Trial_Num', 2), ('trial_length', 2), ('rows', '2, 3'), ('correct_seq', ['polygon_19', 'polygon_2']), ('rdy_msg', 'Press SPACE to begin the next trial.')])
15.8785 	EXP 	Imported BLS_Stimuli.xlsx as conditions, 2 conditions, 6 params
15.8787 	EXP 	Created sequence: sequential, trialTypes=2, nReps=1, seed=None
15.8789 	EXP 	New trial (rep=0, index=0): OrderedDict([('span', 2), ('trial', 2), ('stimulus', 1), ('square', 2), ('location', [-0.195, 0.39]), ('correct', 19)])
15.8813 	DATA 	Keypress: space
15.9026 	EXP 	rdy_txt: autoDraw = False
15.9026 	EXP 	Square: pos = array([-0.195,  0.39 ])
15.9026 	EXP 	Grid: autoDraw = True
15.9026 	EXP 	Square: autoDraw = True
17.3696 	EXP 	New trial (rep=0, index=1): OrderedDict([('span', 2), ('trial', 2), ('stimulus', 2), ('square', 19), ('location', [0.195, -0.195]), ('correct', 2)])
17.3859 	EXP 	Grid: autoDraw = False
17.3859 	EXP 	Square: autoDraw = False
17.3859 	EXP 	Square: pos = array([ 0.195, -0.195])
17.3859 	EXP 	Grid: autoDraw = True
17.3859 	EXP 	Square: autoDraw = True
18.9025 	EXP 	Grid: autoDraw = False
18.9025 	EXP 	Square: autoDraw = False
18.9025 	EXP 	polygon: fillColor = 'white'
18.9025 	EXP 	polygon: lineColor = 'white'
18.9025 	EXP 	polygon: color = 'white'
18.9025 	EXP 	polygon_2: fillColor = 'white'
18.9025 	EXP 	polygon_2: lineColor = 'white'
18.9025 	EXP 	polygon_2: color = 'white'
18.9025 	EXP 	polygon_3: fillColor = 'white'
18.9025 	EXP 	polygon_3: lineColor = 'white'
18.9025 	EXP 	polygon_3: color = 'white'
18.9025 	EXP 	polygon_4: fillColor = 'white'
18.9025 	EXP 	polygon_4: lineColor = 'white'
18.9025 	EXP 	polygon_4: color = 'white'
18.9025 	EXP 	polygon_5: fillColor = 'white'
18.9025 	EXP 	polygon_5: lineColor = 'white'
18.9025 	EXP 	polygon_5: color = 'white'
18.9025 	EXP 	polygon_6: fillColor = 'white'
18.9025 	EXP 	polygon_6: lineColor = 'white'
18.9025 	EXP 	polygon_6: color = 'white'
18.9025 	EXP 	polygon_7: fillColor = 'white'
18.9025 	EXP 	polygon_7: lineColor = 'white'
18.9025 	EXP 	polygon_7: color = 'white'
18.9025 	EXP 	polygon_8: fillColor = 'white'
18.9025 	EXP 	polygon_8: lineColor = 'white'
18.9025 	EXP 	polygon_8: color = 'white'
18.9025 	EXP 	polygon_9: fillColor = 'white'
18.9025 	EXP 	polygon_9: lineColor = 'white'
18.9025 	EXP 	polygon_9: color = 'white'
18.9025 	EXP 	polygon_10: fillColor = 'white'
18.9025 	EXP 	polygon_10: lineColor = 'white'
18.9025 	EXP 	polygon_10: color = 'white'
18.9025 	EXP 	polygon_11: fillColor = 'white'
18.9025 	EXP 	polygon_11: lineColor = 'white'
18.9025 	EXP 	polygon_11: color = 'white'
18.9025 	EXP 	polygon_12: fillColor = 'white'
18.9025 	EXP 	polygon_12: lineColor = 'white'
18.9025 	EXP 	polygon_12: color = 'white'
18.9025 	EXP 	polygon_13: fillColor = 'white'
18.9025 	EXP 	polygon_13: lineColor = 'white'
18.9025 	EXP 	polygon_13: color = 'white'
18.9025 	EXP 	polygon_14: fillColor = 'white'
18.9025 	EXP 	polygon_14: lineColor = 'white'
18.9025 	EXP 	polygon_14: color = 'white'
18.9025 	EXP 	polygon_15: fillColor = 'white'
18.9025 	EXP 	polygon_15: lineColor = 'white'
18.9025 	EXP 	polygon_15: color = 'white'
18.9025 	EXP 	polygon_16: fillColor = 'white'
18.9025 	EXP 	polygon_16: lineColor = 'white'
18.9025 	EXP 	polygon_16: color = 'white'
18.9025 	EXP 	polygon_17: fillColor = 'white'
18.9025 	EXP 	polygon_17: lineColor = 'white'
18.9025 	EXP 	polygon_17: color = 'white'
18.9025 	EXP 	polygon_18: fillColor = 'white'
18.9025 	EXP 	polygon_18: lineColor = 'white'
18.9025 	EXP 	polygon_18: color = 'white'
18.9025 	EXP 	polygon_19: fillColor = 'white'
18.9025 	EXP 	polygon_19: lineColor = 'white'
18.9025 	EXP 	polygon_19: color = 'white'
18.9025 	EXP 	polygon_20: fillColor = 'white'
18.9025 	EXP 	polygon_20: lineColor = 'white'
18.9025 	EXP 	polygon_20: color = 'white'
18.9025 	EXP 	polygon_21: fillColor = 'white'
18.9025 	EXP 	polygon_21: lineColor = 'white'
18.9025 	EXP 	polygon_21: color = 'white'
18.9025 	EXP 	polygon_22: fillColor = 'white'
18.9025 	EXP 	polygon_22: lineColor = 'white'
18.9025 	EXP 	polygon_22: color = 'white'
18.9025 	EXP 	polygon_23: fillColor = 'white'
18.9025 	EXP 	polygon_23: lineColor = 'white'
18.9025 	EXP 	polygon_23: color = 'white'
18.9025 	EXP 	polygon_24: fillColor = 'white'
18.9025 	EXP 	polygon_24: lineColor = 'white'
18.9025 	EXP 	polygon_24: color = 'white'
18.9025 	EXP 	polygon_25: fillColor = 'white'
18.9025 	EXP 	polygon_25: lineColor = 'white'
18.9025 	EXP 	polygon_25: color = 'white'
18.9025 	EXP 	grid: autoDraw = True
18.9025 	EXP 	polygon: autoDraw = True
18.9025 	EXP 	polygon_2: autoDraw = True
18.9025 	EXP 	polygon_3: autoDraw = True
18.9025 	EXP 	polygon_4: autoDraw = True
18.9025 	EXP 	polygon_5: autoDraw = True
18.9025 	EXP 	polygon_6: autoDraw = True
18.9025 	EXP 	polygon_7: autoDraw = True
18.9025 	EXP 	polygon_8: autoDraw = True
18.9025 	EXP 	polygon_9: autoDraw = True
18.9025 	EXP 	polygon_10: autoDraw = True
18.9025 	EXP 	polygon_11: autoDraw = True
18.9025 	EXP 	polygon_12: autoDraw = True
18.9025 	EXP 	polygon_13: autoDraw = True
18.9025 	EXP 	polygon_14: autoDraw = True
18.9025 	EXP 	polygon_15: autoDraw = True
18.9025 	EXP 	polygon_16: autoDraw = True
18.9025 	EXP 	polygon_17: autoDraw = True
18.9025 	EXP 	polygon_18: autoDraw = True
18.9025 	EXP 	polygon_19: autoDraw = True
18.9025 	EXP 	polygon_20: autoDraw = True
18.9025 	EXP 	polygon_21: autoDraw = True
18.9025 	EXP 	polygon_22: autoDraw = True
18.9025 	EXP 	polygon_23: autoDraw = True
18.9025 	EXP 	polygon_24: autoDraw = True
18.9025 	EXP 	polygon_25: autoDraw = True
19.3214 	DATA 	Mouse: Left button down, pos=(1799,1195)
19.3525 	EXP 	polygon_9: fillColor = 'black'
19.3525 	EXP 	polygon_9: lineColor = 'black'
19.3525 	EXP 	polygon_9: color = 'black'
19.4215 	DATA 	Mouse:  Left button up, pos=(1799,1195)
19.7544 	DATA 	Mouse: Left button down, pos=(1821,940)
19.7858 	EXP 	polygon_14: fillColor = 'black'
19.7858 	EXP 	polygon_14: lineColor = 'black'
19.7858 	EXP 	polygon_14: color = 'black'
19.8319 	DATA 	Mouse:  Left button up, pos=(1822,939)
20.5708 	DATA 	Keypress: space
20.6192 	EXP 	grid: autoDraw = False
20.6192 	EXP 	polygon: autoDraw = False
20.6192 	EXP 	polygon_2: autoDraw = False
20.6192 	EXP 	polygon_3: autoDraw = False
20.6192 	EXP 	polygon_4: autoDraw = False
20.6192 	EXP 	polygon_5: autoDraw = False
20.6192 	EXP 	polygon_6: autoDraw = False
20.6192 	EXP 	polygon_7: autoDraw = False
20.6192 	EXP 	polygon_8: autoDraw = False
20.6192 	EXP 	polygon_9: autoDraw = False
20.6192 	EXP 	polygon_10: autoDraw = False
20.6192 	EXP 	polygon_11: autoDraw = False
20.6192 	EXP 	polygon_12: autoDraw = False
20.6192 	EXP 	polygon_13: autoDraw = False
20.6192 	EXP 	polygon_14: autoDraw = False
20.6192 	EXP 	polygon_15: autoDraw = False
20.6192 	EXP 	polygon_16: autoDraw = False
20.6192 	EXP 	polygon_17: autoDraw = False
20.6192 	EXP 	polygon_18: autoDraw = False
20.6192 	EXP 	polygon_19: autoDraw = False
20.6192 	EXP 	polygon_20: autoDraw = False
20.6192 	EXP 	polygon_21: autoDraw = False
20.6192 	EXP 	polygon_22: autoDraw = False
20.6192 	EXP 	polygon_23: autoDraw = False
20.6192 	EXP 	polygon_24: autoDraw = False
20.6192 	EXP 	polygon_25: autoDraw = False
20.7082 	EXP 	window1: mouseVisible = True
