5.4593 	WARNING 	User requested fullscreen with size [1440  900], but screen is actually [2880, 1800]. Using actual size
6.4074 	EXP 	Created window1 = Window(allowGUI=False, allowStencil=False, args=UNKNOWN, autoLog=True, bitsMode=UNKNOWN, blendMode='avg', color=array([0., 0., 0.]), colorSpace='hsv', fullscr=<method-wrapper '__getattribute__' of attributeSetter object at 0x000002155D3A78D0>, gamma=None, gammaErrorPolicy='raise', kwargs=UNKNOWN, lms=UNKNOWN, monitor=<psychopy.monitors.calibTools.Monitor object at 0x000002155C29CA58>, multiSample=False, name='window1', numSamples=2, pos=[0.0, 0.0], screen=0, size=array([2880, 1800]), stereo=False, units='height', useFBO=True, useRetina=False, viewOri=0.0, viewPos=None, viewScale=None, waitBlanking=True, winType='pyglet')
6.4074 	EXP 	window1: recordFrameIntervals = False
6.5736 	EXP 	window1: recordFrameIntervals = True
6.7571 	EXP 	window1: recordFrameIntervals = False
6.9858 	EXP 	Created Grid = ImageStim(__class__=<class 'psychopy.visual.image.ImageStim'>, autoLog=True, color=array([1., 1., 1.]), colorSpace='rgb', contrast=1.0, depth=0.0, flipHoriz=False, flipVert=False, image='Blank Grid.jpg', interpolate=True, mask=None, maskParams=None, name='Grid', opacity=1.0, ori=0.0, pos=array([0., 0.]), size=array([1., 1.]), texRes=128, units='height', win=Window(...))
6.9886 	EXP 	Created Square = Rect(__class__=<class 'psychopy.visual.rect.Rect'>, autoDraw=False, autoLog=True, closeShape=True, color=method-wrapper(...), colorSpace=None, contrast=1.0, depth=-1.0, fillColor=array([255.,   0.,   0.]), fillColorSpace='rgb255', fillRGB=array([255.,   0.,   0.]), interpolate=True, lineColor=array([255.,   0.,   0.]), lineColorSpace='rgb', lineRGB=array([255.,   0.,   0.]), lineWidth=1, name='Square', opacity=1.0, ori=array(0.), pos=array([0., 0.]), size=array([1., 1.]), units='height', vertices=ndarray(...), win=Window(...))
7.0851 	EXP 	Created grid = ImageStim(__class__=<class 'psychopy.visual.image.ImageStim'>, autoLog=True, color=array([1., 1., 1.]), colorSpace='rgb', contrast=1.0, depth=0.0, flipHoriz=False, flipVert=False, image='Blank Grid.jpg', interpolate=True, mask=None, maskParams=None, name='grid', opacity=1.0, ori=0.0, pos=array([0., 0.]), size=array([1., 1.]), texRes=128, units='height', win=Window(...))
7.0860 	EXP 	Created polygon = Rect(__class__=<class 'psychopy.visual.rect.Rect'>, autoDraw=False, autoLog=True, closeShape=True, color=method-wrapper(...), colorSpace=None, contrast=1.0, depth=-2.0, fillColor='white', fillColorSpace='named', fillRGB=array([255., 255., 255.]), interpolate=True, lineColor='white', lineColorSpace='named', lineRGB=array([255., 255., 255.]), lineWidth=1, name='polygon', opacity=1.0, ori=array(0.), pos=array([-0.386 ,  0.3875]), size=array([1., 1.]), units='height', vertices=ndarray(...), win=Window(...))
7.0867 	EXP 	Created polygon_2 = Rect(__class__=<class 'psychopy.visual.rect.Rect'>, autoDraw=False, autoLog=True, closeShape=True, color=method-wrapper(...), colorSpace=None, contrast=1.0, depth=-3.0, fillColor='white', fillColorSpace='named', fillRGB=array([255., 255., 255.]), interpolate=True, lineColor='white', lineColorSpace='named', lineRGB=array([255., 255., 255.]), lineWidth=1, name='polygon_2', opacity=1.0, ori=array(0.), pos=array([-0.193 ,  0.3875]), size=array([1., 1.]), units='height', vertices=ndarray(...), win=Window(...))
7.0875 	EXP 	Created polygon_3 = Rect(__class__=<class 'psychopy.visual.rect.Rect'>, autoDraw=False, autoLog=True, closeShape=True, color=method-wrapper(...), colorSpace=None, contrast=1.0, depth=-4.0, fillColor='white', fillColorSpace='named', fillRGB=array([255., 255., 255.]), interpolate=True, lineColor='white', lineColorSpace='named', lineRGB=array([255., 255., 255.]), lineWidth=1, name='polygon_3', opacity=1.0, ori=array(0.), pos=array([0.    , 0.3875]), size=array([1., 1.]), units='height', vertices=ndarray(...), win=Window(...))
7.0884 	EXP 	Created polygon_4 = Rect(__class__=<class 'psychopy.visual.rect.Rect'>, autoDraw=False, autoLog=True, closeShape=True, color=method-wrapper(...), colorSpace=None, contrast=1.0, depth=-5.0, fillColor='white', fillColorSpace='named', fillRGB=array([255., 255., 255.]), interpolate=True, lineColor='white', lineColorSpace='named', lineRGB=array([255., 255., 255.]), lineWidth=1, name='polygon_4', opacity=1.0, ori=array(0.), pos=array([0.193 , 0.3875]), size=array([1., 1.]), units='height', vertices=ndarray(...), win=Window(...))
7.0892 	EXP 	Created polygon_5 = Rect(__class__=<class 'psychopy.visual.rect.Rect'>, autoDraw=False, autoLog=True, closeShape=True, color=method-wrapper(...), colorSpace=None, contrast=1.0, depth=-6.0, fillColor='white', fillColorSpace='named', fillRGB=array([255., 255., 255.]), interpolate=True, lineColor='white', lineColorSpace='named', lineRGB=array([255., 255., 255.]), lineWidth=1, name='polygon_5', opacity=1.0, ori=array(0.), pos=array([0.386 , 0.3875]), size=array([1., 1.]), units='height', vertices=ndarray(...), win=Window(...))
7.0900 	EXP 	Created polygon_6 = Rect(__class__=<class 'psychopy.visual.rect.Rect'>, autoDraw=False, autoLog=True, closeShape=True, color=method-wrapper(...), colorSpace=None, contrast=1.0, depth=-7.0, fillColor='white', fillColorSpace='named', fillRGB=array([255., 255., 255.]), interpolate=True, lineColor='white', lineColorSpace='named', lineRGB=array([255., 255., 255.]), lineWidth=1, name='polygon_6', opacity=1.0, ori=array(0.), pos=array([-0.386  ,  0.19415]), size=array([1., 1.]), units='height', vertices=ndarray(...), win=Window(...))
7.0908 	EXP 	Created polygon_7 = Rect(__class__=<class 'psychopy.visual.rect.Rect'>, autoDraw=False, autoLog=True, closeShape=True, color=method-wrapper(...), colorSpace=None, contrast=1.0, depth=-8.0, fillColor='white', fillColorSpace='named', fillRGB=array([255., 255., 255.]), interpolate=True, lineColor='white', lineColorSpace='named', lineRGB=array([255., 255., 255.]), lineWidth=1, name='polygon_7', opacity=1.0, ori=array(0.), pos=array([-0.193  ,  0.19415]), size=array([1., 1.]), units='height', vertices=ndarray(...), win=Window(...))
7.0915 	EXP 	Created polygon_8 = Rect(__class__=<class 'psychopy.visual.rect.Rect'>, autoDraw=False, autoLog=True, closeShape=True, color=method-wrapper(...), colorSpace=None, contrast=1.0, depth=-9.0, fillColor='white', fillColorSpace='named', fillRGB=array([255., 255., 255.]), interpolate=True, lineColor='white', lineColorSpace='named', lineRGB=array([255., 255., 255.]), lineWidth=1, name='polygon_8', opacity=1.0, ori=array(0.), pos=array([0.     , 0.19415]), size=array([1., 1.]), units='height', vertices=ndarray(...), win=Window(...))
7.0923 	EXP 	Created polygon_9 = Rect(__class__=<class 'psychopy.visual.rect.Rect'>, autoDraw=False, autoLog=True, closeShape=True, color=method-wrapper(...), colorSpace=None, contrast=1.0, depth=-10.0, fillColor='white', fillColorSpace='named', fillRGB=array([255., 255., 255.]), interpolate=True, lineColor='white', lineColorSpace='named', lineRGB=array([255., 255., 255.]), lineWidth=1, name='polygon_9', opacity=1.0, ori=array(0.), pos=array([0.193  , 0.19415]), size=array([1., 1.]), units='height', vertices=ndarray(...), win=Window(...))
7.0931 	EXP 	Created polygon_10 = Rect(__class__=<class 'psychopy.visual.rect.Rect'>, autoDraw=False, autoLog=True, closeShape=True, color=method-wrapper(...), colorSpace=None, contrast=1.0, depth=-11.0, fillColor='white', fillColorSpace='named', fillRGB=array([255., 255., 255.]), interpolate=True, lineColor='white', lineColorSpace='named', lineRGB=array([255., 255., 255.]), lineWidth=1, name='polygon_10', opacity=1.0, ori=array(0.), pos=array([0.386  , 0.19415]), size=array([1., 1.]), units='height', vertices=ndarray(...), win=Window(...))
7.0939 	EXP 	Created polygon_11 = Rect(__class__=<class 'psychopy.visual.rect.Rect'>, autoDraw=False, autoLog=True, closeShape=True, color=method-wrapper(...), colorSpace=None, contrast=1.0, depth=-12.0, fillColor='white', fillColorSpace='named', fillRGB=array([255., 255., 255.]), interpolate=True, lineColor='white', lineColorSpace='named', lineRGB=array([255., 255., 255.]), lineWidth=1, name='polygon_11', opacity=1.0, ori=array(0.), pos=array([-0.386,  0.   ]), size=array([1., 1.]), units='height', vertices=ndarray(...), win=Window(...))
7.0947 	EXP 	Created polygon_12 = Rect(__class__=<class 'psychopy.visual.rect.Rect'>, autoDraw=False, autoLog=True, closeShape=True, color=method-wrapper(...), colorSpace=None, contrast=1.0, depth=-13.0, fillColor='white', fillColorSpace='named', fillRGB=array([255., 255., 255.]), interpolate=True, lineColor='white', lineColorSpace='named', lineRGB=array([255., 255., 255.]), lineWidth=1, name='polygon_12', opacity=1.0, ori=array(0.), pos=array([-0.193,  0.   ]), size=array([1., 1.]), units='height', vertices=ndarray(...), win=Window(...))
7.0954 	EXP 	Created polygon_13 = Rect(__class__=<class 'psychopy.visual.rect.Rect'>, autoDraw=False, autoLog=True, closeShape=True, color=method-wrapper(...), colorSpace=None, contrast=1.0, depth=-14.0, fillColor='white', fillColorSpace='named', fillRGB=array([255., 255., 255.]), interpolate=True, lineColor='white', lineColorSpace='named', lineRGB=array([255., 255., 255.]), lineWidth=1, name='polygon_13', opacity=1.0, ori=array(0.), pos=array([0., 0.]), size=array([1., 1.]), units='height', vertices=ndarray(...), win=Window(...))
7.0962 	EXP 	Created polygon_14 = Rect(__class__=<class 'psychopy.visual.rect.Rect'>, autoDraw=False, autoLog=True, closeShape=True, color=method-wrapper(...), colorSpace=None, contrast=1.0, depth=-15.0, fillColor='white', fillColorSpace='named', fillRGB=array([255., 255., 255.]), interpolate=True, lineColor='white', lineColorSpace='named', lineRGB=array([255., 255., 255.]), lineWidth=1, name='polygon_14', opacity=1.0, ori=array(0.), pos=array([0.193, 0.   ]), size=array([1., 1.]), units='height', vertices=ndarray(...), win=Window(...))
7.0970 	EXP 	Created polygon_15 = Rect(__class__=<class 'psychopy.visual.rect.Rect'>, autoDraw=False, autoLog=True, closeShape=True, color=method-wrapper(...), colorSpace=None, contrast=1.0, depth=-16.0, fillColor='white', fillColorSpace='named', fillRGB=array([255., 255., 255.]), interpolate=True, lineColor='white', lineColorSpace='named', lineRGB=array([255., 255., 255.]), lineWidth=1, name='polygon_15', opacity=1.0, ori=array(0.), pos=array([0.386, 0.   ]), size=array([1., 1.]), units='height', vertices=ndarray(...), win=Window(...))
7.0978 	EXP 	Created polygon_16 = Rect(__class__=<class 'psychopy.visual.rect.Rect'>, autoDraw=False, autoLog=True, closeShape=True, color=method-wrapper(...), colorSpace=None, contrast=1.0, depth=-17.0, fillColor='white', fillColorSpace='named', fillRGB=array([255., 255., 255.]), interpolate=True, lineColor='white', lineColorSpace='named', lineRGB=array([255., 255., 255.]), lineWidth=1, name='polygon_16', opacity=1.0, ori=array(0.), pos=array([-0.386  , -0.19415]), size=array([1., 1.]), units='height', vertices=ndarray(...), win=Window(...))
7.0986 	EXP 	Created polygon_17 = Rect(__class__=<class 'psychopy.visual.rect.Rect'>, autoDraw=False, autoLog=True, closeShape=True, color=method-wrapper(...), colorSpace=None, contrast=1.0, depth=-18.0, fillColor='white', fillColorSpace='named', fillRGB=array([255., 255., 255.]), interpolate=True, lineColor='white', lineColorSpace='named', lineRGB=array([255., 255., 255.]), lineWidth=1, name='polygon_17', opacity=1.0, ori=array(0.), pos=array([-0.193  , -0.19415]), size=array([1., 1.]), units='height', vertices=ndarray(...), win=Window(...))
7.0993 	EXP 	Created polygon_18 = Rect(__class__=<class 'psychopy.visual.rect.Rect'>, autoDraw=False, autoLog=True, closeShape=True, color=method-wrapper(...), colorSpace=None, contrast=1.0, depth=-19.0, fillColor='white', fillColorSpace='named', fillRGB=array([255., 255., 255.]), interpolate=True, lineColor='white', lineColorSpace='named', lineRGB=array([255., 255., 255.]), lineWidth=1, name='polygon_18', opacity=1.0, ori=array(0.), pos=array([ 0.     , -0.19415]), size=array([1., 1.]), units='height', vertices=ndarray(...), win=Window(...))
7.1001 	EXP 	Created polygon_19 = Rect(__class__=<class 'psychopy.visual.rect.Rect'>, autoDraw=False, autoLog=True, closeShape=True, color=method-wrapper(...), colorSpace=None, contrast=1.0, depth=-20.0, fillColor='white', fillColorSpace='named', fillRGB=array([255., 255., 255.]), interpolate=True, lineColor='white', lineColorSpace='named', lineRGB=array([255., 255., 255.]), lineWidth=1, name='polygon_19', opacity=1.0, ori=array(0.), pos=array([ 0.193  , -0.19415]), size=array([1., 1.]), units='height', vertices=ndarray(...), win=Window(...))
7.1008 	EXP 	Created polygon_20 = Rect(__class__=<class 'psychopy.visual.rect.Rect'>, autoDraw=False, autoLog=True, closeShape=True, color=method-wrapper(...), colorSpace=None, contrast=1.0, depth=-21.0, fillColor='white', fillColorSpace='named', fillRGB=array([255., 255., 255.]), interpolate=True, lineColor='white', lineColorSpace='named', lineRGB=array([255., 255., 255.]), lineWidth=1, name='polygon_20', opacity=1.0, ori=array(0.), pos=array([ 0.386  , -0.19415]), size=array([1., 1.]), units='height', vertices=ndarray(...), win=Window(...))
7.1016 	EXP 	Created polygon_21 = Rect(__class__=<class 'psychopy.visual.rect.Rect'>, autoDraw=False, autoLog=True, closeShape=True, color=method-wrapper(...), colorSpace=None, contrast=1.0, depth=-22.0, fillColor='white', fillColorSpace='named', fillRGB=array([255., 255., 255.]), interpolate=True, lineColor='white', lineColorSpace='named', lineRGB=array([255., 255., 255.]), lineWidth=1, name='polygon_21', opacity=1.0, ori=array(0.), pos=array([-0.386 , -0.3875]), size=array([1., 1.]), units='height', vertices=ndarray(...), win=Window(...))
7.1023 	EXP 	Created polygon_22 = Rect(__class__=<class 'psychopy.visual.rect.Rect'>, autoDraw=False, autoLog=True, closeShape=True, color=method-wrapper(...), colorSpace=None, contrast=1.0, depth=-23.0, fillColor='white', fillColorSpace='named', fillRGB=array([255., 255., 255.]), interpolate=True, lineColor='white', lineColorSpace='named', lineRGB=array([255., 255., 255.]), lineWidth=1, name='polygon_22', opacity=1.0, ori=array(0.), pos=array([-0.193 , -0.3875]), size=array([1., 1.]), units='height', vertices=ndarray(...), win=Window(...))
7.1030 	EXP 	Created polygon_23 = Rect(__class__=<class 'psychopy.visual.rect.Rect'>, autoDraw=False, autoLog=True, closeShape=True, color=method-wrapper(...), colorSpace=None, contrast=1.0, depth=-24.0, fillColor='white', fillColorSpace='named', fillRGB=array([255., 255., 255.]), interpolate=True, lineColor='white', lineColorSpace='named', lineRGB=array([255., 255., 255.]), lineWidth=1, name='polygon_23', opacity=1.0, ori=array(0.), pos=array([ 0.    , -0.3875]), size=array([1., 1.]), units='height', vertices=ndarray(...), win=Window(...))
7.1038 	EXP 	Created polygon_24 = Rect(__class__=<class 'psychopy.visual.rect.Rect'>, autoDraw=False, autoLog=True, closeShape=True, color=method-wrapper(...), colorSpace=None, contrast=1.0, depth=-25.0, fillColor='white', fillColorSpace='named', fillRGB=array([255., 255., 255.]), interpolate=True, lineColor='white', lineColorSpace='named', lineRGB=array([255., 255., 255.]), lineWidth=1, name='polygon_24', opacity=1.0, ori=array(0.), pos=array([ 0.193 , -0.3875]), size=array([1., 1.]), units='height', vertices=ndarray(...), win=Window(...))
7.1045 	EXP 	Created polygon_25 = Rect(__class__=<class 'psychopy.visual.rect.Rect'>, autoDraw=False, autoLog=True, closeShape=True, color=method-wrapper(...), colorSpace=None, contrast=1.0, depth=-26.0, fillColor='white', fillColorSpace='named', fillRGB=array([255., 255., 255.]), interpolate=True, lineColor='white', lineColorSpace='named', lineRGB=array([255., 255., 255.]), lineWidth=1, name='polygon_25', opacity=1.0, ori=array(0.), pos=array([ 0.386 , -0.3875]), size=array([1., 1.]), units='height', vertices=ndarray(...), win=Window(...))
7.2194 	EXP 	Created thx_txt = TextStim(__class__=<class 'psychopy.visual.text.TextStim'>, alignHoriz='center', alignVert='center', antialias=True, autoLog=True, bold=False, color='white', colorSpace='named', contrast=1.0, depth=0.0, flipHoriz=False, flipVert=False, font='Arial', fontFiles=[], height=0.05, italic=False, languageStyle='LTR', name='thx_txt', opacity=1.0, ori=0, pos=array([0., 0.]), rgb=array([255., 255., 255.]), text='Good work! \n\nYou have completed this task.', units='height', win=Window(...), wrapWidth=1)
7.2500 	EXP 	Imported BLS_Trial_Picker.xlsx as conditions, 32 conditions, 4 params
7.2502 	EXP 	Created sequence: sequential, trialTypes=32, nReps=1, seed=None
7.2505 	EXP 	New trial (rep=0, index=0): OrderedDict([('Running_Trial_Num', 1), ('trial_length', 2), ('rows', '0, 1'), ('correct_seq', "polygon_18','polygon_10'")])
7.2736 	EXP 	Imported BLS_Trial_List.xlsx as conditions, 2 conditions, 7 params
7.2738 	EXP 	Created sequence: sequential, trialTypes=2, nReps=1, seed=None
7.2740 	EXP 	New trial (rep=0, index=0): OrderedDict([('span', 2), ('trial', 1), ('stimulus', 1), ('square', 10), ('location', [0.39, 0.195]), ('correct', 18), ('correct_seq', ['polygon_18', 'polygon_10'])])
7.3405 	EXP 	Square: pos = array([0.39 , 0.195])
7.3405 	EXP 	Grid: autoDraw = True
7.3405 	EXP 	Square: autoDraw = True
8.7237 	EXP 	New trial (rep=0, index=1): OrderedDict([('span', 2), ('trial', 1), ('stimulus', 2), ('square', 18), ('location', [0, -0.195]), ('correct', 10), ('correct_seq', ['polygon_19', 'polygon_2'])])
8.7401 	EXP 	Grid: autoDraw = False
8.7401 	EXP 	Square: autoDraw = False
8.7401 	EXP 	Square: pos = array([ 0.   , -0.195])
8.7401 	EXP 	Grid: autoDraw = True
8.7401 	EXP 	Square: autoDraw = True
10.2566 	EXP 	Grid: autoDraw = False
10.2566 	EXP 	Square: autoDraw = False
10.2566 	EXP 	polygon: fillColor = 'white'
10.2566 	EXP 	polygon: lineColor = 'white'
10.2566 	EXP 	polygon: color = 'white'
10.2566 	EXP 	polygon_2: fillColor = 'white'
10.2566 	EXP 	polygon_2: lineColor = 'white'
10.2566 	EXP 	polygon_2: color = 'white'
10.2566 	EXP 	polygon_3: fillColor = 'white'
10.2566 	EXP 	polygon_3: lineColor = 'white'
10.2566 	EXP 	polygon_3: color = 'white'
10.2566 	EXP 	polygon_4: fillColor = 'white'
10.2566 	EXP 	polygon_4: lineColor = 'white'
10.2566 	EXP 	polygon_4: color = 'white'
10.2566 	EXP 	polygon_5: fillColor = 'white'
10.2566 	EXP 	polygon_5: lineColor = 'white'
10.2566 	EXP 	polygon_5: color = 'white'
10.2566 	EXP 	polygon_6: fillColor = 'white'
10.2566 	EXP 	polygon_6: lineColor = 'white'
10.2566 	EXP 	polygon_6: color = 'white'
10.2566 	EXP 	polygon_7: fillColor = 'white'
10.2566 	EXP 	polygon_7: lineColor = 'white'
10.2566 	EXP 	polygon_7: color = 'white'
10.2566 	EXP 	polygon_8: fillColor = 'white'
10.2566 	EXP 	polygon_8: lineColor = 'white'
10.2566 	EXP 	polygon_8: color = 'white'
10.2566 	EXP 	polygon_9: fillColor = 'white'
10.2566 	EXP 	polygon_9: lineColor = 'white'
10.2566 	EXP 	polygon_9: color = 'white'
10.2566 	EXP 	polygon_10: fillColor = 'white'
10.2566 	EXP 	polygon_10: lineColor = 'white'
10.2566 	EXP 	polygon_10: color = 'white'
10.2566 	EXP 	polygon_11: fillColor = 'white'
10.2566 	EXP 	polygon_11: lineColor = 'white'
10.2566 	EXP 	polygon_11: color = 'white'
10.2566 	EXP 	polygon_12: fillColor = 'white'
10.2566 	EXP 	polygon_12: lineColor = 'white'
10.2566 	EXP 	polygon_12: color = 'white'
10.2566 	EXP 	polygon_13: fillColor = 'white'
10.2566 	EXP 	polygon_13: lineColor = 'white'
10.2566 	EXP 	polygon_13: color = 'white'
10.2566 	EXP 	polygon_14: fillColor = 'white'
10.2566 	EXP 	polygon_14: lineColor = 'white'
10.2566 	EXP 	polygon_14: color = 'white'
10.2566 	EXP 	polygon_15: fillColor = 'white'
10.2566 	EXP 	polygon_15: lineColor = 'white'
10.2566 	EXP 	polygon_15: color = 'white'
10.2566 	EXP 	polygon_16: fillColor = 'white'
10.2566 	EXP 	polygon_16: lineColor = 'white'
10.2566 	EXP 	polygon_16: color = 'white'
10.2566 	EXP 	polygon_17: fillColor = 'white'
10.2566 	EXP 	polygon_17: lineColor = 'white'
10.2566 	EXP 	polygon_17: color = 'white'
10.2566 	EXP 	polygon_18: fillColor = 'white'
10.2566 	EXP 	polygon_18: lineColor = 'white'
10.2566 	EXP 	polygon_18: color = 'white'
10.2566 	EXP 	polygon_19: fillColor = 'white'
10.2566 	EXP 	polygon_19: lineColor = 'white'
10.2566 	EXP 	polygon_19: color = 'white'
10.2566 	EXP 	polygon_20: fillColor = 'white'
10.2566 	EXP 	polygon_20: lineColor = 'white'
10.2566 	EXP 	polygon_20: color = 'white'
10.2566 	EXP 	polygon_21: fillColor = 'white'
10.2566 	EXP 	polygon_21: lineColor = 'white'
10.2566 	EXP 	polygon_21: color = 'white'
10.2566 	EXP 	polygon_22: fillColor = 'white'
10.2566 	EXP 	polygon_22: lineColor = 'white'
10.2566 	EXP 	polygon_22: color = 'white'
10.2566 	EXP 	polygon_23: fillColor = 'white'
10.2566 	EXP 	polygon_23: lineColor = 'white'
10.2566 	EXP 	polygon_23: color = 'white'
10.2566 	EXP 	polygon_24: fillColor = 'white'
10.2566 	EXP 	polygon_24: lineColor = 'white'
10.2566 	EXP 	polygon_24: color = 'white'
10.2566 	EXP 	polygon_25: fillColor = 'white'
10.2566 	EXP 	polygon_25: lineColor = 'white'
10.2566 	EXP 	polygon_25: color = 'white'
10.2566 	EXP 	grid: autoDraw = True
10.2566 	EXP 	polygon: autoDraw = True
10.2566 	EXP 	polygon_2: autoDraw = True
10.2566 	EXP 	polygon_3: autoDraw = True
10.2566 	EXP 	polygon_4: autoDraw = True
10.2566 	EXP 	polygon_5: autoDraw = True
10.2566 	EXP 	polygon_6: autoDraw = True
10.2566 	EXP 	polygon_7: autoDraw = True
10.2566 	EXP 	polygon_8: autoDraw = True
10.2566 	EXP 	polygon_9: autoDraw = True
10.2566 	EXP 	polygon_10: autoDraw = True
10.2566 	EXP 	polygon_11: autoDraw = True
10.2566 	EXP 	polygon_12: autoDraw = True
10.2566 	EXP 	polygon_13: autoDraw = True
10.2566 	EXP 	polygon_14: autoDraw = True
10.2566 	EXP 	polygon_15: autoDraw = True
10.2566 	EXP 	polygon_16: autoDraw = True
10.2566 	EXP 	polygon_17: autoDraw = True
10.2566 	EXP 	polygon_18: autoDraw = True
10.2566 	EXP 	polygon_19: autoDraw = True
10.2566 	EXP 	polygon_20: autoDraw = True
10.2566 	EXP 	polygon_21: autoDraw = True
10.2566 	EXP 	polygon_22: autoDraw = True
10.2566 	EXP 	polygon_23: autoDraw = True
10.2566 	EXP 	polygon_24: autoDraw = True
10.2566 	EXP 	polygon_25: autoDraw = True
10.7415 	DATA 	Mouse: Left button down, pos=(1416,523)
10.7735 	EXP 	polygon_18: fillColor = 'black'
10.7735 	EXP 	polygon_18: lineColor = 'black'
10.7735 	EXP 	polygon_18: color = 'black'
10.9088 	DATA 	Mouse:  Left button up, pos=(1416,523)
11.8262 	DATA 	Mouse: Left button down, pos=(2123,1267)
11.8566 	EXP 	polygon_10: fillColor = 'black'
11.8566 	EXP 	polygon_10: lineColor = 'black'
11.8566 	EXP 	polygon_10: color = 'black'
11.9923 	DATA 	Mouse:  Left button up, pos=(2123,1267)
13.0488 	DATA 	Keypress: space
13.0639 	EXP 	New trial (rep=0, index=1): OrderedDict([('Running_Trial_Num', 2), ('trial_length', 2), ('rows', '2, 3'), ('correct_seq', ['polygon_19', 'polygon_2'])])
13.0863 	EXP 	Imported BLS_Trial_List.xlsx as conditions, 2 conditions, 7 params
13.0866 	EXP 	Created sequence: sequential, trialTypes=2, nReps=1, seed=None
13.0868 	EXP 	New trial (rep=0, index=0): OrderedDict([('span', 2), ('trial', 2), ('stimulus', 1), ('square', 2), ('location', [-0.195, 0.39]), ('correct', 19), ('correct_seq', ['polygon_21', 'polygon_8'])])
13.1067 	EXP 	grid: autoDraw = False
13.1067 	EXP 	polygon: autoDraw = False
13.1067 	EXP 	polygon_2: autoDraw = False
13.1067 	EXP 	polygon_3: autoDraw = False
13.1067 	EXP 	polygon_4: autoDraw = False
13.1067 	EXP 	polygon_5: autoDraw = False
13.1067 	EXP 	polygon_6: autoDraw = False
13.1067 	EXP 	polygon_7: autoDraw = False
13.1067 	EXP 	polygon_8: autoDraw = False
13.1067 	EXP 	polygon_9: autoDraw = False
13.1067 	EXP 	polygon_10: autoDraw = False
13.1067 	EXP 	polygon_11: autoDraw = False
13.1067 	EXP 	polygon_12: autoDraw = False
13.1067 	EXP 	polygon_13: autoDraw = False
13.1067 	EXP 	polygon_14: autoDraw = False
13.1067 	EXP 	polygon_15: autoDraw = False
13.1067 	EXP 	polygon_16: autoDraw = False
13.1067 	EXP 	polygon_17: autoDraw = False
13.1067 	EXP 	polygon_18: autoDraw = False
13.1067 	EXP 	polygon_19: autoDraw = False
13.1067 	EXP 	polygon_20: autoDraw = False
13.1067 	EXP 	polygon_21: autoDraw = False
13.1067 	EXP 	polygon_22: autoDraw = False
13.1067 	EXP 	polygon_23: autoDraw = False
13.1067 	EXP 	polygon_24: autoDraw = False
13.1067 	EXP 	polygon_25: autoDraw = False
13.1067 	EXP 	Square: pos = array([-0.195,  0.39 ])
13.1067 	EXP 	Grid: autoDraw = True
13.1067 	EXP 	Square: autoDraw = True
14.5736 	EXP 	New trial (rep=0, index=1): OrderedDict([('span', 2), ('trial', 2), ('stimulus', 2), ('square', 19), ('location', [0.195, -0.195]), ('correct', 2), ('correct_seq', ['polygon_3', 'polygon_7'])])
14.5900 	EXP 	Grid: autoDraw = False
14.5900 	EXP 	Square: autoDraw = False
14.5900 	EXP 	Square: pos = array([ 0.195, -0.195])
14.5900 	EXP 	Grid: autoDraw = True
14.5900 	EXP 	Square: autoDraw = True
16.1066 	EXP 	Grid: autoDraw = False
16.1066 	EXP 	Square: autoDraw = False
16.1066 	EXP 	polygon: fillColor = 'white'
16.1066 	EXP 	polygon: lineColor = 'white'
16.1066 	EXP 	polygon: color = 'white'
16.1066 	EXP 	polygon_2: fillColor = 'white'
16.1066 	EXP 	polygon_2: lineColor = 'white'
16.1066 	EXP 	polygon_2: color = 'white'
16.1066 	EXP 	polygon_3: fillColor = 'white'
16.1066 	EXP 	polygon_3: lineColor = 'white'
16.1066 	EXP 	polygon_3: color = 'white'
16.1066 	EXP 	polygon_4: fillColor = 'white'
16.1066 	EXP 	polygon_4: lineColor = 'white'
16.1066 	EXP 	polygon_4: color = 'white'
16.1066 	EXP 	polygon_5: fillColor = 'white'
16.1066 	EXP 	polygon_5: lineColor = 'white'
16.1066 	EXP 	polygon_5: color = 'white'
16.1066 	EXP 	polygon_6: fillColor = 'white'
16.1066 	EXP 	polygon_6: lineColor = 'white'
16.1066 	EXP 	polygon_6: color = 'white'
16.1066 	EXP 	polygon_7: fillColor = 'white'
16.1066 	EXP 	polygon_7: lineColor = 'white'
16.1066 	EXP 	polygon_7: color = 'white'
16.1066 	EXP 	polygon_8: fillColor = 'white'
16.1066 	EXP 	polygon_8: lineColor = 'white'
16.1066 	EXP 	polygon_8: color = 'white'
16.1066 	EXP 	polygon_9: fillColor = 'white'
16.1066 	EXP 	polygon_9: lineColor = 'white'
16.1066 	EXP 	polygon_9: color = 'white'
16.1066 	EXP 	polygon_10: fillColor = 'white'
16.1066 	EXP 	polygon_10: lineColor = 'white'
16.1066 	EXP 	polygon_10: color = 'white'
16.1066 	EXP 	polygon_11: fillColor = 'white'
16.1066 	EXP 	polygon_11: lineColor = 'white'
16.1066 	EXP 	polygon_11: color = 'white'
16.1066 	EXP 	polygon_12: fillColor = 'white'
16.1066 	EXP 	polygon_12: lineColor = 'white'
16.1066 	EXP 	polygon_12: color = 'white'
16.1066 	EXP 	polygon_13: fillColor = 'white'
16.1066 	EXP 	polygon_13: lineColor = 'white'
16.1066 	EXP 	polygon_13: color = 'white'
16.1066 	EXP 	polygon_14: fillColor = 'white'
16.1066 	EXP 	polygon_14: lineColor = 'white'
16.1066 	EXP 	polygon_14: color = 'white'
16.1066 	EXP 	polygon_15: fillColor = 'white'
16.1066 	EXP 	polygon_15: lineColor = 'white'
16.1066 	EXP 	polygon_15: color = 'white'
16.1066 	EXP 	polygon_16: fillColor = 'white'
16.1066 	EXP 	polygon_16: lineColor = 'white'
16.1066 	EXP 	polygon_16: color = 'white'
16.1066 	EXP 	polygon_17: fillColor = 'white'
16.1066 	EXP 	polygon_17: lineColor = 'white'
16.1066 	EXP 	polygon_17: color = 'white'
16.1066 	EXP 	polygon_18: fillColor = 'white'
16.1066 	EXP 	polygon_18: lineColor = 'white'
16.1066 	EXP 	polygon_18: color = 'white'
16.1066 	EXP 	polygon_19: fillColor = 'white'
16.1066 	EXP 	polygon_19: lineColor = 'white'
16.1066 	EXP 	polygon_19: color = 'white'
16.1066 	EXP 	polygon_20: fillColor = 'white'
16.1066 	EXP 	polygon_20: lineColor = 'white'
16.1066 	EXP 	polygon_20: color = 'white'
16.1066 	EXP 	polygon_21: fillColor = 'white'
16.1066 	EXP 	polygon_21: lineColor = 'white'
16.1066 	EXP 	polygon_21: color = 'white'
16.1066 	EXP 	polygon_22: fillColor = 'white'
16.1066 	EXP 	polygon_22: lineColor = 'white'
16.1066 	EXP 	polygon_22: color = 'white'
16.1066 	EXP 	polygon_23: fillColor = 'white'
16.1066 	EXP 	polygon_23: lineColor = 'white'
16.1066 	EXP 	polygon_23: color = 'white'
16.1066 	EXP 	polygon_24: fillColor = 'white'
16.1066 	EXP 	polygon_24: lineColor = 'white'
16.1066 	EXP 	polygon_24: color = 'white'
16.1066 	EXP 	polygon_25: fillColor = 'white'
16.1066 	EXP 	polygon_25: lineColor = 'white'
16.1066 	EXP 	polygon_25: color = 'white'
16.1066 	EXP 	grid: autoDraw = True
16.1066 	EXP 	polygon: autoDraw = True
16.1066 	EXP 	polygon_2: autoDraw = True
16.1066 	EXP 	polygon_3: autoDraw = True
16.1066 	EXP 	polygon_4: autoDraw = True
16.1066 	EXP 	polygon_5: autoDraw = True
16.1066 	EXP 	polygon_6: autoDraw = True
16.1066 	EXP 	polygon_7: autoDraw = True
16.1066 	EXP 	polygon_8: autoDraw = True
16.1066 	EXP 	polygon_9: autoDraw = True
16.1066 	EXP 	polygon_10: autoDraw = True
16.1066 	EXP 	polygon_11: autoDraw = True
16.1066 	EXP 	polygon_12: autoDraw = True
16.1066 	EXP 	polygon_13: autoDraw = True
16.1066 	EXP 	polygon_14: autoDraw = True
16.1066 	EXP 	polygon_15: autoDraw = True
16.1066 	EXP 	polygon_16: autoDraw = True
16.1066 	EXP 	polygon_17: autoDraw = True
16.1066 	EXP 	polygon_18: autoDraw = True
16.1066 	EXP 	polygon_19: autoDraw = True
16.1066 	EXP 	polygon_20: autoDraw = True
16.1066 	EXP 	polygon_21: autoDraw = True
16.1066 	EXP 	polygon_22: autoDraw = True
16.1066 	EXP 	polygon_23: autoDraw = True
16.1066 	EXP 	polygon_24: autoDraw = True
16.1066 	EXP 	polygon_25: autoDraw = True
16.5113 	DATA 	Mouse: Left button down, pos=(1837,562)
16.5733 	EXP 	polygon_19: fillColor = 'black'
16.5733 	EXP 	polygon_19: lineColor = 'black'
16.5733 	EXP 	polygon_19: color = 'black'
16.6499 	DATA 	Mouse:  Left button up, pos=(1837,562)
17.4922 	DATA 	Mouse: Left button down, pos=(1125,1529)
17.5231 	EXP 	polygon_2: fillColor = 'black'
17.5231 	EXP 	polygon_2: lineColor = 'black'
17.5231 	EXP 	polygon_2: color = 'black'
17.5921 	DATA 	Mouse:  Left button up, pos=(1125,1529)
18.4971 	DATA 	Keypress: space
18.5570 	EXP 	grid: autoDraw = False
18.5570 	EXP 	polygon: autoDraw = False
18.5570 	EXP 	polygon_2: autoDraw = False
18.5570 	EXP 	polygon_3: autoDraw = False
18.5570 	EXP 	polygon_4: autoDraw = False
18.5570 	EXP 	polygon_5: autoDraw = False
18.5570 	EXP 	polygon_6: autoDraw = False
18.5570 	EXP 	polygon_7: autoDraw = False
18.5570 	EXP 	polygon_8: autoDraw = False
18.5570 	EXP 	polygon_9: autoDraw = False
18.5570 	EXP 	polygon_10: autoDraw = False
18.5570 	EXP 	polygon_11: autoDraw = False
18.5570 	EXP 	polygon_12: autoDraw = False
18.5570 	EXP 	polygon_13: autoDraw = False
18.5570 	EXP 	polygon_14: autoDraw = False
18.5570 	EXP 	polygon_15: autoDraw = False
18.5570 	EXP 	polygon_16: autoDraw = False
18.5570 	EXP 	polygon_17: autoDraw = False
18.5570 	EXP 	polygon_18: autoDraw = False
18.5570 	EXP 	polygon_19: autoDraw = False
18.5570 	EXP 	polygon_20: autoDraw = False
18.5570 	EXP 	polygon_21: autoDraw = False
18.5570 	EXP 	polygon_22: autoDraw = False
18.5570 	EXP 	polygon_23: autoDraw = False
18.5570 	EXP 	polygon_24: autoDraw = False
18.5570 	EXP 	polygon_25: autoDraw = False
18.5570 	EXP 	thx_txt: autoDraw = True
20.3447 	DATA 	Keypress: space
20.3737 	EXP 	thx_txt: autoDraw = False
20.4632 	EXP 	window1: mouseVisible = True
