10.3363 	WARNING 	User requested fullscreen with size [1440  900], but screen is actually [2880, 1800]. Using actual size
11.2964 	EXP 	Created window1 = Window(allowGUI=False, allowStencil=False, args=UNKNOWN, autoLog=True, bitsMode=UNKNOWN, blendMode='avg', color=array([0., 0., 0.]), colorSpace='hsv', fullscr=<method-wrapper '__getattribute__' of attributeSetter object at 0x000002D07B2D4FD0>, gamma=None, gammaErrorPolicy='raise', kwargs=UNKNOWN, lms=UNKNOWN, monitor=<psychopy.monitors.calibTools.Monitor object at 0x000002D07C3EC198>, multiSample=False, name='window1', numSamples=2, pos=[0.0, 0.0], screen=0, size=array([2880, 1800]), stereo=False, units='height', useFBO=True, useRetina=False, viewOri=0.0, viewPos=None, viewScale=None, waitBlanking=True, winType='pyglet')
11.2965 	EXP 	window1: recordFrameIntervals = False
11.4626 	EXP 	window1: recordFrameIntervals = True
11.6460 	EXP 	window1: recordFrameIntervals = False
11.9065 	EXP 	Created instr_text = TextStim(__class__=<class 'psychopy.visual.text.TextStim'>, alignHoriz='center', alignVert='center', antialias=True, autoLog=True, bold=False, color='white', colorSpace='named', contrast=1.0, depth=0.0, flipHoriz=False, flipVert=False, font='Arial', fontFiles=[], height=0.05, italic=False, languageStyle='LTR', name='instr_text', opacity=1.0, ori=0, pos=array([0., 0.]), rgb=array([255., 255., 255.]), text='default text', units='height', win=Window(...), wrapWidth=1)
11.9099 	EXP 	Created cont_text = TextStim(__class__=<class 'psychopy.visual.text.TextStim'>, alignHoriz='center', alignVert='center', antialias=True, autoLog=True, bold=False, color='white', colorSpace='named', contrast=1.0, depth=-1.0, flipHoriz=False, flipVert=False, font='Arial', fontFiles=[], height=0.05, italic=False, languageStyle='LTR', name='cont_text', opacity=1.0, ori=0, pos=array([ 0. , -0.4]), rgb=array([255., 255., 255.]), text='default text', units='height', win=Window(...), wrapWidth=1)
12.0082 	EXP 	Created Grid = ImageStim(__class__=<class 'psychopy.visual.image.ImageStim'>, autoLog=True, color=array([1., 1., 1.]), colorSpace='rgb', contrast=1.0, depth=0.0, flipHoriz=False, flipVert=False, image='Blank Grid.jpg', interpolate=True, mask=None, maskParams=None, name='Grid', opacity=1.0, ori=0.0, pos=array([0., 0.]), size=array([1., 1.]), texRes=128, units='height', win=Window(...))
12.0108 	EXP 	Created Square = Rect(__class__=<class 'psychopy.visual.rect.Rect'>, autoDraw=False, autoLog=True, closeShape=True, color=method-wrapper(...), colorSpace=None, contrast=1.0, depth=-1.0, fillColor=array([255.,   0.,   0.]), fillColorSpace='rgb255', fillRGB=array([255.,   0.,   0.]), interpolate=True, lineColor=array([255.,   0.,   0.]), lineColorSpace='rgb', lineRGB=array([255.,   0.,   0.]), lineWidth=1, name='Square', opacity=1.0, ori=array(0.), pos=array([0., 0.]), size=array([1., 1.]), units='height', vertices=ndarray(...), win=Window(...))
12.1075 	EXP 	Created grid = ImageStim(__class__=<class 'psychopy.visual.image.ImageStim'>, autoLog=True, color=array([1., 1., 1.]), colorSpace='rgb', contrast=1.0, depth=0.0, flipHoriz=False, flipVert=False, image='Blank Grid.jpg', interpolate=True, mask=None, maskParams=None, name='grid', opacity=1.0, ori=0.0, pos=array([0., 0.]), size=array([1., 1.]), texRes=128, units='height', win=Window(...))
12.1083 	EXP 	Created polygon = Rect(__class__=<class 'psychopy.visual.rect.Rect'>, autoDraw=False, autoLog=True, closeShape=True, color=method-wrapper(...), colorSpace=None, contrast=1.0, depth=-2.0, fillColor='white', fillColorSpace='named', fillRGB=array([255., 255., 255.]), interpolate=True, lineColor='white', lineColorSpace='named', lineRGB=array([255., 255., 255.]), lineWidth=1, name='polygon', opacity=1.0, ori=array(0.), pos=array([-0.386 ,  0.3875]), size=array([1., 1.]), units='height', vertices=ndarray(...), win=Window(...))
12.1090 	EXP 	Created polygon_2 = Rect(__class__=<class 'psychopy.visual.rect.Rect'>, autoDraw=False, autoLog=True, closeShape=True, color=method-wrapper(...), colorSpace=None, contrast=1.0, depth=-3.0, fillColor='white', fillColorSpace='named', fillRGB=array([255., 255., 255.]), interpolate=True, lineColor='white', lineColorSpace='named', lineRGB=array([255., 255., 255.]), lineWidth=1, name='polygon_2', opacity=1.0, ori=array(0.), pos=array([-0.193 ,  0.3875]), size=array([1., 1.]), units='height', vertices=ndarray(...), win=Window(...))
12.1098 	EXP 	Created polygon_3 = Rect(__class__=<class 'psychopy.visual.rect.Rect'>, autoDraw=False, autoLog=True, closeShape=True, color=method-wrapper(...), colorSpace=None, contrast=1.0, depth=-4.0, fillColor='white', fillColorSpace='named', fillRGB=array([255., 255., 255.]), interpolate=True, lineColor='white', lineColorSpace='named', lineRGB=array([255., 255., 255.]), lineWidth=1, name='polygon_3', opacity=1.0, ori=array(0.), pos=array([0.    , 0.3875]), size=array([1., 1.]), units='height', vertices=ndarray(...), win=Window(...))
12.1105 	EXP 	Created polygon_4 = Rect(__class__=<class 'psychopy.visual.rect.Rect'>, autoDraw=False, autoLog=True, closeShape=True, color=method-wrapper(...), colorSpace=None, contrast=1.0, depth=-5.0, fillColor='white', fillColorSpace='named', fillRGB=array([255., 255., 255.]), interpolate=True, lineColor='white', lineColorSpace='named', lineRGB=array([255., 255., 255.]), lineWidth=1, name='polygon_4', opacity=1.0, ori=array(0.), pos=array([0.193 , 0.3875]), size=array([1., 1.]), units='height', vertices=ndarray(...), win=Window(...))
12.1112 	EXP 	Created polygon_5 = Rect(__class__=<class 'psychopy.visual.rect.Rect'>, autoDraw=False, autoLog=True, closeShape=True, color=method-wrapper(...), colorSpace=None, contrast=1.0, depth=-6.0, fillColor='white', fillColorSpace='named', fillRGB=array([255., 255., 255.]), interpolate=True, lineColor='white', lineColorSpace='named', lineRGB=array([255., 255., 255.]), lineWidth=1, name='polygon_5', opacity=1.0, ori=array(0.), pos=array([0.386 , 0.3875]), size=array([1., 1.]), units='height', vertices=ndarray(...), win=Window(...))
12.1119 	EXP 	Created polygon_6 = Rect(__class__=<class 'psychopy.visual.rect.Rect'>, autoDraw=False, autoLog=True, closeShape=True, color=method-wrapper(...), colorSpace=None, contrast=1.0, depth=-7.0, fillColor='white', fillColorSpace='named', fillRGB=array([255., 255., 255.]), interpolate=True, lineColor='white', lineColorSpace='named', lineRGB=array([255., 255., 255.]), lineWidth=1, name='polygon_6', opacity=1.0, ori=array(0.), pos=array([-0.386  ,  0.19415]), size=array([1., 1.]), units='height', vertices=ndarray(...), win=Window(...))
12.1126 	EXP 	Created polygon_7 = Rect(__class__=<class 'psychopy.visual.rect.Rect'>, autoDraw=False, autoLog=True, closeShape=True, color=method-wrapper(...), colorSpace=None, contrast=1.0, depth=-8.0, fillColor='white', fillColorSpace='named', fillRGB=array([255., 255., 255.]), interpolate=True, lineColor='white', lineColorSpace='named', lineRGB=array([255., 255., 255.]), lineWidth=1, name='polygon_7', opacity=1.0, ori=array(0.), pos=array([-0.193  ,  0.19415]), size=array([1., 1.]), units='height', vertices=ndarray(...), win=Window(...))
12.1133 	EXP 	Created polygon_8 = Rect(__class__=<class 'psychopy.visual.rect.Rect'>, autoDraw=False, autoLog=True, closeShape=True, color=method-wrapper(...), colorSpace=None, contrast=1.0, depth=-9.0, fillColor='white', fillColorSpace='named', fillRGB=array([255., 255., 255.]), interpolate=True, lineColor='white', lineColorSpace='named', lineRGB=array([255., 255., 255.]), lineWidth=1, name='polygon_8', opacity=1.0, ori=array(0.), pos=array([0.     , 0.19415]), size=array([1., 1.]), units='height', vertices=ndarray(...), win=Window(...))
12.1140 	EXP 	Created polygon_9 = Rect(__class__=<class 'psychopy.visual.rect.Rect'>, autoDraw=False, autoLog=True, closeShape=True, color=method-wrapper(...), colorSpace=None, contrast=1.0, depth=-10.0, fillColor='white', fillColorSpace='named', fillRGB=array([255., 255., 255.]), interpolate=True, lineColor='white', lineColorSpace='named', lineRGB=array([255., 255., 255.]), lineWidth=1, name='polygon_9', opacity=1.0, ori=array(0.), pos=array([0.193  , 0.19415]), size=array([1., 1.]), units='height', vertices=ndarray(...), win=Window(...))
12.1147 	EXP 	Created polygon_10 = Rect(__class__=<class 'psychopy.visual.rect.Rect'>, autoDraw=False, autoLog=True, closeShape=True, color=method-wrapper(...), colorSpace=None, contrast=1.0, depth=-11.0, fillColor='white', fillColorSpace='named', fillRGB=array([255., 255., 255.]), interpolate=True, lineColor='white', lineColorSpace='named', lineRGB=array([255., 255., 255.]), lineWidth=1, name='polygon_10', opacity=1.0, ori=array(0.), pos=array([0.386  , 0.19415]), size=array([1., 1.]), units='height', vertices=ndarray(...), win=Window(...))
12.1154 	EXP 	Created polygon_11 = Rect(__class__=<class 'psychopy.visual.rect.Rect'>, autoDraw=False, autoLog=True, closeShape=True, color=method-wrapper(...), colorSpace=None, contrast=1.0, depth=-12.0, fillColor='white', fillColorSpace='named', fillRGB=array([255., 255., 255.]), interpolate=True, lineColor='white', lineColorSpace='named', lineRGB=array([255., 255., 255.]), lineWidth=1, name='polygon_11', opacity=1.0, ori=array(0.), pos=array([-0.386,  0.   ]), size=array([1., 1.]), units='height', vertices=ndarray(...), win=Window(...))
12.1161 	EXP 	Created polygon_12 = Rect(__class__=<class 'psychopy.visual.rect.Rect'>, autoDraw=False, autoLog=True, closeShape=True, color=method-wrapper(...), colorSpace=None, contrast=1.0, depth=-13.0, fillColor='white', fillColorSpace='named', fillRGB=array([255., 255., 255.]), interpolate=True, lineColor='white', lineColorSpace='named', lineRGB=array([255., 255., 255.]), lineWidth=1, name='polygon_12', opacity=1.0, ori=array(0.), pos=array([-0.193,  0.   ]), size=array([1., 1.]), units='height', vertices=ndarray(...), win=Window(...))
12.1168 	EXP 	Created polygon_13 = Rect(__class__=<class 'psychopy.visual.rect.Rect'>, autoDraw=False, autoLog=True, closeShape=True, color=method-wrapper(...), colorSpace=None, contrast=1.0, depth=-14.0, fillColor='white', fillColorSpace='named', fillRGB=array([255., 255., 255.]), interpolate=True, lineColor='white', lineColorSpace='named', lineRGB=array([255., 255., 255.]), lineWidth=1, name='polygon_13', opacity=1.0, ori=array(0.), pos=array([0., 0.]), size=array([1., 1.]), units='height', vertices=ndarray(...), win=Window(...))
12.1175 	EXP 	Created polygon_14 = Rect(__class__=<class 'psychopy.visual.rect.Rect'>, autoDraw=False, autoLog=True, closeShape=True, color=method-wrapper(...), colorSpace=None, contrast=1.0, depth=-15.0, fillColor='white', fillColorSpace='named', fillRGB=array([255., 255., 255.]), interpolate=True, lineColor='white', lineColorSpace='named', lineRGB=array([255., 255., 255.]), lineWidth=1, name='polygon_14', opacity=1.0, ori=array(0.), pos=array([0.193, 0.   ]), size=array([1., 1.]), units='height', vertices=ndarray(...), win=Window(...))
12.1182 	EXP 	Created polygon_15 = Rect(__class__=<class 'psychopy.visual.rect.Rect'>, autoDraw=False, autoLog=True, closeShape=True, color=method-wrapper(...), colorSpace=None, contrast=1.0, depth=-16.0, fillColor='white', fillColorSpace='named', fillRGB=array([255., 255., 255.]), interpolate=True, lineColor='white', lineColorSpace='named', lineRGB=array([255., 255., 255.]), lineWidth=1, name='polygon_15', opacity=1.0, ori=array(0.), pos=array([0.386, 0.   ]), size=array([1., 1.]), units='height', vertices=ndarray(...), win=Window(...))
12.1189 	EXP 	Created polygon_16 = Rect(__class__=<class 'psychopy.visual.rect.Rect'>, autoDraw=False, autoLog=True, closeShape=True, color=method-wrapper(...), colorSpace=None, contrast=1.0, depth=-17.0, fillColor='white', fillColorSpace='named', fillRGB=array([255., 255., 255.]), interpolate=True, lineColor='white', lineColorSpace='named', lineRGB=array([255., 255., 255.]), lineWidth=1, name='polygon_16', opacity=1.0, ori=array(0.), pos=array([-0.386  , -0.19415]), size=array([1., 1.]), units='height', vertices=ndarray(...), win=Window(...))
12.1196 	EXP 	Created polygon_17 = Rect(__class__=<class 'psychopy.visual.rect.Rect'>, autoDraw=False, autoLog=True, closeShape=True, color=method-wrapper(...), colorSpace=None, contrast=1.0, depth=-18.0, fillColor='white', fillColorSpace='named', fillRGB=array([255., 255., 255.]), interpolate=True, lineColor='white', lineColorSpace='named', lineRGB=array([255., 255., 255.]), lineWidth=1, name='polygon_17', opacity=1.0, ori=array(0.), pos=array([-0.193  , -0.19415]), size=array([1., 1.]), units='height', vertices=ndarray(...), win=Window(...))
12.1203 	EXP 	Created polygon_18 = Rect(__class__=<class 'psychopy.visual.rect.Rect'>, autoDraw=False, autoLog=True, closeShape=True, color=method-wrapper(...), colorSpace=None, contrast=1.0, depth=-19.0, fillColor='white', fillColorSpace='named', fillRGB=array([255., 255., 255.]), interpolate=True, lineColor='white', lineColorSpace='named', lineRGB=array([255., 255., 255.]), lineWidth=1, name='polygon_18', opacity=1.0, ori=array(0.), pos=array([ 0.     , -0.19415]), size=array([1., 1.]), units='height', vertices=ndarray(...), win=Window(...))
12.1210 	EXP 	Created polygon_19 = Rect(__class__=<class 'psychopy.visual.rect.Rect'>, autoDraw=False, autoLog=True, closeShape=True, color=method-wrapper(...), colorSpace=None, contrast=1.0, depth=-20.0, fillColor='white', fillColorSpace='named', fillRGB=array([255., 255., 255.]), interpolate=True, lineColor='white', lineColorSpace='named', lineRGB=array([255., 255., 255.]), lineWidth=1, name='polygon_19', opacity=1.0, ori=array(0.), pos=array([ 0.193  , -0.19415]), size=array([1., 1.]), units='height', vertices=ndarray(...), win=Window(...))
12.1217 	EXP 	Created polygon_20 = Rect(__class__=<class 'psychopy.visual.rect.Rect'>, autoDraw=False, autoLog=True, closeShape=True, color=method-wrapper(...), colorSpace=None, contrast=1.0, depth=-21.0, fillColor='white', fillColorSpace='named', fillRGB=array([255., 255., 255.]), interpolate=True, lineColor='white', lineColorSpace='named', lineRGB=array([255., 255., 255.]), lineWidth=1, name='polygon_20', opacity=1.0, ori=array(0.), pos=array([ 0.386  , -0.19415]), size=array([1., 1.]), units='height', vertices=ndarray(...), win=Window(...))
12.1224 	EXP 	Created polygon_21 = Rect(__class__=<class 'psychopy.visual.rect.Rect'>, autoDraw=False, autoLog=True, closeShape=True, color=method-wrapper(...), colorSpace=None, contrast=1.0, depth=-22.0, fillColor='white', fillColorSpace='named', fillRGB=array([255., 255., 255.]), interpolate=True, lineColor='white', lineColorSpace='named', lineRGB=array([255., 255., 255.]), lineWidth=1, name='polygon_21', opacity=1.0, ori=array(0.), pos=array([-0.386 , -0.3875]), size=array([1., 1.]), units='height', vertices=ndarray(...), win=Window(...))
12.1231 	EXP 	Created polygon_22 = Rect(__class__=<class 'psychopy.visual.rect.Rect'>, autoDraw=False, autoLog=True, closeShape=True, color=method-wrapper(...), colorSpace=None, contrast=1.0, depth=-23.0, fillColor='white', fillColorSpace='named', fillRGB=array([255., 255., 255.]), interpolate=True, lineColor='white', lineColorSpace='named', lineRGB=array([255., 255., 255.]), lineWidth=1, name='polygon_22', opacity=1.0, ori=array(0.), pos=array([-0.193 , -0.3875]), size=array([1., 1.]), units='height', vertices=ndarray(...), win=Window(...))
12.1238 	EXP 	Created polygon_23 = Rect(__class__=<class 'psychopy.visual.rect.Rect'>, autoDraw=False, autoLog=True, closeShape=True, color=method-wrapper(...), colorSpace=None, contrast=1.0, depth=-24.0, fillColor='white', fillColorSpace='named', fillRGB=array([255., 255., 255.]), interpolate=True, lineColor='white', lineColorSpace='named', lineRGB=array([255., 255., 255.]), lineWidth=1, name='polygon_23', opacity=1.0, ori=array(0.), pos=array([ 0.    , -0.3875]), size=array([1., 1.]), units='height', vertices=ndarray(...), win=Window(...))
12.1245 	EXP 	Created polygon_24 = Rect(__class__=<class 'psychopy.visual.rect.Rect'>, autoDraw=False, autoLog=True, closeShape=True, color=method-wrapper(...), colorSpace=None, contrast=1.0, depth=-25.0, fillColor='white', fillColorSpace='named', fillRGB=array([255., 255., 255.]), interpolate=True, lineColor='white', lineColorSpace='named', lineRGB=array([255., 255., 255.]), lineWidth=1, name='polygon_24', opacity=1.0, ori=array(0.), pos=array([ 0.193 , -0.3875]), size=array([1., 1.]), units='height', vertices=ndarray(...), win=Window(...))
12.1252 	EXP 	Created polygon_25 = Rect(__class__=<class 'psychopy.visual.rect.Rect'>, autoDraw=False, autoLog=True, closeShape=True, color=method-wrapper(...), colorSpace=None, contrast=1.0, depth=-26.0, fillColor='white', fillColorSpace='named', fillRGB=array([255., 255., 255.]), interpolate=True, lineColor='white', lineColorSpace='named', lineRGB=array([255., 255., 255.]), lineWidth=1, name='polygon_25', opacity=1.0, ori=array(0.), pos=array([ 0.386 , -0.3875]), size=array([1., 1.]), units='height', vertices=ndarray(...), win=Window(...))
12.1421 	EXP 	Created resp_cue = TextStim(__class__=<class 'psychopy.visual.text.TextStim'>, alignHoriz='center', alignVert='center', antialias=True, autoLog=True, bold=False, color='white', colorSpace='named', contrast=1.0, depth=-29.0, flipHoriz=False, flipVert=False, font='Arial', fontFiles=[], height=0.05, italic=False, languageStyle='LTR', name='resp_cue', opacity=1.0, ori=0, pos=array([0.6, 0.4]), rgb=array([255., 255., 255.]), text='SPACE\nTo\nSubmit', units='height', win=Window(...), wrapWidth=1)
12.1455 	EXP 	Created rdy_txt = TextStim(__class__=<class 'psychopy.visual.text.TextStim'>, alignHoriz='center', alignVert='center', antialias=True, autoLog=True, bold=False, color='white', colorSpace='named', contrast=1.0, depth=0.0, flipHoriz=False, flipVert=False, font='Arial', fontFiles=[], height=0.05, italic=False, languageStyle='LTR', name='rdy_txt', opacity=1.0, ori=0, pos=array([0., 0.]), rgb=array([255., 255., 255.]), text='default text', units='height', win=Window(...), wrapWidth=1)
12.1779 	EXP 	Created thx_text = TextStim(__class__=<class 'psychopy.visual.text.TextStim'>, alignHoriz='center', alignVert='center', antialias=True, autoLog=True, bold=False, color='white', colorSpace='named', contrast=1.0, depth=0.0, flipHoriz=False, flipVert=False, font='Arial', fontFiles=[], height=0.05, italic=False, languageStyle='LTR', name='thx_text', opacity=1.0, ori=0, pos=array([0., 0.]), rgb=array([255., 255., 255.]), text=str(...), units='height', win=Window(...), wrapWidth=1)
12.2045 	EXP 	Imported BLS_Instructions.xlsx as conditions, 5 conditions, 3 params
12.2047 	EXP 	Created sequence: sequential, trialTypes=5, nReps=1, seed=None
12.2050 	EXP 	New trial (rep=0, index=0): OrderedDict([('index', 0), ('instr_txt', 'On this task, you will see a grid and some squares.\n\nSquares will appear on the grid one-by-one.\n\nRemember WHERE the squares appear.'), ('cont_txt', 'Press SPACE for more instructions.')])
12.3125 	EXP 	instr_text: text = 'On this task, you will see a grid and some squares.\n\nSquares will appear on the grid one-by-one.\n\nRemember WHERE the squares appear.'
12.3125 	EXP 	cont_text: text = 'Press SPACE for more instructions.'
12.3125 	EXP 	instr_text: autoDraw = True
12.3125 	EXP 	cont_text: autoDraw = True
13.5514 	DATA 	Keypress: space
13.5666 	EXP 	New trial (rep=0, index=1): OrderedDict([('index', 1), ('instr_txt', 'When you have seen all the squares,\n\nClick where you saw the squares \n\nIn REVERSE ORDER. '), ('cont_txt', 'Press SPACE for more instructions.')])
13.6127 	EXP 	instr_text: autoDraw = False
13.6127 	EXP 	cont_text: autoDraw = False
13.6127 	EXP 	instr_text: text = 'When you have seen all the squares,\n\nClick where you saw the squares \n\nIn REVERSE ORDER. '
13.6127 	EXP 	cont_text: text = 'Press SPACE for more instructions.'
13.6127 	EXP 	instr_text: autoDraw = True
13.6127 	EXP 	cont_text: autoDraw = True
13.8005 	EXP 	New trial (rep=0, index=2): OrderedDict([('index', 2), ('instr_txt', 'So, if there are 2 squares…\n\nClick the second box, then the first box.'), ('cont_txt', 'Press SPACE for more instructions.')])
13.8376 	DATA 	Keypress: space
13.8460 	EXP 	instr_text: autoDraw = False
13.8460 	EXP 	cont_text: autoDraw = False
13.8460 	EXP 	instr_text: text = 'So, if there are 2 squares…\n\nClick the second box, then the first box.'
13.8460 	EXP 	cont_text: text = 'Press SPACE for more instructions.'
13.8460 	EXP 	instr_text: autoDraw = True
13.8460 	EXP 	cont_text: autoDraw = True
13.9341 	DATA 	Keypress: space
13.9507 	EXP 	New trial (rep=0, index=3): OrderedDict([('index', 3), ('instr_txt', 'Again, click the squares in reverse order.\n\nThen press SPACE to submit your answer.'), ('cont_txt', 'Press SPACE for more instructions.')])
13.9960 	EXP 	instr_text: autoDraw = False
13.9960 	EXP 	cont_text: autoDraw = False
13.9960 	EXP 	instr_text: text = 'Again, click the squares in reverse order.\n\nThen press SPACE to submit your answer.'
13.9960 	EXP 	cont_text: text = 'Press SPACE for more instructions.'
13.9960 	EXP 	instr_text: autoDraw = True
13.9960 	EXP 	cont_text: autoDraw = True
14.3003 	EXP 	New trial (rep=0, index=4): OrderedDict([('index', 4), ('instr_txt', 'These first trials will have 2 squares each.'), ('cont_txt', 'Press SPACE to begin.')])
14.3300 	DATA 	Keypress: space
14.3460 	EXP 	instr_text: autoDraw = False
14.3460 	EXP 	cont_text: autoDraw = False
14.3460 	EXP 	instr_text: text = 'These first trials will have 2 squares each.'
14.3460 	EXP 	cont_text: text = 'Press SPACE to begin.'
14.3460 	EXP 	instr_text: autoDraw = True
14.3460 	EXP 	cont_text: autoDraw = True
14.5669 	DATA 	Keypress: space
14.5925 	EXP 	Imported BLS_Trials.xlsx as conditions, 32 conditions, 5 params
14.5928 	EXP 	Created sequence: sequential, trialTypes=32, nReps=1, seed=None
14.5931 	EXP 	New trial (rep=0, index=0): OrderedDict([('Running_Trial_Num', 1), ('trial_length', 2), ('rows', '0, 1'), ('correct_seq', ['polygon_18', 'polygon_10']), ('rdy_msg', 'Press SPACE to begin the next trial.')])
14.6147 	EXP 	Imported BLS_Stimuli.xlsx as conditions, 2 conditions, 6 params
14.6149 	EXP 	Created sequence: sequential, trialTypes=2, nReps=1, seed=None
14.6152 	EXP 	New trial (rep=0, index=0): OrderedDict([('span', 2), ('trial', 1), ('stimulus', 1), ('square', 10), ('location', [0.39, 0.195]), ('correct', 18)])
14.6458 	EXP 	instr_text: autoDraw = False
14.6458 	EXP 	cont_text: autoDraw = False
14.6458 	EXP 	Square: pos = array([0.39 , 0.195])
14.6458 	EXP 	Grid: autoDraw = True
14.6458 	EXP 	Square: autoDraw = True
16.0959 	EXP 	New trial (rep=0, index=1): OrderedDict([('span', 2), ('trial', 1), ('stimulus', 2), ('square', 18), ('location', [0, -0.195]), ('correct', 10)])
16.1122 	EXP 	Grid: autoDraw = False
16.1122 	EXP 	Square: autoDraw = False
16.1122 	EXP 	Square: pos = array([ 0.   , -0.195])
16.1122 	EXP 	Grid: autoDraw = True
16.1122 	EXP 	Square: autoDraw = True
17.6292 	EXP 	Grid: autoDraw = False
17.6292 	EXP 	Square: autoDraw = False
17.6292 	EXP 	polygon: fillColor = 'white'
17.6292 	EXP 	polygon: lineColor = 'white'
17.6292 	EXP 	polygon: color = 'white'
17.6292 	EXP 	polygon_2: fillColor = 'white'
17.6292 	EXP 	polygon_2: lineColor = 'white'
17.6292 	EXP 	polygon_2: color = 'white'
17.6292 	EXP 	polygon_3: fillColor = 'white'
17.6292 	EXP 	polygon_3: lineColor = 'white'
17.6292 	EXP 	polygon_3: color = 'white'
17.6292 	EXP 	polygon_4: fillColor = 'white'
17.6292 	EXP 	polygon_4: lineColor = 'white'
17.6292 	EXP 	polygon_4: color = 'white'
17.6292 	EXP 	polygon_5: fillColor = 'white'
17.6292 	EXP 	polygon_5: lineColor = 'white'
17.6292 	EXP 	polygon_5: color = 'white'
17.6292 	EXP 	polygon_6: fillColor = 'white'
17.6292 	EXP 	polygon_6: lineColor = 'white'
17.6292 	EXP 	polygon_6: color = 'white'
17.6292 	EXP 	polygon_7: fillColor = 'white'
17.6292 	EXP 	polygon_7: lineColor = 'white'
17.6292 	EXP 	polygon_7: color = 'white'
17.6292 	EXP 	polygon_8: fillColor = 'white'
17.6292 	EXP 	polygon_8: lineColor = 'white'
17.6292 	EXP 	polygon_8: color = 'white'
17.6292 	EXP 	polygon_9: fillColor = 'white'
17.6292 	EXP 	polygon_9: lineColor = 'white'
17.6292 	EXP 	polygon_9: color = 'white'
17.6292 	EXP 	polygon_10: fillColor = 'white'
17.6292 	EXP 	polygon_10: lineColor = 'white'
17.6292 	EXP 	polygon_10: color = 'white'
17.6292 	EXP 	polygon_11: fillColor = 'white'
17.6292 	EXP 	polygon_11: lineColor = 'white'
17.6292 	EXP 	polygon_11: color = 'white'
17.6292 	EXP 	polygon_12: fillColor = 'white'
17.6292 	EXP 	polygon_12: lineColor = 'white'
17.6292 	EXP 	polygon_12: color = 'white'
17.6292 	EXP 	polygon_13: fillColor = 'white'
17.6292 	EXP 	polygon_13: lineColor = 'white'
17.6292 	EXP 	polygon_13: color = 'white'
17.6292 	EXP 	polygon_14: fillColor = 'white'
17.6292 	EXP 	polygon_14: lineColor = 'white'
17.6292 	EXP 	polygon_14: color = 'white'
17.6292 	EXP 	polygon_15: fillColor = 'white'
17.6292 	EXP 	polygon_15: lineColor = 'white'
17.6292 	EXP 	polygon_15: color = 'white'
17.6292 	EXP 	polygon_16: fillColor = 'white'
17.6292 	EXP 	polygon_16: lineColor = 'white'
17.6292 	EXP 	polygon_16: color = 'white'
17.6292 	EXP 	polygon_17: fillColor = 'white'
17.6292 	EXP 	polygon_17: lineColor = 'white'
17.6292 	EXP 	polygon_17: color = 'white'
17.6292 	EXP 	polygon_18: fillColor = 'white'
17.6292 	EXP 	polygon_18: lineColor = 'white'
17.6292 	EXP 	polygon_18: color = 'white'
17.6292 	EXP 	polygon_19: fillColor = 'white'
17.6292 	EXP 	polygon_19: lineColor = 'white'
17.6292 	EXP 	polygon_19: color = 'white'
17.6292 	EXP 	polygon_20: fillColor = 'white'
17.6292 	EXP 	polygon_20: lineColor = 'white'
17.6292 	EXP 	polygon_20: color = 'white'
17.6292 	EXP 	polygon_21: fillColor = 'white'
17.6292 	EXP 	polygon_21: lineColor = 'white'
17.6292 	EXP 	polygon_21: color = 'white'
17.6292 	EXP 	polygon_22: fillColor = 'white'
17.6292 	EXP 	polygon_22: lineColor = 'white'
17.6292 	EXP 	polygon_22: color = 'white'
17.6292 	EXP 	polygon_23: fillColor = 'white'
17.6292 	EXP 	polygon_23: lineColor = 'white'
17.6292 	EXP 	polygon_23: color = 'white'
17.6292 	EXP 	polygon_24: fillColor = 'white'
17.6292 	EXP 	polygon_24: lineColor = 'white'
17.6292 	EXP 	polygon_24: color = 'white'
17.6292 	EXP 	polygon_25: fillColor = 'white'
17.6292 	EXP 	polygon_25: lineColor = 'white'
17.6292 	EXP 	polygon_25: color = 'white'
17.6292 	EXP 	grid: autoDraw = True
17.6292 	EXP 	polygon: autoDraw = True
17.6292 	EXP 	polygon_2: autoDraw = True
17.6292 	EXP 	polygon_3: autoDraw = True
17.6292 	EXP 	polygon_4: autoDraw = True
17.6292 	EXP 	polygon_5: autoDraw = True
17.6292 	EXP 	polygon_6: autoDraw = True
17.6292 	EXP 	polygon_7: autoDraw = True
17.6292 	EXP 	polygon_8: autoDraw = True
17.6292 	EXP 	polygon_9: autoDraw = True
17.6292 	EXP 	polygon_10: autoDraw = True
17.6292 	EXP 	polygon_11: autoDraw = True
17.6292 	EXP 	polygon_12: autoDraw = True
17.6292 	EXP 	polygon_13: autoDraw = True
17.6292 	EXP 	polygon_14: autoDraw = True
17.6292 	EXP 	polygon_15: autoDraw = True
17.6292 	EXP 	polygon_16: autoDraw = True
17.6292 	EXP 	polygon_17: autoDraw = True
17.6292 	EXP 	polygon_18: autoDraw = True
17.6292 	EXP 	polygon_19: autoDraw = True
17.6292 	EXP 	polygon_20: autoDraw = True
17.6292 	EXP 	polygon_21: autoDraw = True
17.6292 	EXP 	polygon_22: autoDraw = True
17.6292 	EXP 	polygon_23: autoDraw = True
17.6292 	EXP 	polygon_24: autoDraw = True
17.6292 	EXP 	polygon_25: autoDraw = True
17.6292 	EXP 	resp_cue: autoDraw = True
29.7504 	DATA 	Keypress: escape
29.9526 	EXP 	window1: mouseVisible = True
