13.9801 	WARNING 	User requested fullscreen with size [1440  900], but screen is actually [2880, 1800]. Using actual size
14.9298 	EXP 	Created window1 = Window(allowGUI=False, allowStencil=False, args=UNKNOWN, autoLog=True, bitsMode=UNKNOWN, blendMode='avg', color=array([0., 0., 0.]), colorSpace='hsv', fullscr=<method-wrapper '__getattribute__' of attributeSetter object at 0x0000027D69CF58D0>, gamma=None, gammaErrorPolicy='raise', kwargs=UNKNOWN, lms=UNKNOWN, monitor=<psychopy.monitors.calibTools.Monitor object at 0x0000027D68BECA58>, multiSample=False, name='window1', numSamples=2, pos=[0.0, 0.0], screen=0, size=array([2880, 1800]), stereo=False, units='height', useFBO=True, useRetina=False, viewOri=0.0, viewPos=None, viewScale=None, waitBlanking=True, winType='pyglet')
14.9298 	EXP 	window1: recordFrameIntervals = False
15.0958 	EXP 	window1: recordFrameIntervals = True
15.2795 	EXP 	window1: recordFrameIntervals = False
15.5063 	EXP 	Created Grid = ImageStim(__class__=<class 'psychopy.visual.image.ImageStim'>, autoLog=True, color=array([1., 1., 1.]), colorSpace='rgb', contrast=1.0, depth=0.0, flipHoriz=False, flipVert=False, image='Blank Grid.jpg', interpolate=True, mask=None, maskParams=None, name='Grid', opacity=1.0, ori=0.0, pos=array([0., 0.]), size=array([1., 1.]), texRes=128, units='height', win=Window(...))
15.5092 	EXP 	Created Square = Rect(__class__=<class 'psychopy.visual.rect.Rect'>, autoDraw=False, autoLog=True, closeShape=True, color=method-wrapper(...), colorSpace=None, contrast=1.0, depth=-1.0, fillColor=array([255.,   0.,   0.]), fillColorSpace='rgb255', fillRGB=array([255.,   0.,   0.]), interpolate=True, lineColor=array([255.,   0.,   0.]), lineColorSpace='rgb', lineRGB=array([255.,   0.,   0.]), lineWidth=1, name='Square', opacity=1.0, ori=array(0.), pos=array([0., 0.]), size=array([1., 1.]), units='height', vertices=ndarray(...), win=Window(...))
15.6059 	EXP 	Created grid = ImageStim(__class__=<class 'psychopy.visual.image.ImageStim'>, autoLog=True, color=array([1., 1., 1.]), colorSpace='rgb', contrast=1.0, depth=0.0, flipHoriz=False, flipVert=False, image='Blank Grid.jpg', interpolate=True, mask=None, maskParams=None, name='grid', opacity=1.0, ori=0.0, pos=array([0., 0.]), size=array([1., 1.]), texRes=128, units='height', win=Window(...))
15.6068 	EXP 	Created polygon = Rect(__class__=<class 'psychopy.visual.rect.Rect'>, autoDraw=False, autoLog=True, closeShape=True, color=method-wrapper(...), colorSpace=None, contrast=1.0, depth=-2.0, fillColor='white', fillColorSpace='named', fillRGB=array([255., 255., 255.]), interpolate=True, lineColor='white', lineColorSpace='named', lineRGB=array([255., 255., 255.]), lineWidth=1, name='polygon', opacity=1.0, ori=array(0.), pos=array([-0.386 ,  0.3875]), size=array([1., 1.]), units='height', vertices=ndarray(...), win=Window(...))
15.6077 	EXP 	Created polygon_2 = Rect(__class__=<class 'psychopy.visual.rect.Rect'>, autoDraw=False, autoLog=True, closeShape=True, color=method-wrapper(...), colorSpace=None, contrast=1.0, depth=-3.0, fillColor='white', fillColorSpace='named', fillRGB=array([255., 255., 255.]), interpolate=True, lineColor='white', lineColorSpace='named', lineRGB=array([255., 255., 255.]), lineWidth=1, name='polygon_2', opacity=1.0, ori=array(0.), pos=array([-0.193 ,  0.3875]), size=array([1., 1.]), units='height', vertices=ndarray(...), win=Window(...))
15.6085 	EXP 	Created polygon_3 = Rect(__class__=<class 'psychopy.visual.rect.Rect'>, autoDraw=False, autoLog=True, closeShape=True, color=method-wrapper(...), colorSpace=None, contrast=1.0, depth=-4.0, fillColor='white', fillColorSpace='named', fillRGB=array([255., 255., 255.]), interpolate=True, lineColor='white', lineColorSpace='named', lineRGB=array([255., 255., 255.]), lineWidth=1, name='polygon_3', opacity=1.0, ori=array(0.), pos=array([0.    , 0.3875]), size=array([1., 1.]), units='height', vertices=ndarray(...), win=Window(...))
15.6094 	EXP 	Created polygon_4 = Rect(__class__=<class 'psychopy.visual.rect.Rect'>, autoDraw=False, autoLog=True, closeShape=True, color=method-wrapper(...), colorSpace=None, contrast=1.0, depth=-5.0, fillColor='white', fillColorSpace='named', fillRGB=array([255., 255., 255.]), interpolate=True, lineColor='white', lineColorSpace='named', lineRGB=array([255., 255., 255.]), lineWidth=1, name='polygon_4', opacity=1.0, ori=array(0.), pos=array([0.193 , 0.3875]), size=array([1., 1.]), units='height', vertices=ndarray(...), win=Window(...))
15.6102 	EXP 	Created polygon_5 = Rect(__class__=<class 'psychopy.visual.rect.Rect'>, autoDraw=False, autoLog=True, closeShape=True, color=method-wrapper(...), colorSpace=None, contrast=1.0, depth=-6.0, fillColor='white', fillColorSpace='named', fillRGB=array([255., 255., 255.]), interpolate=True, lineColor='white', lineColorSpace='named', lineRGB=array([255., 255., 255.]), lineWidth=1, name='polygon_5', opacity=1.0, ori=array(0.), pos=array([0.386 , 0.3875]), size=array([1., 1.]), units='height', vertices=ndarray(...), win=Window(...))
15.6110 	EXP 	Created polygon_6 = Rect(__class__=<class 'psychopy.visual.rect.Rect'>, autoDraw=False, autoLog=True, closeShape=True, color=method-wrapper(...), colorSpace=None, contrast=1.0, depth=-7.0, fillColor='white', fillColorSpace='named', fillRGB=array([255., 255., 255.]), interpolate=True, lineColor='white', lineColorSpace='named', lineRGB=array([255., 255., 255.]), lineWidth=1, name='polygon_6', opacity=1.0, ori=array(0.), pos=array([-0.386  ,  0.19415]), size=array([1., 1.]), units='height', vertices=ndarray(...), win=Window(...))
15.6118 	EXP 	Created polygon_7 = Rect(__class__=<class 'psychopy.visual.rect.Rect'>, autoDraw=False, autoLog=True, closeShape=True, color=method-wrapper(...), colorSpace=None, contrast=1.0, depth=-8.0, fillColor='white', fillColorSpace='named', fillRGB=array([255., 255., 255.]), interpolate=True, lineColor='white', lineColorSpace='named', lineRGB=array([255., 255., 255.]), lineWidth=1, name='polygon_7', opacity=1.0, ori=array(0.), pos=array([-0.193  ,  0.19415]), size=array([1., 1.]), units='height', vertices=ndarray(...), win=Window(...))
15.6126 	EXP 	Created polygon_8 = Rect(__class__=<class 'psychopy.visual.rect.Rect'>, autoDraw=False, autoLog=True, closeShape=True, color=method-wrapper(...), colorSpace=None, contrast=1.0, depth=-9.0, fillColor='white', fillColorSpace='named', fillRGB=array([255., 255., 255.]), interpolate=True, lineColor='white', lineColorSpace='named', lineRGB=array([255., 255., 255.]), lineWidth=1, name='polygon_8', opacity=1.0, ori=array(0.), pos=array([0.     , 0.19415]), size=array([1., 1.]), units='height', vertices=ndarray(...), win=Window(...))
15.6134 	EXP 	Created polygon_9 = Rect(__class__=<class 'psychopy.visual.rect.Rect'>, autoDraw=False, autoLog=True, closeShape=True, color=method-wrapper(...), colorSpace=None, contrast=1.0, depth=-10.0, fillColor='white', fillColorSpace='named', fillRGB=array([255., 255., 255.]), interpolate=True, lineColor='white', lineColorSpace='named', lineRGB=array([255., 255., 255.]), lineWidth=1, name='polygon_9', opacity=1.0, ori=array(0.), pos=array([0.193  , 0.19415]), size=array([1., 1.]), units='height', vertices=ndarray(...), win=Window(...))
15.6142 	EXP 	Created polygon_10 = Rect(__class__=<class 'psychopy.visual.rect.Rect'>, autoDraw=False, autoLog=True, closeShape=True, color=method-wrapper(...), colorSpace=None, contrast=1.0, depth=-11.0, fillColor='white', fillColorSpace='named', fillRGB=array([255., 255., 255.]), interpolate=True, lineColor='white', lineColorSpace='named', lineRGB=array([255., 255., 255.]), lineWidth=1, name='polygon_10', opacity=1.0, ori=array(0.), pos=array([0.386  , 0.19415]), size=array([1., 1.]), units='height', vertices=ndarray(...), win=Window(...))
15.6150 	EXP 	Created polygon_11 = Rect(__class__=<class 'psychopy.visual.rect.Rect'>, autoDraw=False, autoLog=True, closeShape=True, color=method-wrapper(...), colorSpace=None, contrast=1.0, depth=-12.0, fillColor='white', fillColorSpace='named', fillRGB=array([255., 255., 255.]), interpolate=True, lineColor='white', lineColorSpace='named', lineRGB=array([255., 255., 255.]), lineWidth=1, name='polygon_11', opacity=1.0, ori=array(0.), pos=array([-0.386,  0.   ]), size=array([1., 1.]), units='height', vertices=ndarray(...), win=Window(...))
15.6158 	EXP 	Created polygon_12 = Rect(__class__=<class 'psychopy.visual.rect.Rect'>, autoDraw=False, autoLog=True, closeShape=True, color=method-wrapper(...), colorSpace=None, contrast=1.0, depth=-13.0, fillColor='white', fillColorSpace='named', fillRGB=array([255., 255., 255.]), interpolate=True, lineColor='white', lineColorSpace='named', lineRGB=array([255., 255., 255.]), lineWidth=1, name='polygon_12', opacity=1.0, ori=array(0.), pos=array([-0.193,  0.   ]), size=array([1., 1.]), units='height', vertices=ndarray(...), win=Window(...))
15.6165 	EXP 	Created polygon_13 = Rect(__class__=<class 'psychopy.visual.rect.Rect'>, autoDraw=False, autoLog=True, closeShape=True, color=method-wrapper(...), colorSpace=None, contrast=1.0, depth=-14.0, fillColor='white', fillColorSpace='named', fillRGB=array([255., 255., 255.]), interpolate=True, lineColor='white', lineColorSpace='named', lineRGB=array([255., 255., 255.]), lineWidth=1, name='polygon_13', opacity=1.0, ori=array(0.), pos=array([0., 0.]), size=array([1., 1.]), units='height', vertices=ndarray(...), win=Window(...))
15.6173 	EXP 	Created polygon_14 = Rect(__class__=<class 'psychopy.visual.rect.Rect'>, autoDraw=False, autoLog=True, closeShape=True, color=method-wrapper(...), colorSpace=None, contrast=1.0, depth=-15.0, fillColor='white', fillColorSpace='named', fillRGB=array([255., 255., 255.]), interpolate=True, lineColor='white', lineColorSpace='named', lineRGB=array([255., 255., 255.]), lineWidth=1, name='polygon_14', opacity=1.0, ori=array(0.), pos=array([0.193, 0.   ]), size=array([1., 1.]), units='height', vertices=ndarray(...), win=Window(...))
15.6181 	EXP 	Created polygon_15 = Rect(__class__=<class 'psychopy.visual.rect.Rect'>, autoDraw=False, autoLog=True, closeShape=True, color=method-wrapper(...), colorSpace=None, contrast=1.0, depth=-16.0, fillColor='white', fillColorSpace='named', fillRGB=array([255., 255., 255.]), interpolate=True, lineColor='white', lineColorSpace='named', lineRGB=array([255., 255., 255.]), lineWidth=1, name='polygon_15', opacity=1.0, ori=array(0.), pos=array([0.386, 0.   ]), size=array([1., 1.]), units='height', vertices=ndarray(...), win=Window(...))
15.6189 	EXP 	Created polygon_16 = Rect(__class__=<class 'psychopy.visual.rect.Rect'>, autoDraw=False, autoLog=True, closeShape=True, color=method-wrapper(...), colorSpace=None, contrast=1.0, depth=-17.0, fillColor='white', fillColorSpace='named', fillRGB=array([255., 255., 255.]), interpolate=True, lineColor='white', lineColorSpace='named', lineRGB=array([255., 255., 255.]), lineWidth=1, name='polygon_16', opacity=1.0, ori=array(0.), pos=array([-0.386  , -0.19415]), size=array([1., 1.]), units='height', vertices=ndarray(...), win=Window(...))
15.6198 	EXP 	Created polygon_17 = Rect(__class__=<class 'psychopy.visual.rect.Rect'>, autoDraw=False, autoLog=True, closeShape=True, color=method-wrapper(...), colorSpace=None, contrast=1.0, depth=-18.0, fillColor='white', fillColorSpace='named', fillRGB=array([255., 255., 255.]), interpolate=True, lineColor='white', lineColorSpace='named', lineRGB=array([255., 255., 255.]), lineWidth=1, name='polygon_17', opacity=1.0, ori=array(0.), pos=array([-0.193  , -0.19415]), size=array([1., 1.]), units='height', vertices=ndarray(...), win=Window(...))
15.6205 	EXP 	Created polygon_18 = Rect(__class__=<class 'psychopy.visual.rect.Rect'>, autoDraw=False, autoLog=True, closeShape=True, color=method-wrapper(...), colorSpace=None, contrast=1.0, depth=-19.0, fillColor='white', fillColorSpace='named', fillRGB=array([255., 255., 255.]), interpolate=True, lineColor='white', lineColorSpace='named', lineRGB=array([255., 255., 255.]), lineWidth=1, name='polygon_18', opacity=1.0, ori=array(0.), pos=array([ 0.     , -0.19415]), size=array([1., 1.]), units='height', vertices=ndarray(...), win=Window(...))
15.6213 	EXP 	Created polygon_19 = Rect(__class__=<class 'psychopy.visual.rect.Rect'>, autoDraw=False, autoLog=True, closeShape=True, color=method-wrapper(...), colorSpace=None, contrast=1.0, depth=-20.0, fillColor='white', fillColorSpace='named', fillRGB=array([255., 255., 255.]), interpolate=True, lineColor='white', lineColorSpace='named', lineRGB=array([255., 255., 255.]), lineWidth=1, name='polygon_19', opacity=1.0, ori=array(0.), pos=array([ 0.193  , -0.19415]), size=array([1., 1.]), units='height', vertices=ndarray(...), win=Window(...))
15.6221 	EXP 	Created polygon_20 = Rect(__class__=<class 'psychopy.visual.rect.Rect'>, autoDraw=False, autoLog=True, closeShape=True, color=method-wrapper(...), colorSpace=None, contrast=1.0, depth=-21.0, fillColor='white', fillColorSpace='named', fillRGB=array([255., 255., 255.]), interpolate=True, lineColor='white', lineColorSpace='named', lineRGB=array([255., 255., 255.]), lineWidth=1, name='polygon_20', opacity=1.0, ori=array(0.), pos=array([ 0.386  , -0.19415]), size=array([1., 1.]), units='height', vertices=ndarray(...), win=Window(...))
15.6229 	EXP 	Created polygon_21 = Rect(__class__=<class 'psychopy.visual.rect.Rect'>, autoDraw=False, autoLog=True, closeShape=True, color=method-wrapper(...), colorSpace=None, contrast=1.0, depth=-22.0, fillColor='white', fillColorSpace='named', fillRGB=array([255., 255., 255.]), interpolate=True, lineColor='white', lineColorSpace='named', lineRGB=array([255., 255., 255.]), lineWidth=1, name='polygon_21', opacity=1.0, ori=array(0.), pos=array([-0.386 , -0.3875]), size=array([1., 1.]), units='height', vertices=ndarray(...), win=Window(...))
15.6237 	EXP 	Created polygon_22 = Rect(__class__=<class 'psychopy.visual.rect.Rect'>, autoDraw=False, autoLog=True, closeShape=True, color=method-wrapper(...), colorSpace=None, contrast=1.0, depth=-23.0, fillColor='white', fillColorSpace='named', fillRGB=array([255., 255., 255.]), interpolate=True, lineColor='white', lineColorSpace='named', lineRGB=array([255., 255., 255.]), lineWidth=1, name='polygon_22', opacity=1.0, ori=array(0.), pos=array([-0.193 , -0.3875]), size=array([1., 1.]), units='height', vertices=ndarray(...), win=Window(...))
15.6245 	EXP 	Created polygon_23 = Rect(__class__=<class 'psychopy.visual.rect.Rect'>, autoDraw=False, autoLog=True, closeShape=True, color=method-wrapper(...), colorSpace=None, contrast=1.0, depth=-24.0, fillColor='white', fillColorSpace='named', fillRGB=array([255., 255., 255.]), interpolate=True, lineColor='white', lineColorSpace='named', lineRGB=array([255., 255., 255.]), lineWidth=1, name='polygon_23', opacity=1.0, ori=array(0.), pos=array([ 0.    , -0.3875]), size=array([1., 1.]), units='height', vertices=ndarray(...), win=Window(...))
15.6253 	EXP 	Created polygon_24 = Rect(__class__=<class 'psychopy.visual.rect.Rect'>, autoDraw=False, autoLog=True, closeShape=True, color=method-wrapper(...), colorSpace=None, contrast=1.0, depth=-25.0, fillColor='white', fillColorSpace='named', fillRGB=array([255., 255., 255.]), interpolate=True, lineColor='white', lineColorSpace='named', lineRGB=array([255., 255., 255.]), lineWidth=1, name='polygon_24', opacity=1.0, ori=array(0.), pos=array([ 0.193 , -0.3875]), size=array([1., 1.]), units='height', vertices=ndarray(...), win=Window(...))
15.6261 	EXP 	Created polygon_25 = Rect(__class__=<class 'psychopy.visual.rect.Rect'>, autoDraw=False, autoLog=True, closeShape=True, color=method-wrapper(...), colorSpace=None, contrast=1.0, depth=-26.0, fillColor='white', fillColorSpace='named', fillRGB=array([255., 255., 255.]), interpolate=True, lineColor='white', lineColorSpace='named', lineRGB=array([255., 255., 255.]), lineWidth=1, name='polygon_25', opacity=1.0, ori=array(0.), pos=array([ 0.386 , -0.3875]), size=array([1., 1.]), units='height', vertices=ndarray(...), win=Window(...))
15.7396 	EXP 	Created thx_txt = TextStim(__class__=<class 'psychopy.visual.text.TextStim'>, alignHoriz='center', alignVert='center', antialias=True, autoLog=True, bold=False, color='white', colorSpace='named', contrast=1.0, depth=0.0, flipHoriz=False, flipVert=False, font='Arial', fontFiles=[], height=0.05, italic=False, languageStyle='LTR', name='thx_txt', opacity=1.0, ori=0, pos=array([0., 0.]), rgb=array([255., 255., 255.]), text='Good work! \n\nYou have completed this task.', units='height', win=Window(...), wrapWidth=1)
15.7705 	EXP 	Imported BLS_Trial_Picker.xlsx as conditions, 32 conditions, 4 params
15.7707 	EXP 	Created sequence: sequential, trialTypes=32, nReps=1, seed=None
15.7710 	EXP 	New trial (rep=0, index=0): OrderedDict([('Running_Trial_Num', 1), ('trial_length', 2), ('rows', '0, 1'), ('correct_seq', ['polygon_18', 'polygon_10'])])
15.7941 	EXP 	Imported BLS_Trial_List.xlsx as conditions, 2 conditions, 7 params
15.7943 	EXP 	Created sequence: sequential, trialTypes=2, nReps=1, seed=None
15.7946 	EXP 	New trial (rep=0, index=0): OrderedDict([('span', 2), ('trial', 1), ('stimulus', 1), ('square', 10), ('location', [0.39, 0.195]), ('correct', 18), ('correct_seq', ['polygon_18', 'polygon_10'])])
15.8459 	EXP 	Square: pos = array([0.39 , 0.195])
15.8459 	EXP 	Grid: autoDraw = True
15.8459 	EXP 	Square: autoDraw = True
17.2460 	EXP 	New trial (rep=0, index=1): OrderedDict([('span', 2), ('trial', 1), ('stimulus', 2), ('square', 18), ('location', [0, -0.195]), ('correct', 10), ('correct_seq', ['polygon_19', 'polygon_2'])])
17.2624 	EXP 	Grid: autoDraw = False
17.2624 	EXP 	Square: autoDraw = False
17.2624 	EXP 	Square: pos = array([ 0.   , -0.195])
17.2624 	EXP 	Grid: autoDraw = True
17.2624 	EXP 	Square: autoDraw = True
18.7788 	EXP 	Grid: autoDraw = False
18.7788 	EXP 	Square: autoDraw = False
18.7788 	EXP 	polygon: fillColor = 'white'
18.7788 	EXP 	polygon: lineColor = 'white'
18.7788 	EXP 	polygon: color = 'white'
18.7788 	EXP 	polygon_2: fillColor = 'white'
18.7788 	EXP 	polygon_2: lineColor = 'white'
18.7788 	EXP 	polygon_2: color = 'white'
18.7788 	EXP 	polygon_3: fillColor = 'white'
18.7788 	EXP 	polygon_3: lineColor = 'white'
18.7788 	EXP 	polygon_3: color = 'white'
18.7788 	EXP 	polygon_4: fillColor = 'white'
18.7788 	EXP 	polygon_4: lineColor = 'white'
18.7788 	EXP 	polygon_4: color = 'white'
18.7788 	EXP 	polygon_5: fillColor = 'white'
18.7788 	EXP 	polygon_5: lineColor = 'white'
18.7788 	EXP 	polygon_5: color = 'white'
18.7788 	EXP 	polygon_6: fillColor = 'white'
18.7788 	EXP 	polygon_6: lineColor = 'white'
18.7788 	EXP 	polygon_6: color = 'white'
18.7788 	EXP 	polygon_7: fillColor = 'white'
18.7788 	EXP 	polygon_7: lineColor = 'white'
18.7788 	EXP 	polygon_7: color = 'white'
18.7788 	EXP 	polygon_8: fillColor = 'white'
18.7788 	EXP 	polygon_8: lineColor = 'white'
18.7788 	EXP 	polygon_8: color = 'white'
18.7788 	EXP 	polygon_9: fillColor = 'white'
18.7788 	EXP 	polygon_9: lineColor = 'white'
18.7788 	EXP 	polygon_9: color = 'white'
18.7788 	EXP 	polygon_10: fillColor = 'white'
18.7788 	EXP 	polygon_10: lineColor = 'white'
18.7788 	EXP 	polygon_10: color = 'white'
18.7788 	EXP 	polygon_11: fillColor = 'white'
18.7788 	EXP 	polygon_11: lineColor = 'white'
18.7788 	EXP 	polygon_11: color = 'white'
18.7788 	EXP 	polygon_12: fillColor = 'white'
18.7788 	EXP 	polygon_12: lineColor = 'white'
18.7788 	EXP 	polygon_12: color = 'white'
18.7788 	EXP 	polygon_13: fillColor = 'white'
18.7788 	EXP 	polygon_13: lineColor = 'white'
18.7788 	EXP 	polygon_13: color = 'white'
18.7788 	EXP 	polygon_14: fillColor = 'white'
18.7788 	EXP 	polygon_14: lineColor = 'white'
18.7788 	EXP 	polygon_14: color = 'white'
18.7788 	EXP 	polygon_15: fillColor = 'white'
18.7788 	EXP 	polygon_15: lineColor = 'white'
18.7788 	EXP 	polygon_15: color = 'white'
18.7788 	EXP 	polygon_16: fillColor = 'white'
18.7788 	EXP 	polygon_16: lineColor = 'white'
18.7788 	EXP 	polygon_16: color = 'white'
18.7788 	EXP 	polygon_17: fillColor = 'white'
18.7788 	EXP 	polygon_17: lineColor = 'white'
18.7788 	EXP 	polygon_17: color = 'white'
18.7788 	EXP 	polygon_18: fillColor = 'white'
18.7788 	EXP 	polygon_18: lineColor = 'white'
18.7788 	EXP 	polygon_18: color = 'white'
18.7788 	EXP 	polygon_19: fillColor = 'white'
18.7788 	EXP 	polygon_19: lineColor = 'white'
18.7788 	EXP 	polygon_19: color = 'white'
18.7788 	EXP 	polygon_20: fillColor = 'white'
18.7788 	EXP 	polygon_20: lineColor = 'white'
18.7788 	EXP 	polygon_20: color = 'white'
18.7788 	EXP 	polygon_21: fillColor = 'white'
18.7788 	EXP 	polygon_21: lineColor = 'white'
18.7788 	EXP 	polygon_21: color = 'white'
18.7788 	EXP 	polygon_22: fillColor = 'white'
18.7788 	EXP 	polygon_22: lineColor = 'white'
18.7788 	EXP 	polygon_22: color = 'white'
18.7788 	EXP 	polygon_23: fillColor = 'white'
18.7788 	EXP 	polygon_23: lineColor = 'white'
18.7788 	EXP 	polygon_23: color = 'white'
18.7788 	EXP 	polygon_24: fillColor = 'white'
18.7788 	EXP 	polygon_24: lineColor = 'white'
18.7788 	EXP 	polygon_24: color = 'white'
18.7788 	EXP 	polygon_25: fillColor = 'white'
18.7788 	EXP 	polygon_25: lineColor = 'white'
18.7788 	EXP 	polygon_25: color = 'white'
18.7788 	EXP 	grid: autoDraw = True
18.7788 	EXP 	polygon: autoDraw = True
18.7788 	EXP 	polygon_2: autoDraw = True
18.7788 	EXP 	polygon_3: autoDraw = True
18.7788 	EXP 	polygon_4: autoDraw = True
18.7788 	EXP 	polygon_5: autoDraw = True
18.7788 	EXP 	polygon_6: autoDraw = True
18.7788 	EXP 	polygon_7: autoDraw = True
18.7788 	EXP 	polygon_8: autoDraw = True
18.7788 	EXP 	polygon_9: autoDraw = True
18.7788 	EXP 	polygon_10: autoDraw = True
18.7788 	EXP 	polygon_11: autoDraw = True
18.7788 	EXP 	polygon_12: autoDraw = True
18.7788 	EXP 	polygon_13: autoDraw = True
18.7788 	EXP 	polygon_14: autoDraw = True
18.7788 	EXP 	polygon_15: autoDraw = True
18.7788 	EXP 	polygon_16: autoDraw = True
18.7788 	EXP 	polygon_17: autoDraw = True
18.7788 	EXP 	polygon_18: autoDraw = True
18.7788 	EXP 	polygon_19: autoDraw = True
18.7788 	EXP 	polygon_20: autoDraw = True
18.7788 	EXP 	polygon_21: autoDraw = True
18.7788 	EXP 	polygon_22: autoDraw = True
18.7788 	EXP 	polygon_23: autoDraw = True
18.7788 	EXP 	polygon_24: autoDraw = True
18.7788 	EXP 	polygon_25: autoDraw = True
20.7979 	DATA 	Mouse: Left button down, pos=(1390,535)
20.8289 	EXP 	polygon_18: fillColor = 'black'
20.8289 	EXP 	polygon_18: lineColor = 'black'
20.8289 	EXP 	polygon_18: color = 'black'
20.9312 	DATA 	Mouse:  Left button up, pos=(1390,535)
21.5478 	DATA 	Mouse: Left button down, pos=(2081,1271)
21.5789 	EXP 	polygon_10: fillColor = 'black'
21.5789 	EXP 	polygon_10: lineColor = 'black'
21.5789 	EXP 	polygon_10: color = 'black'
21.6477 	DATA 	Mouse:  Left button up, pos=(2081,1271)
22.2813 	DATA 	Keypress: space
22.2874 	EXP 	New trial (rep=0, index=1): OrderedDict([('Running_Trial_Num', 2), ('trial_length', 2), ('rows', '2, 3'), ('correct_seq', ['polygon_19', 'polygon_2'])])
22.3099 	EXP 	Imported BLS_Trial_List.xlsx as conditions, 2 conditions, 7 params
22.3101 	EXP 	Created sequence: sequential, trialTypes=2, nReps=1, seed=None
22.3104 	EXP 	New trial (rep=0, index=0): OrderedDict([('span', 2), ('trial', 2), ('stimulus', 1), ('square', 2), ('location', [-0.195, 0.39]), ('correct', 19), ('correct_seq', ['polygon_21', 'polygon_8'])])
22.3290 	EXP 	grid: autoDraw = False
22.3290 	EXP 	polygon: autoDraw = False
22.3290 	EXP 	polygon_2: autoDraw = False
22.3290 	EXP 	polygon_3: autoDraw = False
22.3290 	EXP 	polygon_4: autoDraw = False
22.3290 	EXP 	polygon_5: autoDraw = False
22.3290 	EXP 	polygon_6: autoDraw = False
22.3290 	EXP 	polygon_7: autoDraw = False
22.3290 	EXP 	polygon_8: autoDraw = False
22.3290 	EXP 	polygon_9: autoDraw = False
22.3290 	EXP 	polygon_10: autoDraw = False
22.3290 	EXP 	polygon_11: autoDraw = False
22.3290 	EXP 	polygon_12: autoDraw = False
22.3290 	EXP 	polygon_13: autoDraw = False
22.3290 	EXP 	polygon_14: autoDraw = False
22.3290 	EXP 	polygon_15: autoDraw = False
22.3290 	EXP 	polygon_16: autoDraw = False
22.3290 	EXP 	polygon_17: autoDraw = False
22.3290 	EXP 	polygon_18: autoDraw = False
22.3290 	EXP 	polygon_19: autoDraw = False
22.3290 	EXP 	polygon_20: autoDraw = False
22.3290 	EXP 	polygon_21: autoDraw = False
22.3290 	EXP 	polygon_22: autoDraw = False
22.3290 	EXP 	polygon_23: autoDraw = False
22.3290 	EXP 	polygon_24: autoDraw = False
22.3290 	EXP 	polygon_25: autoDraw = False
22.3290 	EXP 	Square: pos = array([-0.195,  0.39 ])
22.3290 	EXP 	Grid: autoDraw = True
22.3290 	EXP 	Square: autoDraw = True
23.7958 	EXP 	New trial (rep=0, index=1): OrderedDict([('span', 2), ('trial', 2), ('stimulus', 2), ('square', 19), ('location', [0.195, -0.195]), ('correct', 2), ('correct_seq', ['polygon_3', 'polygon_7'])])
23.8122 	EXP 	Grid: autoDraw = False
23.8122 	EXP 	Square: autoDraw = False
23.8122 	EXP 	Square: pos = array([ 0.195, -0.195])
23.8122 	EXP 	Grid: autoDraw = True
23.8122 	EXP 	Square: autoDraw = True
25.3288 	EXP 	Grid: autoDraw = False
25.3288 	EXP 	Square: autoDraw = False
25.3288 	EXP 	polygon: fillColor = 'white'
25.3288 	EXP 	polygon: lineColor = 'white'
25.3288 	EXP 	polygon: color = 'white'
25.3288 	EXP 	polygon_2: fillColor = 'white'
25.3288 	EXP 	polygon_2: lineColor = 'white'
25.3288 	EXP 	polygon_2: color = 'white'
25.3288 	EXP 	polygon_3: fillColor = 'white'
25.3288 	EXP 	polygon_3: lineColor = 'white'
25.3288 	EXP 	polygon_3: color = 'white'
25.3288 	EXP 	polygon_4: fillColor = 'white'
25.3288 	EXP 	polygon_4: lineColor = 'white'
25.3288 	EXP 	polygon_4: color = 'white'
25.3288 	EXP 	polygon_5: fillColor = 'white'
25.3288 	EXP 	polygon_5: lineColor = 'white'
25.3288 	EXP 	polygon_5: color = 'white'
25.3288 	EXP 	polygon_6: fillColor = 'white'
25.3288 	EXP 	polygon_6: lineColor = 'white'
25.3288 	EXP 	polygon_6: color = 'white'
25.3288 	EXP 	polygon_7: fillColor = 'white'
25.3288 	EXP 	polygon_7: lineColor = 'white'
25.3288 	EXP 	polygon_7: color = 'white'
25.3288 	EXP 	polygon_8: fillColor = 'white'
25.3288 	EXP 	polygon_8: lineColor = 'white'
25.3288 	EXP 	polygon_8: color = 'white'
25.3288 	EXP 	polygon_9: fillColor = 'white'
25.3288 	EXP 	polygon_9: lineColor = 'white'
25.3288 	EXP 	polygon_9: color = 'white'
25.3288 	EXP 	polygon_10: fillColor = 'white'
25.3288 	EXP 	polygon_10: lineColor = 'white'
25.3288 	EXP 	polygon_10: color = 'white'
25.3288 	EXP 	polygon_11: fillColor = 'white'
25.3288 	EXP 	polygon_11: lineColor = 'white'
25.3288 	EXP 	polygon_11: color = 'white'
25.3288 	EXP 	polygon_12: fillColor = 'white'
25.3288 	EXP 	polygon_12: lineColor = 'white'
25.3288 	EXP 	polygon_12: color = 'white'
25.3288 	EXP 	polygon_13: fillColor = 'white'
25.3288 	EXP 	polygon_13: lineColor = 'white'
25.3288 	EXP 	polygon_13: color = 'white'
25.3288 	EXP 	polygon_14: fillColor = 'white'
25.3288 	EXP 	polygon_14: lineColor = 'white'
25.3288 	EXP 	polygon_14: color = 'white'
25.3288 	EXP 	polygon_15: fillColor = 'white'
25.3288 	EXP 	polygon_15: lineColor = 'white'
25.3288 	EXP 	polygon_15: color = 'white'
25.3288 	EXP 	polygon_16: fillColor = 'white'
25.3288 	EXP 	polygon_16: lineColor = 'white'
25.3288 	EXP 	polygon_16: color = 'white'
25.3288 	EXP 	polygon_17: fillColor = 'white'
25.3288 	EXP 	polygon_17: lineColor = 'white'
25.3288 	EXP 	polygon_17: color = 'white'
25.3288 	EXP 	polygon_18: fillColor = 'white'
25.3288 	EXP 	polygon_18: lineColor = 'white'
25.3288 	EXP 	polygon_18: color = 'white'
25.3288 	EXP 	polygon_19: fillColor = 'white'
25.3288 	EXP 	polygon_19: lineColor = 'white'
25.3288 	EXP 	polygon_19: color = 'white'
25.3288 	EXP 	polygon_20: fillColor = 'white'
25.3288 	EXP 	polygon_20: lineColor = 'white'
25.3288 	EXP 	polygon_20: color = 'white'
25.3288 	EXP 	polygon_21: fillColor = 'white'
25.3288 	EXP 	polygon_21: lineColor = 'white'
25.3288 	EXP 	polygon_21: color = 'white'
25.3288 	EXP 	polygon_22: fillColor = 'white'
25.3288 	EXP 	polygon_22: lineColor = 'white'
25.3288 	EXP 	polygon_22: color = 'white'
25.3288 	EXP 	polygon_23: fillColor = 'white'
25.3288 	EXP 	polygon_23: lineColor = 'white'
25.3288 	EXP 	polygon_23: color = 'white'
25.3288 	EXP 	polygon_24: fillColor = 'white'
25.3288 	EXP 	polygon_24: lineColor = 'white'
25.3288 	EXP 	polygon_24: color = 'white'
25.3288 	EXP 	polygon_25: fillColor = 'white'
25.3288 	EXP 	polygon_25: lineColor = 'white'
25.3288 	EXP 	polygon_25: color = 'white'
25.3288 	EXP 	grid: autoDraw = True
25.3288 	EXP 	polygon: autoDraw = True
25.3288 	EXP 	polygon_2: autoDraw = True
25.3288 	EXP 	polygon_3: autoDraw = True
25.3288 	EXP 	polygon_4: autoDraw = True
25.3288 	EXP 	polygon_5: autoDraw = True
25.3288 	EXP 	polygon_6: autoDraw = True
25.3288 	EXP 	polygon_7: autoDraw = True
25.3288 	EXP 	polygon_8: autoDraw = True
25.3288 	EXP 	polygon_9: autoDraw = True
25.3288 	EXP 	polygon_10: autoDraw = True
25.3288 	EXP 	polygon_11: autoDraw = True
25.3288 	EXP 	polygon_12: autoDraw = True
25.3288 	EXP 	polygon_13: autoDraw = True
25.3288 	EXP 	polygon_14: autoDraw = True
25.3288 	EXP 	polygon_15: autoDraw = True
25.3288 	EXP 	polygon_16: autoDraw = True
25.3288 	EXP 	polygon_17: autoDraw = True
25.3288 	EXP 	polygon_18: autoDraw = True
25.3288 	EXP 	polygon_19: autoDraw = True
25.3288 	EXP 	polygon_20: autoDraw = True
25.3288 	EXP 	polygon_21: autoDraw = True
25.3288 	EXP 	polygon_22: autoDraw = True
25.3288 	EXP 	polygon_23: autoDraw = True
25.3288 	EXP 	polygon_24: autoDraw = True
25.3288 	EXP 	polygon_25: autoDraw = True
27.2469 	DATA 	Mouse: Left button down, pos=(1844,469)
27.2787 	EXP 	polygon_19: fillColor = 'black'
27.2787 	EXP 	polygon_19: lineColor = 'black'
27.2787 	EXP 	polygon_19: color = 'black'
27.3477 	DATA 	Mouse:  Left button up, pos=(1844,469)
28.5141 	DATA 	Mouse: Left button down, pos=(1399,1669)
28.5454 	EXP 	polygon_3: fillColor = 'black'
28.5454 	EXP 	polygon_3: lineColor = 'black'
28.5454 	EXP 	polygon_3: color = 'black'
28.6476 	DATA 	Mouse:  Left button up, pos=(1399,1669)
29.3643 	DATA 	Keypress: space
29.4458 	EXP 	grid: autoDraw = False
29.4458 	EXP 	polygon: autoDraw = False
29.4458 	EXP 	polygon_2: autoDraw = False
29.4458 	EXP 	polygon_3: autoDraw = False
29.4458 	EXP 	polygon_4: autoDraw = False
29.4458 	EXP 	polygon_5: autoDraw = False
29.4458 	EXP 	polygon_6: autoDraw = False
29.4458 	EXP 	polygon_7: autoDraw = False
29.4458 	EXP 	polygon_8: autoDraw = False
29.4458 	EXP 	polygon_9: autoDraw = False
29.4458 	EXP 	polygon_10: autoDraw = False
29.4458 	EXP 	polygon_11: autoDraw = False
29.4458 	EXP 	polygon_12: autoDraw = False
29.4458 	EXP 	polygon_13: autoDraw = False
29.4458 	EXP 	polygon_14: autoDraw = False
29.4458 	EXP 	polygon_15: autoDraw = False
29.4458 	EXP 	polygon_16: autoDraw = False
29.4458 	EXP 	polygon_17: autoDraw = False
29.4458 	EXP 	polygon_18: autoDraw = False
29.4458 	EXP 	polygon_19: autoDraw = False
29.4458 	EXP 	polygon_20: autoDraw = False
29.4458 	EXP 	polygon_21: autoDraw = False
29.4458 	EXP 	polygon_22: autoDraw = False
29.4458 	EXP 	polygon_23: autoDraw = False
29.4458 	EXP 	polygon_24: autoDraw = False
29.4458 	EXP 	polygon_25: autoDraw = False
29.4458 	EXP 	thx_txt: autoDraw = True
30.7865 	DATA 	Keypress: space
30.8123 	EXP 	thx_txt: autoDraw = False
30.9012 	EXP 	window1: mouseVisible = True
