76.8015 	WARNING 	User requested fullscreen with size [1440  900], but screen is actually [2880, 1800]. Using actual size
77.7264 	EXP 	Created window1 = Window(allowGUI=False, allowStencil=False, args=UNKNOWN, autoLog=True, bitsMode=UNKNOWN, blendMode='avg', color=array([0., 0., 0.]), colorSpace='hsv', fullscr=<method-wrapper '__getattribute__' of attributeSetter object at 0x000001E123845BA8>, gamma=None, gammaErrorPolicy='raise', kwargs=UNKNOWN, lms=UNKNOWN, monitor=<psychopy.monitors.calibTools.Monitor object at 0x000001E130AF6D30>, multiSample=False, name='window1', numSamples=2, pos=[0.0, 0.0], screen=0, size=array([2880, 1800]), stereo=False, units='height', useFBO=True, useRetina=False, viewOri=0.0, viewPos=None, viewScale=None, waitBlanking=True, winType='pyglet')
77.7264 	EXP 	window1: recordFrameIntervals = False
77.8926 	EXP 	window1: recordFrameIntervals = True
78.0761 	EXP 	window1: recordFrameIntervals = False
78.3597 	EXP 	Created instr_text = TextStim(__class__=<class 'psychopy.visual.text.TextStim'>, alignHoriz='center', alignVert='center', antialias=True, autoLog=True, bold=False, color='white', colorSpace='named', contrast=1.0, depth=0.0, flipHoriz=False, flipVert=False, font='Arial', fontFiles=[], height=0.05, italic=False, languageStyle='LTR', name='instr_text', opacity=1.0, ori=0, pos=array([0., 0.]), rgb=array([255., 255., 255.]), text='Any text\n\nincluding line breaks', units='height', win=Window(...), wrapWidth=1)
78.4588 	EXP 	Created Grid = ImageStim(__class__=<class 'psychopy.visual.image.ImageStim'>, autoLog=True, color=array([1., 1., 1.]), colorSpace='rgb', contrast=1.0, depth=0.0, flipHoriz=False, flipVert=False, image='Blank Grid.jpg', interpolate=True, mask=None, maskParams=None, name='Grid', opacity=1.0, ori=0.0, pos=array([0., 0.]), size=array([1., 1.]), texRes=128, units='height', win=Window(...))
78.4616 	EXP 	Created Square = Rect(__class__=<class 'psychopy.visual.rect.Rect'>, autoDraw=False, autoLog=True, closeShape=True, color=method-wrapper(...), colorSpace=None, contrast=1.0, depth=-1.0, fillColor=array([255.,   0.,   0.]), fillColorSpace='rgb255', fillRGB=array([255.,   0.,   0.]), interpolate=True, lineColor=array([255.,   0.,   0.]), lineColorSpace='rgb', lineRGB=array([255.,   0.,   0.]), lineWidth=1, name='Square', opacity=1.0, ori=array(0.), pos=array([0., 0.]), size=array([1., 1.]), units='height', vertices=ndarray(...), win=Window(...))
78.5597 	EXP 	Created grid = ImageStim(__class__=<class 'psychopy.visual.image.ImageStim'>, autoLog=True, color=array([1., 1., 1.]), colorSpace='rgb', contrast=1.0, depth=0.0, flipHoriz=False, flipVert=False, image='Blank Grid.jpg', interpolate=True, mask=None, maskParams=None, name='grid', opacity=1.0, ori=0.0, pos=array([0., 0.]), size=array([1., 1.]), texRes=128, units='height', win=Window(...))
78.5605 	EXP 	Created polygon = Rect(__class__=<class 'psychopy.visual.rect.Rect'>, autoDraw=False, autoLog=True, closeShape=True, color=method-wrapper(...), colorSpace=None, contrast=1.0, depth=-2.0, fillColor='white', fillColorSpace='named', fillRGB=array([255., 255., 255.]), interpolate=True, lineColor='white', lineColorSpace='named', lineRGB=array([255., 255., 255.]), lineWidth=1, name='polygon', opacity=1.0, ori=array(0.), pos=array([-0.386 ,  0.3875]), size=array([1., 1.]), units='height', vertices=ndarray(...), win=Window(...))
78.5612 	EXP 	Created polygon_2 = Rect(__class__=<class 'psychopy.visual.rect.Rect'>, autoDraw=False, autoLog=True, closeShape=True, color=method-wrapper(...), colorSpace=None, contrast=1.0, depth=-3.0, fillColor='white', fillColorSpace='named', fillRGB=array([255., 255., 255.]), interpolate=True, lineColor='white', lineColorSpace='named', lineRGB=array([255., 255., 255.]), lineWidth=1, name='polygon_2', opacity=1.0, ori=array(0.), pos=array([-0.193 ,  0.3875]), size=array([1., 1.]), units='height', vertices=ndarray(...), win=Window(...))
78.5619 	EXP 	Created polygon_3 = Rect(__class__=<class 'psychopy.visual.rect.Rect'>, autoDraw=False, autoLog=True, closeShape=True, color=method-wrapper(...), colorSpace=None, contrast=1.0, depth=-4.0, fillColor='white', fillColorSpace='named', fillRGB=array([255., 255., 255.]), interpolate=True, lineColor='white', lineColorSpace='named', lineRGB=array([255., 255., 255.]), lineWidth=1, name='polygon_3', opacity=1.0, ori=array(0.), pos=array([0.    , 0.3875]), size=array([1., 1.]), units='height', vertices=ndarray(...), win=Window(...))
78.5626 	EXP 	Created polygon_4 = Rect(__class__=<class 'psychopy.visual.rect.Rect'>, autoDraw=False, autoLog=True, closeShape=True, color=method-wrapper(...), colorSpace=None, contrast=1.0, depth=-5.0, fillColor='white', fillColorSpace='named', fillRGB=array([255., 255., 255.]), interpolate=True, lineColor='white', lineColorSpace='named', lineRGB=array([255., 255., 255.]), lineWidth=1, name='polygon_4', opacity=1.0, ori=array(0.), pos=array([0.193 , 0.3875]), size=array([1., 1.]), units='height', vertices=ndarray(...), win=Window(...))
78.5633 	EXP 	Created polygon_5 = Rect(__class__=<class 'psychopy.visual.rect.Rect'>, autoDraw=False, autoLog=True, closeShape=True, color=method-wrapper(...), colorSpace=None, contrast=1.0, depth=-6.0, fillColor='white', fillColorSpace='named', fillRGB=array([255., 255., 255.]), interpolate=True, lineColor='white', lineColorSpace='named', lineRGB=array([255., 255., 255.]), lineWidth=1, name='polygon_5', opacity=1.0, ori=array(0.), pos=array([0.386 , 0.3875]), size=array([1., 1.]), units='height', vertices=ndarray(...), win=Window(...))
78.5640 	EXP 	Created polygon_6 = Rect(__class__=<class 'psychopy.visual.rect.Rect'>, autoDraw=False, autoLog=True, closeShape=True, color=method-wrapper(...), colorSpace=None, contrast=1.0, depth=-7.0, fillColor='white', fillColorSpace='named', fillRGB=array([255., 255., 255.]), interpolate=True, lineColor='white', lineColorSpace='named', lineRGB=array([255., 255., 255.]), lineWidth=1, name='polygon_6', opacity=1.0, ori=array(0.), pos=array([-0.386  ,  0.19415]), size=array([1., 1.]), units='height', vertices=ndarray(...), win=Window(...))
78.5647 	EXP 	Created polygon_7 = Rect(__class__=<class 'psychopy.visual.rect.Rect'>, autoDraw=False, autoLog=True, closeShape=True, color=method-wrapper(...), colorSpace=None, contrast=1.0, depth=-8.0, fillColor='white', fillColorSpace='named', fillRGB=array([255., 255., 255.]), interpolate=True, lineColor='white', lineColorSpace='named', lineRGB=array([255., 255., 255.]), lineWidth=1, name='polygon_7', opacity=1.0, ori=array(0.), pos=array([-0.193  ,  0.19415]), size=array([1., 1.]), units='height', vertices=ndarray(...), win=Window(...))
78.5654 	EXP 	Created polygon_8 = Rect(__class__=<class 'psychopy.visual.rect.Rect'>, autoDraw=False, autoLog=True, closeShape=True, color=method-wrapper(...), colorSpace=None, contrast=1.0, depth=-9.0, fillColor='white', fillColorSpace='named', fillRGB=array([255., 255., 255.]), interpolate=True, lineColor='white', lineColorSpace='named', lineRGB=array([255., 255., 255.]), lineWidth=1, name='polygon_8', opacity=1.0, ori=array(0.), pos=array([0.     , 0.19415]), size=array([1., 1.]), units='height', vertices=ndarray(...), win=Window(...))
78.5661 	EXP 	Created polygon_9 = Rect(__class__=<class 'psychopy.visual.rect.Rect'>, autoDraw=False, autoLog=True, closeShape=True, color=method-wrapper(...), colorSpace=None, contrast=1.0, depth=-10.0, fillColor='white', fillColorSpace='named', fillRGB=array([255., 255., 255.]), interpolate=True, lineColor='white', lineColorSpace='named', lineRGB=array([255., 255., 255.]), lineWidth=1, name='polygon_9', opacity=1.0, ori=array(0.), pos=array([0.193  , 0.19415]), size=array([1., 1.]), units='height', vertices=ndarray(...), win=Window(...))
78.5668 	EXP 	Created polygon_10 = Rect(__class__=<class 'psychopy.visual.rect.Rect'>, autoDraw=False, autoLog=True, closeShape=True, color=method-wrapper(...), colorSpace=None, contrast=1.0, depth=-11.0, fillColor='white', fillColorSpace='named', fillRGB=array([255., 255., 255.]), interpolate=True, lineColor='white', lineColorSpace='named', lineRGB=array([255., 255., 255.]), lineWidth=1, name='polygon_10', opacity=1.0, ori=array(0.), pos=array([0.386  , 0.19415]), size=array([1., 1.]), units='height', vertices=ndarray(...), win=Window(...))
78.5675 	EXP 	Created polygon_11 = Rect(__class__=<class 'psychopy.visual.rect.Rect'>, autoDraw=False, autoLog=True, closeShape=True, color=method-wrapper(...), colorSpace=None, contrast=1.0, depth=-12.0, fillColor='white', fillColorSpace='named', fillRGB=array([255., 255., 255.]), interpolate=True, lineColor='white', lineColorSpace='named', lineRGB=array([255., 255., 255.]), lineWidth=1, name='polygon_11', opacity=1.0, ori=array(0.), pos=array([-0.386,  0.   ]), size=array([1., 1.]), units='height', vertices=ndarray(...), win=Window(...))
78.5682 	EXP 	Created polygon_12 = Rect(__class__=<class 'psychopy.visual.rect.Rect'>, autoDraw=False, autoLog=True, closeShape=True, color=method-wrapper(...), colorSpace=None, contrast=1.0, depth=-13.0, fillColor='white', fillColorSpace='named', fillRGB=array([255., 255., 255.]), interpolate=True, lineColor='white', lineColorSpace='named', lineRGB=array([255., 255., 255.]), lineWidth=1, name='polygon_12', opacity=1.0, ori=array(0.), pos=array([-0.193,  0.   ]), size=array([1., 1.]), units='height', vertices=ndarray(...), win=Window(...))
78.5689 	EXP 	Created polygon_13 = Rect(__class__=<class 'psychopy.visual.rect.Rect'>, autoDraw=False, autoLog=True, closeShape=True, color=method-wrapper(...), colorSpace=None, contrast=1.0, depth=-14.0, fillColor='white', fillColorSpace='named', fillRGB=array([255., 255., 255.]), interpolate=True, lineColor='white', lineColorSpace='named', lineRGB=array([255., 255., 255.]), lineWidth=1, name='polygon_13', opacity=1.0, ori=array(0.), pos=array([0., 0.]), size=array([1., 1.]), units='height', vertices=ndarray(...), win=Window(...))
78.5696 	EXP 	Created polygon_14 = Rect(__class__=<class 'psychopy.visual.rect.Rect'>, autoDraw=False, autoLog=True, closeShape=True, color=method-wrapper(...), colorSpace=None, contrast=1.0, depth=-15.0, fillColor='white', fillColorSpace='named', fillRGB=array([255., 255., 255.]), interpolate=True, lineColor='white', lineColorSpace='named', lineRGB=array([255., 255., 255.]), lineWidth=1, name='polygon_14', opacity=1.0, ori=array(0.), pos=array([0.193, 0.   ]), size=array([1., 1.]), units='height', vertices=ndarray(...), win=Window(...))
78.5703 	EXP 	Created polygon_15 = Rect(__class__=<class 'psychopy.visual.rect.Rect'>, autoDraw=False, autoLog=True, closeShape=True, color=method-wrapper(...), colorSpace=None, contrast=1.0, depth=-16.0, fillColor='white', fillColorSpace='named', fillRGB=array([255., 255., 255.]), interpolate=True, lineColor='white', lineColorSpace='named', lineRGB=array([255., 255., 255.]), lineWidth=1, name='polygon_15', opacity=1.0, ori=array(0.), pos=array([0.386, 0.   ]), size=array([1., 1.]), units='height', vertices=ndarray(...), win=Window(...))
78.5710 	EXP 	Created polygon_16 = Rect(__class__=<class 'psychopy.visual.rect.Rect'>, autoDraw=False, autoLog=True, closeShape=True, color=method-wrapper(...), colorSpace=None, contrast=1.0, depth=-17.0, fillColor='white', fillColorSpace='named', fillRGB=array([255., 255., 255.]), interpolate=True, lineColor='white', lineColorSpace='named', lineRGB=array([255., 255., 255.]), lineWidth=1, name='polygon_16', opacity=1.0, ori=array(0.), pos=array([-0.386  , -0.19415]), size=array([1., 1.]), units='height', vertices=ndarray(...), win=Window(...))
78.5717 	EXP 	Created polygon_17 = Rect(__class__=<class 'psychopy.visual.rect.Rect'>, autoDraw=False, autoLog=True, closeShape=True, color=method-wrapper(...), colorSpace=None, contrast=1.0, depth=-18.0, fillColor='white', fillColorSpace='named', fillRGB=array([255., 255., 255.]), interpolate=True, lineColor='white', lineColorSpace='named', lineRGB=array([255., 255., 255.]), lineWidth=1, name='polygon_17', opacity=1.0, ori=array(0.), pos=array([-0.193  , -0.19415]), size=array([1., 1.]), units='height', vertices=ndarray(...), win=Window(...))
78.5724 	EXP 	Created polygon_18 = Rect(__class__=<class 'psychopy.visual.rect.Rect'>, autoDraw=False, autoLog=True, closeShape=True, color=method-wrapper(...), colorSpace=None, contrast=1.0, depth=-19.0, fillColor='white', fillColorSpace='named', fillRGB=array([255., 255., 255.]), interpolate=True, lineColor='white', lineColorSpace='named', lineRGB=array([255., 255., 255.]), lineWidth=1, name='polygon_18', opacity=1.0, ori=array(0.), pos=array([ 0.     , -0.19415]), size=array([1., 1.]), units='height', vertices=ndarray(...), win=Window(...))
78.5731 	EXP 	Created polygon_19 = Rect(__class__=<class 'psychopy.visual.rect.Rect'>, autoDraw=False, autoLog=True, closeShape=True, color=method-wrapper(...), colorSpace=None, contrast=1.0, depth=-20.0, fillColor='white', fillColorSpace='named', fillRGB=array([255., 255., 255.]), interpolate=True, lineColor='white', lineColorSpace='named', lineRGB=array([255., 255., 255.]), lineWidth=1, name='polygon_19', opacity=1.0, ori=array(0.), pos=array([ 0.193  , -0.19415]), size=array([1., 1.]), units='height', vertices=ndarray(...), win=Window(...))
78.5738 	EXP 	Created polygon_20 = Rect(__class__=<class 'psychopy.visual.rect.Rect'>, autoDraw=False, autoLog=True, closeShape=True, color=method-wrapper(...), colorSpace=None, contrast=1.0, depth=-21.0, fillColor='white', fillColorSpace='named', fillRGB=array([255., 255., 255.]), interpolate=True, lineColor='white', lineColorSpace='named', lineRGB=array([255., 255., 255.]), lineWidth=1, name='polygon_20', opacity=1.0, ori=array(0.), pos=array([ 0.386  , -0.19415]), size=array([1., 1.]), units='height', vertices=ndarray(...), win=Window(...))
78.5745 	EXP 	Created polygon_21 = Rect(__class__=<class 'psychopy.visual.rect.Rect'>, autoDraw=False, autoLog=True, closeShape=True, color=method-wrapper(...), colorSpace=None, contrast=1.0, depth=-22.0, fillColor='white', fillColorSpace='named', fillRGB=array([255., 255., 255.]), interpolate=True, lineColor='white', lineColorSpace='named', lineRGB=array([255., 255., 255.]), lineWidth=1, name='polygon_21', opacity=1.0, ori=array(0.), pos=array([-0.386 , -0.3875]), size=array([1., 1.]), units='height', vertices=ndarray(...), win=Window(...))
78.5752 	EXP 	Created polygon_22 = Rect(__class__=<class 'psychopy.visual.rect.Rect'>, autoDraw=False, autoLog=True, closeShape=True, color=method-wrapper(...), colorSpace=None, contrast=1.0, depth=-23.0, fillColor='white', fillColorSpace='named', fillRGB=array([255., 255., 255.]), interpolate=True, lineColor='white', lineColorSpace='named', lineRGB=array([255., 255., 255.]), lineWidth=1, name='polygon_22', opacity=1.0, ori=array(0.), pos=array([-0.193 , -0.3875]), size=array([1., 1.]), units='height', vertices=ndarray(...), win=Window(...))
78.5759 	EXP 	Created polygon_23 = Rect(__class__=<class 'psychopy.visual.rect.Rect'>, autoDraw=False, autoLog=True, closeShape=True, color=method-wrapper(...), colorSpace=None, contrast=1.0, depth=-24.0, fillColor='white', fillColorSpace='named', fillRGB=array([255., 255., 255.]), interpolate=True, lineColor='white', lineColorSpace='named', lineRGB=array([255., 255., 255.]), lineWidth=1, name='polygon_23', opacity=1.0, ori=array(0.), pos=array([ 0.    , -0.3875]), size=array([1., 1.]), units='height', vertices=ndarray(...), win=Window(...))
78.5765 	EXP 	Created polygon_24 = Rect(__class__=<class 'psychopy.visual.rect.Rect'>, autoDraw=False, autoLog=True, closeShape=True, color=method-wrapper(...), colorSpace=None, contrast=1.0, depth=-25.0, fillColor='white', fillColorSpace='named', fillRGB=array([255., 255., 255.]), interpolate=True, lineColor='white', lineColorSpace='named', lineRGB=array([255., 255., 255.]), lineWidth=1, name='polygon_24', opacity=1.0, ori=array(0.), pos=array([ 0.193 , -0.3875]), size=array([1., 1.]), units='height', vertices=ndarray(...), win=Window(...))
78.5772 	EXP 	Created polygon_25 = Rect(__class__=<class 'psychopy.visual.rect.Rect'>, autoDraw=False, autoLog=True, closeShape=True, color=method-wrapper(...), colorSpace=None, contrast=1.0, depth=-26.0, fillColor='white', fillColorSpace='named', fillRGB=array([255., 255., 255.]), interpolate=True, lineColor='white', lineColorSpace='named', lineRGB=array([255., 255., 255.]), lineWidth=1, name='polygon_25', opacity=1.0, ori=array(0.), pos=array([ 0.386 , -0.3875]), size=array([1., 1.]), units='height', vertices=ndarray(...), win=Window(...))
78.5838 	EXP 	Created rdy_txt = TextStim(__class__=<class 'psychopy.visual.text.TextStim'>, alignHoriz='center', alignVert='center', antialias=True, autoLog=True, bold=False, color='white', colorSpace='named', contrast=1.0, depth=0.0, flipHoriz=False, flipVert=False, font='Arial', fontFiles=[], height=0.05, italic=False, languageStyle='LTR', name='rdy_txt', opacity=1.0, ori=0, pos=array([0., 0.]), rgb=array([255., 255., 255.]), text='default text', units='height', win=Window(...), wrapWidth=1)
78.6260 	EXP 	instr_text: autoDraw = True
80.1485 	DATA 	Keypress: space
80.1990 	EXP 	Imported BLS_Trials.xlsx as conditions, 32 conditions, 5 params
80.1992 	EXP 	Created sequence: sequential, trialTypes=32, nReps=1, seed=None
80.1995 	EXP 	New trial (rep=0, index=0): OrderedDict([('Running_Trial_Num', 1), ('trial_length', 2), ('rows', '0, 1'), ('correct_seq', ['polygon_18', 'polygon_10']), ('rdy_msg', 'Press SPACE to begin the next trial.')])
80.2208 	EXP 	Imported BLS_Stimuli.xlsx as conditions, 2 conditions, 6 params
80.2210 	EXP 	Created sequence: sequential, trialTypes=2, nReps=1, seed=None
80.2213 	EXP 	New trial (rep=0, index=0): OrderedDict([('span', 2), ('trial', 1), ('stimulus', 1), ('square', 10), ('location', [0.39, 0.195]), ('correct', 18)])
80.2425 	EXP 	instr_text: autoDraw = False
80.2425 	EXP 	Square: pos = array([0.39 , 0.195])
80.2425 	EXP 	Grid: autoDraw = True
80.2425 	EXP 	Square: autoDraw = True
81.6759 	EXP 	New trial (rep=0, index=1): OrderedDict([('span', 2), ('trial', 1), ('stimulus', 2), ('square', 18), ('location', [0, -0.195]), ('correct', 10)])
81.6921 	EXP 	Grid: autoDraw = False
81.6921 	EXP 	Square: autoDraw = False
81.6921 	EXP 	Square: pos = array([ 0.   , -0.195])
81.6921 	EXP 	Grid: autoDraw = True
81.6921 	EXP 	Square: autoDraw = True
83.2090 	EXP 	Grid: autoDraw = False
83.2090 	EXP 	Square: autoDraw = False
83.2090 	EXP 	polygon: fillColor = 'white'
83.2090 	EXP 	polygon: lineColor = 'white'
83.2090 	EXP 	polygon: color = 'white'
83.2090 	EXP 	polygon_2: fillColor = 'white'
83.2090 	EXP 	polygon_2: lineColor = 'white'
83.2090 	EXP 	polygon_2: color = 'white'
83.2090 	EXP 	polygon_3: fillColor = 'white'
83.2090 	EXP 	polygon_3: lineColor = 'white'
83.2090 	EXP 	polygon_3: color = 'white'
83.2090 	EXP 	polygon_4: fillColor = 'white'
83.2090 	EXP 	polygon_4: lineColor = 'white'
83.2090 	EXP 	polygon_4: color = 'white'
83.2090 	EXP 	polygon_5: fillColor = 'white'
83.2090 	EXP 	polygon_5: lineColor = 'white'
83.2090 	EXP 	polygon_5: color = 'white'
83.2090 	EXP 	polygon_6: fillColor = 'white'
83.2090 	EXP 	polygon_6: lineColor = 'white'
83.2090 	EXP 	polygon_6: color = 'white'
83.2090 	EXP 	polygon_7: fillColor = 'white'
83.2090 	EXP 	polygon_7: lineColor = 'white'
83.2090 	EXP 	polygon_7: color = 'white'
83.2090 	EXP 	polygon_8: fillColor = 'white'
83.2090 	EXP 	polygon_8: lineColor = 'white'
83.2090 	EXP 	polygon_8: color = 'white'
83.2090 	EXP 	polygon_9: fillColor = 'white'
83.2090 	EXP 	polygon_9: lineColor = 'white'
83.2090 	EXP 	polygon_9: color = 'white'
83.2090 	EXP 	polygon_10: fillColor = 'white'
83.2090 	EXP 	polygon_10: lineColor = 'white'
83.2090 	EXP 	polygon_10: color = 'white'
83.2090 	EXP 	polygon_11: fillColor = 'white'
83.2090 	EXP 	polygon_11: lineColor = 'white'
83.2090 	EXP 	polygon_11: color = 'white'
83.2090 	EXP 	polygon_12: fillColor = 'white'
83.2090 	EXP 	polygon_12: lineColor = 'white'
83.2090 	EXP 	polygon_12: color = 'white'
83.2090 	EXP 	polygon_13: fillColor = 'white'
83.2090 	EXP 	polygon_13: lineColor = 'white'
83.2090 	EXP 	polygon_13: color = 'white'
83.2090 	EXP 	polygon_14: fillColor = 'white'
83.2090 	EXP 	polygon_14: lineColor = 'white'
83.2090 	EXP 	polygon_14: color = 'white'
83.2090 	EXP 	polygon_15: fillColor = 'white'
83.2090 	EXP 	polygon_15: lineColor = 'white'
83.2090 	EXP 	polygon_15: color = 'white'
83.2090 	EXP 	polygon_16: fillColor = 'white'
83.2090 	EXP 	polygon_16: lineColor = 'white'
83.2090 	EXP 	polygon_16: color = 'white'
83.2090 	EXP 	polygon_17: fillColor = 'white'
83.2090 	EXP 	polygon_17: lineColor = 'white'
83.2090 	EXP 	polygon_17: color = 'white'
83.2090 	EXP 	polygon_18: fillColor = 'white'
83.2090 	EXP 	polygon_18: lineColor = 'white'
83.2090 	EXP 	polygon_18: color = 'white'
83.2090 	EXP 	polygon_19: fillColor = 'white'
83.2090 	EXP 	polygon_19: lineColor = 'white'
83.2090 	EXP 	polygon_19: color = 'white'
83.2090 	EXP 	polygon_20: fillColor = 'white'
83.2090 	EXP 	polygon_20: lineColor = 'white'
83.2090 	EXP 	polygon_20: color = 'white'
83.2090 	EXP 	polygon_21: fillColor = 'white'
83.2090 	EXP 	polygon_21: lineColor = 'white'
83.2090 	EXP 	polygon_21: color = 'white'
83.2090 	EXP 	polygon_22: fillColor = 'white'
83.2090 	EXP 	polygon_22: lineColor = 'white'
83.2090 	EXP 	polygon_22: color = 'white'
83.2090 	EXP 	polygon_23: fillColor = 'white'
83.2090 	EXP 	polygon_23: lineColor = 'white'
83.2090 	EXP 	polygon_23: color = 'white'
83.2090 	EXP 	polygon_24: fillColor = 'white'
83.2090 	EXP 	polygon_24: lineColor = 'white'
83.2090 	EXP 	polygon_24: color = 'white'
83.2090 	EXP 	polygon_25: fillColor = 'white'
83.2090 	EXP 	polygon_25: lineColor = 'white'
83.2090 	EXP 	polygon_25: color = 'white'
83.2090 	EXP 	grid: autoDraw = True
83.2090 	EXP 	polygon: autoDraw = True
83.2090 	EXP 	polygon_2: autoDraw = True
83.2090 	EXP 	polygon_3: autoDraw = True
83.2090 	EXP 	polygon_4: autoDraw = True
83.2090 	EXP 	polygon_5: autoDraw = True
83.2090 	EXP 	polygon_6: autoDraw = True
83.2090 	EXP 	polygon_7: autoDraw = True
83.2090 	EXP 	polygon_8: autoDraw = True
83.2090 	EXP 	polygon_9: autoDraw = True
83.2090 	EXP 	polygon_10: autoDraw = True
83.2090 	EXP 	polygon_11: autoDraw = True
83.2090 	EXP 	polygon_12: autoDraw = True
83.2090 	EXP 	polygon_13: autoDraw = True
83.2090 	EXP 	polygon_14: autoDraw = True
83.2090 	EXP 	polygon_15: autoDraw = True
83.2090 	EXP 	polygon_16: autoDraw = True
83.2090 	EXP 	polygon_17: autoDraw = True
83.2090 	EXP 	polygon_18: autoDraw = True
83.2090 	EXP 	polygon_19: autoDraw = True
83.2090 	EXP 	polygon_20: autoDraw = True
83.2090 	EXP 	polygon_21: autoDraw = True
83.2090 	EXP 	polygon_22: autoDraw = True
83.2090 	EXP 	polygon_23: autoDraw = True
83.2090 	EXP 	polygon_24: autoDraw = True
83.2090 	EXP 	polygon_25: autoDraw = True
83.5945 	DATA 	Mouse: Left button down, pos=(1499,579)
83.6257 	EXP 	polygon_18: fillColor = 'black'
83.6257 	EXP 	polygon_18: lineColor = 'black'
83.6257 	EXP 	polygon_18: color = 'black'
83.6946 	DATA 	Mouse:  Left button up, pos=(1499,579)
84.6113 	DATA 	Mouse: Left button down, pos=(2122,1252)
84.6423 	EXP 	polygon_10: fillColor = 'black'
84.6423 	EXP 	polygon_10: lineColor = 'black'
84.6423 	EXP 	polygon_10: color = 'black'
84.6778 	DATA 	Mouse:  Left button up, pos=(2122,1252)
85.4501 	DATA 	Keypress: space
85.5092 	EXP 	grid: autoDraw = False
85.5092 	EXP 	polygon: autoDraw = False
85.5092 	EXP 	polygon_2: autoDraw = False
85.5092 	EXP 	polygon_3: autoDraw = False
85.5092 	EXP 	polygon_4: autoDraw = False
85.5092 	EXP 	polygon_5: autoDraw = False
85.5092 	EXP 	polygon_6: autoDraw = False
85.5092 	EXP 	polygon_7: autoDraw = False
85.5092 	EXP 	polygon_8: autoDraw = False
85.5092 	EXP 	polygon_9: autoDraw = False
85.5092 	EXP 	polygon_10: autoDraw = False
85.5092 	EXP 	polygon_11: autoDraw = False
85.5092 	EXP 	polygon_12: autoDraw = False
85.5092 	EXP 	polygon_13: autoDraw = False
85.5092 	EXP 	polygon_14: autoDraw = False
85.5092 	EXP 	polygon_15: autoDraw = False
85.5092 	EXP 	polygon_16: autoDraw = False
85.5092 	EXP 	polygon_17: autoDraw = False
85.5092 	EXP 	polygon_18: autoDraw = False
85.5092 	EXP 	polygon_19: autoDraw = False
85.5092 	EXP 	polygon_20: autoDraw = False
85.5092 	EXP 	polygon_21: autoDraw = False
85.5092 	EXP 	polygon_22: autoDraw = False
85.5092 	EXP 	polygon_23: autoDraw = False
85.5092 	EXP 	polygon_24: autoDraw = False
85.5092 	EXP 	polygon_25: autoDraw = False
85.5092 	EXP 	rdy_txt: text = 'Press SPACE to begin the next trial.'
85.5092 	EXP 	rdy_txt: autoDraw = True
86.3631 	EXP 	New trial (rep=0, index=1): OrderedDict([('Running_Trial_Num', 2), ('trial_length', 2), ('rows', '2, 3'), ('correct_seq', ['polygon_19', 'polygon_2']), ('rdy_msg', 'Press SPACE to begin the next trial.')])
86.3855 	EXP 	Imported BLS_Stimuli.xlsx as conditions, 2 conditions, 6 params
86.3858 	EXP 	Created sequence: sequential, trialTypes=2, nReps=1, seed=None
86.3860 	EXP 	New trial (rep=0, index=0): OrderedDict([('span', 2), ('trial', 2), ('stimulus', 1), ('square', 2), ('location', [-0.195, 0.39]), ('correct', 19)])
86.3882 	DATA 	Keypress: space
86.4091 	EXP 	rdy_txt: autoDraw = False
86.4091 	EXP 	Square: pos = array([-0.195,  0.39 ])
86.4091 	EXP 	Grid: autoDraw = True
86.4091 	EXP 	Square: autoDraw = True
87.8759 	EXP 	New trial (rep=0, index=1): OrderedDict([('span', 2), ('trial', 2), ('stimulus', 2), ('square', 19), ('location', [0.195, -0.195]), ('correct', 2)])
87.8922 	EXP 	Grid: autoDraw = False
87.8922 	EXP 	Square: autoDraw = False
87.8922 	EXP 	Square: pos = array([ 0.195, -0.195])
87.8922 	EXP 	Grid: autoDraw = True
87.8922 	EXP 	Square: autoDraw = True
89.4088 	EXP 	Grid: autoDraw = False
89.4088 	EXP 	Square: autoDraw = False
89.4088 	EXP 	polygon: fillColor = 'white'
89.4088 	EXP 	polygon: lineColor = 'white'
89.4088 	EXP 	polygon: color = 'white'
89.4088 	EXP 	polygon_2: fillColor = 'white'
89.4088 	EXP 	polygon_2: lineColor = 'white'
89.4088 	EXP 	polygon_2: color = 'white'
89.4088 	EXP 	polygon_3: fillColor = 'white'
89.4088 	EXP 	polygon_3: lineColor = 'white'
89.4088 	EXP 	polygon_3: color = 'white'
89.4088 	EXP 	polygon_4: fillColor = 'white'
89.4088 	EXP 	polygon_4: lineColor = 'white'
89.4088 	EXP 	polygon_4: color = 'white'
89.4088 	EXP 	polygon_5: fillColor = 'white'
89.4088 	EXP 	polygon_5: lineColor = 'white'
89.4088 	EXP 	polygon_5: color = 'white'
89.4088 	EXP 	polygon_6: fillColor = 'white'
89.4088 	EXP 	polygon_6: lineColor = 'white'
89.4088 	EXP 	polygon_6: color = 'white'
89.4088 	EXP 	polygon_7: fillColor = 'white'
89.4088 	EXP 	polygon_7: lineColor = 'white'
89.4088 	EXP 	polygon_7: color = 'white'
89.4088 	EXP 	polygon_8: fillColor = 'white'
89.4088 	EXP 	polygon_8: lineColor = 'white'
89.4088 	EXP 	polygon_8: color = 'white'
89.4088 	EXP 	polygon_9: fillColor = 'white'
89.4088 	EXP 	polygon_9: lineColor = 'white'
89.4088 	EXP 	polygon_9: color = 'white'
89.4088 	EXP 	polygon_10: fillColor = 'white'
89.4088 	EXP 	polygon_10: lineColor = 'white'
89.4088 	EXP 	polygon_10: color = 'white'
89.4088 	EXP 	polygon_11: fillColor = 'white'
89.4088 	EXP 	polygon_11: lineColor = 'white'
89.4088 	EXP 	polygon_11: color = 'white'
89.4088 	EXP 	polygon_12: fillColor = 'white'
89.4088 	EXP 	polygon_12: lineColor = 'white'
89.4088 	EXP 	polygon_12: color = 'white'
89.4088 	EXP 	polygon_13: fillColor = 'white'
89.4088 	EXP 	polygon_13: lineColor = 'white'
89.4088 	EXP 	polygon_13: color = 'white'
89.4088 	EXP 	polygon_14: fillColor = 'white'
89.4088 	EXP 	polygon_14: lineColor = 'white'
89.4088 	EXP 	polygon_14: color = 'white'
89.4088 	EXP 	polygon_15: fillColor = 'white'
89.4088 	EXP 	polygon_15: lineColor = 'white'
89.4088 	EXP 	polygon_15: color = 'white'
89.4088 	EXP 	polygon_16: fillColor = 'white'
89.4088 	EXP 	polygon_16: lineColor = 'white'
89.4088 	EXP 	polygon_16: color = 'white'
89.4088 	EXP 	polygon_17: fillColor = 'white'
89.4088 	EXP 	polygon_17: lineColor = 'white'
89.4088 	EXP 	polygon_17: color = 'white'
89.4088 	EXP 	polygon_18: fillColor = 'white'
89.4088 	EXP 	polygon_18: lineColor = 'white'
89.4088 	EXP 	polygon_18: color = 'white'
89.4088 	EXP 	polygon_19: fillColor = 'white'
89.4088 	EXP 	polygon_19: lineColor = 'white'
89.4088 	EXP 	polygon_19: color = 'white'
89.4088 	EXP 	polygon_20: fillColor = 'white'
89.4088 	EXP 	polygon_20: lineColor = 'white'
89.4088 	EXP 	polygon_20: color = 'white'
89.4088 	EXP 	polygon_21: fillColor = 'white'
89.4088 	EXP 	polygon_21: lineColor = 'white'
89.4088 	EXP 	polygon_21: color = 'white'
89.4088 	EXP 	polygon_22: fillColor = 'white'
89.4088 	EXP 	polygon_22: lineColor = 'white'
89.4088 	EXP 	polygon_22: color = 'white'
89.4088 	EXP 	polygon_23: fillColor = 'white'
89.4088 	EXP 	polygon_23: lineColor = 'white'
89.4088 	EXP 	polygon_23: color = 'white'
89.4088 	EXP 	polygon_24: fillColor = 'white'
89.4088 	EXP 	polygon_24: lineColor = 'white'
89.4088 	EXP 	polygon_24: color = 'white'
89.4088 	EXP 	polygon_25: fillColor = 'white'
89.4088 	EXP 	polygon_25: lineColor = 'white'
89.4088 	EXP 	polygon_25: color = 'white'
89.4088 	EXP 	grid: autoDraw = True
89.4088 	EXP 	polygon: autoDraw = True
89.4088 	EXP 	polygon_2: autoDraw = True
89.4088 	EXP 	polygon_3: autoDraw = True
89.4088 	EXP 	polygon_4: autoDraw = True
89.4088 	EXP 	polygon_5: autoDraw = True
89.4088 	EXP 	polygon_6: autoDraw = True
89.4088 	EXP 	polygon_7: autoDraw = True
89.4088 	EXP 	polygon_8: autoDraw = True
89.4088 	EXP 	polygon_9: autoDraw = True
89.4088 	EXP 	polygon_10: autoDraw = True
89.4088 	EXP 	polygon_11: autoDraw = True
89.4088 	EXP 	polygon_12: autoDraw = True
89.4088 	EXP 	polygon_13: autoDraw = True
89.4088 	EXP 	polygon_14: autoDraw = True
89.4088 	EXP 	polygon_15: autoDraw = True
89.4088 	EXP 	polygon_16: autoDraw = True
89.4088 	EXP 	polygon_17: autoDraw = True
89.4088 	EXP 	polygon_18: autoDraw = True
89.4088 	EXP 	polygon_19: autoDraw = True
89.4088 	EXP 	polygon_20: autoDraw = True
89.4088 	EXP 	polygon_21: autoDraw = True
89.4088 	EXP 	polygon_22: autoDraw = True
89.4088 	EXP 	polygon_23: autoDraw = True
89.4088 	EXP 	polygon_24: autoDraw = True
89.4088 	EXP 	polygon_25: autoDraw = True
89.7965 	DATA 	Mouse: Left button down, pos=(1760,558)
89.8255 	EXP 	polygon_19: fillColor = 'black'
89.8255 	EXP 	polygon_19: lineColor = 'black'
89.8255 	EXP 	polygon_19: color = 'black'
89.8942 	DATA 	Mouse:  Left button up, pos=(1760,558)
90.6939 	DATA 	Mouse: Left button down, pos=(982,1589)
90.7255 	EXP 	polygon_2: fillColor = 'black'
90.7255 	EXP 	polygon_2: lineColor = 'black'
90.7255 	EXP 	polygon_2: color = 'black'
90.7942 	DATA 	Mouse:  Left button up, pos=(983,1589)
91.4778 	DATA 	Keypress: space
91.4921 	EXP 	grid: autoDraw = False
91.4921 	EXP 	polygon: autoDraw = False
91.4921 	EXP 	polygon_2: autoDraw = False
91.4921 	EXP 	polygon_3: autoDraw = False
91.4921 	EXP 	polygon_4: autoDraw = False
91.4921 	EXP 	polygon_5: autoDraw = False
91.4921 	EXP 	polygon_6: autoDraw = False
91.4921 	EXP 	polygon_7: autoDraw = False
91.4921 	EXP 	polygon_8: autoDraw = False
91.4921 	EXP 	polygon_9: autoDraw = False
91.4921 	EXP 	polygon_10: autoDraw = False
91.4921 	EXP 	polygon_11: autoDraw = False
91.4921 	EXP 	polygon_12: autoDraw = False
91.4921 	EXP 	polygon_13: autoDraw = False
91.4921 	EXP 	polygon_14: autoDraw = False
91.4921 	EXP 	polygon_15: autoDraw = False
91.4921 	EXP 	polygon_16: autoDraw = False
91.4921 	EXP 	polygon_17: autoDraw = False
91.4921 	EXP 	polygon_18: autoDraw = False
91.4921 	EXP 	polygon_19: autoDraw = False
91.4921 	EXP 	polygon_20: autoDraw = False
91.4921 	EXP 	polygon_21: autoDraw = False
91.4921 	EXP 	polygon_22: autoDraw = False
91.4921 	EXP 	polygon_23: autoDraw = False
91.4921 	EXP 	polygon_24: autoDraw = False
91.4921 	EXP 	polygon_25: autoDraw = False
91.4921 	EXP 	rdy_txt: text = 'Press SPACE to begin the next trial.'
91.4921 	EXP 	rdy_txt: autoDraw = True
92.3299 	EXP 	New trial (rep=0, index=2): OrderedDict([('Running_Trial_Num', 3), ('trial_length', 2), ('rows', '4, 5'), ('correct_seq', ['polygon_21', 'polygon_8']), ('rdy_msg', 'Press SPACE to begin the next trial.')])
92.3519 	EXP 	Imported BLS_Stimuli.xlsx as conditions, 2 conditions, 6 params
92.3522 	EXP 	Created sequence: sequential, trialTypes=2, nReps=1, seed=None
92.3524 	EXP 	New trial (rep=0, index=0): OrderedDict([('span', 2), ('trial', 3), ('stimulus', 1), ('square', 8), ('location', [0, 0.195]), ('correct', 21)])
92.3552 	DATA 	Keypress: space
92.3755 	EXP 	rdy_txt: autoDraw = False
92.3755 	EXP 	Square: pos = array([0.   , 0.195])
92.3755 	EXP 	Grid: autoDraw = True
92.3755 	EXP 	Square: autoDraw = True
93.8424 	EXP 	New trial (rep=0, index=1): OrderedDict([('span', 2), ('trial', 3), ('stimulus', 2), ('square', 21), ('location', [-0.39, -0.39]), ('correct', 8)])
93.8588 	EXP 	Grid: autoDraw = False
93.8588 	EXP 	Square: autoDraw = False
93.8588 	EXP 	Square: pos = array([-0.39, -0.39])
93.8588 	EXP 	Grid: autoDraw = True
93.8588 	EXP 	Square: autoDraw = True
95.3754 	EXP 	Grid: autoDraw = False
95.3754 	EXP 	Square: autoDraw = False
95.3754 	EXP 	polygon: fillColor = 'white'
95.3754 	EXP 	polygon: lineColor = 'white'
95.3754 	EXP 	polygon: color = 'white'
95.3754 	EXP 	polygon_2: fillColor = 'white'
95.3754 	EXP 	polygon_2: lineColor = 'white'
95.3754 	EXP 	polygon_2: color = 'white'
95.3754 	EXP 	polygon_3: fillColor = 'white'
95.3754 	EXP 	polygon_3: lineColor = 'white'
95.3754 	EXP 	polygon_3: color = 'white'
95.3754 	EXP 	polygon_4: fillColor = 'white'
95.3754 	EXP 	polygon_4: lineColor = 'white'
95.3754 	EXP 	polygon_4: color = 'white'
95.3754 	EXP 	polygon_5: fillColor = 'white'
95.3754 	EXP 	polygon_5: lineColor = 'white'
95.3754 	EXP 	polygon_5: color = 'white'
95.3754 	EXP 	polygon_6: fillColor = 'white'
95.3754 	EXP 	polygon_6: lineColor = 'white'
95.3754 	EXP 	polygon_6: color = 'white'
95.3754 	EXP 	polygon_7: fillColor = 'white'
95.3754 	EXP 	polygon_7: lineColor = 'white'
95.3754 	EXP 	polygon_7: color = 'white'
95.3754 	EXP 	polygon_8: fillColor = 'white'
95.3754 	EXP 	polygon_8: lineColor = 'white'
95.3754 	EXP 	polygon_8: color = 'white'
95.3754 	EXP 	polygon_9: fillColor = 'white'
95.3754 	EXP 	polygon_9: lineColor = 'white'
95.3754 	EXP 	polygon_9: color = 'white'
95.3754 	EXP 	polygon_10: fillColor = 'white'
95.3754 	EXP 	polygon_10: lineColor = 'white'
95.3754 	EXP 	polygon_10: color = 'white'
95.3754 	EXP 	polygon_11: fillColor = 'white'
95.3754 	EXP 	polygon_11: lineColor = 'white'
95.3754 	EXP 	polygon_11: color = 'white'
95.3754 	EXP 	polygon_12: fillColor = 'white'
95.3754 	EXP 	polygon_12: lineColor = 'white'
95.3754 	EXP 	polygon_12: color = 'white'
95.3754 	EXP 	polygon_13: fillColor = 'white'
95.3754 	EXP 	polygon_13: lineColor = 'white'
95.3754 	EXP 	polygon_13: color = 'white'
95.3754 	EXP 	polygon_14: fillColor = 'white'
95.3754 	EXP 	polygon_14: lineColor = 'white'
95.3754 	EXP 	polygon_14: color = 'white'
95.3754 	EXP 	polygon_15: fillColor = 'white'
95.3754 	EXP 	polygon_15: lineColor = 'white'
95.3754 	EXP 	polygon_15: color = 'white'
95.3754 	EXP 	polygon_16: fillColor = 'white'
95.3754 	EXP 	polygon_16: lineColor = 'white'
95.3754 	EXP 	polygon_16: color = 'white'
95.3754 	EXP 	polygon_17: fillColor = 'white'
95.3754 	EXP 	polygon_17: lineColor = 'white'
95.3754 	EXP 	polygon_17: color = 'white'
95.3754 	EXP 	polygon_18: fillColor = 'white'
95.3754 	EXP 	polygon_18: lineColor = 'white'
95.3754 	EXP 	polygon_18: color = 'white'
95.3754 	EXP 	polygon_19: fillColor = 'white'
95.3754 	EXP 	polygon_19: lineColor = 'white'
95.3754 	EXP 	polygon_19: color = 'white'
95.3754 	EXP 	polygon_20: fillColor = 'white'
95.3754 	EXP 	polygon_20: lineColor = 'white'
95.3754 	EXP 	polygon_20: color = 'white'
95.3754 	EXP 	polygon_21: fillColor = 'white'
95.3754 	EXP 	polygon_21: lineColor = 'white'
95.3754 	EXP 	polygon_21: color = 'white'
95.3754 	EXP 	polygon_22: fillColor = 'white'
95.3754 	EXP 	polygon_22: lineColor = 'white'
95.3754 	EXP 	polygon_22: color = 'white'
95.3754 	EXP 	polygon_23: fillColor = 'white'
95.3754 	EXP 	polygon_23: lineColor = 'white'
95.3754 	EXP 	polygon_23: color = 'white'
95.3754 	EXP 	polygon_24: fillColor = 'white'
95.3754 	EXP 	polygon_24: lineColor = 'white'
95.3754 	EXP 	polygon_24: color = 'white'
95.3754 	EXP 	polygon_25: fillColor = 'white'
95.3754 	EXP 	polygon_25: lineColor = 'white'
95.3754 	EXP 	polygon_25: color = 'white'
95.3754 	EXP 	grid: autoDraw = True
95.3754 	EXP 	polygon: autoDraw = True
95.3754 	EXP 	polygon_2: autoDraw = True
95.3754 	EXP 	polygon_3: autoDraw = True
95.3754 	EXP 	polygon_4: autoDraw = True
95.3754 	EXP 	polygon_5: autoDraw = True
95.3754 	EXP 	polygon_6: autoDraw = True
95.3754 	EXP 	polygon_7: autoDraw = True
95.3754 	EXP 	polygon_8: autoDraw = True
95.3754 	EXP 	polygon_9: autoDraw = True
95.3754 	EXP 	polygon_10: autoDraw = True
95.3754 	EXP 	polygon_11: autoDraw = True
95.3754 	EXP 	polygon_12: autoDraw = True
95.3754 	EXP 	polygon_13: autoDraw = True
95.3754 	EXP 	polygon_14: autoDraw = True
95.3754 	EXP 	polygon_15: autoDraw = True
95.3754 	EXP 	polygon_16: autoDraw = True
95.3754 	EXP 	polygon_17: autoDraw = True
95.3754 	EXP 	polygon_18: autoDraw = True
95.3754 	EXP 	polygon_19: autoDraw = True
95.3754 	EXP 	polygon_20: autoDraw = True
95.3754 	EXP 	polygon_21: autoDraw = True
95.3754 	EXP 	polygon_22: autoDraw = True
95.3754 	EXP 	polygon_23: autoDraw = True
95.3754 	EXP 	polygon_24: autoDraw = True
95.3754 	EXP 	polygon_25: autoDraw = True
96.1773 	DATA 	Mouse: Left button down, pos=(806,208)
96.2087 	EXP 	polygon_21: fillColor = 'black'
96.2087 	EXP 	polygon_21: lineColor = 'black'
96.2087 	EXP 	polygon_21: color = 'black'
96.2775 	DATA 	Mouse:  Left button up, pos=(806,208)
98.5776 	DATA 	Mouse: Left button down, pos=(1488,1252)
98.6087 	EXP 	polygon_8: fillColor = 'black'
98.6087 	EXP 	polygon_8: lineColor = 'black'
98.6087 	EXP 	polygon_8: color = 'black'
98.7109 	DATA 	Mouse:  Left button up, pos=(1488,1252)
99.3943 	DATA 	Keypress: space
99.4085 	EXP 	grid: autoDraw = False
99.4085 	EXP 	polygon: autoDraw = False
99.4085 	EXP 	polygon_2: autoDraw = False
99.4085 	EXP 	polygon_3: autoDraw = False
99.4085 	EXP 	polygon_4: autoDraw = False
99.4085 	EXP 	polygon_5: autoDraw = False
99.4085 	EXP 	polygon_6: autoDraw = False
99.4085 	EXP 	polygon_7: autoDraw = False
99.4085 	EXP 	polygon_8: autoDraw = False
99.4085 	EXP 	polygon_9: autoDraw = False
99.4085 	EXP 	polygon_10: autoDraw = False
99.4085 	EXP 	polygon_11: autoDraw = False
99.4085 	EXP 	polygon_12: autoDraw = False
99.4085 	EXP 	polygon_13: autoDraw = False
99.4085 	EXP 	polygon_14: autoDraw = False
99.4085 	EXP 	polygon_15: autoDraw = False
99.4085 	EXP 	polygon_16: autoDraw = False
99.4085 	EXP 	polygon_17: autoDraw = False
99.4085 	EXP 	polygon_18: autoDraw = False
99.4085 	EXP 	polygon_19: autoDraw = False
99.4085 	EXP 	polygon_20: autoDraw = False
99.4085 	EXP 	polygon_21: autoDraw = False
99.4085 	EXP 	polygon_22: autoDraw = False
99.4085 	EXP 	polygon_23: autoDraw = False
99.4085 	EXP 	polygon_24: autoDraw = False
99.4085 	EXP 	polygon_25: autoDraw = False
99.4085 	EXP 	rdy_txt: text = 'Press SPACE to begin the next trial.'
99.4085 	EXP 	rdy_txt: autoDraw = True
100.2134 	EXP 	New trial (rep=0, index=3): OrderedDict([('Running_Trial_Num', 4), ('trial_length', 2), ('rows', '6, 7'), ('correct_seq', ['polygon_3', 'polygon_7']), ('rdy_msg', 'The next trial will have 3 locations.\n\nPress SPACE to begin.')])
100.2346 	EXP 	Imported BLS_Stimuli.xlsx as conditions, 2 conditions, 6 params
100.2348 	EXP 	Created sequence: sequential, trialTypes=2, nReps=1, seed=None
100.2351 	EXP 	New trial (rep=0, index=0): OrderedDict([('span', 2), ('trial', 4), ('stimulus', 1), ('square', 7), ('location', [-0.195, 0.195]), ('correct', 3)])
100.2375 	DATA 	Keypress: space
100.2586 	EXP 	rdy_txt: autoDraw = False
100.2586 	EXP 	Square: pos = array([-0.195,  0.195])
100.2586 	EXP 	Grid: autoDraw = True
100.2586 	EXP 	Square: autoDraw = True
101.7254 	EXP 	New trial (rep=0, index=1): OrderedDict([('span', 2), ('trial', 4), ('stimulus', 2), ('square', 3), ('location', [0, 0.39]), ('correct', 7)])
101.7419 	EXP 	Grid: autoDraw = False
101.7419 	EXP 	Square: autoDraw = False
101.7419 	EXP 	Square: pos = array([0.  , 0.39])
101.7419 	EXP 	Grid: autoDraw = True
101.7419 	EXP 	Square: autoDraw = True
103.2585 	EXP 	Grid: autoDraw = False
103.2585 	EXP 	Square: autoDraw = False
103.2585 	EXP 	polygon: fillColor = 'white'
103.2585 	EXP 	polygon: lineColor = 'white'
103.2585 	EXP 	polygon: color = 'white'
103.2585 	EXP 	polygon_2: fillColor = 'white'
103.2585 	EXP 	polygon_2: lineColor = 'white'
103.2585 	EXP 	polygon_2: color = 'white'
103.2585 	EXP 	polygon_3: fillColor = 'white'
103.2585 	EXP 	polygon_3: lineColor = 'white'
103.2585 	EXP 	polygon_3: color = 'white'
103.2585 	EXP 	polygon_4: fillColor = 'white'
103.2585 	EXP 	polygon_4: lineColor = 'white'
103.2585 	EXP 	polygon_4: color = 'white'
103.2585 	EXP 	polygon_5: fillColor = 'white'
103.2585 	EXP 	polygon_5: lineColor = 'white'
103.2585 	EXP 	polygon_5: color = 'white'
103.2585 	EXP 	polygon_6: fillColor = 'white'
103.2585 	EXP 	polygon_6: lineColor = 'white'
103.2585 	EXP 	polygon_6: color = 'white'
103.2585 	EXP 	polygon_7: fillColor = 'white'
103.2585 	EXP 	polygon_7: lineColor = 'white'
103.2585 	EXP 	polygon_7: color = 'white'
103.2585 	EXP 	polygon_8: fillColor = 'white'
103.2585 	EXP 	polygon_8: lineColor = 'white'
103.2585 	EXP 	polygon_8: color = 'white'
103.2585 	EXP 	polygon_9: fillColor = 'white'
103.2585 	EXP 	polygon_9: lineColor = 'white'
103.2585 	EXP 	polygon_9: color = 'white'
103.2585 	EXP 	polygon_10: fillColor = 'white'
103.2585 	EXP 	polygon_10: lineColor = 'white'
103.2585 	EXP 	polygon_10: color = 'white'
103.2585 	EXP 	polygon_11: fillColor = 'white'
103.2585 	EXP 	polygon_11: lineColor = 'white'
103.2585 	EXP 	polygon_11: color = 'white'
103.2585 	EXP 	polygon_12: fillColor = 'white'
103.2585 	EXP 	polygon_12: lineColor = 'white'
103.2585 	EXP 	polygon_12: color = 'white'
103.2585 	EXP 	polygon_13: fillColor = 'white'
103.2585 	EXP 	polygon_13: lineColor = 'white'
103.2585 	EXP 	polygon_13: color = 'white'
103.2585 	EXP 	polygon_14: fillColor = 'white'
103.2585 	EXP 	polygon_14: lineColor = 'white'
103.2585 	EXP 	polygon_14: color = 'white'
103.2585 	EXP 	polygon_15: fillColor = 'white'
103.2585 	EXP 	polygon_15: lineColor = 'white'
103.2585 	EXP 	polygon_15: color = 'white'
103.2585 	EXP 	polygon_16: fillColor = 'white'
103.2585 	EXP 	polygon_16: lineColor = 'white'
103.2585 	EXP 	polygon_16: color = 'white'
103.2585 	EXP 	polygon_17: fillColor = 'white'
103.2585 	EXP 	polygon_17: lineColor = 'white'
103.2585 	EXP 	polygon_17: color = 'white'
103.2585 	EXP 	polygon_18: fillColor = 'white'
103.2585 	EXP 	polygon_18: lineColor = 'white'
103.2585 	EXP 	polygon_18: color = 'white'
103.2585 	EXP 	polygon_19: fillColor = 'white'
103.2585 	EXP 	polygon_19: lineColor = 'white'
103.2585 	EXP 	polygon_19: color = 'white'
103.2585 	EXP 	polygon_20: fillColor = 'white'
103.2585 	EXP 	polygon_20: lineColor = 'white'
103.2585 	EXP 	polygon_20: color = 'white'
103.2585 	EXP 	polygon_21: fillColor = 'white'
103.2585 	EXP 	polygon_21: lineColor = 'white'
103.2585 	EXP 	polygon_21: color = 'white'
103.2585 	EXP 	polygon_22: fillColor = 'white'
103.2585 	EXP 	polygon_22: lineColor = 'white'
103.2585 	EXP 	polygon_22: color = 'white'
103.2585 	EXP 	polygon_23: fillColor = 'white'
103.2585 	EXP 	polygon_23: lineColor = 'white'
103.2585 	EXP 	polygon_23: color = 'white'
103.2585 	EXP 	polygon_24: fillColor = 'white'
103.2585 	EXP 	polygon_24: lineColor = 'white'
103.2585 	EXP 	polygon_24: color = 'white'
103.2585 	EXP 	polygon_25: fillColor = 'white'
103.2585 	EXP 	polygon_25: lineColor = 'white'
103.2585 	EXP 	polygon_25: color = 'white'
103.2585 	EXP 	grid: autoDraw = True
103.2585 	EXP 	polygon: autoDraw = True
103.2585 	EXP 	polygon_2: autoDraw = True
103.2585 	EXP 	polygon_3: autoDraw = True
103.2585 	EXP 	polygon_4: autoDraw = True
103.2585 	EXP 	polygon_5: autoDraw = True
103.2585 	EXP 	polygon_6: autoDraw = True
103.2585 	EXP 	polygon_7: autoDraw = True
103.2585 	EXP 	polygon_8: autoDraw = True
103.2585 	EXP 	polygon_9: autoDraw = True
103.2585 	EXP 	polygon_10: autoDraw = True
103.2585 	EXP 	polygon_11: autoDraw = True
103.2585 	EXP 	polygon_12: autoDraw = True
103.2585 	EXP 	polygon_13: autoDraw = True
103.2585 	EXP 	polygon_14: autoDraw = True
103.2585 	EXP 	polygon_15: autoDraw = True
103.2585 	EXP 	polygon_16: autoDraw = True
103.2585 	EXP 	polygon_17: autoDraw = True
103.2585 	EXP 	polygon_18: autoDraw = True
103.2585 	EXP 	polygon_19: autoDraw = True
103.2585 	EXP 	polygon_20: autoDraw = True
103.2585 	EXP 	polygon_21: autoDraw = True
103.2585 	EXP 	polygon_22: autoDraw = True
103.2585 	EXP 	polygon_23: autoDraw = True
103.2585 	EXP 	polygon_24: autoDraw = True
103.2585 	EXP 	polygon_25: autoDraw = True
103.8108 	DATA 	Mouse: Left button down, pos=(1190,1234)
103.8419 	EXP 	polygon_7: fillColor = 'black'
103.8419 	EXP 	polygon_7: lineColor = 'black'
103.8419 	EXP 	polygon_7: color = 'black'
103.9152 	DATA 	Mouse:  Left button up, pos=(1190,1234)
105.1305 	DATA 	Mouse: Left button down, pos=(1554,1569)
105.1918 	EXP 	polygon_3: fillColor = 'black'
105.1918 	EXP 	polygon_3: lineColor = 'black'
105.1918 	EXP 	polygon_3: color = 'black'
105.2275 	DATA 	Mouse:  Left button up, pos=(1554,1569)
105.5466 	DATA 	Keypress: space
105.6084 	EXP 	grid: autoDraw = False
105.6084 	EXP 	polygon: autoDraw = False
105.6084 	EXP 	polygon_2: autoDraw = False
105.6084 	EXP 	polygon_3: autoDraw = False
105.6084 	EXP 	polygon_4: autoDraw = False
105.6084 	EXP 	polygon_5: autoDraw = False
105.6084 	EXP 	polygon_6: autoDraw = False
105.6084 	EXP 	polygon_7: autoDraw = False
105.6084 	EXP 	polygon_8: autoDraw = False
105.6084 	EXP 	polygon_9: autoDraw = False
105.6084 	EXP 	polygon_10: autoDraw = False
105.6084 	EXP 	polygon_11: autoDraw = False
105.6084 	EXP 	polygon_12: autoDraw = False
105.6084 	EXP 	polygon_13: autoDraw = False
105.6084 	EXP 	polygon_14: autoDraw = False
105.6084 	EXP 	polygon_15: autoDraw = False
105.6084 	EXP 	polygon_16: autoDraw = False
105.6084 	EXP 	polygon_17: autoDraw = False
105.6084 	EXP 	polygon_18: autoDraw = False
105.6084 	EXP 	polygon_19: autoDraw = False
105.6084 	EXP 	polygon_20: autoDraw = False
105.6084 	EXP 	polygon_21: autoDraw = False
105.6084 	EXP 	polygon_22: autoDraw = False
105.6084 	EXP 	polygon_23: autoDraw = False
105.6084 	EXP 	polygon_24: autoDraw = False
105.6084 	EXP 	polygon_25: autoDraw = False
105.6084 	EXP 	rdy_txt: text = 'The next trial will have 3 locations.\n\nPress SPACE to begin.'
105.6084 	EXP 	rdy_txt: autoDraw = True
106.8961 	EXP 	New trial (rep=0, index=4): OrderedDict([('Running_Trial_Num', 5), ('trial_length', 3), ('rows', '8, 9, 10'), ('correct_seq', ['polygon_22', 'polygon_5', 'polygon_9']), ('rdy_msg', 'Press SPACE to begin the next trial.')])
106.9181 	EXP 	Imported BLS_Stimuli.xlsx as conditions, 3 conditions, 6 params
106.9184 	EXP 	Created sequence: sequential, trialTypes=3, nReps=1, seed=None
106.9186 	EXP 	New trial (rep=0, index=0): OrderedDict([('span', 3), ('trial', 1), ('stimulus', 1), ('square', 9), ('location', [0.195, 0.195]), ('correct', 22)])
106.9213 	DATA 	Keypress: space
106.9416 	EXP 	rdy_txt: autoDraw = False
106.9416 	EXP 	Square: pos = array([0.195, 0.195])
106.9416 	EXP 	Grid: autoDraw = True
106.9416 	EXP 	Square: autoDraw = True
108.4087 	EXP 	New trial (rep=0, index=1): OrderedDict([('span', 3), ('trial', 1), ('stimulus', 2), ('square', 5), ('location', [0.39, 0.39]), ('correct', 5)])
108.4251 	EXP 	Grid: autoDraw = False
108.4251 	EXP 	Square: autoDraw = False
108.4251 	EXP 	Square: pos = array([0.39, 0.39])
108.4251 	EXP 	Grid: autoDraw = True
108.4251 	EXP 	Square: autoDraw = True
109.9086 	EXP 	New trial (rep=0, index=2): OrderedDict([('span', 3), ('trial', 1), ('stimulus', 3), ('square', 22), ('location', [-0.195, -0.39]), ('correct', 9)])
109.9249 	EXP 	Grid: autoDraw = False
109.9249 	EXP 	Square: autoDraw = False
109.9249 	EXP 	Square: pos = array([-0.195, -0.39 ])
109.9249 	EXP 	Grid: autoDraw = True
109.9249 	EXP 	Square: autoDraw = True
111.4418 	EXP 	Grid: autoDraw = False
111.4418 	EXP 	Square: autoDraw = False
111.4418 	EXP 	polygon: fillColor = 'white'
111.4418 	EXP 	polygon: lineColor = 'white'
111.4418 	EXP 	polygon: color = 'white'
111.4418 	EXP 	polygon_2: fillColor = 'white'
111.4418 	EXP 	polygon_2: lineColor = 'white'
111.4418 	EXP 	polygon_2: color = 'white'
111.4418 	EXP 	polygon_3: fillColor = 'white'
111.4418 	EXP 	polygon_3: lineColor = 'white'
111.4418 	EXP 	polygon_3: color = 'white'
111.4418 	EXP 	polygon_4: fillColor = 'white'
111.4418 	EXP 	polygon_4: lineColor = 'white'
111.4418 	EXP 	polygon_4: color = 'white'
111.4418 	EXP 	polygon_5: fillColor = 'white'
111.4418 	EXP 	polygon_5: lineColor = 'white'
111.4418 	EXP 	polygon_5: color = 'white'
111.4418 	EXP 	polygon_6: fillColor = 'white'
111.4418 	EXP 	polygon_6: lineColor = 'white'
111.4418 	EXP 	polygon_6: color = 'white'
111.4418 	EXP 	polygon_7: fillColor = 'white'
111.4418 	EXP 	polygon_7: lineColor = 'white'
111.4418 	EXP 	polygon_7: color = 'white'
111.4418 	EXP 	polygon_8: fillColor = 'white'
111.4418 	EXP 	polygon_8: lineColor = 'white'
111.4418 	EXP 	polygon_8: color = 'white'
111.4418 	EXP 	polygon_9: fillColor = 'white'
111.4418 	EXP 	polygon_9: lineColor = 'white'
111.4418 	EXP 	polygon_9: color = 'white'
111.4418 	EXP 	polygon_10: fillColor = 'white'
111.4418 	EXP 	polygon_10: lineColor = 'white'
111.4418 	EXP 	polygon_10: color = 'white'
111.4418 	EXP 	polygon_11: fillColor = 'white'
111.4418 	EXP 	polygon_11: lineColor = 'white'
111.4418 	EXP 	polygon_11: color = 'white'
111.4418 	EXP 	polygon_12: fillColor = 'white'
111.4418 	EXP 	polygon_12: lineColor = 'white'
111.4418 	EXP 	polygon_12: color = 'white'
111.4418 	EXP 	polygon_13: fillColor = 'white'
111.4418 	EXP 	polygon_13: lineColor = 'white'
111.4418 	EXP 	polygon_13: color = 'white'
111.4418 	EXP 	polygon_14: fillColor = 'white'
111.4418 	EXP 	polygon_14: lineColor = 'white'
111.4418 	EXP 	polygon_14: color = 'white'
111.4418 	EXP 	polygon_15: fillColor = 'white'
111.4418 	EXP 	polygon_15: lineColor = 'white'
111.4418 	EXP 	polygon_15: color = 'white'
111.4418 	EXP 	polygon_16: fillColor = 'white'
111.4418 	EXP 	polygon_16: lineColor = 'white'
111.4418 	EXP 	polygon_16: color = 'white'
111.4418 	EXP 	polygon_17: fillColor = 'white'
111.4418 	EXP 	polygon_17: lineColor = 'white'
111.4418 	EXP 	polygon_17: color = 'white'
111.4418 	EXP 	polygon_18: fillColor = 'white'
111.4418 	EXP 	polygon_18: lineColor = 'white'
111.4418 	EXP 	polygon_18: color = 'white'
111.4418 	EXP 	polygon_19: fillColor = 'white'
111.4418 	EXP 	polygon_19: lineColor = 'white'
111.4418 	EXP 	polygon_19: color = 'white'
111.4418 	EXP 	polygon_20: fillColor = 'white'
111.4418 	EXP 	polygon_20: lineColor = 'white'
111.4418 	EXP 	polygon_20: color = 'white'
111.4418 	EXP 	polygon_21: fillColor = 'white'
111.4418 	EXP 	polygon_21: lineColor = 'white'
111.4418 	EXP 	polygon_21: color = 'white'
111.4418 	EXP 	polygon_22: fillColor = 'white'
111.4418 	EXP 	polygon_22: lineColor = 'white'
111.4418 	EXP 	polygon_22: color = 'white'
111.4418 	EXP 	polygon_23: fillColor = 'white'
111.4418 	EXP 	polygon_23: lineColor = 'white'
111.4418 	EXP 	polygon_23: color = 'white'
111.4418 	EXP 	polygon_24: fillColor = 'white'
111.4418 	EXP 	polygon_24: lineColor = 'white'
111.4418 	EXP 	polygon_24: color = 'white'
111.4418 	EXP 	polygon_25: fillColor = 'white'
111.4418 	EXP 	polygon_25: lineColor = 'white'
111.4418 	EXP 	polygon_25: color = 'white'
111.4418 	EXP 	grid: autoDraw = True
111.4418 	EXP 	polygon: autoDraw = True
111.4418 	EXP 	polygon_2: autoDraw = True
111.4418 	EXP 	polygon_3: autoDraw = True
111.4418 	EXP 	polygon_4: autoDraw = True
111.4418 	EXP 	polygon_5: autoDraw = True
111.4418 	EXP 	polygon_6: autoDraw = True
111.4418 	EXP 	polygon_7: autoDraw = True
111.4418 	EXP 	polygon_8: autoDraw = True
111.4418 	EXP 	polygon_9: autoDraw = True
111.4418 	EXP 	polygon_10: autoDraw = True
111.4418 	EXP 	polygon_11: autoDraw = True
111.4418 	EXP 	polygon_12: autoDraw = True
111.4418 	EXP 	polygon_13: autoDraw = True
111.4418 	EXP 	polygon_14: autoDraw = True
111.4418 	EXP 	polygon_15: autoDraw = True
111.4418 	EXP 	polygon_16: autoDraw = True
111.4418 	EXP 	polygon_17: autoDraw = True
111.4418 	EXP 	polygon_18: autoDraw = True
111.4418 	EXP 	polygon_19: autoDraw = True
111.4418 	EXP 	polygon_20: autoDraw = True
111.4418 	EXP 	polygon_21: autoDraw = True
111.4418 	EXP 	polygon_22: autoDraw = True
111.4418 	EXP 	polygon_23: autoDraw = True
111.4418 	EXP 	polygon_24: autoDraw = True
111.4418 	EXP 	polygon_25: autoDraw = True
111.7115 	DATA 	Mouse: Left button down, pos=(1725,1289)
111.7417 	EXP 	polygon_9: fillColor = 'black'
111.7417 	EXP 	polygon_9: lineColor = 'black'
111.7417 	EXP 	polygon_9: color = 'black'
111.8127 	DATA 	Mouse:  Left button up, pos=(1725,1289)
112.2967 	DATA 	Mouse: Left button down, pos=(1471,1226)
112.3583 	EXP 	polygon_8: fillColor = 'black'
112.3583 	EXP 	polygon_8: lineColor = 'black'
112.3583 	EXP 	polygon_8: color = 'black'
112.3940 	DATA 	Mouse:  Left button up, pos=(1471,1226)
112.7938 	DATA 	Mouse: Left button down, pos=(1071,1134)
112.8250 	EXP 	polygon_7: fillColor = 'black'
112.8250 	EXP 	polygon_7: lineColor = 'black'
112.8250 	EXP 	polygon_7: color = 'black'
112.8938 	DATA 	Mouse:  Left button up, pos=(1071,1134)
113.1607 	DATA 	Keypress: space
113.2312 	EXP 	window1: mouseVisible = True
