10.2970 	WARNING 	User requested fullscreen with size [1440  900], but screen is actually [2880, 1800]. Using actual size
11.5050 	EXP 	Created window1 = Window(allowGUI=False, allowStencil=False, args=UNKNOWN, autoLog=True, bitsMode=UNKNOWN, blendMode='avg', color=array([0., 0., 0.]), colorSpace='hsv', fullscr=<method-wrapper '__getattribute__' of attributeSetter object at 0x000002C1BAEE1F28>, gamma=None, gammaErrorPolicy='raise', kwargs=UNKNOWN, lms=UNKNOWN, monitor=<psychopy.monitors.calibTools.Monitor object at 0x000002C1C91B60F0>, multiSample=False, name='window1', numSamples=2, pos=[0.0, 0.0], screen=0, size=array([2880, 1800]), stereo=False, units='height', useFBO=True, useRetina=False, viewOri=0.0, viewPos=None, viewScale=None, waitBlanking=True, winType='pyglet')
11.5050 	EXP 	window1: recordFrameIntervals = False
11.6710 	EXP 	window1: recordFrameIntervals = True
11.8547 	EXP 	window1: recordFrameIntervals = False
12.2739 	EXP 	Created instr_text = TextStim(__class__=<class 'psychopy.visual.text.TextStim'>, alignHoriz='center', alignVert='center', antialias=True, autoLog=True, bold=False, color='white', colorSpace='named', contrast=1.0, depth=0.0, flipHoriz=False, flipVert=False, font='Arial', fontFiles=[], height=0.05, italic=False, languageStyle='LTR', name='instr_text', opacity=1.0, ori=0, pos=array([0., 0.]), rgb=array([255., 255., 255.]), text='default text', units='height', win=Window(...), wrapWidth=1)
12.2772 	EXP 	Created cont_text = TextStim(__class__=<class 'psychopy.visual.text.TextStim'>, alignHoriz='center', alignVert='center', antialias=True, autoLog=True, bold=False, color='white', colorSpace='named', contrast=1.0, depth=-1.0, flipHoriz=False, flipVert=False, font='Arial', fontFiles=[], height=0.05, italic=False, languageStyle='LTR', name='cont_text', opacity=1.0, ori=0, pos=array([ 0. , -0.4]), rgb=array([255., 255., 255.]), text='default text', units='height', win=Window(...), wrapWidth=1)
12.3774 	EXP 	Created Grid = ImageStim(__class__=<class 'psychopy.visual.image.ImageStim'>, autoLog=True, color=array([1., 1., 1.]), colorSpace='rgb', contrast=1.0, depth=0.0, flipHoriz=False, flipVert=False, image='Blank Grid.jpg', interpolate=True, mask=None, maskParams=None, name='Grid', opacity=1.0, ori=0.0, pos=array([0., 0.]), size=array([1., 1.]), texRes=128, units='height', win=Window(...))
12.3841 	EXP 	Created Square = Rect(__class__=<class 'psychopy.visual.rect.Rect'>, autoDraw=False, autoLog=True, closeShape=True, color=method-wrapper(...), colorSpace=None, contrast=1.0, depth=-1.0, fillColor=array([255.,   0.,   0.]), fillColorSpace='rgb255', fillRGB=array([255.,   0.,   0.]), interpolate=True, lineColor=array([255.,   0.,   0.]), lineColorSpace='rgb', lineRGB=array([255.,   0.,   0.]), lineWidth=1, name='Square', opacity=1.0, ori=array(0.), pos=array([0., 0.]), size=array([1., 1.]), units='height', vertices=ndarray(...), win=Window(...))
12.4808 	EXP 	Created grid = ImageStim(__class__=<class 'psychopy.visual.image.ImageStim'>, autoLog=True, color=array([1., 1., 1.]), colorSpace='rgb', contrast=1.0, depth=0.0, flipHoriz=False, flipVert=False, image='Blank Grid.jpg', interpolate=True, mask=None, maskParams=None, name='grid', opacity=1.0, ori=0.0, pos=array([0., 0.]), size=array([1., 1.]), texRes=128, units='height', win=Window(...))
12.4816 	EXP 	Created polygon = Rect(__class__=<class 'psychopy.visual.rect.Rect'>, autoDraw=False, autoLog=True, closeShape=True, color=method-wrapper(...), colorSpace=None, contrast=1.0, depth=-2.0, fillColor='white', fillColorSpace='named', fillRGB=array([255., 255., 255.]), interpolate=True, lineColor='white', lineColorSpace='named', lineRGB=array([255., 255., 255.]), lineWidth=1, name='polygon', opacity=1.0, ori=array(0.), pos=array([-0.386 ,  0.3875]), size=array([1., 1.]), units='height', vertices=ndarray(...), win=Window(...))
12.4823 	EXP 	Created polygon_2 = Rect(__class__=<class 'psychopy.visual.rect.Rect'>, autoDraw=False, autoLog=True, closeShape=True, color=method-wrapper(...), colorSpace=None, contrast=1.0, depth=-3.0, fillColor='white', fillColorSpace='named', fillRGB=array([255., 255., 255.]), interpolate=True, lineColor='white', lineColorSpace='named', lineRGB=array([255., 255., 255.]), lineWidth=1, name='polygon_2', opacity=1.0, ori=array(0.), pos=array([-0.193 ,  0.3875]), size=array([1., 1.]), units='height', vertices=ndarray(...), win=Window(...))
12.4830 	EXP 	Created polygon_3 = Rect(__class__=<class 'psychopy.visual.rect.Rect'>, autoDraw=False, autoLog=True, closeShape=True, color=method-wrapper(...), colorSpace=None, contrast=1.0, depth=-4.0, fillColor='white', fillColorSpace='named', fillRGB=array([255., 255., 255.]), interpolate=True, lineColor='white', lineColorSpace='named', lineRGB=array([255., 255., 255.]), lineWidth=1, name='polygon_3', opacity=1.0, ori=array(0.), pos=array([0.    , 0.3875]), size=array([1., 1.]), units='height', vertices=ndarray(...), win=Window(...))
12.4837 	EXP 	Created polygon_4 = Rect(__class__=<class 'psychopy.visual.rect.Rect'>, autoDraw=False, autoLog=True, closeShape=True, color=method-wrapper(...), colorSpace=None, contrast=1.0, depth=-5.0, fillColor='white', fillColorSpace='named', fillRGB=array([255., 255., 255.]), interpolate=True, lineColor='white', lineColorSpace='named', lineRGB=array([255., 255., 255.]), lineWidth=1, name='polygon_4', opacity=1.0, ori=array(0.), pos=array([0.193 , 0.3875]), size=array([1., 1.]), units='height', vertices=ndarray(...), win=Window(...))
12.4844 	EXP 	Created polygon_5 = Rect(__class__=<class 'psychopy.visual.rect.Rect'>, autoDraw=False, autoLog=True, closeShape=True, color=method-wrapper(...), colorSpace=None, contrast=1.0, depth=-6.0, fillColor='white', fillColorSpace='named', fillRGB=array([255., 255., 255.]), interpolate=True, lineColor='white', lineColorSpace='named', lineRGB=array([255., 255., 255.]), lineWidth=1, name='polygon_5', opacity=1.0, ori=array(0.), pos=array([0.386 , 0.3875]), size=array([1., 1.]), units='height', vertices=ndarray(...), win=Window(...))
12.4851 	EXP 	Created polygon_6 = Rect(__class__=<class 'psychopy.visual.rect.Rect'>, autoDraw=False, autoLog=True, closeShape=True, color=method-wrapper(...), colorSpace=None, contrast=1.0, depth=-7.0, fillColor='white', fillColorSpace='named', fillRGB=array([255., 255., 255.]), interpolate=True, lineColor='white', lineColorSpace='named', lineRGB=array([255., 255., 255.]), lineWidth=1, name='polygon_6', opacity=1.0, ori=array(0.), pos=array([-0.386  ,  0.19415]), size=array([1., 1.]), units='height', vertices=ndarray(...), win=Window(...))
12.4858 	EXP 	Created polygon_7 = Rect(__class__=<class 'psychopy.visual.rect.Rect'>, autoDraw=False, autoLog=True, closeShape=True, color=method-wrapper(...), colorSpace=None, contrast=1.0, depth=-8.0, fillColor='white', fillColorSpace='named', fillRGB=array([255., 255., 255.]), interpolate=True, lineColor='white', lineColorSpace='named', lineRGB=array([255., 255., 255.]), lineWidth=1, name='polygon_7', opacity=1.0, ori=array(0.), pos=array([-0.193  ,  0.19415]), size=array([1., 1.]), units='height', vertices=ndarray(...), win=Window(...))
12.4865 	EXP 	Created polygon_8 = Rect(__class__=<class 'psychopy.visual.rect.Rect'>, autoDraw=False, autoLog=True, closeShape=True, color=method-wrapper(...), colorSpace=None, contrast=1.0, depth=-9.0, fillColor='white', fillColorSpace='named', fillRGB=array([255., 255., 255.]), interpolate=True, lineColor='white', lineColorSpace='named', lineRGB=array([255., 255., 255.]), lineWidth=1, name='polygon_8', opacity=1.0, ori=array(0.), pos=array([0.     , 0.19415]), size=array([1., 1.]), units='height', vertices=ndarray(...), win=Window(...))
12.4872 	EXP 	Created polygon_9 = Rect(__class__=<class 'psychopy.visual.rect.Rect'>, autoDraw=False, autoLog=True, closeShape=True, color=method-wrapper(...), colorSpace=None, contrast=1.0, depth=-10.0, fillColor='white', fillColorSpace='named', fillRGB=array([255., 255., 255.]), interpolate=True, lineColor='white', lineColorSpace='named', lineRGB=array([255., 255., 255.]), lineWidth=1, name='polygon_9', opacity=1.0, ori=array(0.), pos=array([0.193  , 0.19415]), size=array([1., 1.]), units='height', vertices=ndarray(...), win=Window(...))
12.4878 	EXP 	Created polygon_10 = Rect(__class__=<class 'psychopy.visual.rect.Rect'>, autoDraw=False, autoLog=True, closeShape=True, color=method-wrapper(...), colorSpace=None, contrast=1.0, depth=-11.0, fillColor='white', fillColorSpace='named', fillRGB=array([255., 255., 255.]), interpolate=True, lineColor='white', lineColorSpace='named', lineRGB=array([255., 255., 255.]), lineWidth=1, name='polygon_10', opacity=1.0, ori=array(0.), pos=array([0.386  , 0.19415]), size=array([1., 1.]), units='height', vertices=ndarray(...), win=Window(...))
12.4885 	EXP 	Created polygon_11 = Rect(__class__=<class 'psychopy.visual.rect.Rect'>, autoDraw=False, autoLog=True, closeShape=True, color=method-wrapper(...), colorSpace=None, contrast=1.0, depth=-12.0, fillColor='white', fillColorSpace='named', fillRGB=array([255., 255., 255.]), interpolate=True, lineColor='white', lineColorSpace='named', lineRGB=array([255., 255., 255.]), lineWidth=1, name='polygon_11', opacity=1.0, ori=array(0.), pos=array([-0.386,  0.   ]), size=array([1., 1.]), units='height', vertices=ndarray(...), win=Window(...))
12.4892 	EXP 	Created polygon_12 = Rect(__class__=<class 'psychopy.visual.rect.Rect'>, autoDraw=False, autoLog=True, closeShape=True, color=method-wrapper(...), colorSpace=None, contrast=1.0, depth=-13.0, fillColor='white', fillColorSpace='named', fillRGB=array([255., 255., 255.]), interpolate=True, lineColor='white', lineColorSpace='named', lineRGB=array([255., 255., 255.]), lineWidth=1, name='polygon_12', opacity=1.0, ori=array(0.), pos=array([-0.193,  0.   ]), size=array([1., 1.]), units='height', vertices=ndarray(...), win=Window(...))
12.4899 	EXP 	Created polygon_13 = Rect(__class__=<class 'psychopy.visual.rect.Rect'>, autoDraw=False, autoLog=True, closeShape=True, color=method-wrapper(...), colorSpace=None, contrast=1.0, depth=-14.0, fillColor='white', fillColorSpace='named', fillRGB=array([255., 255., 255.]), interpolate=True, lineColor='white', lineColorSpace='named', lineRGB=array([255., 255., 255.]), lineWidth=1, name='polygon_13', opacity=1.0, ori=array(0.), pos=array([0., 0.]), size=array([1., 1.]), units='height', vertices=ndarray(...), win=Window(...))
12.4905 	EXP 	Created polygon_14 = Rect(__class__=<class 'psychopy.visual.rect.Rect'>, autoDraw=False, autoLog=True, closeShape=True, color=method-wrapper(...), colorSpace=None, contrast=1.0, depth=-15.0, fillColor='white', fillColorSpace='named', fillRGB=array([255., 255., 255.]), interpolate=True, lineColor='white', lineColorSpace='named', lineRGB=array([255., 255., 255.]), lineWidth=1, name='polygon_14', opacity=1.0, ori=array(0.), pos=array([0.193, 0.   ]), size=array([1., 1.]), units='height', vertices=ndarray(...), win=Window(...))
12.4913 	EXP 	Created polygon_15 = Rect(__class__=<class 'psychopy.visual.rect.Rect'>, autoDraw=False, autoLog=True, closeShape=True, color=method-wrapper(...), colorSpace=None, contrast=1.0, depth=-16.0, fillColor='white', fillColorSpace='named', fillRGB=array([255., 255., 255.]), interpolate=True, lineColor='white', lineColorSpace='named', lineRGB=array([255., 255., 255.]), lineWidth=1, name='polygon_15', opacity=1.0, ori=array(0.), pos=array([0.386, 0.   ]), size=array([1., 1.]), units='height', vertices=ndarray(...), win=Window(...))
12.4920 	EXP 	Created polygon_16 = Rect(__class__=<class 'psychopy.visual.rect.Rect'>, autoDraw=False, autoLog=True, closeShape=True, color=method-wrapper(...), colorSpace=None, contrast=1.0, depth=-17.0, fillColor='white', fillColorSpace='named', fillRGB=array([255., 255., 255.]), interpolate=True, lineColor='white', lineColorSpace='named', lineRGB=array([255., 255., 255.]), lineWidth=1, name='polygon_16', opacity=1.0, ori=array(0.), pos=array([-0.386  , -0.19415]), size=array([1., 1.]), units='height', vertices=ndarray(...), win=Window(...))
12.4926 	EXP 	Created polygon_17 = Rect(__class__=<class 'psychopy.visual.rect.Rect'>, autoDraw=False, autoLog=True, closeShape=True, color=method-wrapper(...), colorSpace=None, contrast=1.0, depth=-18.0, fillColor='white', fillColorSpace='named', fillRGB=array([255., 255., 255.]), interpolate=True, lineColor='white', lineColorSpace='named', lineRGB=array([255., 255., 255.]), lineWidth=1, name='polygon_17', opacity=1.0, ori=array(0.), pos=array([-0.193  , -0.19415]), size=array([1., 1.]), units='height', vertices=ndarray(...), win=Window(...))
12.4933 	EXP 	Created polygon_18 = Rect(__class__=<class 'psychopy.visual.rect.Rect'>, autoDraw=False, autoLog=True, closeShape=True, color=method-wrapper(...), colorSpace=None, contrast=1.0, depth=-19.0, fillColor='white', fillColorSpace='named', fillRGB=array([255., 255., 255.]), interpolate=True, lineColor='white', lineColorSpace='named', lineRGB=array([255., 255., 255.]), lineWidth=1, name='polygon_18', opacity=1.0, ori=array(0.), pos=array([ 0.     , -0.19415]), size=array([1., 1.]), units='height', vertices=ndarray(...), win=Window(...))
12.4940 	EXP 	Created polygon_19 = Rect(__class__=<class 'psychopy.visual.rect.Rect'>, autoDraw=False, autoLog=True, closeShape=True, color=method-wrapper(...), colorSpace=None, contrast=1.0, depth=-20.0, fillColor='white', fillColorSpace='named', fillRGB=array([255., 255., 255.]), interpolate=True, lineColor='white', lineColorSpace='named', lineRGB=array([255., 255., 255.]), lineWidth=1, name='polygon_19', opacity=1.0, ori=array(0.), pos=array([ 0.193  , -0.19415]), size=array([1., 1.]), units='height', vertices=ndarray(...), win=Window(...))
12.4947 	EXP 	Created polygon_20 = Rect(__class__=<class 'psychopy.visual.rect.Rect'>, autoDraw=False, autoLog=True, closeShape=True, color=method-wrapper(...), colorSpace=None, contrast=1.0, depth=-21.0, fillColor='white', fillColorSpace='named', fillRGB=array([255., 255., 255.]), interpolate=True, lineColor='white', lineColorSpace='named', lineRGB=array([255., 255., 255.]), lineWidth=1, name='polygon_20', opacity=1.0, ori=array(0.), pos=array([ 0.386  , -0.19415]), size=array([1., 1.]), units='height', vertices=ndarray(...), win=Window(...))
12.4954 	EXP 	Created polygon_21 = Rect(__class__=<class 'psychopy.visual.rect.Rect'>, autoDraw=False, autoLog=True, closeShape=True, color=method-wrapper(...), colorSpace=None, contrast=1.0, depth=-22.0, fillColor='white', fillColorSpace='named', fillRGB=array([255., 255., 255.]), interpolate=True, lineColor='white', lineColorSpace='named', lineRGB=array([255., 255., 255.]), lineWidth=1, name='polygon_21', opacity=1.0, ori=array(0.), pos=array([-0.386 , -0.3875]), size=array([1., 1.]), units='height', vertices=ndarray(...), win=Window(...))
12.4960 	EXP 	Created polygon_22 = Rect(__class__=<class 'psychopy.visual.rect.Rect'>, autoDraw=False, autoLog=True, closeShape=True, color=method-wrapper(...), colorSpace=None, contrast=1.0, depth=-23.0, fillColor='white', fillColorSpace='named', fillRGB=array([255., 255., 255.]), interpolate=True, lineColor='white', lineColorSpace='named', lineRGB=array([255., 255., 255.]), lineWidth=1, name='polygon_22', opacity=1.0, ori=array(0.), pos=array([-0.193 , -0.3875]), size=array([1., 1.]), units='height', vertices=ndarray(...), win=Window(...))
12.4967 	EXP 	Created polygon_23 = Rect(__class__=<class 'psychopy.visual.rect.Rect'>, autoDraw=False, autoLog=True, closeShape=True, color=method-wrapper(...), colorSpace=None, contrast=1.0, depth=-24.0, fillColor='white', fillColorSpace='named', fillRGB=array([255., 255., 255.]), interpolate=True, lineColor='white', lineColorSpace='named', lineRGB=array([255., 255., 255.]), lineWidth=1, name='polygon_23', opacity=1.0, ori=array(0.), pos=array([ 0.    , -0.3875]), size=array([1., 1.]), units='height', vertices=ndarray(...), win=Window(...))
12.4974 	EXP 	Created polygon_24 = Rect(__class__=<class 'psychopy.visual.rect.Rect'>, autoDraw=False, autoLog=True, closeShape=True, color=method-wrapper(...), colorSpace=None, contrast=1.0, depth=-25.0, fillColor='white', fillColorSpace='named', fillRGB=array([255., 255., 255.]), interpolate=True, lineColor='white', lineColorSpace='named', lineRGB=array([255., 255., 255.]), lineWidth=1, name='polygon_24', opacity=1.0, ori=array(0.), pos=array([ 0.193 , -0.3875]), size=array([1., 1.]), units='height', vertices=ndarray(...), win=Window(...))
12.4981 	EXP 	Created polygon_25 = Rect(__class__=<class 'psychopy.visual.rect.Rect'>, autoDraw=False, autoLog=True, closeShape=True, color=method-wrapper(...), colorSpace=None, contrast=1.0, depth=-26.0, fillColor='white', fillColorSpace='named', fillRGB=array([255., 255., 255.]), interpolate=True, lineColor='white', lineColorSpace='named', lineRGB=array([255., 255., 255.]), lineWidth=1, name='polygon_25', opacity=1.0, ori=array(0.), pos=array([ 0.386 , -0.3875]), size=array([1., 1.]), units='height', vertices=ndarray(...), win=Window(...))
12.5018 	EXP 	Created rdy_txt = TextStim(__class__=<class 'psychopy.visual.text.TextStim'>, alignHoriz='center', alignVert='center', antialias=True, autoLog=True, bold=False, color='white', colorSpace='named', contrast=1.0, depth=0.0, flipHoriz=False, flipVert=False, font='Arial', fontFiles=[], height=0.05, italic=False, languageStyle='LTR', name='rdy_txt', opacity=1.0, ori=0, pos=array([0., 0.]), rgb=array([255., 255., 255.]), text='default text', units='height', win=Window(...), wrapWidth=1)
12.5424 	EXP 	Created thx_text = TextStim(__class__=<class 'psychopy.visual.text.TextStim'>, alignHoriz='center', alignVert='center', antialias=True, autoLog=True, bold=False, color='white', colorSpace='named', contrast=1.0, depth=0.0, flipHoriz=False, flipVert=False, font='Arial', fontFiles=[], height=0.05, italic=False, languageStyle='LTR', name='thx_text', opacity=1.0, ori=0, pos=array([0., 0.]), rgb=array([255., 255., 255.]), text=str(...), units='height', win=Window(...), wrapWidth=1)
12.5905 	EXP 	Imported BLS_Instructions.xlsx as conditions, 4 conditions, 3 params
12.5907 	EXP 	Created sequence: sequential, trialTypes=4, nReps=1, seed=None
12.5909 	EXP 	New trial (rep=0, index=0): OrderedDict([('index', 0), ('instr_txt', 'On this task, you will see a grid and some squares representing locations.\n\nThese locations will be presented one-by-one.'), ('cont_txt', 'Press SPACE for more instructions.')])
12.7045 	EXP 	instr_text: text = 'On this task, you will see a grid and some squares representing locations.\n\nThese locations will be presented one-by-one.'
12.7045 	EXP 	cont_text: text = 'Press SPACE for more instructions.'
12.7045 	EXP 	instr_text: autoDraw = True
12.7045 	EXP 	cont_text: autoDraw = True
18.8595 	EXP 	New trial (rep=0, index=1): OrderedDict([('index', 1), ('instr_txt', 'When you have seen all the locations, \nclick the locations that you saw starting with the last location and continuing in REVERSE ORDER. '), ('cont_txt', 'Press SPACE for more instructions.')])
18.9245 	DATA 	Keypress: space
18.9376 	EXP 	instr_text: autoDraw = False
18.9376 	EXP 	cont_text: autoDraw = False
18.9376 	EXP 	instr_text: text = 'When you have seen all the locations, \nclick the locations that you saw starting with the last location and continuing in REVERSE ORDER. '
18.9376 	EXP 	cont_text: text = 'Press SPACE for more instructions.'
18.9376 	EXP 	instr_text: autoDraw = True
18.9376 	EXP 	cont_text: autoDraw = True
23.6422 	EXP 	New trial (rep=0, index=2): OrderedDict([('index', 2), ('instr_txt', 'So, if there were 2 locations\nyou would click the second location, then the first location.'), ('cont_txt', 'Press SPACE for more instructions.')])
23.6830 	DATA 	Keypress: space
23.6875 	EXP 	instr_text: autoDraw = False
23.6875 	EXP 	cont_text: autoDraw = False
23.6875 	EXP 	instr_text: text = 'So, if there were 2 locations\nyou would click the second location, then the first location.'
23.6875 	EXP 	cont_text: text = 'Press SPACE for more instructions.'
23.6875 	EXP 	instr_text: autoDraw = True
23.6875 	EXP 	cont_text: autoDraw = True
29.9914 	EXP 	New trial (rep=0, index=3): OrderedDict([('index', 3), ('instr_txt', 'Again, click the boxes in reverse order.\n\nThen press SPACE to submit your answer.'), ('cont_txt', 'Press SPACE to begin.')])
30.0351 	DATA 	Keypress: space
30.0540 	EXP 	instr_text: autoDraw = False
30.0540 	EXP 	cont_text: autoDraw = False
30.0540 	EXP 	instr_text: text = 'Again, click the boxes in reverse order.\n\nThen press SPACE to submit your answer.'
30.0540 	EXP 	cont_text: text = 'Press SPACE to begin.'
30.0540 	EXP 	instr_text: autoDraw = True
30.0540 	EXP 	cont_text: autoDraw = True
34.4843 	EXP 	Imported BLS_Trials.xlsx as conditions, 32 conditions, 5 params
34.4846 	EXP 	Created sequence: sequential, trialTypes=32, nReps=1, seed=None
34.4848 	EXP 	New trial (rep=0, index=0): OrderedDict([('Running_Trial_Num', 1), ('trial_length', 2), ('rows', '0, 1'), ('correct_seq', ['polygon_18', 'polygon_10']), ('rdy_msg', 'Press SPACE to begin the next trial.')])
34.5101 	EXP 	Imported BLS_Stimuli.xlsx as conditions, 2 conditions, 6 params
34.5103 	EXP 	Created sequence: sequential, trialTypes=2, nReps=1, seed=None
34.5106 	EXP 	New trial (rep=0, index=0): OrderedDict([('span', 2), ('trial', 1), ('stimulus', 1), ('square', 10), ('location', [0.39, 0.195]), ('correct', 18)])
34.5190 	DATA 	Keypress: space
34.5373 	EXP 	instr_text: autoDraw = False
34.5373 	EXP 	cont_text: autoDraw = False
34.5373 	EXP 	Square: pos = array([0.39 , 0.195])
34.5373 	EXP 	Grid: autoDraw = True
34.5373 	EXP 	Square: autoDraw = True
35.9873 	EXP 	New trial (rep=0, index=1): OrderedDict([('span', 2), ('trial', 1), ('stimulus', 2), ('square', 18), ('location', [0, -0.195]), ('correct', 10)])
36.0037 	EXP 	Grid: autoDraw = False
36.0037 	EXP 	Square: autoDraw = False
36.0037 	EXP 	Square: pos = array([ 0.   , -0.195])
36.0037 	EXP 	Grid: autoDraw = True
36.0037 	EXP 	Square: autoDraw = True
37.5204 	EXP 	Grid: autoDraw = False
37.5204 	EXP 	Square: autoDraw = False
37.5204 	EXP 	polygon: fillColor = 'white'
37.5204 	EXP 	polygon: lineColor = 'white'
37.5204 	EXP 	polygon: color = 'white'
37.5204 	EXP 	polygon_2: fillColor = 'white'
37.5204 	EXP 	polygon_2: lineColor = 'white'
37.5204 	EXP 	polygon_2: color = 'white'
37.5204 	EXP 	polygon_3: fillColor = 'white'
37.5204 	EXP 	polygon_3: lineColor = 'white'
37.5204 	EXP 	polygon_3: color = 'white'
37.5204 	EXP 	polygon_4: fillColor = 'white'
37.5204 	EXP 	polygon_4: lineColor = 'white'
37.5204 	EXP 	polygon_4: color = 'white'
37.5204 	EXP 	polygon_5: fillColor = 'white'
37.5204 	EXP 	polygon_5: lineColor = 'white'
37.5204 	EXP 	polygon_5: color = 'white'
37.5204 	EXP 	polygon_6: fillColor = 'white'
37.5204 	EXP 	polygon_6: lineColor = 'white'
37.5204 	EXP 	polygon_6: color = 'white'
37.5204 	EXP 	polygon_7: fillColor = 'white'
37.5204 	EXP 	polygon_7: lineColor = 'white'
37.5204 	EXP 	polygon_7: color = 'white'
37.5204 	EXP 	polygon_8: fillColor = 'white'
37.5204 	EXP 	polygon_8: lineColor = 'white'
37.5204 	EXP 	polygon_8: color = 'white'
37.5204 	EXP 	polygon_9: fillColor = 'white'
37.5204 	EXP 	polygon_9: lineColor = 'white'
37.5204 	EXP 	polygon_9: color = 'white'
37.5204 	EXP 	polygon_10: fillColor = 'white'
37.5204 	EXP 	polygon_10: lineColor = 'white'
37.5204 	EXP 	polygon_10: color = 'white'
37.5204 	EXP 	polygon_11: fillColor = 'white'
37.5204 	EXP 	polygon_11: lineColor = 'white'
37.5204 	EXP 	polygon_11: color = 'white'
37.5204 	EXP 	polygon_12: fillColor = 'white'
37.5204 	EXP 	polygon_12: lineColor = 'white'
37.5204 	EXP 	polygon_12: color = 'white'
37.5204 	EXP 	polygon_13: fillColor = 'white'
37.5204 	EXP 	polygon_13: lineColor = 'white'
37.5204 	EXP 	polygon_13: color = 'white'
37.5204 	EXP 	polygon_14: fillColor = 'white'
37.5204 	EXP 	polygon_14: lineColor = 'white'
37.5204 	EXP 	polygon_14: color = 'white'
37.5204 	EXP 	polygon_15: fillColor = 'white'
37.5204 	EXP 	polygon_15: lineColor = 'white'
37.5204 	EXP 	polygon_15: color = 'white'
37.5204 	EXP 	polygon_16: fillColor = 'white'
37.5204 	EXP 	polygon_16: lineColor = 'white'
37.5204 	EXP 	polygon_16: color = 'white'
37.5204 	EXP 	polygon_17: fillColor = 'white'
37.5204 	EXP 	polygon_17: lineColor = 'white'
37.5204 	EXP 	polygon_17: color = 'white'
37.5204 	EXP 	polygon_18: fillColor = 'white'
37.5204 	EXP 	polygon_18: lineColor = 'white'
37.5204 	EXP 	polygon_18: color = 'white'
37.5204 	EXP 	polygon_19: fillColor = 'white'
37.5204 	EXP 	polygon_19: lineColor = 'white'
37.5204 	EXP 	polygon_19: color = 'white'
37.5204 	EXP 	polygon_20: fillColor = 'white'
37.5204 	EXP 	polygon_20: lineColor = 'white'
37.5204 	EXP 	polygon_20: color = 'white'
37.5204 	EXP 	polygon_21: fillColor = 'white'
37.5204 	EXP 	polygon_21: lineColor = 'white'
37.5204 	EXP 	polygon_21: color = 'white'
37.5204 	EXP 	polygon_22: fillColor = 'white'
37.5204 	EXP 	polygon_22: lineColor = 'white'
37.5204 	EXP 	polygon_22: color = 'white'
37.5204 	EXP 	polygon_23: fillColor = 'white'
37.5204 	EXP 	polygon_23: lineColor = 'white'
37.5204 	EXP 	polygon_23: color = 'white'
37.5204 	EXP 	polygon_24: fillColor = 'white'
37.5204 	EXP 	polygon_24: lineColor = 'white'
37.5204 	EXP 	polygon_24: color = 'white'
37.5204 	EXP 	polygon_25: fillColor = 'white'
37.5204 	EXP 	polygon_25: lineColor = 'white'
37.5204 	EXP 	polygon_25: color = 'white'
37.5204 	EXP 	grid: autoDraw = True
37.5204 	EXP 	polygon: autoDraw = True
37.5204 	EXP 	polygon_2: autoDraw = True
37.5204 	EXP 	polygon_3: autoDraw = True
37.5204 	EXP 	polygon_4: autoDraw = True
37.5204 	EXP 	polygon_5: autoDraw = True
37.5204 	EXP 	polygon_6: autoDraw = True
37.5204 	EXP 	polygon_7: autoDraw = True
37.5204 	EXP 	polygon_8: autoDraw = True
37.5204 	EXP 	polygon_9: autoDraw = True
37.5204 	EXP 	polygon_10: autoDraw = True
37.5204 	EXP 	polygon_11: autoDraw = True
37.5204 	EXP 	polygon_12: autoDraw = True
37.5204 	EXP 	polygon_13: autoDraw = True
37.5204 	EXP 	polygon_14: autoDraw = True
37.5204 	EXP 	polygon_15: autoDraw = True
37.5204 	EXP 	polygon_16: autoDraw = True
37.5204 	EXP 	polygon_17: autoDraw = True
37.5204 	EXP 	polygon_18: autoDraw = True
37.5204 	EXP 	polygon_19: autoDraw = True
37.5204 	EXP 	polygon_20: autoDraw = True
37.5204 	EXP 	polygon_21: autoDraw = True
37.5204 	EXP 	polygon_22: autoDraw = True
37.5204 	EXP 	polygon_23: autoDraw = True
37.5204 	EXP 	polygon_24: autoDraw = True
37.5204 	EXP 	polygon_25: autoDraw = True
38.2794 	DATA 	Mouse: Left button down, pos=(1499,545)
38.3204 	EXP 	polygon_18: fillColor = 'black'
38.3204 	EXP 	polygon_18: lineColor = 'black'
38.3204 	EXP 	polygon_18: color = 'black'
38.4226 	DATA 	Mouse:  Left button up, pos=(1499,545)
38.9559 	DATA 	Mouse: Left button down, pos=(2041,1222)
38.9870 	EXP 	polygon_10: fillColor = 'black'
38.9870 	EXP 	polygon_10: lineColor = 'black'
38.9870 	EXP 	polygon_10: color = 'black'
39.0338 	DATA 	Mouse:  Left button up, pos=(2041,1222)
39.6800 	DATA 	Keypress: space
39.7207 	EXP 	grid: autoDraw = False
39.7207 	EXP 	polygon: autoDraw = False
39.7207 	EXP 	polygon_2: autoDraw = False
39.7207 	EXP 	polygon_3: autoDraw = False
39.7207 	EXP 	polygon_4: autoDraw = False
39.7207 	EXP 	polygon_5: autoDraw = False
39.7207 	EXP 	polygon_6: autoDraw = False
39.7207 	EXP 	polygon_7: autoDraw = False
39.7207 	EXP 	polygon_8: autoDraw = False
39.7207 	EXP 	polygon_9: autoDraw = False
39.7207 	EXP 	polygon_10: autoDraw = False
39.7207 	EXP 	polygon_11: autoDraw = False
39.7207 	EXP 	polygon_12: autoDraw = False
39.7207 	EXP 	polygon_13: autoDraw = False
39.7207 	EXP 	polygon_14: autoDraw = False
39.7207 	EXP 	polygon_15: autoDraw = False
39.7207 	EXP 	polygon_16: autoDraw = False
39.7207 	EXP 	polygon_17: autoDraw = False
39.7207 	EXP 	polygon_18: autoDraw = False
39.7207 	EXP 	polygon_19: autoDraw = False
39.7207 	EXP 	polygon_20: autoDraw = False
39.7207 	EXP 	polygon_21: autoDraw = False
39.7207 	EXP 	polygon_22: autoDraw = False
39.7207 	EXP 	polygon_23: autoDraw = False
39.7207 	EXP 	polygon_24: autoDraw = False
39.7207 	EXP 	polygon_25: autoDraw = False
39.7207 	EXP 	rdy_txt: text = 'Press SPACE to begin the next trial.'
39.7207 	EXP 	rdy_txt: autoDraw = True
40.7250 	EXP 	New trial (rep=0, index=1): OrderedDict([('Running_Trial_Num', 2), ('trial_length', 2), ('rows', '2, 3'), ('correct_seq', ['polygon_19', 'polygon_2']), ('rdy_msg', 'Press SPACE to begin the next trial.')])
40.7469 	EXP 	Imported BLS_Stimuli.xlsx as conditions, 2 conditions, 6 params
40.7471 	EXP 	Created sequence: sequential, trialTypes=2, nReps=1, seed=None
40.7474 	EXP 	New trial (rep=0, index=0): OrderedDict([('span', 2), ('trial', 2), ('stimulus', 1), ('square', 2), ('location', [-0.195, 0.39]), ('correct', 19)])
40.7502 	DATA 	Keypress: space
40.7702 	EXP 	rdy_txt: autoDraw = False
40.7702 	EXP 	Square: pos = array([-0.195,  0.39 ])
40.7702 	EXP 	Grid: autoDraw = True
40.7702 	EXP 	Square: autoDraw = True
42.2373 	EXP 	New trial (rep=0, index=1): OrderedDict([('span', 2), ('trial', 2), ('stimulus', 2), ('square', 19), ('location', [0.195, -0.195]), ('correct', 2)])
42.2536 	EXP 	Grid: autoDraw = False
42.2536 	EXP 	Square: autoDraw = False
42.2536 	EXP 	Square: pos = array([ 0.195, -0.195])
42.2536 	EXP 	Grid: autoDraw = True
42.2536 	EXP 	Square: autoDraw = True
43.7702 	EXP 	Grid: autoDraw = False
43.7702 	EXP 	Square: autoDraw = False
43.7702 	EXP 	polygon: fillColor = 'white'
43.7702 	EXP 	polygon: lineColor = 'white'
43.7702 	EXP 	polygon: color = 'white'
43.7702 	EXP 	polygon_2: fillColor = 'white'
43.7702 	EXP 	polygon_2: lineColor = 'white'
43.7702 	EXP 	polygon_2: color = 'white'
43.7702 	EXP 	polygon_3: fillColor = 'white'
43.7702 	EXP 	polygon_3: lineColor = 'white'
43.7702 	EXP 	polygon_3: color = 'white'
43.7702 	EXP 	polygon_4: fillColor = 'white'
43.7702 	EXP 	polygon_4: lineColor = 'white'
43.7702 	EXP 	polygon_4: color = 'white'
43.7702 	EXP 	polygon_5: fillColor = 'white'
43.7702 	EXP 	polygon_5: lineColor = 'white'
43.7702 	EXP 	polygon_5: color = 'white'
43.7702 	EXP 	polygon_6: fillColor = 'white'
43.7702 	EXP 	polygon_6: lineColor = 'white'
43.7702 	EXP 	polygon_6: color = 'white'
43.7702 	EXP 	polygon_7: fillColor = 'white'
43.7702 	EXP 	polygon_7: lineColor = 'white'
43.7702 	EXP 	polygon_7: color = 'white'
43.7702 	EXP 	polygon_8: fillColor = 'white'
43.7702 	EXP 	polygon_8: lineColor = 'white'
43.7702 	EXP 	polygon_8: color = 'white'
43.7702 	EXP 	polygon_9: fillColor = 'white'
43.7702 	EXP 	polygon_9: lineColor = 'white'
43.7702 	EXP 	polygon_9: color = 'white'
43.7702 	EXP 	polygon_10: fillColor = 'white'
43.7702 	EXP 	polygon_10: lineColor = 'white'
43.7702 	EXP 	polygon_10: color = 'white'
43.7702 	EXP 	polygon_11: fillColor = 'white'
43.7702 	EXP 	polygon_11: lineColor = 'white'
43.7702 	EXP 	polygon_11: color = 'white'
43.7702 	EXP 	polygon_12: fillColor = 'white'
43.7702 	EXP 	polygon_12: lineColor = 'white'
43.7702 	EXP 	polygon_12: color = 'white'
43.7702 	EXP 	polygon_13: fillColor = 'white'
43.7702 	EXP 	polygon_13: lineColor = 'white'
43.7702 	EXP 	polygon_13: color = 'white'
43.7702 	EXP 	polygon_14: fillColor = 'white'
43.7702 	EXP 	polygon_14: lineColor = 'white'
43.7702 	EXP 	polygon_14: color = 'white'
43.7702 	EXP 	polygon_15: fillColor = 'white'
43.7702 	EXP 	polygon_15: lineColor = 'white'
43.7702 	EXP 	polygon_15: color = 'white'
43.7702 	EXP 	polygon_16: fillColor = 'white'
43.7702 	EXP 	polygon_16: lineColor = 'white'
43.7702 	EXP 	polygon_16: color = 'white'
43.7702 	EXP 	polygon_17: fillColor = 'white'
43.7702 	EXP 	polygon_17: lineColor = 'white'
43.7702 	EXP 	polygon_17: color = 'white'
43.7702 	EXP 	polygon_18: fillColor = 'white'
43.7702 	EXP 	polygon_18: lineColor = 'white'
43.7702 	EXP 	polygon_18: color = 'white'
43.7702 	EXP 	polygon_19: fillColor = 'white'
43.7702 	EXP 	polygon_19: lineColor = 'white'
43.7702 	EXP 	polygon_19: color = 'white'
43.7702 	EXP 	polygon_20: fillColor = 'white'
43.7702 	EXP 	polygon_20: lineColor = 'white'
43.7702 	EXP 	polygon_20: color = 'white'
43.7702 	EXP 	polygon_21: fillColor = 'white'
43.7702 	EXP 	polygon_21: lineColor = 'white'
43.7702 	EXP 	polygon_21: color = 'white'
43.7702 	EXP 	polygon_22: fillColor = 'white'
43.7702 	EXP 	polygon_22: lineColor = 'white'
43.7702 	EXP 	polygon_22: color = 'white'
43.7702 	EXP 	polygon_23: fillColor = 'white'
43.7702 	EXP 	polygon_23: lineColor = 'white'
43.7702 	EXP 	polygon_23: color = 'white'
43.7702 	EXP 	polygon_24: fillColor = 'white'
43.7702 	EXP 	polygon_24: lineColor = 'white'
43.7702 	EXP 	polygon_24: color = 'white'
43.7702 	EXP 	polygon_25: fillColor = 'white'
43.7702 	EXP 	polygon_25: lineColor = 'white'
43.7702 	EXP 	polygon_25: color = 'white'
43.7702 	EXP 	grid: autoDraw = True
43.7702 	EXP 	polygon: autoDraw = True
43.7702 	EXP 	polygon_2: autoDraw = True
43.7702 	EXP 	polygon_3: autoDraw = True
43.7702 	EXP 	polygon_4: autoDraw = True
43.7702 	EXP 	polygon_5: autoDraw = True
43.7702 	EXP 	polygon_6: autoDraw = True
43.7702 	EXP 	polygon_7: autoDraw = True
43.7702 	EXP 	polygon_8: autoDraw = True
43.7702 	EXP 	polygon_9: autoDraw = True
43.7702 	EXP 	polygon_10: autoDraw = True
43.7702 	EXP 	polygon_11: autoDraw = True
43.7702 	EXP 	polygon_12: autoDraw = True
43.7702 	EXP 	polygon_13: autoDraw = True
43.7702 	EXP 	polygon_14: autoDraw = True
43.7702 	EXP 	polygon_15: autoDraw = True
43.7702 	EXP 	polygon_16: autoDraw = True
43.7702 	EXP 	polygon_17: autoDraw = True
43.7702 	EXP 	polygon_18: autoDraw = True
43.7702 	EXP 	polygon_19: autoDraw = True
43.7702 	EXP 	polygon_20: autoDraw = True
43.7702 	EXP 	polygon_21: autoDraw = True
43.7702 	EXP 	polygon_22: autoDraw = True
43.7702 	EXP 	polygon_23: autoDraw = True
43.7702 	EXP 	polygon_24: autoDraw = True
43.7702 	EXP 	polygon_25: autoDraw = True
44.0290 	DATA 	Mouse: Left button down, pos=(1777,647)
44.0702 	EXP 	polygon_19: fillColor = 'black'
44.0702 	EXP 	polygon_19: lineColor = 'black'
44.0702 	EXP 	polygon_19: color = 'black'
44.1167 	DATA 	Mouse:  Left button up, pos=(1777,647)
45.5236 	DATA 	Mouse: Left button down, pos=(1124,1498)
45.5869 	EXP 	polygon_2: fillColor = 'black'
45.5869 	EXP 	polygon_2: lineColor = 'black'
45.5869 	EXP 	polygon_2: color = 'black'
45.6224 	DATA 	Mouse:  Left button up, pos=(1124,1498)
46.0391 	DATA 	Keypress: space
46.0535 	EXP 	grid: autoDraw = False
46.0535 	EXP 	polygon: autoDraw = False
46.0535 	EXP 	polygon_2: autoDraw = False
46.0535 	EXP 	polygon_3: autoDraw = False
46.0535 	EXP 	polygon_4: autoDraw = False
46.0535 	EXP 	polygon_5: autoDraw = False
46.0535 	EXP 	polygon_6: autoDraw = False
46.0535 	EXP 	polygon_7: autoDraw = False
46.0535 	EXP 	polygon_8: autoDraw = False
46.0535 	EXP 	polygon_9: autoDraw = False
46.0535 	EXP 	polygon_10: autoDraw = False
46.0535 	EXP 	polygon_11: autoDraw = False
46.0535 	EXP 	polygon_12: autoDraw = False
46.0535 	EXP 	polygon_13: autoDraw = False
46.0535 	EXP 	polygon_14: autoDraw = False
46.0535 	EXP 	polygon_15: autoDraw = False
46.0535 	EXP 	polygon_16: autoDraw = False
46.0535 	EXP 	polygon_17: autoDraw = False
46.0535 	EXP 	polygon_18: autoDraw = False
46.0535 	EXP 	polygon_19: autoDraw = False
46.0535 	EXP 	polygon_20: autoDraw = False
46.0535 	EXP 	polygon_21: autoDraw = False
46.0535 	EXP 	polygon_22: autoDraw = False
46.0535 	EXP 	polygon_23: autoDraw = False
46.0535 	EXP 	polygon_24: autoDraw = False
46.0535 	EXP 	polygon_25: autoDraw = False
46.0535 	EXP 	rdy_txt: text = 'Press SPACE to begin the next trial.'
46.0535 	EXP 	rdy_txt: autoDraw = True
46.6583 	EXP 	New trial (rep=0, index=2): OrderedDict([('Running_Trial_Num', 3), ('trial_length', 2), ('rows', '4, 5'), ('correct_seq', ['polygon_21', 'polygon_8']), ('rdy_msg', 'Press SPACE to begin the next trial.')])
46.6802 	EXP 	Imported BLS_Stimuli.xlsx as conditions, 2 conditions, 6 params
46.6804 	EXP 	Created sequence: sequential, trialTypes=2, nReps=1, seed=None
46.6806 	EXP 	New trial (rep=0, index=0): OrderedDict([('span', 2), ('trial', 3), ('stimulus', 1), ('square', 8), ('location', [0, 0.195]), ('correct', 21)])
46.6836 	DATA 	Keypress: space
46.7036 	EXP 	rdy_txt: autoDraw = False
46.7036 	EXP 	Square: pos = array([0.   , 0.195])
46.7036 	EXP 	Grid: autoDraw = True
46.7036 	EXP 	Square: autoDraw = True
48.1705 	EXP 	New trial (rep=0, index=1): OrderedDict([('span', 2), ('trial', 3), ('stimulus', 2), ('square', 21), ('location', [-0.39, -0.39]), ('correct', 8)])
48.1867 	EXP 	Grid: autoDraw = False
48.1867 	EXP 	Square: autoDraw = False
48.1867 	EXP 	Square: pos = array([-0.39, -0.39])
48.1867 	EXP 	Grid: autoDraw = True
48.1867 	EXP 	Square: autoDraw = True
49.7033 	EXP 	Grid: autoDraw = False
49.7033 	EXP 	Square: autoDraw = False
49.7033 	EXP 	polygon: fillColor = 'white'
49.7033 	EXP 	polygon: lineColor = 'white'
49.7033 	EXP 	polygon: color = 'white'
49.7033 	EXP 	polygon_2: fillColor = 'white'
49.7033 	EXP 	polygon_2: lineColor = 'white'
49.7033 	EXP 	polygon_2: color = 'white'
49.7033 	EXP 	polygon_3: fillColor = 'white'
49.7033 	EXP 	polygon_3: lineColor = 'white'
49.7033 	EXP 	polygon_3: color = 'white'
49.7033 	EXP 	polygon_4: fillColor = 'white'
49.7033 	EXP 	polygon_4: lineColor = 'white'
49.7033 	EXP 	polygon_4: color = 'white'
49.7033 	EXP 	polygon_5: fillColor = 'white'
49.7033 	EXP 	polygon_5: lineColor = 'white'
49.7033 	EXP 	polygon_5: color = 'white'
49.7033 	EXP 	polygon_6: fillColor = 'white'
49.7033 	EXP 	polygon_6: lineColor = 'white'
49.7033 	EXP 	polygon_6: color = 'white'
49.7033 	EXP 	polygon_7: fillColor = 'white'
49.7033 	EXP 	polygon_7: lineColor = 'white'
49.7033 	EXP 	polygon_7: color = 'white'
49.7033 	EXP 	polygon_8: fillColor = 'white'
49.7033 	EXP 	polygon_8: lineColor = 'white'
49.7033 	EXP 	polygon_8: color = 'white'
49.7033 	EXP 	polygon_9: fillColor = 'white'
49.7033 	EXP 	polygon_9: lineColor = 'white'
49.7033 	EXP 	polygon_9: color = 'white'
49.7033 	EXP 	polygon_10: fillColor = 'white'
49.7033 	EXP 	polygon_10: lineColor = 'white'
49.7033 	EXP 	polygon_10: color = 'white'
49.7033 	EXP 	polygon_11: fillColor = 'white'
49.7033 	EXP 	polygon_11: lineColor = 'white'
49.7033 	EXP 	polygon_11: color = 'white'
49.7033 	EXP 	polygon_12: fillColor = 'white'
49.7033 	EXP 	polygon_12: lineColor = 'white'
49.7033 	EXP 	polygon_12: color = 'white'
49.7033 	EXP 	polygon_13: fillColor = 'white'
49.7033 	EXP 	polygon_13: lineColor = 'white'
49.7033 	EXP 	polygon_13: color = 'white'
49.7033 	EXP 	polygon_14: fillColor = 'white'
49.7033 	EXP 	polygon_14: lineColor = 'white'
49.7033 	EXP 	polygon_14: color = 'white'
49.7033 	EXP 	polygon_15: fillColor = 'white'
49.7033 	EXP 	polygon_15: lineColor = 'white'
49.7033 	EXP 	polygon_15: color = 'white'
49.7033 	EXP 	polygon_16: fillColor = 'white'
49.7033 	EXP 	polygon_16: lineColor = 'white'
49.7033 	EXP 	polygon_16: color = 'white'
49.7033 	EXP 	polygon_17: fillColor = 'white'
49.7033 	EXP 	polygon_17: lineColor = 'white'
49.7033 	EXP 	polygon_17: color = 'white'
49.7033 	EXP 	polygon_18: fillColor = 'white'
49.7033 	EXP 	polygon_18: lineColor = 'white'
49.7033 	EXP 	polygon_18: color = 'white'
49.7033 	EXP 	polygon_19: fillColor = 'white'
49.7033 	EXP 	polygon_19: lineColor = 'white'
49.7033 	EXP 	polygon_19: color = 'white'
49.7033 	EXP 	polygon_20: fillColor = 'white'
49.7033 	EXP 	polygon_20: lineColor = 'white'
49.7033 	EXP 	polygon_20: color = 'white'
49.7033 	EXP 	polygon_21: fillColor = 'white'
49.7033 	EXP 	polygon_21: lineColor = 'white'
49.7033 	EXP 	polygon_21: color = 'white'
49.7033 	EXP 	polygon_22: fillColor = 'white'
49.7033 	EXP 	polygon_22: lineColor = 'white'
49.7033 	EXP 	polygon_22: color = 'white'
49.7033 	EXP 	polygon_23: fillColor = 'white'
49.7033 	EXP 	polygon_23: lineColor = 'white'
49.7033 	EXP 	polygon_23: color = 'white'
49.7033 	EXP 	polygon_24: fillColor = 'white'
49.7033 	EXP 	polygon_24: lineColor = 'white'
49.7033 	EXP 	polygon_24: color = 'white'
49.7033 	EXP 	polygon_25: fillColor = 'white'
49.7033 	EXP 	polygon_25: lineColor = 'white'
49.7033 	EXP 	polygon_25: color = 'white'
49.7033 	EXP 	grid: autoDraw = True
49.7033 	EXP 	polygon: autoDraw = True
49.7033 	EXP 	polygon_2: autoDraw = True
49.7033 	EXP 	polygon_3: autoDraw = True
49.7033 	EXP 	polygon_4: autoDraw = True
49.7033 	EXP 	polygon_5: autoDraw = True
49.7033 	EXP 	polygon_6: autoDraw = True
49.7033 	EXP 	polygon_7: autoDraw = True
49.7033 	EXP 	polygon_8: autoDraw = True
49.7033 	EXP 	polygon_9: autoDraw = True
49.7033 	EXP 	polygon_10: autoDraw = True
49.7033 	EXP 	polygon_11: autoDraw = True
49.7033 	EXP 	polygon_12: autoDraw = True
49.7033 	EXP 	polygon_13: autoDraw = True
49.7033 	EXP 	polygon_14: autoDraw = True
49.7033 	EXP 	polygon_15: autoDraw = True
49.7033 	EXP 	polygon_16: autoDraw = True
49.7033 	EXP 	polygon_17: autoDraw = True
49.7033 	EXP 	polygon_18: autoDraw = True
49.7033 	EXP 	polygon_19: autoDraw = True
49.7033 	EXP 	polygon_20: autoDraw = True
49.7033 	EXP 	polygon_21: autoDraw = True
49.7033 	EXP 	polygon_22: autoDraw = True
49.7033 	EXP 	polygon_23: autoDraw = True
49.7033 	EXP 	polygon_24: autoDraw = True
49.7033 	EXP 	polygon_25: autoDraw = True
49.9557 	DATA 	Mouse: Left button down, pos=(731,250)
49.9868 	EXP 	polygon_21: fillColor = 'black'
49.9868 	EXP 	polygon_21: lineColor = 'black'
49.9868 	EXP 	polygon_21: color = 'black'
50.0884 	DATA 	Mouse:  Left button up, pos=(731,250)
50.6389 	DATA 	Mouse: Left button down, pos=(1477,1230)
50.6701 	EXP 	polygon_8: fillColor = 'black'
50.6701 	EXP 	polygon_8: lineColor = 'black'
50.6701 	EXP 	polygon_8: color = 'black'
50.7390 	DATA 	Mouse:  Left button up, pos=(1477,1232)
51.1458 	DATA 	Keypress: space
51.1701 	EXP 	grid: autoDraw = False
51.1701 	EXP 	polygon: autoDraw = False
51.1701 	EXP 	polygon_2: autoDraw = False
51.1701 	EXP 	polygon_3: autoDraw = False
51.1701 	EXP 	polygon_4: autoDraw = False
51.1701 	EXP 	polygon_5: autoDraw = False
51.1701 	EXP 	polygon_6: autoDraw = False
51.1701 	EXP 	polygon_7: autoDraw = False
51.1701 	EXP 	polygon_8: autoDraw = False
51.1701 	EXP 	polygon_9: autoDraw = False
51.1701 	EXP 	polygon_10: autoDraw = False
51.1701 	EXP 	polygon_11: autoDraw = False
51.1701 	EXP 	polygon_12: autoDraw = False
51.1701 	EXP 	polygon_13: autoDraw = False
51.1701 	EXP 	polygon_14: autoDraw = False
51.1701 	EXP 	polygon_15: autoDraw = False
51.1701 	EXP 	polygon_16: autoDraw = False
51.1701 	EXP 	polygon_17: autoDraw = False
51.1701 	EXP 	polygon_18: autoDraw = False
51.1701 	EXP 	polygon_19: autoDraw = False
51.1701 	EXP 	polygon_20: autoDraw = False
51.1701 	EXP 	polygon_21: autoDraw = False
51.1701 	EXP 	polygon_22: autoDraw = False
51.1701 	EXP 	polygon_23: autoDraw = False
51.1701 	EXP 	polygon_24: autoDraw = False
51.1701 	EXP 	polygon_25: autoDraw = False
51.1701 	EXP 	rdy_txt: text = 'Press SPACE to begin the next trial.'
51.1701 	EXP 	rdy_txt: autoDraw = True
51.7579 	EXP 	New trial (rep=0, index=3): OrderedDict([('Running_Trial_Num', 4), ('trial_length', 2), ('rows', '6, 7'), ('correct_seq', ['polygon_3', 'polygon_7']), ('rdy_msg', 'The next trial will have 3 locations.\n\nPress SPACE to begin.')])
51.7793 	EXP 	Imported BLS_Stimuli.xlsx as conditions, 2 conditions, 6 params
51.7796 	EXP 	Created sequence: sequential, trialTypes=2, nReps=1, seed=None
51.7798 	EXP 	New trial (rep=0, index=0): OrderedDict([('span', 2), ('trial', 4), ('stimulus', 1), ('square', 7), ('location', [-0.195, 0.195]), ('correct', 3)])
51.7821 	DATA 	Keypress: space
51.8035 	EXP 	rdy_txt: autoDraw = False
51.8035 	EXP 	Square: pos = array([-0.195,  0.195])
51.8035 	EXP 	Grid: autoDraw = True
51.8035 	EXP 	Square: autoDraw = True
53.2704 	EXP 	New trial (rep=0, index=1): OrderedDict([('span', 2), ('trial', 4), ('stimulus', 2), ('square', 3), ('location', [0, 0.39]), ('correct', 7)])
53.2867 	EXP 	Grid: autoDraw = False
53.2867 	EXP 	Square: autoDraw = False
53.2867 	EXP 	Square: pos = array([0.  , 0.39])
53.2867 	EXP 	Grid: autoDraw = True
53.2867 	EXP 	Square: autoDraw = True
54.8033 	EXP 	Grid: autoDraw = False
54.8033 	EXP 	Square: autoDraw = False
54.8033 	EXP 	polygon: fillColor = 'white'
54.8033 	EXP 	polygon: lineColor = 'white'
54.8033 	EXP 	polygon: color = 'white'
54.8033 	EXP 	polygon_2: fillColor = 'white'
54.8033 	EXP 	polygon_2: lineColor = 'white'
54.8033 	EXP 	polygon_2: color = 'white'
54.8033 	EXP 	polygon_3: fillColor = 'white'
54.8033 	EXP 	polygon_3: lineColor = 'white'
54.8033 	EXP 	polygon_3: color = 'white'
54.8033 	EXP 	polygon_4: fillColor = 'white'
54.8033 	EXP 	polygon_4: lineColor = 'white'
54.8033 	EXP 	polygon_4: color = 'white'
54.8033 	EXP 	polygon_5: fillColor = 'white'
54.8033 	EXP 	polygon_5: lineColor = 'white'
54.8033 	EXP 	polygon_5: color = 'white'
54.8033 	EXP 	polygon_6: fillColor = 'white'
54.8033 	EXP 	polygon_6: lineColor = 'white'
54.8033 	EXP 	polygon_6: color = 'white'
54.8033 	EXP 	polygon_7: fillColor = 'white'
54.8033 	EXP 	polygon_7: lineColor = 'white'
54.8033 	EXP 	polygon_7: color = 'white'
54.8033 	EXP 	polygon_8: fillColor = 'white'
54.8033 	EXP 	polygon_8: lineColor = 'white'
54.8033 	EXP 	polygon_8: color = 'white'
54.8033 	EXP 	polygon_9: fillColor = 'white'
54.8033 	EXP 	polygon_9: lineColor = 'white'
54.8033 	EXP 	polygon_9: color = 'white'
54.8033 	EXP 	polygon_10: fillColor = 'white'
54.8033 	EXP 	polygon_10: lineColor = 'white'
54.8033 	EXP 	polygon_10: color = 'white'
54.8033 	EXP 	polygon_11: fillColor = 'white'
54.8033 	EXP 	polygon_11: lineColor = 'white'
54.8033 	EXP 	polygon_11: color = 'white'
54.8033 	EXP 	polygon_12: fillColor = 'white'
54.8033 	EXP 	polygon_12: lineColor = 'white'
54.8033 	EXP 	polygon_12: color = 'white'
54.8033 	EXP 	polygon_13: fillColor = 'white'
54.8033 	EXP 	polygon_13: lineColor = 'white'
54.8033 	EXP 	polygon_13: color = 'white'
54.8033 	EXP 	polygon_14: fillColor = 'white'
54.8033 	EXP 	polygon_14: lineColor = 'white'
54.8033 	EXP 	polygon_14: color = 'white'
54.8033 	EXP 	polygon_15: fillColor = 'white'
54.8033 	EXP 	polygon_15: lineColor = 'white'
54.8033 	EXP 	polygon_15: color = 'white'
54.8033 	EXP 	polygon_16: fillColor = 'white'
54.8033 	EXP 	polygon_16: lineColor = 'white'
54.8033 	EXP 	polygon_16: color = 'white'
54.8033 	EXP 	polygon_17: fillColor = 'white'
54.8033 	EXP 	polygon_17: lineColor = 'white'
54.8033 	EXP 	polygon_17: color = 'white'
54.8033 	EXP 	polygon_18: fillColor = 'white'
54.8033 	EXP 	polygon_18: lineColor = 'white'
54.8033 	EXP 	polygon_18: color = 'white'
54.8033 	EXP 	polygon_19: fillColor = 'white'
54.8033 	EXP 	polygon_19: lineColor = 'white'
54.8033 	EXP 	polygon_19: color = 'white'
54.8033 	EXP 	polygon_20: fillColor = 'white'
54.8033 	EXP 	polygon_20: lineColor = 'white'
54.8033 	EXP 	polygon_20: color = 'white'
54.8033 	EXP 	polygon_21: fillColor = 'white'
54.8033 	EXP 	polygon_21: lineColor = 'white'
54.8033 	EXP 	polygon_21: color = 'white'
54.8033 	EXP 	polygon_22: fillColor = 'white'
54.8033 	EXP 	polygon_22: lineColor = 'white'
54.8033 	EXP 	polygon_22: color = 'white'
54.8033 	EXP 	polygon_23: fillColor = 'white'
54.8033 	EXP 	polygon_23: lineColor = 'white'
54.8033 	EXP 	polygon_23: color = 'white'
54.8033 	EXP 	polygon_24: fillColor = 'white'
54.8033 	EXP 	polygon_24: lineColor = 'white'
54.8033 	EXP 	polygon_24: color = 'white'
54.8033 	EXP 	polygon_25: fillColor = 'white'
54.8033 	EXP 	polygon_25: lineColor = 'white'
54.8033 	EXP 	polygon_25: color = 'white'
54.8033 	EXP 	grid: autoDraw = True
54.8033 	EXP 	polygon: autoDraw = True
54.8033 	EXP 	polygon_2: autoDraw = True
54.8033 	EXP 	polygon_3: autoDraw = True
54.8033 	EXP 	polygon_4: autoDraw = True
54.8033 	EXP 	polygon_5: autoDraw = True
54.8033 	EXP 	polygon_6: autoDraw = True
54.8033 	EXP 	polygon_7: autoDraw = True
54.8033 	EXP 	polygon_8: autoDraw = True
54.8033 	EXP 	polygon_9: autoDraw = True
54.8033 	EXP 	polygon_10: autoDraw = True
54.8033 	EXP 	polygon_11: autoDraw = True
54.8033 	EXP 	polygon_12: autoDraw = True
54.8033 	EXP 	polygon_13: autoDraw = True
54.8033 	EXP 	polygon_14: autoDraw = True
54.8033 	EXP 	polygon_15: autoDraw = True
54.8033 	EXP 	polygon_16: autoDraw = True
54.8033 	EXP 	polygon_17: autoDraw = True
54.8033 	EXP 	polygon_18: autoDraw = True
54.8033 	EXP 	polygon_19: autoDraw = True
54.8033 	EXP 	polygon_20: autoDraw = True
54.8033 	EXP 	polygon_21: autoDraw = True
54.8033 	EXP 	polygon_22: autoDraw = True
54.8033 	EXP 	polygon_23: autoDraw = True
54.8033 	EXP 	polygon_24: autoDraw = True
54.8033 	EXP 	polygon_25: autoDraw = True
55.8391 	DATA 	Mouse: Left button down, pos=(1138,1280)
55.8700 	EXP 	polygon_7: fillColor = 'black'
55.8700 	EXP 	polygon_7: lineColor = 'black'
55.8700 	EXP 	polygon_7: color = 'black'
55.9388 	DATA 	Mouse:  Left button up, pos=(1138,1280)
56.1554 	DATA 	Mouse: Left button down, pos=(1405,1566)
56.1866 	EXP 	polygon_3: fillColor = 'black'
56.1866 	EXP 	polygon_3: lineColor = 'black'
56.1866 	EXP 	polygon_3: color = 'black'
56.2549 	DATA 	Mouse:  Left button up, pos=(1408,1568)
56.3723 	DATA 	Keypress: space
56.4198 	EXP 	grid: autoDraw = False
56.4198 	EXP 	polygon: autoDraw = False
56.4198 	EXP 	polygon_2: autoDraw = False
56.4198 	EXP 	polygon_3: autoDraw = False
56.4198 	EXP 	polygon_4: autoDraw = False
56.4198 	EXP 	polygon_5: autoDraw = False
56.4198 	EXP 	polygon_6: autoDraw = False
56.4198 	EXP 	polygon_7: autoDraw = False
56.4198 	EXP 	polygon_8: autoDraw = False
56.4198 	EXP 	polygon_9: autoDraw = False
56.4198 	EXP 	polygon_10: autoDraw = False
56.4198 	EXP 	polygon_11: autoDraw = False
56.4198 	EXP 	polygon_12: autoDraw = False
56.4198 	EXP 	polygon_13: autoDraw = False
56.4198 	EXP 	polygon_14: autoDraw = False
56.4198 	EXP 	polygon_15: autoDraw = False
56.4198 	EXP 	polygon_16: autoDraw = False
56.4198 	EXP 	polygon_17: autoDraw = False
56.4198 	EXP 	polygon_18: autoDraw = False
56.4198 	EXP 	polygon_19: autoDraw = False
56.4198 	EXP 	polygon_20: autoDraw = False
56.4198 	EXP 	polygon_21: autoDraw = False
56.4198 	EXP 	polygon_22: autoDraw = False
56.4198 	EXP 	polygon_23: autoDraw = False
56.4198 	EXP 	polygon_24: autoDraw = False
56.4198 	EXP 	polygon_25: autoDraw = False
56.4198 	EXP 	rdy_txt: text = 'The next trial will have 3 locations.\n\nPress SPACE to begin.'
56.4198 	EXP 	rdy_txt: autoDraw = True
57.4075 	EXP 	New trial (rep=0, index=4): OrderedDict([('Running_Trial_Num', 5), ('trial_length', 3), ('rows', '8, 9, 10'), ('correct_seq', ['polygon_22', 'polygon_5', 'polygon_9']), ('rdy_msg', 'Press SPACE to begin the next trial.')])
57.4316 	EXP 	Imported BLS_Stimuli.xlsx as conditions, 3 conditions, 6 params
57.4319 	EXP 	Created sequence: sequential, trialTypes=3, nReps=1, seed=None
57.4322 	EXP 	New trial (rep=0, index=0): OrderedDict([('span', 3), ('trial', 1), ('stimulus', 1), ('square', 9), ('location', [0.195, 0.195]), ('correct', 22)])
57.4347 	DATA 	Keypress: space
57.4530 	EXP 	rdy_txt: autoDraw = False
57.4530 	EXP 	Square: pos = array([0.195, 0.195])
57.4530 	EXP 	Grid: autoDraw = True
57.4530 	EXP 	Square: autoDraw = True
58.9202 	EXP 	New trial (rep=0, index=1): OrderedDict([('span', 3), ('trial', 1), ('stimulus', 2), ('square', 5), ('location', [0.39, 0.39]), ('correct', 5)])
58.9365 	EXP 	Grid: autoDraw = False
58.9365 	EXP 	Square: autoDraw = False
58.9365 	EXP 	Square: pos = array([0.39, 0.39])
58.9365 	EXP 	Grid: autoDraw = True
58.9365 	EXP 	Square: autoDraw = True
59.5891 	DATA 	Keypress: space
60.4202 	EXP 	New trial (rep=0, index=2): OrderedDict([('span', 3), ('trial', 1), ('stimulus', 3), ('square', 22), ('location', [-0.195, -0.39]), ('correct', 9)])
60.4365 	EXP 	Grid: autoDraw = False
60.4365 	EXP 	Square: autoDraw = False
60.4365 	EXP 	Square: pos = array([-0.195, -0.39 ])
60.4365 	EXP 	Grid: autoDraw = True
60.4365 	EXP 	Square: autoDraw = True
62.0198 	EXP 	Grid: autoDraw = False
62.0198 	EXP 	Square: autoDraw = False
62.0198 	EXP 	polygon: fillColor = 'white'
62.0198 	EXP 	polygon: lineColor = 'white'
62.0198 	EXP 	polygon: color = 'white'
62.0198 	EXP 	polygon_2: fillColor = 'white'
62.0198 	EXP 	polygon_2: lineColor = 'white'
62.0198 	EXP 	polygon_2: color = 'white'
62.0198 	EXP 	polygon_3: fillColor = 'white'
62.0198 	EXP 	polygon_3: lineColor = 'white'
62.0198 	EXP 	polygon_3: color = 'white'
62.0198 	EXP 	polygon_4: fillColor = 'white'
62.0198 	EXP 	polygon_4: lineColor = 'white'
62.0198 	EXP 	polygon_4: color = 'white'
62.0198 	EXP 	polygon_5: fillColor = 'white'
62.0198 	EXP 	polygon_5: lineColor = 'white'
62.0198 	EXP 	polygon_5: color = 'white'
62.0198 	EXP 	polygon_6: fillColor = 'white'
62.0198 	EXP 	polygon_6: lineColor = 'white'
62.0198 	EXP 	polygon_6: color = 'white'
62.0198 	EXP 	polygon_7: fillColor = 'white'
62.0198 	EXP 	polygon_7: lineColor = 'white'
62.0198 	EXP 	polygon_7: color = 'white'
62.0198 	EXP 	polygon_8: fillColor = 'white'
62.0198 	EXP 	polygon_8: lineColor = 'white'
62.0198 	EXP 	polygon_8: color = 'white'
62.0198 	EXP 	polygon_9: fillColor = 'white'
62.0198 	EXP 	polygon_9: lineColor = 'white'
62.0198 	EXP 	polygon_9: color = 'white'
62.0198 	EXP 	polygon_10: fillColor = 'white'
62.0198 	EXP 	polygon_10: lineColor = 'white'
62.0198 	EXP 	polygon_10: color = 'white'
62.0198 	EXP 	polygon_11: fillColor = 'white'
62.0198 	EXP 	polygon_11: lineColor = 'white'
62.0198 	EXP 	polygon_11: color = 'white'
62.0198 	EXP 	polygon_12: fillColor = 'white'
62.0198 	EXP 	polygon_12: lineColor = 'white'
62.0198 	EXP 	polygon_12: color = 'white'
62.0198 	EXP 	polygon_13: fillColor = 'white'
62.0198 	EXP 	polygon_13: lineColor = 'white'
62.0198 	EXP 	polygon_13: color = 'white'
62.0198 	EXP 	polygon_14: fillColor = 'white'
62.0198 	EXP 	polygon_14: lineColor = 'white'
62.0198 	EXP 	polygon_14: color = 'white'
62.0198 	EXP 	polygon_15: fillColor = 'white'
62.0198 	EXP 	polygon_15: lineColor = 'white'
62.0198 	EXP 	polygon_15: color = 'white'
62.0198 	EXP 	polygon_16: fillColor = 'white'
62.0198 	EXP 	polygon_16: lineColor = 'white'
62.0198 	EXP 	polygon_16: color = 'white'
62.0198 	EXP 	polygon_17: fillColor = 'white'
62.0198 	EXP 	polygon_17: lineColor = 'white'
62.0198 	EXP 	polygon_17: color = 'white'
62.0198 	EXP 	polygon_18: fillColor = 'white'
62.0198 	EXP 	polygon_18: lineColor = 'white'
62.0198 	EXP 	polygon_18: color = 'white'
62.0198 	EXP 	polygon_19: fillColor = 'white'
62.0198 	EXP 	polygon_19: lineColor = 'white'
62.0198 	EXP 	polygon_19: color = 'white'
62.0198 	EXP 	polygon_20: fillColor = 'white'
62.0198 	EXP 	polygon_20: lineColor = 'white'
62.0198 	EXP 	polygon_20: color = 'white'
62.0198 	EXP 	polygon_21: fillColor = 'white'
62.0198 	EXP 	polygon_21: lineColor = 'white'
62.0198 	EXP 	polygon_21: color = 'white'
62.0198 	EXP 	polygon_22: fillColor = 'white'
62.0198 	EXP 	polygon_22: lineColor = 'white'
62.0198 	EXP 	polygon_22: color = 'white'
62.0198 	EXP 	polygon_23: fillColor = 'white'
62.0198 	EXP 	polygon_23: lineColor = 'white'
62.0198 	EXP 	polygon_23: color = 'white'
62.0198 	EXP 	polygon_24: fillColor = 'white'
62.0198 	EXP 	polygon_24: lineColor = 'white'
62.0198 	EXP 	polygon_24: color = 'white'
62.0198 	EXP 	polygon_25: fillColor = 'white'
62.0198 	EXP 	polygon_25: lineColor = 'white'
62.0198 	EXP 	polygon_25: color = 'white'
62.0198 	EXP 	grid: autoDraw = True
62.0198 	EXP 	polygon: autoDraw = True
62.0198 	EXP 	polygon_2: autoDraw = True
62.0198 	EXP 	polygon_3: autoDraw = True
62.0198 	EXP 	polygon_4: autoDraw = True
62.0198 	EXP 	polygon_5: autoDraw = True
62.0198 	EXP 	polygon_6: autoDraw = True
62.0198 	EXP 	polygon_7: autoDraw = True
62.0198 	EXP 	polygon_8: autoDraw = True
62.0198 	EXP 	polygon_9: autoDraw = True
62.0198 	EXP 	polygon_10: autoDraw = True
62.0198 	EXP 	polygon_11: autoDraw = True
62.0198 	EXP 	polygon_12: autoDraw = True
62.0198 	EXP 	polygon_13: autoDraw = True
62.0198 	EXP 	polygon_14: autoDraw = True
62.0198 	EXP 	polygon_15: autoDraw = True
62.0198 	EXP 	polygon_16: autoDraw = True
62.0198 	EXP 	polygon_17: autoDraw = True
62.0198 	EXP 	polygon_18: autoDraw = True
62.0198 	EXP 	polygon_19: autoDraw = True
62.0198 	EXP 	polygon_20: autoDraw = True
62.0198 	EXP 	polygon_21: autoDraw = True
62.0198 	EXP 	polygon_22: autoDraw = True
62.0198 	EXP 	polygon_23: autoDraw = True
62.0198 	EXP 	polygon_24: autoDraw = True
62.0198 	EXP 	polygon_25: autoDraw = True
62.0198 	EXP 	grid: autoDraw = False
62.0198 	EXP 	polygon: autoDraw = False
62.0198 	EXP 	polygon_2: autoDraw = False
62.0198 	EXP 	polygon_3: autoDraw = False
62.0198 	EXP 	polygon_4: autoDraw = False
62.0198 	EXP 	polygon_5: autoDraw = False
62.0198 	EXP 	polygon_6: autoDraw = False
62.0198 	EXP 	polygon_7: autoDraw = False
62.0198 	EXP 	polygon_8: autoDraw = False
62.0198 	EXP 	polygon_9: autoDraw = False
62.0198 	EXP 	polygon_10: autoDraw = False
62.0198 	EXP 	polygon_11: autoDraw = False
62.0198 	EXP 	polygon_12: autoDraw = False
62.0198 	EXP 	polygon_13: autoDraw = False
62.0198 	EXP 	polygon_14: autoDraw = False
62.0198 	EXP 	polygon_15: autoDraw = False
62.0198 	EXP 	polygon_16: autoDraw = False
62.0198 	EXP 	polygon_17: autoDraw = False
62.0198 	EXP 	polygon_18: autoDraw = False
62.0198 	EXP 	polygon_19: autoDraw = False
62.0198 	EXP 	polygon_20: autoDraw = False
62.0198 	EXP 	polygon_21: autoDraw = False
62.0198 	EXP 	polygon_22: autoDraw = False
62.0198 	EXP 	polygon_23: autoDraw = False
62.0198 	EXP 	polygon_24: autoDraw = False
62.0198 	EXP 	polygon_25: autoDraw = False
62.0198 	EXP 	thx_text: autoDraw = True
63.0750 	DATA 	Mouse: Left button down, pos=(1407,1179)
63.1749 	DATA 	Mouse:  Left button up, pos=(1407,1179)
63.4432 	DATA 	Keypress: space
63.4702 	EXP 	thx_text: autoDraw = False
63.5750 	EXP 	window1: mouseVisible = True
