5.5174 	WARNING 	User requested fullscreen with size [1440  900], but screen is actually [2880, 1800]. Using actual size
6.4655 	EXP 	Created window1 = Window(allowGUI=False, allowStencil=False, args=UNKNOWN, autoLog=True, bitsMode=UNKNOWN, blendMode='avg', color=array([0., 0., 0.]), colorSpace='hsv', fullscr=<method-wrapper '__getattribute__' of attributeSetter object at 0x000001E2029456A0>, gamma=None, gammaErrorPolicy='raise', kwargs=UNKNOWN, lms=UNKNOWN, monitor=<psychopy.monitors.calibTools.Monitor object at 0x000001E2027D6828>, multiSample=False, name='window1', numSamples=2, pos=[0.0, 0.0], screen=0, size=array([2880, 1800]), stereo=False, units='height', useFBO=True, useRetina=False, viewOri=0.0, viewPos=None, viewScale=None, waitBlanking=True, winType='pyglet')
6.4656 	EXP 	window1: recordFrameIntervals = False
6.6318 	EXP 	window1: recordFrameIntervals = True
6.8152 	EXP 	window1: recordFrameIntervals = False
7.0418 	EXP 	Created Grid = ImageStim(__class__=<class 'psychopy.visual.image.ImageStim'>, autoLog=True, color=array([1., 1., 1.]), colorSpace='rgb', contrast=1.0, depth=0.0, flipHoriz=False, flipVert=False, image='Blank Grid.jpg', interpolate=True, mask=None, maskParams=None, name='Grid', opacity=1.0, ori=0.0, pos=array([0., 0.]), size=array([1., 1.]), texRes=128, units='height', win=Window(...))
7.0447 	EXP 	Created Square = Rect(__class__=<class 'psychopy.visual.rect.Rect'>, autoDraw=False, autoLog=True, closeShape=True, color=method-wrapper(...), colorSpace=None, contrast=1.0, depth=-1.0, fillColor=array([255.,   0.,   0.]), fillColorSpace='rgb255', fillRGB=array([255.,   0.,   0.]), interpolate=True, lineColor=array([255.,   0.,   0.]), lineColorSpace='rgb', lineRGB=array([255.,   0.,   0.]), lineWidth=1, name='Square', opacity=1.0, ori=array(0.), pos=array([0., 0.]), size=array([1., 1.]), units='height', vertices=ndarray(...), win=Window(...))
7.1420 	EXP 	Created grid = ImageStim(__class__=<class 'psychopy.visual.image.ImageStim'>, autoLog=True, color=array([1., 1., 1.]), colorSpace='rgb', contrast=1.0, depth=0.0, flipHoriz=False, flipVert=False, image='Blank Grid.jpg', interpolate=True, mask=None, maskParams=None, name='grid', opacity=1.0, ori=0.0, pos=array([0., 0.]), size=array([1., 1.]), texRes=128, units='height', win=Window(...))
7.1430 	EXP 	Created polygon = Rect(__class__=<class 'psychopy.visual.rect.Rect'>, autoDraw=False, autoLog=True, closeShape=True, color=method-wrapper(...), colorSpace=None, contrast=1.0, depth=-2.0, fillColor='white', fillColorSpace='named', fillRGB=array([255., 255., 255.]), interpolate=True, lineColor='white', lineColorSpace='named', lineRGB=array([255., 255., 255.]), lineWidth=1, name='polygon', opacity=1.0, ori=array(0.), pos=array([-0.386 ,  0.3875]), size=array([1., 1.]), units='height', vertices=ndarray(...), win=Window(...))
7.1437 	EXP 	Created polygon_2 = Rect(__class__=<class 'psychopy.visual.rect.Rect'>, autoDraw=False, autoLog=True, closeShape=True, color=method-wrapper(...), colorSpace=None, contrast=1.0, depth=-3.0, fillColor='white', fillColorSpace='named', fillRGB=array([255., 255., 255.]), interpolate=True, lineColor='white', lineColorSpace='named', lineRGB=array([255., 255., 255.]), lineWidth=1, name='polygon_2', opacity=1.0, ori=array(0.), pos=array([-0.193 ,  0.3875]), size=array([1., 1.]), units='height', vertices=ndarray(...), win=Window(...))
7.1445 	EXP 	Created polygon_3 = Rect(__class__=<class 'psychopy.visual.rect.Rect'>, autoDraw=False, autoLog=True, closeShape=True, color=method-wrapper(...), colorSpace=None, contrast=1.0, depth=-4.0, fillColor='white', fillColorSpace='named', fillRGB=array([255., 255., 255.]), interpolate=True, lineColor='white', lineColorSpace='named', lineRGB=array([255., 255., 255.]), lineWidth=1, name='polygon_3', opacity=1.0, ori=array(0.), pos=array([0.    , 0.3875]), size=array([1., 1.]), units='height', vertices=ndarray(...), win=Window(...))
7.1452 	EXP 	Created polygon_4 = Rect(__class__=<class 'psychopy.visual.rect.Rect'>, autoDraw=False, autoLog=True, closeShape=True, color=method-wrapper(...), colorSpace=None, contrast=1.0, depth=-5.0, fillColor='white', fillColorSpace='named', fillRGB=array([255., 255., 255.]), interpolate=True, lineColor='white', lineColorSpace='named', lineRGB=array([255., 255., 255.]), lineWidth=1, name='polygon_4', opacity=1.0, ori=array(0.), pos=array([0.193 , 0.3875]), size=array([1., 1.]), units='height', vertices=ndarray(...), win=Window(...))
7.1459 	EXP 	Created polygon_5 = Rect(__class__=<class 'psychopy.visual.rect.Rect'>, autoDraw=False, autoLog=True, closeShape=True, color=method-wrapper(...), colorSpace=None, contrast=1.0, depth=-6.0, fillColor='white', fillColorSpace='named', fillRGB=array([255., 255., 255.]), interpolate=True, lineColor='white', lineColorSpace='named', lineRGB=array([255., 255., 255.]), lineWidth=1, name='polygon_5', opacity=1.0, ori=array(0.), pos=array([0.386 , 0.3875]), size=array([1., 1.]), units='height', vertices=ndarray(...), win=Window(...))
7.1466 	EXP 	Created polygon_6 = Rect(__class__=<class 'psychopy.visual.rect.Rect'>, autoDraw=False, autoLog=True, closeShape=True, color=method-wrapper(...), colorSpace=None, contrast=1.0, depth=-7.0, fillColor='white', fillColorSpace='named', fillRGB=array([255., 255., 255.]), interpolate=True, lineColor='white', lineColorSpace='named', lineRGB=array([255., 255., 255.]), lineWidth=1, name='polygon_6', opacity=1.0, ori=array(0.), pos=array([-0.386  ,  0.19415]), size=array([1., 1.]), units='height', vertices=ndarray(...), win=Window(...))
7.1474 	EXP 	Created polygon_7 = Rect(__class__=<class 'psychopy.visual.rect.Rect'>, autoDraw=False, autoLog=True, closeShape=True, color=method-wrapper(...), colorSpace=None, contrast=1.0, depth=-8.0, fillColor='white', fillColorSpace='named', fillRGB=array([255., 255., 255.]), interpolate=True, lineColor='white', lineColorSpace='named', lineRGB=array([255., 255., 255.]), lineWidth=1, name='polygon_7', opacity=1.0, ori=array(0.), pos=array([-0.193  ,  0.19415]), size=array([1., 1.]), units='height', vertices=ndarray(...), win=Window(...))
7.1481 	EXP 	Created polygon_8 = Rect(__class__=<class 'psychopy.visual.rect.Rect'>, autoDraw=False, autoLog=True, closeShape=True, color=method-wrapper(...), colorSpace=None, contrast=1.0, depth=-9.0, fillColor='white', fillColorSpace='named', fillRGB=array([255., 255., 255.]), interpolate=True, lineColor='white', lineColorSpace='named', lineRGB=array([255., 255., 255.]), lineWidth=1, name='polygon_8', opacity=1.0, ori=array(0.), pos=array([0.     , 0.19415]), size=array([1., 1.]), units='height', vertices=ndarray(...), win=Window(...))
7.1488 	EXP 	Created polygon_9 = Rect(__class__=<class 'psychopy.visual.rect.Rect'>, autoDraw=False, autoLog=True, closeShape=True, color=method-wrapper(...), colorSpace=None, contrast=1.0, depth=-10.0, fillColor='white', fillColorSpace='named', fillRGB=array([255., 255., 255.]), interpolate=True, lineColor='white', lineColorSpace='named', lineRGB=array([255., 255., 255.]), lineWidth=1, name='polygon_9', opacity=1.0, ori=array(0.), pos=array([0.193  , 0.19415]), size=array([1., 1.]), units='height', vertices=ndarray(...), win=Window(...))
7.1494 	EXP 	Created polygon_10 = Rect(__class__=<class 'psychopy.visual.rect.Rect'>, autoDraw=False, autoLog=True, closeShape=True, color=method-wrapper(...), colorSpace=None, contrast=1.0, depth=-11.0, fillColor='white', fillColorSpace='named', fillRGB=array([255., 255., 255.]), interpolate=True, lineColor='white', lineColorSpace='named', lineRGB=array([255., 255., 255.]), lineWidth=1, name='polygon_10', opacity=1.0, ori=array(0.), pos=array([0.386  , 0.19415]), size=array([1., 1.]), units='height', vertices=ndarray(...), win=Window(...))
7.1501 	EXP 	Created polygon_11 = Rect(__class__=<class 'psychopy.visual.rect.Rect'>, autoDraw=False, autoLog=True, closeShape=True, color=method-wrapper(...), colorSpace=None, contrast=1.0, depth=-12.0, fillColor='white', fillColorSpace='named', fillRGB=array([255., 255., 255.]), interpolate=True, lineColor='white', lineColorSpace='named', lineRGB=array([255., 255., 255.]), lineWidth=1, name='polygon_11', opacity=1.0, ori=array(0.), pos=array([-0.386,  0.   ]), size=array([1., 1.]), units='height', vertices=ndarray(...), win=Window(...))
7.1508 	EXP 	Created polygon_12 = Rect(__class__=<class 'psychopy.visual.rect.Rect'>, autoDraw=False, autoLog=True, closeShape=True, color=method-wrapper(...), colorSpace=None, contrast=1.0, depth=-13.0, fillColor='white', fillColorSpace='named', fillRGB=array([255., 255., 255.]), interpolate=True, lineColor='white', lineColorSpace='named', lineRGB=array([255., 255., 255.]), lineWidth=1, name='polygon_12', opacity=1.0, ori=array(0.), pos=array([-0.193,  0.   ]), size=array([1., 1.]), units='height', vertices=ndarray(...), win=Window(...))
7.1515 	EXP 	Created polygon_13 = Rect(__class__=<class 'psychopy.visual.rect.Rect'>, autoDraw=False, autoLog=True, closeShape=True, color=method-wrapper(...), colorSpace=None, contrast=1.0, depth=-14.0, fillColor='white', fillColorSpace='named', fillRGB=array([255., 255., 255.]), interpolate=True, lineColor='white', lineColorSpace='named', lineRGB=array([255., 255., 255.]), lineWidth=1, name='polygon_13', opacity=1.0, ori=array(0.), pos=array([0., 0.]), size=array([1., 1.]), units='height', vertices=ndarray(...), win=Window(...))
7.1522 	EXP 	Created polygon_14 = Rect(__class__=<class 'psychopy.visual.rect.Rect'>, autoDraw=False, autoLog=True, closeShape=True, color=method-wrapper(...), colorSpace=None, contrast=1.0, depth=-15.0, fillColor='white', fillColorSpace='named', fillRGB=array([255., 255., 255.]), interpolate=True, lineColor='white', lineColorSpace='named', lineRGB=array([255., 255., 255.]), lineWidth=1, name='polygon_14', opacity=1.0, ori=array(0.), pos=array([0.193, 0.   ]), size=array([1., 1.]), units='height', vertices=ndarray(...), win=Window(...))
7.1528 	EXP 	Created polygon_15 = Rect(__class__=<class 'psychopy.visual.rect.Rect'>, autoDraw=False, autoLog=True, closeShape=True, color=method-wrapper(...), colorSpace=None, contrast=1.0, depth=-16.0, fillColor='white', fillColorSpace='named', fillRGB=array([255., 255., 255.]), interpolate=True, lineColor='white', lineColorSpace='named', lineRGB=array([255., 255., 255.]), lineWidth=1, name='polygon_15', opacity=1.0, ori=array(0.), pos=array([0.386, 0.   ]), size=array([1., 1.]), units='height', vertices=ndarray(...), win=Window(...))
7.1535 	EXP 	Created polygon_16 = Rect(__class__=<class 'psychopy.visual.rect.Rect'>, autoDraw=False, autoLog=True, closeShape=True, color=method-wrapper(...), colorSpace=None, contrast=1.0, depth=-17.0, fillColor='white', fillColorSpace='named', fillRGB=array([255., 255., 255.]), interpolate=True, lineColor='white', lineColorSpace='named', lineRGB=array([255., 255., 255.]), lineWidth=1, name='polygon_16', opacity=1.0, ori=array(0.), pos=array([-0.386  , -0.19415]), size=array([1., 1.]), units='height', vertices=ndarray(...), win=Window(...))
7.1542 	EXP 	Created polygon_17 = Rect(__class__=<class 'psychopy.visual.rect.Rect'>, autoDraw=False, autoLog=True, closeShape=True, color=method-wrapper(...), colorSpace=None, contrast=1.0, depth=-18.0, fillColor='white', fillColorSpace='named', fillRGB=array([255., 255., 255.]), interpolate=True, lineColor='white', lineColorSpace='named', lineRGB=array([255., 255., 255.]), lineWidth=1, name='polygon_17', opacity=1.0, ori=array(0.), pos=array([-0.193  , -0.19415]), size=array([1., 1.]), units='height', vertices=ndarray(...), win=Window(...))
7.1549 	EXP 	Created polygon_18 = Rect(__class__=<class 'psychopy.visual.rect.Rect'>, autoDraw=False, autoLog=True, closeShape=True, color=method-wrapper(...), colorSpace=None, contrast=1.0, depth=-19.0, fillColor='white', fillColorSpace='named', fillRGB=array([255., 255., 255.]), interpolate=True, lineColor='white', lineColorSpace='named', lineRGB=array([255., 255., 255.]), lineWidth=1, name='polygon_18', opacity=1.0, ori=array(0.), pos=array([ 0.     , -0.19415]), size=array([1., 1.]), units='height', vertices=ndarray(...), win=Window(...))
7.1557 	EXP 	Created polygon_19 = Rect(__class__=<class 'psychopy.visual.rect.Rect'>, autoDraw=False, autoLog=True, closeShape=True, color=method-wrapper(...), colorSpace=None, contrast=1.0, depth=-20.0, fillColor='white', fillColorSpace='named', fillRGB=array([255., 255., 255.]), interpolate=True, lineColor='white', lineColorSpace='named', lineRGB=array([255., 255., 255.]), lineWidth=1, name='polygon_19', opacity=1.0, ori=array(0.), pos=array([ 0.193  , -0.19415]), size=array([1., 1.]), units='height', vertices=ndarray(...), win=Window(...))
7.1564 	EXP 	Created polygon_20 = Rect(__class__=<class 'psychopy.visual.rect.Rect'>, autoDraw=False, autoLog=True, closeShape=True, color=method-wrapper(...), colorSpace=None, contrast=1.0, depth=-21.0, fillColor='white', fillColorSpace='named', fillRGB=array([255., 255., 255.]), interpolate=True, lineColor='white', lineColorSpace='named', lineRGB=array([255., 255., 255.]), lineWidth=1, name='polygon_20', opacity=1.0, ori=array(0.), pos=array([ 0.386  , -0.19415]), size=array([1., 1.]), units='height', vertices=ndarray(...), win=Window(...))
7.1571 	EXP 	Created polygon_21 = Rect(__class__=<class 'psychopy.visual.rect.Rect'>, autoDraw=False, autoLog=True, closeShape=True, color=method-wrapper(...), colorSpace=None, contrast=1.0, depth=-22.0, fillColor='white', fillColorSpace='named', fillRGB=array([255., 255., 255.]), interpolate=True, lineColor='white', lineColorSpace='named', lineRGB=array([255., 255., 255.]), lineWidth=1, name='polygon_21', opacity=1.0, ori=array(0.), pos=array([-0.386 , -0.3875]), size=array([1., 1.]), units='height', vertices=ndarray(...), win=Window(...))
7.1578 	EXP 	Created polygon_22 = Rect(__class__=<class 'psychopy.visual.rect.Rect'>, autoDraw=False, autoLog=True, closeShape=True, color=method-wrapper(...), colorSpace=None, contrast=1.0, depth=-23.0, fillColor='white', fillColorSpace='named', fillRGB=array([255., 255., 255.]), interpolate=True, lineColor='white', lineColorSpace='named', lineRGB=array([255., 255., 255.]), lineWidth=1, name='polygon_22', opacity=1.0, ori=array(0.), pos=array([-0.193 , -0.3875]), size=array([1., 1.]), units='height', vertices=ndarray(...), win=Window(...))
7.1585 	EXP 	Created polygon_23 = Rect(__class__=<class 'psychopy.visual.rect.Rect'>, autoDraw=False, autoLog=True, closeShape=True, color=method-wrapper(...), colorSpace=None, contrast=1.0, depth=-24.0, fillColor='white', fillColorSpace='named', fillRGB=array([255., 255., 255.]), interpolate=True, lineColor='white', lineColorSpace='named', lineRGB=array([255., 255., 255.]), lineWidth=1, name='polygon_23', opacity=1.0, ori=array(0.), pos=array([ 0.    , -0.3875]), size=array([1., 1.]), units='height', vertices=ndarray(...), win=Window(...))
7.1592 	EXP 	Created polygon_24 = Rect(__class__=<class 'psychopy.visual.rect.Rect'>, autoDraw=False, autoLog=True, closeShape=True, color=method-wrapper(...), colorSpace=None, contrast=1.0, depth=-25.0, fillColor='white', fillColorSpace='named', fillRGB=array([255., 255., 255.]), interpolate=True, lineColor='white', lineColorSpace='named', lineRGB=array([255., 255., 255.]), lineWidth=1, name='polygon_24', opacity=1.0, ori=array(0.), pos=array([ 0.193 , -0.3875]), size=array([1., 1.]), units='height', vertices=ndarray(...), win=Window(...))
7.1599 	EXP 	Created polygon_25 = Rect(__class__=<class 'psychopy.visual.rect.Rect'>, autoDraw=False, autoLog=True, closeShape=True, color=method-wrapper(...), colorSpace=None, contrast=1.0, depth=-26.0, fillColor='white', fillColorSpace='named', fillRGB=array([255., 255., 255.]), interpolate=True, lineColor='white', lineColorSpace='named', lineRGB=array([255., 255., 255.]), lineWidth=1, name='polygon_25', opacity=1.0, ori=array(0.), pos=array([ 0.386 , -0.3875]), size=array([1., 1.]), units='height', vertices=ndarray(...), win=Window(...))
7.1921 	EXP 	Imported BLS_Trial_Picker.xlsx as conditions, 32 conditions, 4 params
7.1924 	EXP 	Created sequence: sequential, trialTypes=32, nReps=1, seed=None
7.1926 	EXP 	New trial (rep=0, index=0): OrderedDict([('Running_Trial_Num', 1), ('trial_length', 2), ('rows', '0, 1'), ('correct_seq', ['polygon_18', 'polygon_10'])])
7.2156 	EXP 	Imported BLS_Trial_List.xlsx as conditions, 2 conditions, 7 params
7.2158 	EXP 	Created sequence: sequential, trialTypes=2, nReps=1, seed=None
7.2161 	EXP 	New trial (rep=0, index=0): OrderedDict([('span', 2), ('trial', 1), ('stimulus', 1), ('square', 10), ('location', [0.39, 0.195]), ('correct', 18), ('correct_seq', ['polygon_18', 'polygon_10'])])
7.2986 	EXP 	Square: pos = array([0.39 , 0.195])
7.2986 	EXP 	Grid: autoDraw = True
7.2986 	EXP 	Square: autoDraw = True
8.6650 	EXP 	New trial (rep=0, index=1): OrderedDict([('span', 2), ('trial', 1), ('stimulus', 2), ('square', 18), ('location', [0, -0.195]), ('correct', 10), ('correct_seq', ['polygon_19', 'polygon_2'])])
8.6813 	EXP 	Grid: autoDraw = False
8.6813 	EXP 	Square: autoDraw = False
8.6813 	EXP 	Square: pos = array([ 0.   , -0.195])
8.6813 	EXP 	Grid: autoDraw = True
8.6813 	EXP 	Square: autoDraw = True
10.1982 	EXP 	Grid: autoDraw = False
10.1982 	EXP 	Square: autoDraw = False
10.1982 	EXP 	polygon: fillColor = 'white'
10.1982 	EXP 	polygon: lineColor = 'white'
10.1982 	EXP 	polygon: color = 'white'
10.1982 	EXP 	polygon_2: fillColor = 'white'
10.1982 	EXP 	polygon_2: lineColor = 'white'
10.1982 	EXP 	polygon_2: color = 'white'
10.1982 	EXP 	polygon_3: fillColor = 'white'
10.1982 	EXP 	polygon_3: lineColor = 'white'
10.1982 	EXP 	polygon_3: color = 'white'
10.1982 	EXP 	polygon_4: fillColor = 'white'
10.1982 	EXP 	polygon_4: lineColor = 'white'
10.1982 	EXP 	polygon_4: color = 'white'
10.1982 	EXP 	polygon_5: fillColor = 'white'
10.1982 	EXP 	polygon_5: lineColor = 'white'
10.1982 	EXP 	polygon_5: color = 'white'
10.1982 	EXP 	polygon_6: fillColor = 'white'
10.1982 	EXP 	polygon_6: lineColor = 'white'
10.1982 	EXP 	polygon_6: color = 'white'
10.1982 	EXP 	polygon_7: fillColor = 'white'
10.1982 	EXP 	polygon_7: lineColor = 'white'
10.1982 	EXP 	polygon_7: color = 'white'
10.1982 	EXP 	polygon_8: fillColor = 'white'
10.1982 	EXP 	polygon_8: lineColor = 'white'
10.1982 	EXP 	polygon_8: color = 'white'
10.1982 	EXP 	polygon_9: fillColor = 'white'
10.1982 	EXP 	polygon_9: lineColor = 'white'
10.1982 	EXP 	polygon_9: color = 'white'
10.1982 	EXP 	polygon_10: fillColor = 'white'
10.1982 	EXP 	polygon_10: lineColor = 'white'
10.1982 	EXP 	polygon_10: color = 'white'
10.1982 	EXP 	polygon_11: fillColor = 'white'
10.1982 	EXP 	polygon_11: lineColor = 'white'
10.1982 	EXP 	polygon_11: color = 'white'
10.1982 	EXP 	polygon_12: fillColor = 'white'
10.1982 	EXP 	polygon_12: lineColor = 'white'
10.1982 	EXP 	polygon_12: color = 'white'
10.1982 	EXP 	polygon_13: fillColor = 'white'
10.1982 	EXP 	polygon_13: lineColor = 'white'
10.1982 	EXP 	polygon_13: color = 'white'
10.1982 	EXP 	polygon_14: fillColor = 'white'
10.1982 	EXP 	polygon_14: lineColor = 'white'
10.1982 	EXP 	polygon_14: color = 'white'
10.1982 	EXP 	polygon_15: fillColor = 'white'
10.1982 	EXP 	polygon_15: lineColor = 'white'
10.1982 	EXP 	polygon_15: color = 'white'
10.1982 	EXP 	polygon_16: fillColor = 'white'
10.1982 	EXP 	polygon_16: lineColor = 'white'
10.1982 	EXP 	polygon_16: color = 'white'
10.1982 	EXP 	polygon_17: fillColor = 'white'
10.1982 	EXP 	polygon_17: lineColor = 'white'
10.1982 	EXP 	polygon_17: color = 'white'
10.1982 	EXP 	polygon_18: fillColor = 'white'
10.1982 	EXP 	polygon_18: lineColor = 'white'
10.1982 	EXP 	polygon_18: color = 'white'
10.1982 	EXP 	polygon_19: fillColor = 'white'
10.1982 	EXP 	polygon_19: lineColor = 'white'
10.1982 	EXP 	polygon_19: color = 'white'
10.1982 	EXP 	polygon_20: fillColor = 'white'
10.1982 	EXP 	polygon_20: lineColor = 'white'
10.1982 	EXP 	polygon_20: color = 'white'
10.1982 	EXP 	polygon_21: fillColor = 'white'
10.1982 	EXP 	polygon_21: lineColor = 'white'
10.1982 	EXP 	polygon_21: color = 'white'
10.1982 	EXP 	polygon_22: fillColor = 'white'
10.1982 	EXP 	polygon_22: lineColor = 'white'
10.1982 	EXP 	polygon_22: color = 'white'
10.1982 	EXP 	polygon_23: fillColor = 'white'
10.1982 	EXP 	polygon_23: lineColor = 'white'
10.1982 	EXP 	polygon_23: color = 'white'
10.1982 	EXP 	polygon_24: fillColor = 'white'
10.1982 	EXP 	polygon_24: lineColor = 'white'
10.1982 	EXP 	polygon_24: color = 'white'
10.1982 	EXP 	polygon_25: fillColor = 'white'
10.1982 	EXP 	polygon_25: lineColor = 'white'
10.1982 	EXP 	polygon_25: color = 'white'
10.1982 	EXP 	grid: autoDraw = True
10.1982 	EXP 	polygon: autoDraw = True
10.1982 	EXP 	polygon_2: autoDraw = True
10.1982 	EXP 	polygon_3: autoDraw = True
10.1982 	EXP 	polygon_4: autoDraw = True
10.1982 	EXP 	polygon_5: autoDraw = True
10.1982 	EXP 	polygon_6: autoDraw = True
10.1982 	EXP 	polygon_7: autoDraw = True
10.1982 	EXP 	polygon_8: autoDraw = True
10.1982 	EXP 	polygon_9: autoDraw = True
10.1982 	EXP 	polygon_10: autoDraw = True
10.1982 	EXP 	polygon_11: autoDraw = True
10.1982 	EXP 	polygon_12: autoDraw = True
10.1982 	EXP 	polygon_13: autoDraw = True
10.1982 	EXP 	polygon_14: autoDraw = True
10.1982 	EXP 	polygon_15: autoDraw = True
10.1982 	EXP 	polygon_16: autoDraw = True
10.1982 	EXP 	polygon_17: autoDraw = True
10.1982 	EXP 	polygon_18: autoDraw = True
10.1982 	EXP 	polygon_19: autoDraw = True
10.1982 	EXP 	polygon_20: autoDraw = True
10.1982 	EXP 	polygon_21: autoDraw = True
10.1982 	EXP 	polygon_22: autoDraw = True
10.1982 	EXP 	polygon_23: autoDraw = True
10.1982 	EXP 	polygon_24: autoDraw = True
10.1982 	EXP 	polygon_25: autoDraw = True
10.5868 	DATA 	Mouse: Left button down, pos=(1430,580)
10.6479 	EXP 	polygon_18: fillColor = 'black'
10.6479 	EXP 	polygon_18: lineColor = 'black'
10.6479 	EXP 	polygon_18: color = 'black'
10.7504 	DATA 	Mouse:  Left button up, pos=(1430,580)
11.4186 	DATA 	Mouse: Left button down, pos=(2216,1296)
11.4481 	EXP 	polygon_10: fillColor = 'black'
11.4481 	EXP 	polygon_10: lineColor = 'black'
11.4481 	EXP 	polygon_10: color = 'black'
11.5838 	DATA 	Mouse:  Left button up, pos=(2216,1296)
12.6231 	DATA 	Keypress: space
12.6397 	EXP 	New trial (rep=0, index=1): OrderedDict([('Running_Trial_Num', 2), ('trial_length', 2), ('rows', '2, 3'), ('correct_seq', ['polygon_19', 'polygon_2'])])
12.6627 	EXP 	Imported BLS_Trial_List.xlsx as conditions, 2 conditions, 7 params
12.6629 	EXP 	Created sequence: sequential, trialTypes=2, nReps=1, seed=None
12.6632 	EXP 	New trial (rep=0, index=0): OrderedDict([('span', 2), ('trial', 2), ('stimulus', 1), ('square', 2), ('location', [-0.195, 0.39]), ('correct', 19), ('correct_seq', ['polygon_21', 'polygon_8'])])
12.6812 	EXP 	grid: autoDraw = False
12.6812 	EXP 	polygon: autoDraw = False
12.6812 	EXP 	polygon_2: autoDraw = False
12.6812 	EXP 	polygon_3: autoDraw = False
12.6812 	EXP 	polygon_4: autoDraw = False
12.6812 	EXP 	polygon_5: autoDraw = False
12.6812 	EXP 	polygon_6: autoDraw = False
12.6812 	EXP 	polygon_7: autoDraw = False
12.6812 	EXP 	polygon_8: autoDraw = False
12.6812 	EXP 	polygon_9: autoDraw = False
12.6812 	EXP 	polygon_10: autoDraw = False
12.6812 	EXP 	polygon_11: autoDraw = False
12.6812 	EXP 	polygon_12: autoDraw = False
12.6812 	EXP 	polygon_13: autoDraw = False
12.6812 	EXP 	polygon_14: autoDraw = False
12.6812 	EXP 	polygon_15: autoDraw = False
12.6812 	EXP 	polygon_16: autoDraw = False
12.6812 	EXP 	polygon_17: autoDraw = False
12.6812 	EXP 	polygon_18: autoDraw = False
12.6812 	EXP 	polygon_19: autoDraw = False
12.6812 	EXP 	polygon_20: autoDraw = False
12.6812 	EXP 	polygon_21: autoDraw = False
12.6812 	EXP 	polygon_22: autoDraw = False
12.6812 	EXP 	polygon_23: autoDraw = False
12.6812 	EXP 	polygon_24: autoDraw = False
12.6812 	EXP 	polygon_25: autoDraw = False
12.6812 	EXP 	Square: pos = array([-0.195,  0.39 ])
12.6812 	EXP 	Grid: autoDraw = True
12.6812 	EXP 	Square: autoDraw = True
14.1484 	EXP 	New trial (rep=0, index=1): OrderedDict([('span', 2), ('trial', 2), ('stimulus', 2), ('square', 19), ('location', [0.195, -0.195]), ('correct', 2), ('correct_seq', ['polygon_3', 'polygon_7'])])
14.1646 	EXP 	Grid: autoDraw = False
14.1646 	EXP 	Square: autoDraw = False
14.1646 	EXP 	Square: pos = array([ 0.195, -0.195])
14.1646 	EXP 	Grid: autoDraw = True
14.1646 	EXP 	Square: autoDraw = True
15.6813 	EXP 	Grid: autoDraw = False
15.6813 	EXP 	Square: autoDraw = False
15.6813 	EXP 	polygon: fillColor = 'white'
15.6813 	EXP 	polygon: lineColor = 'white'
15.6813 	EXP 	polygon: color = 'white'
15.6813 	EXP 	polygon_2: fillColor = 'white'
15.6813 	EXP 	polygon_2: lineColor = 'white'
15.6813 	EXP 	polygon_2: color = 'white'
15.6813 	EXP 	polygon_3: fillColor = 'white'
15.6813 	EXP 	polygon_3: lineColor = 'white'
15.6813 	EXP 	polygon_3: color = 'white'
15.6813 	EXP 	polygon_4: fillColor = 'white'
15.6813 	EXP 	polygon_4: lineColor = 'white'
15.6813 	EXP 	polygon_4: color = 'white'
15.6813 	EXP 	polygon_5: fillColor = 'white'
15.6813 	EXP 	polygon_5: lineColor = 'white'
15.6813 	EXP 	polygon_5: color = 'white'
15.6813 	EXP 	polygon_6: fillColor = 'white'
15.6813 	EXP 	polygon_6: lineColor = 'white'
15.6813 	EXP 	polygon_6: color = 'white'
15.6813 	EXP 	polygon_7: fillColor = 'white'
15.6813 	EXP 	polygon_7: lineColor = 'white'
15.6813 	EXP 	polygon_7: color = 'white'
15.6813 	EXP 	polygon_8: fillColor = 'white'
15.6813 	EXP 	polygon_8: lineColor = 'white'
15.6813 	EXP 	polygon_8: color = 'white'
15.6813 	EXP 	polygon_9: fillColor = 'white'
15.6813 	EXP 	polygon_9: lineColor = 'white'
15.6813 	EXP 	polygon_9: color = 'white'
15.6813 	EXP 	polygon_10: fillColor = 'white'
15.6813 	EXP 	polygon_10: lineColor = 'white'
15.6813 	EXP 	polygon_10: color = 'white'
15.6813 	EXP 	polygon_11: fillColor = 'white'
15.6813 	EXP 	polygon_11: lineColor = 'white'
15.6813 	EXP 	polygon_11: color = 'white'
15.6813 	EXP 	polygon_12: fillColor = 'white'
15.6813 	EXP 	polygon_12: lineColor = 'white'
15.6813 	EXP 	polygon_12: color = 'white'
15.6813 	EXP 	polygon_13: fillColor = 'white'
15.6813 	EXP 	polygon_13: lineColor = 'white'
15.6813 	EXP 	polygon_13: color = 'white'
15.6813 	EXP 	polygon_14: fillColor = 'white'
15.6813 	EXP 	polygon_14: lineColor = 'white'
15.6813 	EXP 	polygon_14: color = 'white'
15.6813 	EXP 	polygon_15: fillColor = 'white'
15.6813 	EXP 	polygon_15: lineColor = 'white'
15.6813 	EXP 	polygon_15: color = 'white'
15.6813 	EXP 	polygon_16: fillColor = 'white'
15.6813 	EXP 	polygon_16: lineColor = 'white'
15.6813 	EXP 	polygon_16: color = 'white'
15.6813 	EXP 	polygon_17: fillColor = 'white'
15.6813 	EXP 	polygon_17: lineColor = 'white'
15.6813 	EXP 	polygon_17: color = 'white'
15.6813 	EXP 	polygon_18: fillColor = 'white'
15.6813 	EXP 	polygon_18: lineColor = 'white'
15.6813 	EXP 	polygon_18: color = 'white'
15.6813 	EXP 	polygon_19: fillColor = 'white'
15.6813 	EXP 	polygon_19: lineColor = 'white'
15.6813 	EXP 	polygon_19: color = 'white'
15.6813 	EXP 	polygon_20: fillColor = 'white'
15.6813 	EXP 	polygon_20: lineColor = 'white'
15.6813 	EXP 	polygon_20: color = 'white'
15.6813 	EXP 	polygon_21: fillColor = 'white'
15.6813 	EXP 	polygon_21: lineColor = 'white'
15.6813 	EXP 	polygon_21: color = 'white'
15.6813 	EXP 	polygon_22: fillColor = 'white'
15.6813 	EXP 	polygon_22: lineColor = 'white'
15.6813 	EXP 	polygon_22: color = 'white'
15.6813 	EXP 	polygon_23: fillColor = 'white'
15.6813 	EXP 	polygon_23: lineColor = 'white'
15.6813 	EXP 	polygon_23: color = 'white'
15.6813 	EXP 	polygon_24: fillColor = 'white'
15.6813 	EXP 	polygon_24: lineColor = 'white'
15.6813 	EXP 	polygon_24: color = 'white'
15.6813 	EXP 	polygon_25: fillColor = 'white'
15.6813 	EXP 	polygon_25: lineColor = 'white'
15.6813 	EXP 	polygon_25: color = 'white'
15.6813 	EXP 	grid: autoDraw = True
15.6813 	EXP 	polygon: autoDraw = True
15.6813 	EXP 	polygon_2: autoDraw = True
15.6813 	EXP 	polygon_3: autoDraw = True
15.6813 	EXP 	polygon_4: autoDraw = True
15.6813 	EXP 	polygon_5: autoDraw = True
15.6813 	EXP 	polygon_6: autoDraw = True
15.6813 	EXP 	polygon_7: autoDraw = True
15.6813 	EXP 	polygon_8: autoDraw = True
15.6813 	EXP 	polygon_9: autoDraw = True
15.6813 	EXP 	polygon_10: autoDraw = True
15.6813 	EXP 	polygon_11: autoDraw = True
15.6813 	EXP 	polygon_12: autoDraw = True
15.6813 	EXP 	polygon_13: autoDraw = True
15.6813 	EXP 	polygon_14: autoDraw = True
15.6813 	EXP 	polygon_15: autoDraw = True
15.6813 	EXP 	polygon_16: autoDraw = True
15.6813 	EXP 	polygon_17: autoDraw = True
15.6813 	EXP 	polygon_18: autoDraw = True
15.6813 	EXP 	polygon_19: autoDraw = True
15.6813 	EXP 	polygon_20: autoDraw = True
15.6813 	EXP 	polygon_21: autoDraw = True
15.6813 	EXP 	polygon_22: autoDraw = True
15.6813 	EXP 	polygon_23: autoDraw = True
15.6813 	EXP 	polygon_24: autoDraw = True
15.6813 	EXP 	polygon_25: autoDraw = True
16.1737 	DATA 	Mouse: Left button down, pos=(1810,548)
16.2147 	EXP 	polygon_19: fillColor = 'black'
16.2147 	EXP 	polygon_19: lineColor = 'black'
16.2147 	EXP 	polygon_19: color = 'black'
16.3503 	DATA 	Mouse:  Left button up, pos=(1810,548)
17.2660 	DATA 	Mouse: Left button down, pos=(1077,1589)
17.2979 	EXP 	polygon_2: fillColor = 'black'
17.2979 	EXP 	polygon_2: lineColor = 'black'
17.2979 	EXP 	polygon_2: color = 'black'
17.4003 	DATA 	Mouse:  Left button up, pos=(1077,1589)
17.9670 	DATA 	Keypress: space
18.0147 	EXP 	grid: autoDraw = False
18.0147 	EXP 	polygon: autoDraw = False
18.0147 	EXP 	polygon_2: autoDraw = False
18.0147 	EXP 	polygon_3: autoDraw = False
18.0147 	EXP 	polygon_4: autoDraw = False
18.0147 	EXP 	polygon_5: autoDraw = False
18.0147 	EXP 	polygon_6: autoDraw = False
18.0147 	EXP 	polygon_7: autoDraw = False
18.0147 	EXP 	polygon_8: autoDraw = False
18.0147 	EXP 	polygon_9: autoDraw = False
18.0147 	EXP 	polygon_10: autoDraw = False
18.0147 	EXP 	polygon_11: autoDraw = False
18.0147 	EXP 	polygon_12: autoDraw = False
18.0147 	EXP 	polygon_13: autoDraw = False
18.0147 	EXP 	polygon_14: autoDraw = False
18.0147 	EXP 	polygon_15: autoDraw = False
18.0147 	EXP 	polygon_16: autoDraw = False
18.0147 	EXP 	polygon_17: autoDraw = False
18.0147 	EXP 	polygon_18: autoDraw = False
18.0147 	EXP 	polygon_19: autoDraw = False
18.0147 	EXP 	polygon_20: autoDraw = False
18.0147 	EXP 	polygon_21: autoDraw = False
18.0147 	EXP 	polygon_22: autoDraw = False
18.0147 	EXP 	polygon_23: autoDraw = False
18.0147 	EXP 	polygon_24: autoDraw = False
18.0147 	EXP 	polygon_25: autoDraw = False
18.1035 	EXP 	window1: mouseVisible = True
5.4604 	WARNING 	User requested fullscreen with size [1440  900], but screen is actually [2880, 1800]. Using actual size
6.3888 	EXP 	Created window1 = Window(allowGUI=False, allowStencil=False, args=UNKNOWN, autoLog=True, bitsMode=UNKNOWN, blendMode='avg', color=array([0., 0., 0.]), colorSpace='hsv', fullscr=<method-wrapper '__getattribute__' of attributeSetter object at 0x00000260CB5056A0>, gamma=None, gammaErrorPolicy='raise', kwargs=UNKNOWN, lms=UNKNOWN, monitor=<psychopy.monitors.calibTools.Monitor object at 0x00000260BE2E6828>, multiSample=False, name='window1', numSamples=2, pos=[0.0, 0.0], screen=0, size=array([2880, 1800]), stereo=False, units='height', useFBO=True, useRetina=False, viewOri=0.0, viewPos=None, viewScale=None, waitBlanking=True, winType='pyglet')
6.3888 	EXP 	window1: recordFrameIntervals = False
6.5551 	EXP 	window1: recordFrameIntervals = True
6.7385 	EXP 	window1: recordFrameIntervals = False
6.9664 	EXP 	Created Grid = ImageStim(__class__=<class 'psychopy.visual.image.ImageStim'>, autoLog=True, color=array([1., 1., 1.]), colorSpace='rgb', contrast=1.0, depth=0.0, flipHoriz=False, flipVert=False, image='Blank Grid.jpg', interpolate=True, mask=None, maskParams=None, name='Grid', opacity=1.0, ori=0.0, pos=array([0., 0.]), size=array([1., 1.]), texRes=128, units='height', win=Window(...))
6.9692 	EXP 	Created Square = Rect(__class__=<class 'psychopy.visual.rect.Rect'>, autoDraw=False, autoLog=True, closeShape=True, color=method-wrapper(...), colorSpace=None, contrast=1.0, depth=-1.0, fillColor=array([255.,   0.,   0.]), fillColorSpace='rgb255', fillRGB=array([255.,   0.,   0.]), interpolate=True, lineColor=array([255.,   0.,   0.]), lineColorSpace='rgb', lineRGB=array([255.,   0.,   0.]), lineWidth=1, name='Square', opacity=1.0, ori=array(0.), pos=array([0., 0.]), size=array([1., 1.]), units='height', vertices=ndarray(...), win=Window(...))
7.0668 	EXP 	Created grid = ImageStim(__class__=<class 'psychopy.visual.image.ImageStim'>, autoLog=True, color=array([1., 1., 1.]), colorSpace='rgb', contrast=1.0, depth=0.0, flipHoriz=False, flipVert=False, image='Blank Grid.jpg', interpolate=True, mask=None, maskParams=None, name='grid', opacity=1.0, ori=0.0, pos=array([0., 0.]), size=array([1., 1.]), texRes=128, units='height', win=Window(...))
7.0676 	EXP 	Created polygon = Rect(__class__=<class 'psychopy.visual.rect.Rect'>, autoDraw=False, autoLog=True, closeShape=True, color=method-wrapper(...), colorSpace=None, contrast=1.0, depth=-2.0, fillColor='white', fillColorSpace='named', fillRGB=array([255., 255., 255.]), interpolate=True, lineColor='white', lineColorSpace='named', lineRGB=array([255., 255., 255.]), lineWidth=1, name='polygon', opacity=1.0, ori=array(0.), pos=array([-0.386 ,  0.3875]), size=array([1., 1.]), units='height', vertices=ndarray(...), win=Window(...))
7.0683 	EXP 	Created polygon_2 = Rect(__class__=<class 'psychopy.visual.rect.Rect'>, autoDraw=False, autoLog=True, closeShape=True, color=method-wrapper(...), colorSpace=None, contrast=1.0, depth=-3.0, fillColor='white', fillColorSpace='named', fillRGB=array([255., 255., 255.]), interpolate=True, lineColor='white', lineColorSpace='named', lineRGB=array([255., 255., 255.]), lineWidth=1, name='polygon_2', opacity=1.0, ori=array(0.), pos=array([-0.193 ,  0.3875]), size=array([1., 1.]), units='height', vertices=ndarray(...), win=Window(...))
7.0690 	EXP 	Created polygon_3 = Rect(__class__=<class 'psychopy.visual.rect.Rect'>, autoDraw=False, autoLog=True, closeShape=True, color=method-wrapper(...), colorSpace=None, contrast=1.0, depth=-4.0, fillColor='white', fillColorSpace='named', fillRGB=array([255., 255., 255.]), interpolate=True, lineColor='white', lineColorSpace='named', lineRGB=array([255., 255., 255.]), lineWidth=1, name='polygon_3', opacity=1.0, ori=array(0.), pos=array([0.    , 0.3875]), size=array([1., 1.]), units='height', vertices=ndarray(...), win=Window(...))
7.0698 	EXP 	Created polygon_4 = Rect(__class__=<class 'psychopy.visual.rect.Rect'>, autoDraw=False, autoLog=True, closeShape=True, color=method-wrapper(...), colorSpace=None, contrast=1.0, depth=-5.0, fillColor='white', fillColorSpace='named', fillRGB=array([255., 255., 255.]), interpolate=True, lineColor='white', lineColorSpace='named', lineRGB=array([255., 255., 255.]), lineWidth=1, name='polygon_4', opacity=1.0, ori=array(0.), pos=array([0.193 , 0.3875]), size=array([1., 1.]), units='height', vertices=ndarray(...), win=Window(...))
7.0705 	EXP 	Created polygon_5 = Rect(__class__=<class 'psychopy.visual.rect.Rect'>, autoDraw=False, autoLog=True, closeShape=True, color=method-wrapper(...), colorSpace=None, contrast=1.0, depth=-6.0, fillColor='white', fillColorSpace='named', fillRGB=array([255., 255., 255.]), interpolate=True, lineColor='white', lineColorSpace='named', lineRGB=array([255., 255., 255.]), lineWidth=1, name='polygon_5', opacity=1.0, ori=array(0.), pos=array([0.386 , 0.3875]), size=array([1., 1.]), units='height', vertices=ndarray(...), win=Window(...))
7.0712 	EXP 	Created polygon_6 = Rect(__class__=<class 'psychopy.visual.rect.Rect'>, autoDraw=False, autoLog=True, closeShape=True, color=method-wrapper(...), colorSpace=None, contrast=1.0, depth=-7.0, fillColor='white', fillColorSpace='named', fillRGB=array([255., 255., 255.]), interpolate=True, lineColor='white', lineColorSpace='named', lineRGB=array([255., 255., 255.]), lineWidth=1, name='polygon_6', opacity=1.0, ori=array(0.), pos=array([-0.386  ,  0.19415]), size=array([1., 1.]), units='height', vertices=ndarray(...), win=Window(...))
7.0719 	EXP 	Created polygon_7 = Rect(__class__=<class 'psychopy.visual.rect.Rect'>, autoDraw=False, autoLog=True, closeShape=True, color=method-wrapper(...), colorSpace=None, contrast=1.0, depth=-8.0, fillColor='white', fillColorSpace='named', fillRGB=array([255., 255., 255.]), interpolate=True, lineColor='white', lineColorSpace='named', lineRGB=array([255., 255., 255.]), lineWidth=1, name='polygon_7', opacity=1.0, ori=array(0.), pos=array([-0.193  ,  0.19415]), size=array([1., 1.]), units='height', vertices=ndarray(...), win=Window(...))
7.0726 	EXP 	Created polygon_8 = Rect(__class__=<class 'psychopy.visual.rect.Rect'>, autoDraw=False, autoLog=True, closeShape=True, color=method-wrapper(...), colorSpace=None, contrast=1.0, depth=-9.0, fillColor='white', fillColorSpace='named', fillRGB=array([255., 255., 255.]), interpolate=True, lineColor='white', lineColorSpace='named', lineRGB=array([255., 255., 255.]), lineWidth=1, name='polygon_8', opacity=1.0, ori=array(0.), pos=array([0.     , 0.19415]), size=array([1., 1.]), units='height', vertices=ndarray(...), win=Window(...))
7.0735 	EXP 	Created polygon_9 = Rect(__class__=<class 'psychopy.visual.rect.Rect'>, autoDraw=False, autoLog=True, closeShape=True, color=method-wrapper(...), colorSpace=None, contrast=1.0, depth=-10.0, fillColor='white', fillColorSpace='named', fillRGB=array([255., 255., 255.]), interpolate=True, lineColor='white', lineColorSpace='named', lineRGB=array([255., 255., 255.]), lineWidth=1, name='polygon_9', opacity=1.0, ori=array(0.), pos=array([0.193  , 0.19415]), size=array([1., 1.]), units='height', vertices=ndarray(...), win=Window(...))
7.0743 	EXP 	Created polygon_10 = Rect(__class__=<class 'psychopy.visual.rect.Rect'>, autoDraw=False, autoLog=True, closeShape=True, color=method-wrapper(...), colorSpace=None, contrast=1.0, depth=-11.0, fillColor='white', fillColorSpace='named', fillRGB=array([255., 255., 255.]), interpolate=True, lineColor='white', lineColorSpace='named', lineRGB=array([255., 255., 255.]), lineWidth=1, name='polygon_10', opacity=1.0, ori=array(0.), pos=array([0.386  , 0.19415]), size=array([1., 1.]), units='height', vertices=ndarray(...), win=Window(...))
7.0751 	EXP 	Created polygon_11 = Rect(__class__=<class 'psychopy.visual.rect.Rect'>, autoDraw=False, autoLog=True, closeShape=True, color=method-wrapper(...), colorSpace=None, contrast=1.0, depth=-12.0, fillColor='white', fillColorSpace='named', fillRGB=array([255., 255., 255.]), interpolate=True, lineColor='white', lineColorSpace='named', lineRGB=array([255., 255., 255.]), lineWidth=1, name='polygon_11', opacity=1.0, ori=array(0.), pos=array([-0.386,  0.   ]), size=array([1., 1.]), units='height', vertices=ndarray(...), win=Window(...))
7.0758 	EXP 	Created polygon_12 = Rect(__class__=<class 'psychopy.visual.rect.Rect'>, autoDraw=False, autoLog=True, closeShape=True, color=method-wrapper(...), colorSpace=None, contrast=1.0, depth=-13.0, fillColor='white', fillColorSpace='named', fillRGB=array([255., 255., 255.]), interpolate=True, lineColor='white', lineColorSpace='named', lineRGB=array([255., 255., 255.]), lineWidth=1, name='polygon_12', opacity=1.0, ori=array(0.), pos=array([-0.193,  0.   ]), size=array([1., 1.]), units='height', vertices=ndarray(...), win=Window(...))
7.0765 	EXP 	Created polygon_13 = Rect(__class__=<class 'psychopy.visual.rect.Rect'>, autoDraw=False, autoLog=True, closeShape=True, color=method-wrapper(...), colorSpace=None, contrast=1.0, depth=-14.0, fillColor='white', fillColorSpace='named', fillRGB=array([255., 255., 255.]), interpolate=True, lineColor='white', lineColorSpace='named', lineRGB=array([255., 255., 255.]), lineWidth=1, name='polygon_13', opacity=1.0, ori=array(0.), pos=array([0., 0.]), size=array([1., 1.]), units='height', vertices=ndarray(...), win=Window(...))
7.0772 	EXP 	Created polygon_14 = Rect(__class__=<class 'psychopy.visual.rect.Rect'>, autoDraw=False, autoLog=True, closeShape=True, color=method-wrapper(...), colorSpace=None, contrast=1.0, depth=-15.0, fillColor='white', fillColorSpace='named', fillRGB=array([255., 255., 255.]), interpolate=True, lineColor='white', lineColorSpace='named', lineRGB=array([255., 255., 255.]), lineWidth=1, name='polygon_14', opacity=1.0, ori=array(0.), pos=array([0.193, 0.   ]), size=array([1., 1.]), units='height', vertices=ndarray(...), win=Window(...))
7.0779 	EXP 	Created polygon_15 = Rect(__class__=<class 'psychopy.visual.rect.Rect'>, autoDraw=False, autoLog=True, closeShape=True, color=method-wrapper(...), colorSpace=None, contrast=1.0, depth=-16.0, fillColor='white', fillColorSpace='named', fillRGB=array([255., 255., 255.]), interpolate=True, lineColor='white', lineColorSpace='named', lineRGB=array([255., 255., 255.]), lineWidth=1, name='polygon_15', opacity=1.0, ori=array(0.), pos=array([0.386, 0.   ]), size=array([1., 1.]), units='height', vertices=ndarray(...), win=Window(...))
7.0786 	EXP 	Created polygon_16 = Rect(__class__=<class 'psychopy.visual.rect.Rect'>, autoDraw=False, autoLog=True, closeShape=True, color=method-wrapper(...), colorSpace=None, contrast=1.0, depth=-17.0, fillColor='white', fillColorSpace='named', fillRGB=array([255., 255., 255.]), interpolate=True, lineColor='white', lineColorSpace='named', lineRGB=array([255., 255., 255.]), lineWidth=1, name='polygon_16', opacity=1.0, ori=array(0.), pos=array([-0.386  , -0.19415]), size=array([1., 1.]), units='height', vertices=ndarray(...), win=Window(...))
7.0793 	EXP 	Created polygon_17 = Rect(__class__=<class 'psychopy.visual.rect.Rect'>, autoDraw=False, autoLog=True, closeShape=True, color=method-wrapper(...), colorSpace=None, contrast=1.0, depth=-18.0, fillColor='white', fillColorSpace='named', fillRGB=array([255., 255., 255.]), interpolate=True, lineColor='white', lineColorSpace='named', lineRGB=array([255., 255., 255.]), lineWidth=1, name='polygon_17', opacity=1.0, ori=array(0.), pos=array([-0.193  , -0.19415]), size=array([1., 1.]), units='height', vertices=ndarray(...), win=Window(...))
7.0800 	EXP 	Created polygon_18 = Rect(__class__=<class 'psychopy.visual.rect.Rect'>, autoDraw=False, autoLog=True, closeShape=True, color=method-wrapper(...), colorSpace=None, contrast=1.0, depth=-19.0, fillColor='white', fillColorSpace='named', fillRGB=array([255., 255., 255.]), interpolate=True, lineColor='white', lineColorSpace='named', lineRGB=array([255., 255., 255.]), lineWidth=1, name='polygon_18', opacity=1.0, ori=array(0.), pos=array([ 0.     , -0.19415]), size=array([1., 1.]), units='height', vertices=ndarray(...), win=Window(...))
7.0807 	EXP 	Created polygon_19 = Rect(__class__=<class 'psychopy.visual.rect.Rect'>, autoDraw=False, autoLog=True, closeShape=True, color=method-wrapper(...), colorSpace=None, contrast=1.0, depth=-20.0, fillColor='white', fillColorSpace='named', fillRGB=array([255., 255., 255.]), interpolate=True, lineColor='white', lineColorSpace='named', lineRGB=array([255., 255., 255.]), lineWidth=1, name='polygon_19', opacity=1.0, ori=array(0.), pos=array([ 0.193  , -0.19415]), size=array([1., 1.]), units='height', vertices=ndarray(...), win=Window(...))
7.0814 	EXP 	Created polygon_20 = Rect(__class__=<class 'psychopy.visual.rect.Rect'>, autoDraw=False, autoLog=True, closeShape=True, color=method-wrapper(...), colorSpace=None, contrast=1.0, depth=-21.0, fillColor='white', fillColorSpace='named', fillRGB=array([255., 255., 255.]), interpolate=True, lineColor='white', lineColorSpace='named', lineRGB=array([255., 255., 255.]), lineWidth=1, name='polygon_20', opacity=1.0, ori=array(0.), pos=array([ 0.386  , -0.19415]), size=array([1., 1.]), units='height', vertices=ndarray(...), win=Window(...))
7.0821 	EXP 	Created polygon_21 = Rect(__class__=<class 'psychopy.visual.rect.Rect'>, autoDraw=False, autoLog=True, closeShape=True, color=method-wrapper(...), colorSpace=None, contrast=1.0, depth=-22.0, fillColor='white', fillColorSpace='named', fillRGB=array([255., 255., 255.]), interpolate=True, lineColor='white', lineColorSpace='named', lineRGB=array([255., 255., 255.]), lineWidth=1, name='polygon_21', opacity=1.0, ori=array(0.), pos=array([-0.386 , -0.3875]), size=array([1., 1.]), units='height', vertices=ndarray(...), win=Window(...))
7.0828 	EXP 	Created polygon_22 = Rect(__class__=<class 'psychopy.visual.rect.Rect'>, autoDraw=False, autoLog=True, closeShape=True, color=method-wrapper(...), colorSpace=None, contrast=1.0, depth=-23.0, fillColor='white', fillColorSpace='named', fillRGB=array([255., 255., 255.]), interpolate=True, lineColor='white', lineColorSpace='named', lineRGB=array([255., 255., 255.]), lineWidth=1, name='polygon_22', opacity=1.0, ori=array(0.), pos=array([-0.193 , -0.3875]), size=array([1., 1.]), units='height', vertices=ndarray(...), win=Window(...))
7.0835 	EXP 	Created polygon_23 = Rect(__class__=<class 'psychopy.visual.rect.Rect'>, autoDraw=False, autoLog=True, closeShape=True, color=method-wrapper(...), colorSpace=None, contrast=1.0, depth=-24.0, fillColor='white', fillColorSpace='named', fillRGB=array([255., 255., 255.]), interpolate=True, lineColor='white', lineColorSpace='named', lineRGB=array([255., 255., 255.]), lineWidth=1, name='polygon_23', opacity=1.0, ori=array(0.), pos=array([ 0.    , -0.3875]), size=array([1., 1.]), units='height', vertices=ndarray(...), win=Window(...))
7.0842 	EXP 	Created polygon_24 = Rect(__class__=<class 'psychopy.visual.rect.Rect'>, autoDraw=False, autoLog=True, closeShape=True, color=method-wrapper(...), colorSpace=None, contrast=1.0, depth=-25.0, fillColor='white', fillColorSpace='named', fillRGB=array([255., 255., 255.]), interpolate=True, lineColor='white', lineColorSpace='named', lineRGB=array([255., 255., 255.]), lineWidth=1, name='polygon_24', opacity=1.0, ori=array(0.), pos=array([ 0.193 , -0.3875]), size=array([1., 1.]), units='height', vertices=ndarray(...), win=Window(...))
7.0849 	EXP 	Created polygon_25 = Rect(__class__=<class 'psychopy.visual.rect.Rect'>, autoDraw=False, autoLog=True, closeShape=True, color=method-wrapper(...), colorSpace=None, contrast=1.0, depth=-26.0, fillColor='white', fillColorSpace='named', fillRGB=array([255., 255., 255.]), interpolate=True, lineColor='white', lineColorSpace='named', lineRGB=array([255., 255., 255.]), lineWidth=1, name='polygon_25', opacity=1.0, ori=array(0.), pos=array([ 0.386 , -0.3875]), size=array([1., 1.]), units='height', vertices=ndarray(...), win=Window(...))
7.1153 	EXP 	Imported BLS_Trial_Picker.xlsx as conditions, 32 conditions, 4 params
7.1156 	EXP 	Created sequence: sequential, trialTypes=32, nReps=1, seed=None
7.1159 	EXP 	New trial (rep=0, index=0): OrderedDict([('Running_Trial_Num', 1), ('trial_length', 2), ('rows', '0, 1, 2'), ('correct_seq', ['polygon_18', 'polygon_10'])])
7.1377 	EXP 	Imported BLS_Trial_List.xlsx as conditions, 3 conditions, 7 params
7.1379 	EXP 	Created sequence: sequential, trialTypes=3, nReps=1, seed=None
7.1382 	EXP 	New trial (rep=0, index=0): OrderedDict([('span', 2), ('trial', 1), ('stimulus', 1), ('square', 10), ('location', [0.39, 0.195]), ('correct', 18), ('correct_seq', ['polygon_18', 'polygon_10'])])
7.2216 	EXP 	Square: pos = array([0.39 , 0.195])
7.2216 	EXP 	Grid: autoDraw = True
7.2216 	EXP 	Square: autoDraw = True
8.5884 	EXP 	New trial (rep=0, index=1): OrderedDict([('span', 2), ('trial', 1), ('stimulus', 2), ('square', 18), ('location', [0, -0.195]), ('correct', 10), ('correct_seq', ['polygon_19', 'polygon_2'])])
8.6046 	EXP 	Grid: autoDraw = False
8.6046 	EXP 	Square: autoDraw = False
8.6046 	EXP 	Square: pos = array([ 0.   , -0.195])
8.6046 	EXP 	Grid: autoDraw = True
8.6046 	EXP 	Square: autoDraw = True
10.0883 	EXP 	New trial (rep=0, index=2): OrderedDict([('span', 2), ('trial', 2), ('stimulus', 1), ('square', 2), ('location', [-0.195, 0.39]), ('correct', 19), ('correct_seq', ['polygon_21', 'polygon_8'])])
10.1047 	EXP 	Grid: autoDraw = False
10.1047 	EXP 	Square: autoDraw = False
10.1047 	EXP 	Square: pos = array([-0.195,  0.39 ])
10.1047 	EXP 	Grid: autoDraw = True
10.1047 	EXP 	Square: autoDraw = True
11.6214 	EXP 	Grid: autoDraw = False
11.6214 	EXP 	Square: autoDraw = False
11.6214 	EXP 	polygon: fillColor = 'white'
11.6214 	EXP 	polygon: lineColor = 'white'
11.6214 	EXP 	polygon: color = 'white'
11.6214 	EXP 	polygon_2: fillColor = 'white'
11.6214 	EXP 	polygon_2: lineColor = 'white'
11.6214 	EXP 	polygon_2: color = 'white'
11.6214 	EXP 	polygon_3: fillColor = 'white'
11.6214 	EXP 	polygon_3: lineColor = 'white'
11.6214 	EXP 	polygon_3: color = 'white'
11.6214 	EXP 	polygon_4: fillColor = 'white'
11.6214 	EXP 	polygon_4: lineColor = 'white'
11.6214 	EXP 	polygon_4: color = 'white'
11.6214 	EXP 	polygon_5: fillColor = 'white'
11.6214 	EXP 	polygon_5: lineColor = 'white'
11.6214 	EXP 	polygon_5: color = 'white'
11.6214 	EXP 	polygon_6: fillColor = 'white'
11.6214 	EXP 	polygon_6: lineColor = 'white'
11.6214 	EXP 	polygon_6: color = 'white'
11.6214 	EXP 	polygon_7: fillColor = 'white'
11.6214 	EXP 	polygon_7: lineColor = 'white'
11.6214 	EXP 	polygon_7: color = 'white'
11.6214 	EXP 	polygon_8: fillColor = 'white'
11.6214 	EXP 	polygon_8: lineColor = 'white'
11.6214 	EXP 	polygon_8: color = 'white'
11.6214 	EXP 	polygon_9: fillColor = 'white'
11.6214 	EXP 	polygon_9: lineColor = 'white'
11.6214 	EXP 	polygon_9: color = 'white'
11.6214 	EXP 	polygon_10: fillColor = 'white'
11.6214 	EXP 	polygon_10: lineColor = 'white'
11.6214 	EXP 	polygon_10: color = 'white'
11.6214 	EXP 	polygon_11: fillColor = 'white'
11.6214 	EXP 	polygon_11: lineColor = 'white'
11.6214 	EXP 	polygon_11: color = 'white'
11.6214 	EXP 	polygon_12: fillColor = 'white'
11.6214 	EXP 	polygon_12: lineColor = 'white'
11.6214 	EXP 	polygon_12: color = 'white'
11.6214 	EXP 	polygon_13: fillColor = 'white'
11.6214 	EXP 	polygon_13: lineColor = 'white'
11.6214 	EXP 	polygon_13: color = 'white'
11.6214 	EXP 	polygon_14: fillColor = 'white'
11.6214 	EXP 	polygon_14: lineColor = 'white'
11.6214 	EXP 	polygon_14: color = 'white'
11.6214 	EXP 	polygon_15: fillColor = 'white'
11.6214 	EXP 	polygon_15: lineColor = 'white'
11.6214 	EXP 	polygon_15: color = 'white'
11.6214 	EXP 	polygon_16: fillColor = 'white'
11.6214 	EXP 	polygon_16: lineColor = 'white'
11.6214 	EXP 	polygon_16: color = 'white'
11.6214 	EXP 	polygon_17: fillColor = 'white'
11.6214 	EXP 	polygon_17: lineColor = 'white'
11.6214 	EXP 	polygon_17: color = 'white'
11.6214 	EXP 	polygon_18: fillColor = 'white'
11.6214 	EXP 	polygon_18: lineColor = 'white'
11.6214 	EXP 	polygon_18: color = 'white'
11.6214 	EXP 	polygon_19: fillColor = 'white'
11.6214 	EXP 	polygon_19: lineColor = 'white'
11.6214 	EXP 	polygon_19: color = 'white'
11.6214 	EXP 	polygon_20: fillColor = 'white'
11.6214 	EXP 	polygon_20: lineColor = 'white'
11.6214 	EXP 	polygon_20: color = 'white'
11.6214 	EXP 	polygon_21: fillColor = 'white'
11.6214 	EXP 	polygon_21: lineColor = 'white'
11.6214 	EXP 	polygon_21: color = 'white'
11.6214 	EXP 	polygon_22: fillColor = 'white'
11.6214 	EXP 	polygon_22: lineColor = 'white'
11.6214 	EXP 	polygon_22: color = 'white'
11.6214 	EXP 	polygon_23: fillColor = 'white'
11.6214 	EXP 	polygon_23: lineColor = 'white'
11.6214 	EXP 	polygon_23: color = 'white'
11.6214 	EXP 	polygon_24: fillColor = 'white'
11.6214 	EXP 	polygon_24: lineColor = 'white'
11.6214 	EXP 	polygon_24: color = 'white'
11.6214 	EXP 	polygon_25: fillColor = 'white'
11.6214 	EXP 	polygon_25: lineColor = 'white'
11.6214 	EXP 	polygon_25: color = 'white'
11.6214 	EXP 	grid: autoDraw = True
11.6214 	EXP 	polygon: autoDraw = True
11.6214 	EXP 	polygon_2: autoDraw = True
11.6214 	EXP 	polygon_3: autoDraw = True
11.6214 	EXP 	polygon_4: autoDraw = True
11.6214 	EXP 	polygon_5: autoDraw = True
11.6214 	EXP 	polygon_6: autoDraw = True
11.6214 	EXP 	polygon_7: autoDraw = True
11.6214 	EXP 	polygon_8: autoDraw = True
11.6214 	EXP 	polygon_9: autoDraw = True
11.6214 	EXP 	polygon_10: autoDraw = True
11.6214 	EXP 	polygon_11: autoDraw = True
11.6214 	EXP 	polygon_12: autoDraw = True
11.6214 	EXP 	polygon_13: autoDraw = True
11.6214 	EXP 	polygon_14: autoDraw = True
11.6214 	EXP 	polygon_15: autoDraw = True
11.6214 	EXP 	polygon_16: autoDraw = True
11.6214 	EXP 	polygon_17: autoDraw = True
11.6214 	EXP 	polygon_18: autoDraw = True
11.6214 	EXP 	polygon_19: autoDraw = True
11.6214 	EXP 	polygon_20: autoDraw = True
11.6214 	EXP 	polygon_21: autoDraw = True
11.6214 	EXP 	polygon_22: autoDraw = True
11.6214 	EXP 	polygon_23: autoDraw = True
11.6214 	EXP 	polygon_24: autoDraw = True
11.6214 	EXP 	polygon_25: autoDraw = True
13.1302 	DATA 	Mouse: Left button down, pos=(1447,502)
13.1714 	EXP 	polygon_18: fillColor = 'black'
13.1714 	EXP 	polygon_18: lineColor = 'black'
13.1714 	EXP 	polygon_18: color = 'black'
13.3176 	DATA 	Mouse:  Left button up, pos=(1447,502)
14.3136 	DATA 	Mouse: Left button down, pos=(2200,952)
14.3547 	EXP 	polygon_15: fillColor = 'black'
14.3547 	EXP 	polygon_15: lineColor = 'black'
14.3547 	EXP 	polygon_15: color = 'black'
14.5343 	DATA 	Mouse:  Left button up, pos=(2200,952)
16.0068 	DATA 	Keypress: space
16.0129 	EXP 	New trial (rep=0, index=1): OrderedDict([('Running_Trial_Num', 2), ('trial_length', 2), ('rows', '2, 3'), ('correct_seq', ['polygon_19', 'polygon_2'])])
16.0358 	EXP 	Imported BLS_Trial_List.xlsx as conditions, 2 conditions, 7 params
16.0360 	EXP 	Created sequence: sequential, trialTypes=2, nReps=1, seed=None
16.0362 	EXP 	New trial (rep=0, index=0): OrderedDict([('span', 2), ('trial', 2), ('stimulus', 1), ('square', 2), ('location', [-0.195, 0.39]), ('correct', 19), ('correct_seq', ['polygon_21', 'polygon_8'])])
16.0546 	EXP 	grid: autoDraw = False
16.0546 	EXP 	polygon: autoDraw = False
16.0546 	EXP 	polygon_2: autoDraw = False
16.0546 	EXP 	polygon_3: autoDraw = False
16.0546 	EXP 	polygon_4: autoDraw = False
16.0546 	EXP 	polygon_5: autoDraw = False
16.0546 	EXP 	polygon_6: autoDraw = False
16.0546 	EXP 	polygon_7: autoDraw = False
16.0546 	EXP 	polygon_8: autoDraw = False
16.0546 	EXP 	polygon_9: autoDraw = False
16.0546 	EXP 	polygon_10: autoDraw = False
16.0546 	EXP 	polygon_11: autoDraw = False
16.0546 	EXP 	polygon_12: autoDraw = False
16.0546 	EXP 	polygon_13: autoDraw = False
16.0546 	EXP 	polygon_14: autoDraw = False
16.0546 	EXP 	polygon_15: autoDraw = False
16.0546 	EXP 	polygon_16: autoDraw = False
16.0546 	EXP 	polygon_17: autoDraw = False
16.0546 	EXP 	polygon_18: autoDraw = False
16.0546 	EXP 	polygon_19: autoDraw = False
16.0546 	EXP 	polygon_20: autoDraw = False
16.0546 	EXP 	polygon_21: autoDraw = False
16.0546 	EXP 	polygon_22: autoDraw = False
16.0546 	EXP 	polygon_23: autoDraw = False
16.0546 	EXP 	polygon_24: autoDraw = False
16.0546 	EXP 	polygon_25: autoDraw = False
16.0546 	EXP 	Square: pos = array([-0.195,  0.39 ])
16.0546 	EXP 	Grid: autoDraw = True
16.0546 	EXP 	Square: autoDraw = True
17.5216 	EXP 	New trial (rep=0, index=1): OrderedDict([('span', 2), ('trial', 2), ('stimulus', 2), ('square', 19), ('location', [0.195, -0.195]), ('correct', 2), ('correct_seq', ['polygon_3', 'polygon_7'])])
17.5379 	EXP 	Grid: autoDraw = False
17.5379 	EXP 	Square: autoDraw = False
17.5379 	EXP 	Square: pos = array([ 0.195, -0.195])
17.5379 	EXP 	Grid: autoDraw = True
17.5379 	EXP 	Square: autoDraw = True
19.0546 	EXP 	Grid: autoDraw = False
19.0546 	EXP 	Square: autoDraw = False
19.0546 	EXP 	polygon: fillColor = 'white'
19.0546 	EXP 	polygon: lineColor = 'white'
19.0546 	EXP 	polygon: color = 'white'
19.0546 	EXP 	polygon_2: fillColor = 'white'
19.0546 	EXP 	polygon_2: lineColor = 'white'
19.0546 	EXP 	polygon_2: color = 'white'
19.0546 	EXP 	polygon_3: fillColor = 'white'
19.0546 	EXP 	polygon_3: lineColor = 'white'
19.0546 	EXP 	polygon_3: color = 'white'
19.0546 	EXP 	polygon_4: fillColor = 'white'
19.0546 	EXP 	polygon_4: lineColor = 'white'
19.0546 	EXP 	polygon_4: color = 'white'
19.0546 	EXP 	polygon_5: fillColor = 'white'
19.0546 	EXP 	polygon_5: lineColor = 'white'
19.0546 	EXP 	polygon_5: color = 'white'
19.0546 	EXP 	polygon_6: fillColor = 'white'
19.0546 	EXP 	polygon_6: lineColor = 'white'
19.0546 	EXP 	polygon_6: color = 'white'
19.0546 	EXP 	polygon_7: fillColor = 'white'
19.0546 	EXP 	polygon_7: lineColor = 'white'
19.0546 	EXP 	polygon_7: color = 'white'
19.0546 	EXP 	polygon_8: fillColor = 'white'
19.0546 	EXP 	polygon_8: lineColor = 'white'
19.0546 	EXP 	polygon_8: color = 'white'
19.0546 	EXP 	polygon_9: fillColor = 'white'
19.0546 	EXP 	polygon_9: lineColor = 'white'
19.0546 	EXP 	polygon_9: color = 'white'
19.0546 	EXP 	polygon_10: fillColor = 'white'
19.0546 	EXP 	polygon_10: lineColor = 'white'
19.0546 	EXP 	polygon_10: color = 'white'
19.0546 	EXP 	polygon_11: fillColor = 'white'
19.0546 	EXP 	polygon_11: lineColor = 'white'
19.0546 	EXP 	polygon_11: color = 'white'
19.0546 	EXP 	polygon_12: fillColor = 'white'
19.0546 	EXP 	polygon_12: lineColor = 'white'
19.0546 	EXP 	polygon_12: color = 'white'
19.0546 	EXP 	polygon_13: fillColor = 'white'
19.0546 	EXP 	polygon_13: lineColor = 'white'
19.0546 	EXP 	polygon_13: color = 'white'
19.0546 	EXP 	polygon_14: fillColor = 'white'
19.0546 	EXP 	polygon_14: lineColor = 'white'
19.0546 	EXP 	polygon_14: color = 'white'
19.0546 	EXP 	polygon_15: fillColor = 'white'
19.0546 	EXP 	polygon_15: lineColor = 'white'
19.0546 	EXP 	polygon_15: color = 'white'
19.0546 	EXP 	polygon_16: fillColor = 'white'
19.0546 	EXP 	polygon_16: lineColor = 'white'
19.0546 	EXP 	polygon_16: color = 'white'
19.0546 	EXP 	polygon_17: fillColor = 'white'
19.0546 	EXP 	polygon_17: lineColor = 'white'
19.0546 	EXP 	polygon_17: color = 'white'
19.0546 	EXP 	polygon_18: fillColor = 'white'
19.0546 	EXP 	polygon_18: lineColor = 'white'
19.0546 	EXP 	polygon_18: color = 'white'
19.0546 	EXP 	polygon_19: fillColor = 'white'
19.0546 	EXP 	polygon_19: lineColor = 'white'
19.0546 	EXP 	polygon_19: color = 'white'
19.0546 	EXP 	polygon_20: fillColor = 'white'
19.0546 	EXP 	polygon_20: lineColor = 'white'
19.0546 	EXP 	polygon_20: color = 'white'
19.0546 	EXP 	polygon_21: fillColor = 'white'
19.0546 	EXP 	polygon_21: lineColor = 'white'
19.0546 	EXP 	polygon_21: color = 'white'
19.0546 	EXP 	polygon_22: fillColor = 'white'
19.0546 	EXP 	polygon_22: lineColor = 'white'
19.0546 	EXP 	polygon_22: color = 'white'
19.0546 	EXP 	polygon_23: fillColor = 'white'
19.0546 	EXP 	polygon_23: lineColor = 'white'
19.0546 	EXP 	polygon_23: color = 'white'
19.0546 	EXP 	polygon_24: fillColor = 'white'
19.0546 	EXP 	polygon_24: lineColor = 'white'
19.0546 	EXP 	polygon_24: color = 'white'
19.0546 	EXP 	polygon_25: fillColor = 'white'
19.0546 	EXP 	polygon_25: lineColor = 'white'
19.0546 	EXP 	polygon_25: color = 'white'
19.0546 	EXP 	grid: autoDraw = True
19.0546 	EXP 	polygon: autoDraw = True
19.0546 	EXP 	polygon_2: autoDraw = True
19.0546 	EXP 	polygon_3: autoDraw = True
19.0546 	EXP 	polygon_4: autoDraw = True
19.0546 	EXP 	polygon_5: autoDraw = True
19.0546 	EXP 	polygon_6: autoDraw = True
19.0546 	EXP 	polygon_7: autoDraw = True
19.0546 	EXP 	polygon_8: autoDraw = True
19.0546 	EXP 	polygon_9: autoDraw = True
19.0546 	EXP 	polygon_10: autoDraw = True
19.0546 	EXP 	polygon_11: autoDraw = True
19.0546 	EXP 	polygon_12: autoDraw = True
19.0546 	EXP 	polygon_13: autoDraw = True
19.0546 	EXP 	polygon_14: autoDraw = True
19.0546 	EXP 	polygon_15: autoDraw = True
19.0546 	EXP 	polygon_16: autoDraw = True
19.0546 	EXP 	polygon_17: autoDraw = True
19.0546 	EXP 	polygon_18: autoDraw = True
19.0546 	EXP 	polygon_19: autoDraw = True
19.0546 	EXP 	polygon_20: autoDraw = True
19.0546 	EXP 	polygon_21: autoDraw = True
19.0546 	EXP 	polygon_22: autoDraw = True
19.0546 	EXP 	polygon_23: autoDraw = True
19.0546 	EXP 	polygon_24: autoDraw = True
19.0546 	EXP 	polygon_25: autoDraw = True
20.5234 	DATA 	Mouse: Left button down, pos=(1750,641)
20.5545 	EXP 	polygon_19: fillColor = 'black'
20.5545 	EXP 	polygon_19: lineColor = 'black'
20.5545 	EXP 	polygon_19: color = 'black'
20.7018 	DATA 	Mouse:  Left button up, pos=(1750,641)
21.5902 	DATA 	Mouse: Left button down, pos=(1060,1498)
21.6212 	EXP 	polygon_2: fillColor = 'black'
21.6212 	EXP 	polygon_2: lineColor = 'black'
21.6212 	EXP 	polygon_2: color = 'black'
21.6897 	DATA 	Mouse:  Left button up, pos=(1060,1498)
22.8236 	DATA 	Keypress: space
26.7233 	DATA 	Keypress: space
26.7708 	EXP 	grid: autoDraw = False
26.7708 	EXP 	polygon: autoDraw = False
26.7708 	EXP 	polygon_2: autoDraw = False
26.7708 	EXP 	polygon_3: autoDraw = False
26.7708 	EXP 	polygon_4: autoDraw = False
26.7708 	EXP 	polygon_5: autoDraw = False
26.7708 	EXP 	polygon_6: autoDraw = False
26.7708 	EXP 	polygon_7: autoDraw = False
26.7708 	EXP 	polygon_8: autoDraw = False
26.7708 	EXP 	polygon_9: autoDraw = False
26.7708 	EXP 	polygon_10: autoDraw = False
26.7708 	EXP 	polygon_11: autoDraw = False
26.7708 	EXP 	polygon_12: autoDraw = False
26.7708 	EXP 	polygon_13: autoDraw = False
26.7708 	EXP 	polygon_14: autoDraw = False
26.7708 	EXP 	polygon_15: autoDraw = False
26.7708 	EXP 	polygon_16: autoDraw = False
26.7708 	EXP 	polygon_17: autoDraw = False
26.7708 	EXP 	polygon_18: autoDraw = False
26.7708 	EXP 	polygon_19: autoDraw = False
26.7708 	EXP 	polygon_20: autoDraw = False
26.7708 	EXP 	polygon_21: autoDraw = False
26.7708 	EXP 	polygon_22: autoDraw = False
26.7708 	EXP 	polygon_23: autoDraw = False
26.7708 	EXP 	polygon_24: autoDraw = False
26.7708 	EXP 	polygon_25: autoDraw = False
26.8593 	EXP 	window1: mouseVisible = True
