5.5571 	WARNING 	User requested fullscreen with size [1440  900], but screen is actually [2880, 1800]. Using actual size
6.5023 	EXP 	Created window1 = Window(allowGUI=False, allowStencil=False, args=UNKNOWN, autoLog=True, bitsMode=UNKNOWN, blendMode='avg', color=array([0., 0., 0.]), colorSpace='hsv', fullscr=<method-wrapper '__getattribute__' of attributeSetter object at 0x000002311F001940>, gamma=None, gammaErrorPolicy='raise', kwargs=UNKNOWN, lms=UNKNOWN, monitor=<psychopy.monitors.calibTools.Monitor object at 0x0000023120124AC8>, multiSample=False, name='window1', numSamples=2, pos=[0.0, 0.0], screen=0, size=array([2880, 1800]), stereo=False, units='height', useFBO=True, useRetina=False, viewOri=0.0, viewPos=None, viewScale=None, waitBlanking=True, winType='pyglet')
6.5024 	EXP 	window1: recordFrameIntervals = False
6.6687 	EXP 	window1: recordFrameIntervals = True
6.8522 	EXP 	window1: recordFrameIntervals = False
7.0993 	EXP 	Created Grid = ImageStim(__class__=<class 'psychopy.visual.image.ImageStim'>, autoLog=True, color=array([1., 1., 1.]), colorSpace='rgb', contrast=1.0, depth=0.0, flipHoriz=False, flipVert=False, image='Blank Grid.jpg', interpolate=True, mask=None, maskParams=None, name='Grid', opacity=1.0, ori=0.0, pos=array([0., 0.]), size=array([1., 1.]), texRes=128, units='height', win=Window(...))
7.1021 	EXP 	Created Square = Rect(__class__=<class 'psychopy.visual.rect.Rect'>, autoDraw=False, autoLog=True, closeShape=True, color=method-wrapper(...), colorSpace=None, contrast=1.0, depth=-1.0, fillColor=array([255.,   0.,   0.]), fillColorSpace='rgb255', fillRGB=array([255.,   0.,   0.]), interpolate=True, lineColor=array([255.,   0.,   0.]), lineColorSpace='rgb', lineRGB=array([255.,   0.,   0.]), lineWidth=1, name='Square', opacity=1.0, ori=array(0.), pos=array([0., 0.]), size=array([1., 1.]), units='height', vertices=ndarray(...), win=Window(...))
7.2048 	EXP 	Created grid = ImageStim(__class__=<class 'psychopy.visual.image.ImageStim'>, autoLog=True, color=array([1., 1., 1.]), colorSpace='rgb', contrast=1.0, depth=0.0, flipHoriz=False, flipVert=False, image='Blank Grid.jpg', interpolate=True, mask=None, maskParams=None, name='grid', opacity=1.0, ori=0.0, pos=array([0., 0.]), size=array([1., 1.]), texRes=128, units='height', win=Window(...))
7.2056 	EXP 	Created polygon = Rect(__class__=<class 'psychopy.visual.rect.Rect'>, autoDraw=False, autoLog=True, closeShape=True, color=method-wrapper(...), colorSpace=None, contrast=1.0, depth=-2.0, fillColor='white', fillColorSpace='named', fillRGB=array([255., 255., 255.]), interpolate=True, lineColor='white', lineColorSpace='named', lineRGB=array([255., 255., 255.]), lineWidth=1, name='polygon', opacity=1.0, ori=array(0.), pos=array([-0.386 ,  0.3875]), size=array([1., 1.]), units='height', vertices=ndarray(...), win=Window(...))
7.2064 	EXP 	Created polygon_2 = Rect(__class__=<class 'psychopy.visual.rect.Rect'>, autoDraw=False, autoLog=True, closeShape=True, color=method-wrapper(...), colorSpace=None, contrast=1.0, depth=-3.0, fillColor='white', fillColorSpace='named', fillRGB=array([255., 255., 255.]), interpolate=True, lineColor='white', lineColorSpace='named', lineRGB=array([255., 255., 255.]), lineWidth=1, name='polygon_2', opacity=1.0, ori=array(0.), pos=array([-0.193 ,  0.3875]), size=array([1., 1.]), units='height', vertices=ndarray(...), win=Window(...))
7.2071 	EXP 	Created polygon_3 = Rect(__class__=<class 'psychopy.visual.rect.Rect'>, autoDraw=False, autoLog=True, closeShape=True, color=method-wrapper(...), colorSpace=None, contrast=1.0, depth=-4.0, fillColor='white', fillColorSpace='named', fillRGB=array([255., 255., 255.]), interpolate=True, lineColor='white', lineColorSpace='named', lineRGB=array([255., 255., 255.]), lineWidth=1, name='polygon_3', opacity=1.0, ori=array(0.), pos=array([0.    , 0.3875]), size=array([1., 1.]), units='height', vertices=ndarray(...), win=Window(...))
7.2078 	EXP 	Created polygon_4 = Rect(__class__=<class 'psychopy.visual.rect.Rect'>, autoDraw=False, autoLog=True, closeShape=True, color=method-wrapper(...), colorSpace=None, contrast=1.0, depth=-5.0, fillColor='white', fillColorSpace='named', fillRGB=array([255., 255., 255.]), interpolate=True, lineColor='white', lineColorSpace='named', lineRGB=array([255., 255., 255.]), lineWidth=1, name='polygon_4', opacity=1.0, ori=array(0.), pos=array([0.193 , 0.3875]), size=array([1., 1.]), units='height', vertices=ndarray(...), win=Window(...))
7.2086 	EXP 	Created polygon_5 = Rect(__class__=<class 'psychopy.visual.rect.Rect'>, autoDraw=False, autoLog=True, closeShape=True, color=method-wrapper(...), colorSpace=None, contrast=1.0, depth=-6.0, fillColor='white', fillColorSpace='named', fillRGB=array([255., 255., 255.]), interpolate=True, lineColor='white', lineColorSpace='named', lineRGB=array([255., 255., 255.]), lineWidth=1, name='polygon_5', opacity=1.0, ori=array(0.), pos=array([0.386 , 0.3875]), size=array([1., 1.]), units='height', vertices=ndarray(...), win=Window(...))
7.2093 	EXP 	Created polygon_6 = Rect(__class__=<class 'psychopy.visual.rect.Rect'>, autoDraw=False, autoLog=True, closeShape=True, color=method-wrapper(...), colorSpace=None, contrast=1.0, depth=-7.0, fillColor='white', fillColorSpace='named', fillRGB=array([255., 255., 255.]), interpolate=True, lineColor='white', lineColorSpace='named', lineRGB=array([255., 255., 255.]), lineWidth=1, name='polygon_6', opacity=1.0, ori=array(0.), pos=array([-0.386  ,  0.19415]), size=array([1., 1.]), units='height', vertices=ndarray(...), win=Window(...))
7.2101 	EXP 	Created polygon_7 = Rect(__class__=<class 'psychopy.visual.rect.Rect'>, autoDraw=False, autoLog=True, closeShape=True, color=method-wrapper(...), colorSpace=None, contrast=1.0, depth=-8.0, fillColor='white', fillColorSpace='named', fillRGB=array([255., 255., 255.]), interpolate=True, lineColor='white', lineColorSpace='named', lineRGB=array([255., 255., 255.]), lineWidth=1, name='polygon_7', opacity=1.0, ori=array(0.), pos=array([-0.193  ,  0.19415]), size=array([1., 1.]), units='height', vertices=ndarray(...), win=Window(...))
7.2108 	EXP 	Created polygon_8 = Rect(__class__=<class 'psychopy.visual.rect.Rect'>, autoDraw=False, autoLog=True, closeShape=True, color=method-wrapper(...), colorSpace=None, contrast=1.0, depth=-9.0, fillColor='white', fillColorSpace='named', fillRGB=array([255., 255., 255.]), interpolate=True, lineColor='white', lineColorSpace='named', lineRGB=array([255., 255., 255.]), lineWidth=1, name='polygon_8', opacity=1.0, ori=array(0.), pos=array([0.     , 0.19415]), size=array([1., 1.]), units='height', vertices=ndarray(...), win=Window(...))
7.2115 	EXP 	Created polygon_9 = Rect(__class__=<class 'psychopy.visual.rect.Rect'>, autoDraw=False, autoLog=True, closeShape=True, color=method-wrapper(...), colorSpace=None, contrast=1.0, depth=-10.0, fillColor='white', fillColorSpace='named', fillRGB=array([255., 255., 255.]), interpolate=True, lineColor='white', lineColorSpace='named', lineRGB=array([255., 255., 255.]), lineWidth=1, name='polygon_9', opacity=1.0, ori=array(0.), pos=array([0.193  , 0.19415]), size=array([1., 1.]), units='height', vertices=ndarray(...), win=Window(...))
7.2122 	EXP 	Created polygon_10 = Rect(__class__=<class 'psychopy.visual.rect.Rect'>, autoDraw=False, autoLog=True, closeShape=True, color=method-wrapper(...), colorSpace=None, contrast=1.0, depth=-11.0, fillColor='white', fillColorSpace='named', fillRGB=array([255., 255., 255.]), interpolate=True, lineColor='white', lineColorSpace='named', lineRGB=array([255., 255., 255.]), lineWidth=1, name='polygon_10', opacity=1.0, ori=array(0.), pos=array([0.386  , 0.19415]), size=array([1., 1.]), units='height', vertices=ndarray(...), win=Window(...))
7.2129 	EXP 	Created polygon_11 = Rect(__class__=<class 'psychopy.visual.rect.Rect'>, autoDraw=False, autoLog=True, closeShape=True, color=method-wrapper(...), colorSpace=None, contrast=1.0, depth=-12.0, fillColor='white', fillColorSpace='named', fillRGB=array([255., 255., 255.]), interpolate=True, lineColor='white', lineColorSpace='named', lineRGB=array([255., 255., 255.]), lineWidth=1, name='polygon_11', opacity=1.0, ori=array(0.), pos=array([-0.386,  0.   ]), size=array([1., 1.]), units='height', vertices=ndarray(...), win=Window(...))
7.2136 	EXP 	Created polygon_12 = Rect(__class__=<class 'psychopy.visual.rect.Rect'>, autoDraw=False, autoLog=True, closeShape=True, color=method-wrapper(...), colorSpace=None, contrast=1.0, depth=-13.0, fillColor='white', fillColorSpace='named', fillRGB=array([255., 255., 255.]), interpolate=True, lineColor='white', lineColorSpace='named', lineRGB=array([255., 255., 255.]), lineWidth=1, name='polygon_12', opacity=1.0, ori=array(0.), pos=array([-0.193,  0.   ]), size=array([1., 1.]), units='height', vertices=ndarray(...), win=Window(...))
7.2143 	EXP 	Created polygon_13 = Rect(__class__=<class 'psychopy.visual.rect.Rect'>, autoDraw=False, autoLog=True, closeShape=True, color=method-wrapper(...), colorSpace=None, contrast=1.0, depth=-14.0, fillColor='white', fillColorSpace='named', fillRGB=array([255., 255., 255.]), interpolate=True, lineColor='white', lineColorSpace='named', lineRGB=array([255., 255., 255.]), lineWidth=1, name='polygon_13', opacity=1.0, ori=array(0.), pos=array([0., 0.]), size=array([1., 1.]), units='height', vertices=ndarray(...), win=Window(...))
7.2151 	EXP 	Created polygon_14 = Rect(__class__=<class 'psychopy.visual.rect.Rect'>, autoDraw=False, autoLog=True, closeShape=True, color=method-wrapper(...), colorSpace=None, contrast=1.0, depth=-15.0, fillColor='white', fillColorSpace='named', fillRGB=array([255., 255., 255.]), interpolate=True, lineColor='white', lineColorSpace='named', lineRGB=array([255., 255., 255.]), lineWidth=1, name='polygon_14', opacity=1.0, ori=array(0.), pos=array([0.193, 0.   ]), size=array([1., 1.]), units='height', vertices=ndarray(...), win=Window(...))
7.2158 	EXP 	Created polygon_15 = Rect(__class__=<class 'psychopy.visual.rect.Rect'>, autoDraw=False, autoLog=True, closeShape=True, color=method-wrapper(...), colorSpace=None, contrast=1.0, depth=-16.0, fillColor='white', fillColorSpace='named', fillRGB=array([255., 255., 255.]), interpolate=True, lineColor='white', lineColorSpace='named', lineRGB=array([255., 255., 255.]), lineWidth=1, name='polygon_15', opacity=1.0, ori=array(0.), pos=array([0.386, 0.   ]), size=array([1., 1.]), units='height', vertices=ndarray(...), win=Window(...))
7.2165 	EXP 	Created polygon_16 = Rect(__class__=<class 'psychopy.visual.rect.Rect'>, autoDraw=False, autoLog=True, closeShape=True, color=method-wrapper(...), colorSpace=None, contrast=1.0, depth=-17.0, fillColor='white', fillColorSpace='named', fillRGB=array([255., 255., 255.]), interpolate=True, lineColor='white', lineColorSpace='named', lineRGB=array([255., 255., 255.]), lineWidth=1, name='polygon_16', opacity=1.0, ori=array(0.), pos=array([-0.386  , -0.19415]), size=array([1., 1.]), units='height', vertices=ndarray(...), win=Window(...))
7.2172 	EXP 	Created polygon_17 = Rect(__class__=<class 'psychopy.visual.rect.Rect'>, autoDraw=False, autoLog=True, closeShape=True, color=method-wrapper(...), colorSpace=None, contrast=1.0, depth=-18.0, fillColor='white', fillColorSpace='named', fillRGB=array([255., 255., 255.]), interpolate=True, lineColor='white', lineColorSpace='named', lineRGB=array([255., 255., 255.]), lineWidth=1, name='polygon_17', opacity=1.0, ori=array(0.), pos=array([-0.193  , -0.19415]), size=array([1., 1.]), units='height', vertices=ndarray(...), win=Window(...))
7.2179 	EXP 	Created polygon_18 = Rect(__class__=<class 'psychopy.visual.rect.Rect'>, autoDraw=False, autoLog=True, closeShape=True, color=method-wrapper(...), colorSpace=None, contrast=1.0, depth=-19.0, fillColor='white', fillColorSpace='named', fillRGB=array([255., 255., 255.]), interpolate=True, lineColor='white', lineColorSpace='named', lineRGB=array([255., 255., 255.]), lineWidth=1, name='polygon_18', opacity=1.0, ori=array(0.), pos=array([ 0.     , -0.19415]), size=array([1., 1.]), units='height', vertices=ndarray(...), win=Window(...))
7.2187 	EXP 	Created polygon_19 = Rect(__class__=<class 'psychopy.visual.rect.Rect'>, autoDraw=False, autoLog=True, closeShape=True, color=method-wrapper(...), colorSpace=None, contrast=1.0, depth=-20.0, fillColor='white', fillColorSpace='named', fillRGB=array([255., 255., 255.]), interpolate=True, lineColor='white', lineColorSpace='named', lineRGB=array([255., 255., 255.]), lineWidth=1, name='polygon_19', opacity=1.0, ori=array(0.), pos=array([ 0.193  , -0.19415]), size=array([1., 1.]), units='height', vertices=ndarray(...), win=Window(...))
7.2194 	EXP 	Created polygon_20 = Rect(__class__=<class 'psychopy.visual.rect.Rect'>, autoDraw=False, autoLog=True, closeShape=True, color=method-wrapper(...), colorSpace=None, contrast=1.0, depth=-21.0, fillColor='white', fillColorSpace='named', fillRGB=array([255., 255., 255.]), interpolate=True, lineColor='white', lineColorSpace='named', lineRGB=array([255., 255., 255.]), lineWidth=1, name='polygon_20', opacity=1.0, ori=array(0.), pos=array([ 0.386  , -0.19415]), size=array([1., 1.]), units='height', vertices=ndarray(...), win=Window(...))
7.2201 	EXP 	Created polygon_21 = Rect(__class__=<class 'psychopy.visual.rect.Rect'>, autoDraw=False, autoLog=True, closeShape=True, color=method-wrapper(...), colorSpace=None, contrast=1.0, depth=-22.0, fillColor='white', fillColorSpace='named', fillRGB=array([255., 255., 255.]), interpolate=True, lineColor='white', lineColorSpace='named', lineRGB=array([255., 255., 255.]), lineWidth=1, name='polygon_21', opacity=1.0, ori=array(0.), pos=array([-0.386 , -0.3875]), size=array([1., 1.]), units='height', vertices=ndarray(...), win=Window(...))
7.2208 	EXP 	Created polygon_22 = Rect(__class__=<class 'psychopy.visual.rect.Rect'>, autoDraw=False, autoLog=True, closeShape=True, color=method-wrapper(...), colorSpace=None, contrast=1.0, depth=-23.0, fillColor='white', fillColorSpace='named', fillRGB=array([255., 255., 255.]), interpolate=True, lineColor='white', lineColorSpace='named', lineRGB=array([255., 255., 255.]), lineWidth=1, name='polygon_22', opacity=1.0, ori=array(0.), pos=array([-0.193 , -0.3875]), size=array([1., 1.]), units='height', vertices=ndarray(...), win=Window(...))
7.2215 	EXP 	Created polygon_23 = Rect(__class__=<class 'psychopy.visual.rect.Rect'>, autoDraw=False, autoLog=True, closeShape=True, color=method-wrapper(...), colorSpace=None, contrast=1.0, depth=-24.0, fillColor='white', fillColorSpace='named', fillRGB=array([255., 255., 255.]), interpolate=True, lineColor='white', lineColorSpace='named', lineRGB=array([255., 255., 255.]), lineWidth=1, name='polygon_23', opacity=1.0, ori=array(0.), pos=array([ 0.    , -0.3875]), size=array([1., 1.]), units='height', vertices=ndarray(...), win=Window(...))
7.2222 	EXP 	Created polygon_24 = Rect(__class__=<class 'psychopy.visual.rect.Rect'>, autoDraw=False, autoLog=True, closeShape=True, color=method-wrapper(...), colorSpace=None, contrast=1.0, depth=-25.0, fillColor='white', fillColorSpace='named', fillRGB=array([255., 255., 255.]), interpolate=True, lineColor='white', lineColorSpace='named', lineRGB=array([255., 255., 255.]), lineWidth=1, name='polygon_24', opacity=1.0, ori=array(0.), pos=array([ 0.193 , -0.3875]), size=array([1., 1.]), units='height', vertices=ndarray(...), win=Window(...))
7.2230 	EXP 	Created polygon_25 = Rect(__class__=<class 'psychopy.visual.rect.Rect'>, autoDraw=False, autoLog=True, closeShape=True, color=method-wrapper(...), colorSpace=None, contrast=1.0, depth=-26.0, fillColor='white', fillColorSpace='named', fillRGB=array([255., 255., 255.]), interpolate=True, lineColor='white', lineColorSpace='named', lineRGB=array([255., 255., 255.]), lineWidth=1, name='polygon_25', opacity=1.0, ori=array(0.), pos=array([ 0.386 , -0.3875]), size=array([1., 1.]), units='height', vertices=ndarray(...), win=Window(...))
7.3405 	EXP 	Created thx_txt = TextStim(__class__=<class 'psychopy.visual.text.TextStim'>, alignHoriz='center', alignVert='center', antialias=True, autoLog=True, bold=False, color='white', colorSpace='named', contrast=1.0, depth=0.0, flipHoriz=False, flipVert=False, font='Arial', fontFiles=[], height=0.05, italic=False, languageStyle='LTR', name='thx_txt', opacity=1.0, ori=0, pos=array([0., 0.]), rgb=array([255., 255., 255.]), text='Good work! \n\nYou have completed this task.', units='height', win=Window(...), wrapWidth=1)
7.3719 	EXP 	Imported BLS_Trial_Picker.xlsx as conditions, 32 conditions, 5 params
7.3721 	EXP 	Created sequence: sequential, trialTypes=32, nReps=1, seed=None
7.3724 	EXP 	New trial (rep=0, index=0): OrderedDict([('Running_Trial_Num', 1), ('trial_length', 2), ('rows', '0, 1'), ('resp_row', 1), ('correct_seq', ['polygon_18', 'polygon_10'])])
7.3939 	EXP 	Imported BLS_Trial_List.xlsx as conditions, 2 conditions, 6 params
7.3941 	EXP 	Created sequence: sequential, trialTypes=2, nReps=1, seed=None
7.3944 	EXP 	New trial (rep=0, index=0): OrderedDict([('span', 2), ('trial', 1), ('stimulus', 1), ('square', 10), ('location', [0.39, 0.195]), ('correct', 18)])
7.4520 	EXP 	Square: pos = array([0.39 , 0.195])
7.4520 	EXP 	Grid: autoDraw = True
7.4520 	EXP 	Square: autoDraw = True
8.8521 	EXP 	New trial (rep=0, index=1): OrderedDict([('span', 2), ('trial', 1), ('stimulus', 2), ('square', 18), ('location', [0, -0.195]), ('correct', 10)])
8.8685 	EXP 	Grid: autoDraw = False
8.8685 	EXP 	Square: autoDraw = False
8.8685 	EXP 	Square: pos = array([ 0.   , -0.195])
8.8685 	EXP 	Grid: autoDraw = True
8.8685 	EXP 	Square: autoDraw = True
10.3851 	EXP 	Grid: autoDraw = False
10.3851 	EXP 	Square: autoDraw = False
10.3851 	EXP 	polygon: fillColor = 'white'
10.3851 	EXP 	polygon: lineColor = 'white'
10.3851 	EXP 	polygon: color = 'white'
10.3851 	EXP 	polygon_2: fillColor = 'white'
10.3851 	EXP 	polygon_2: lineColor = 'white'
10.3851 	EXP 	polygon_2: color = 'white'
10.3851 	EXP 	polygon_3: fillColor = 'white'
10.3851 	EXP 	polygon_3: lineColor = 'white'
10.3851 	EXP 	polygon_3: color = 'white'
10.3851 	EXP 	polygon_4: fillColor = 'white'
10.3851 	EXP 	polygon_4: lineColor = 'white'
10.3851 	EXP 	polygon_4: color = 'white'
10.3851 	EXP 	polygon_5: fillColor = 'white'
10.3851 	EXP 	polygon_5: lineColor = 'white'
10.3851 	EXP 	polygon_5: color = 'white'
10.3851 	EXP 	polygon_6: fillColor = 'white'
10.3851 	EXP 	polygon_6: lineColor = 'white'
10.3851 	EXP 	polygon_6: color = 'white'
10.3851 	EXP 	polygon_7: fillColor = 'white'
10.3851 	EXP 	polygon_7: lineColor = 'white'
10.3851 	EXP 	polygon_7: color = 'white'
10.3851 	EXP 	polygon_8: fillColor = 'white'
10.3851 	EXP 	polygon_8: lineColor = 'white'
10.3851 	EXP 	polygon_8: color = 'white'
10.3851 	EXP 	polygon_9: fillColor = 'white'
10.3851 	EXP 	polygon_9: lineColor = 'white'
10.3851 	EXP 	polygon_9: color = 'white'
10.3851 	EXP 	polygon_10: fillColor = 'white'
10.3851 	EXP 	polygon_10: lineColor = 'white'
10.3851 	EXP 	polygon_10: color = 'white'
10.3851 	EXP 	polygon_11: fillColor = 'white'
10.3851 	EXP 	polygon_11: lineColor = 'white'
10.3851 	EXP 	polygon_11: color = 'white'
10.3851 	EXP 	polygon_12: fillColor = 'white'
10.3851 	EXP 	polygon_12: lineColor = 'white'
10.3851 	EXP 	polygon_12: color = 'white'
10.3851 	EXP 	polygon_13: fillColor = 'white'
10.3851 	EXP 	polygon_13: lineColor = 'white'
10.3851 	EXP 	polygon_13: color = 'white'
10.3851 	EXP 	polygon_14: fillColor = 'white'
10.3851 	EXP 	polygon_14: lineColor = 'white'
10.3851 	EXP 	polygon_14: color = 'white'
10.3851 	EXP 	polygon_15: fillColor = 'white'
10.3851 	EXP 	polygon_15: lineColor = 'white'
10.3851 	EXP 	polygon_15: color = 'white'
10.3851 	EXP 	polygon_16: fillColor = 'white'
10.3851 	EXP 	polygon_16: lineColor = 'white'
10.3851 	EXP 	polygon_16: color = 'white'
10.3851 	EXP 	polygon_17: fillColor = 'white'
10.3851 	EXP 	polygon_17: lineColor = 'white'
10.3851 	EXP 	polygon_17: color = 'white'
10.3851 	EXP 	polygon_18: fillColor = 'white'
10.3851 	EXP 	polygon_18: lineColor = 'white'
10.3851 	EXP 	polygon_18: color = 'white'
10.3851 	EXP 	polygon_19: fillColor = 'white'
10.3851 	EXP 	polygon_19: lineColor = 'white'
10.3851 	EXP 	polygon_19: color = 'white'
10.3851 	EXP 	polygon_20: fillColor = 'white'
10.3851 	EXP 	polygon_20: lineColor = 'white'
10.3851 	EXP 	polygon_20: color = 'white'
10.3851 	EXP 	polygon_21: fillColor = 'white'
10.3851 	EXP 	polygon_21: lineColor = 'white'
10.3851 	EXP 	polygon_21: color = 'white'
10.3851 	EXP 	polygon_22: fillColor = 'white'
10.3851 	EXP 	polygon_22: lineColor = 'white'
10.3851 	EXP 	polygon_22: color = 'white'
10.3851 	EXP 	polygon_23: fillColor = 'white'
10.3851 	EXP 	polygon_23: lineColor = 'white'
10.3851 	EXP 	polygon_23: color = 'white'
10.3851 	EXP 	polygon_24: fillColor = 'white'
10.3851 	EXP 	polygon_24: lineColor = 'white'
10.3851 	EXP 	polygon_24: color = 'white'
10.3851 	EXP 	polygon_25: fillColor = 'white'
10.3851 	EXP 	polygon_25: lineColor = 'white'
10.3851 	EXP 	polygon_25: color = 'white'
10.3851 	EXP 	grid: autoDraw = True
10.3851 	EXP 	polygon: autoDraw = True
10.3851 	EXP 	polygon_2: autoDraw = True
10.3851 	EXP 	polygon_3: autoDraw = True
10.3851 	EXP 	polygon_4: autoDraw = True
10.3851 	EXP 	polygon_5: autoDraw = True
10.3851 	EXP 	polygon_6: autoDraw = True
10.3851 	EXP 	polygon_7: autoDraw = True
10.3851 	EXP 	polygon_8: autoDraw = True
10.3851 	EXP 	polygon_9: autoDraw = True
10.3851 	EXP 	polygon_10: autoDraw = True
10.3851 	EXP 	polygon_11: autoDraw = True
10.3851 	EXP 	polygon_12: autoDraw = True
10.3851 	EXP 	polygon_13: autoDraw = True
10.3851 	EXP 	polygon_14: autoDraw = True
10.3851 	EXP 	polygon_15: autoDraw = True
10.3851 	EXP 	polygon_16: autoDraw = True
10.3851 	EXP 	polygon_17: autoDraw = True
10.3851 	EXP 	polygon_18: autoDraw = True
10.3851 	EXP 	polygon_19: autoDraw = True
10.3851 	EXP 	polygon_20: autoDraw = True
10.3851 	EXP 	polygon_21: autoDraw = True
10.3851 	EXP 	polygon_22: autoDraw = True
10.3851 	EXP 	polygon_23: autoDraw = True
10.3851 	EXP 	polygon_24: autoDraw = True
10.3851 	EXP 	polygon_25: autoDraw = True
10.8040 	DATA 	Mouse: Left button down, pos=(1418,577)
10.8355 	EXP 	polygon_18: fillColor = 'black'
10.8355 	EXP 	polygon_18: lineColor = 'black'
10.8355 	EXP 	polygon_18: color = 'black'
11.0039 	DATA 	Mouse:  Left button up, pos=(1418,577)
11.6707 	DATA 	Mouse: Left button down, pos=(2061,1203)
11.7017 	EXP 	polygon_10: fillColor = 'black'
11.7017 	EXP 	polygon_10: lineColor = 'black'
11.7017 	EXP 	polygon_10: color = 'black'
11.8427 	DATA 	Mouse:  Left button up, pos=(2061,1203)
12.7044 	DATA 	Keypress: space
12.7106 	EXP 	New trial (rep=0, index=1): OrderedDict([('Running_Trial_Num', 2), ('trial_length', 2), ('rows', '2, 3'), ('resp_row', 1), ('correct_seq', ['polygon_19', 'polygon_2'])])
12.7317 	EXP 	Imported BLS_Trial_List.xlsx as conditions, 2 conditions, 6 params
12.7319 	EXP 	Created sequence: sequential, trialTypes=2, nReps=1, seed=None
12.7322 	EXP 	New trial (rep=0, index=0): OrderedDict([('span', 2), ('trial', 2), ('stimulus', 1), ('square', 2), ('location', [-0.195, 0.39]), ('correct', 19)])
12.7517 	EXP 	grid: autoDraw = False
12.7517 	EXP 	polygon: autoDraw = False
12.7517 	EXP 	polygon_2: autoDraw = False
12.7517 	EXP 	polygon_3: autoDraw = False
12.7517 	EXP 	polygon_4: autoDraw = False
12.7517 	EXP 	polygon_5: autoDraw = False
12.7517 	EXP 	polygon_6: autoDraw = False
12.7517 	EXP 	polygon_7: autoDraw = False
12.7517 	EXP 	polygon_8: autoDraw = False
12.7517 	EXP 	polygon_9: autoDraw = False
12.7517 	EXP 	polygon_10: autoDraw = False
12.7517 	EXP 	polygon_11: autoDraw = False
12.7517 	EXP 	polygon_12: autoDraw = False
12.7517 	EXP 	polygon_13: autoDraw = False
12.7517 	EXP 	polygon_14: autoDraw = False
12.7517 	EXP 	polygon_15: autoDraw = False
12.7517 	EXP 	polygon_16: autoDraw = False
12.7517 	EXP 	polygon_17: autoDraw = False
12.7517 	EXP 	polygon_18: autoDraw = False
12.7517 	EXP 	polygon_19: autoDraw = False
12.7517 	EXP 	polygon_20: autoDraw = False
12.7517 	EXP 	polygon_21: autoDraw = False
12.7517 	EXP 	polygon_22: autoDraw = False
12.7517 	EXP 	polygon_23: autoDraw = False
12.7517 	EXP 	polygon_24: autoDraw = False
12.7517 	EXP 	polygon_25: autoDraw = False
12.7517 	EXP 	Square: pos = array([-0.195,  0.39 ])
12.7517 	EXP 	Grid: autoDraw = True
12.7517 	EXP 	Square: autoDraw = True
14.2186 	EXP 	New trial (rep=0, index=1): OrderedDict([('span', 2), ('trial', 2), ('stimulus', 2), ('square', 19), ('location', [0.195, -0.195]), ('correct', 2)])
14.2351 	EXP 	Grid: autoDraw = False
14.2351 	EXP 	Square: autoDraw = False
14.2351 	EXP 	Square: pos = array([ 0.195, -0.195])
14.2351 	EXP 	Grid: autoDraw = True
14.2351 	EXP 	Square: autoDraw = True
15.7515 	EXP 	Grid: autoDraw = False
15.7515 	EXP 	Square: autoDraw = False
15.7515 	EXP 	polygon: fillColor = 'white'
15.7515 	EXP 	polygon: lineColor = 'white'
15.7515 	EXP 	polygon: color = 'white'
15.7515 	EXP 	polygon_2: fillColor = 'white'
15.7515 	EXP 	polygon_2: lineColor = 'white'
15.7515 	EXP 	polygon_2: color = 'white'
15.7515 	EXP 	polygon_3: fillColor = 'white'
15.7515 	EXP 	polygon_3: lineColor = 'white'
15.7515 	EXP 	polygon_3: color = 'white'
15.7515 	EXP 	polygon_4: fillColor = 'white'
15.7515 	EXP 	polygon_4: lineColor = 'white'
15.7515 	EXP 	polygon_4: color = 'white'
15.7515 	EXP 	polygon_5: fillColor = 'white'
15.7515 	EXP 	polygon_5: lineColor = 'white'
15.7515 	EXP 	polygon_5: color = 'white'
15.7515 	EXP 	polygon_6: fillColor = 'white'
15.7515 	EXP 	polygon_6: lineColor = 'white'
15.7515 	EXP 	polygon_6: color = 'white'
15.7515 	EXP 	polygon_7: fillColor = 'white'
15.7515 	EXP 	polygon_7: lineColor = 'white'
15.7515 	EXP 	polygon_7: color = 'white'
15.7515 	EXP 	polygon_8: fillColor = 'white'
15.7515 	EXP 	polygon_8: lineColor = 'white'
15.7515 	EXP 	polygon_8: color = 'white'
15.7515 	EXP 	polygon_9: fillColor = 'white'
15.7515 	EXP 	polygon_9: lineColor = 'white'
15.7515 	EXP 	polygon_9: color = 'white'
15.7515 	EXP 	polygon_10: fillColor = 'white'
15.7515 	EXP 	polygon_10: lineColor = 'white'
15.7515 	EXP 	polygon_10: color = 'white'
15.7515 	EXP 	polygon_11: fillColor = 'white'
15.7515 	EXP 	polygon_11: lineColor = 'white'
15.7515 	EXP 	polygon_11: color = 'white'
15.7515 	EXP 	polygon_12: fillColor = 'white'
15.7515 	EXP 	polygon_12: lineColor = 'white'
15.7515 	EXP 	polygon_12: color = 'white'
15.7515 	EXP 	polygon_13: fillColor = 'white'
15.7515 	EXP 	polygon_13: lineColor = 'white'
15.7515 	EXP 	polygon_13: color = 'white'
15.7515 	EXP 	polygon_14: fillColor = 'white'
15.7515 	EXP 	polygon_14: lineColor = 'white'
15.7515 	EXP 	polygon_14: color = 'white'
15.7515 	EXP 	polygon_15: fillColor = 'white'
15.7515 	EXP 	polygon_15: lineColor = 'white'
15.7515 	EXP 	polygon_15: color = 'white'
15.7515 	EXP 	polygon_16: fillColor = 'white'
15.7515 	EXP 	polygon_16: lineColor = 'white'
15.7515 	EXP 	polygon_16: color = 'white'
15.7515 	EXP 	polygon_17: fillColor = 'white'
15.7515 	EXP 	polygon_17: lineColor = 'white'
15.7515 	EXP 	polygon_17: color = 'white'
15.7515 	EXP 	polygon_18: fillColor = 'white'
15.7515 	EXP 	polygon_18: lineColor = 'white'
15.7515 	EXP 	polygon_18: color = 'white'
15.7515 	EXP 	polygon_19: fillColor = 'white'
15.7515 	EXP 	polygon_19: lineColor = 'white'
15.7515 	EXP 	polygon_19: color = 'white'
15.7515 	EXP 	polygon_20: fillColor = 'white'
15.7515 	EXP 	polygon_20: lineColor = 'white'
15.7515 	EXP 	polygon_20: color = 'white'
15.7515 	EXP 	polygon_21: fillColor = 'white'
15.7515 	EXP 	polygon_21: lineColor = 'white'
15.7515 	EXP 	polygon_21: color = 'white'
15.7515 	EXP 	polygon_22: fillColor = 'white'
15.7515 	EXP 	polygon_22: lineColor = 'white'
15.7515 	EXP 	polygon_22: color = 'white'
15.7515 	EXP 	polygon_23: fillColor = 'white'
15.7515 	EXP 	polygon_23: lineColor = 'white'
15.7515 	EXP 	polygon_23: color = 'white'
15.7515 	EXP 	polygon_24: fillColor = 'white'
15.7515 	EXP 	polygon_24: lineColor = 'white'
15.7515 	EXP 	polygon_24: color = 'white'
15.7515 	EXP 	polygon_25: fillColor = 'white'
15.7515 	EXP 	polygon_25: lineColor = 'white'
15.7515 	EXP 	polygon_25: color = 'white'
15.7515 	EXP 	grid: autoDraw = True
15.7515 	EXP 	polygon: autoDraw = True
15.7515 	EXP 	polygon_2: autoDraw = True
15.7515 	EXP 	polygon_3: autoDraw = True
15.7515 	EXP 	polygon_4: autoDraw = True
15.7515 	EXP 	polygon_5: autoDraw = True
15.7515 	EXP 	polygon_6: autoDraw = True
15.7515 	EXP 	polygon_7: autoDraw = True
15.7515 	EXP 	polygon_8: autoDraw = True
15.7515 	EXP 	polygon_9: autoDraw = True
15.7515 	EXP 	polygon_10: autoDraw = True
15.7515 	EXP 	polygon_11: autoDraw = True
15.7515 	EXP 	polygon_12: autoDraw = True
15.7515 	EXP 	polygon_13: autoDraw = True
15.7515 	EXP 	polygon_14: autoDraw = True
15.7515 	EXP 	polygon_15: autoDraw = True
15.7515 	EXP 	polygon_16: autoDraw = True
15.7515 	EXP 	polygon_17: autoDraw = True
15.7515 	EXP 	polygon_18: autoDraw = True
15.7515 	EXP 	polygon_19: autoDraw = True
15.7515 	EXP 	polygon_20: autoDraw = True
15.7515 	EXP 	polygon_21: autoDraw = True
15.7515 	EXP 	polygon_22: autoDraw = True
15.7515 	EXP 	polygon_23: autoDraw = True
15.7515 	EXP 	polygon_24: autoDraw = True
15.7515 	EXP 	polygon_25: autoDraw = True
16.0364 	DATA 	Mouse: Left button down, pos=(1721,488)
16.0683 	EXP 	polygon_19: fillColor = 'black'
16.0683 	EXP 	polygon_19: lineColor = 'black'
16.0683 	EXP 	polygon_19: color = 'black'
16.2146 	DATA 	Mouse:  Left button up, pos=(1721,488)
16.8943 	DATA 	Mouse: Left button down, pos=(1135,1482)
16.9348 	EXP 	polygon_2: fillColor = 'black'
16.9348 	EXP 	polygon_2: lineColor = 'black'
16.9348 	EXP 	polygon_2: color = 'black'
17.0037 	DATA 	Mouse:  Left button up, pos=(1135,1482)
17.4938 	DATA 	Keypress: space
17.5095 	EXP 	New trial (rep=0, index=2): OrderedDict([('Running_Trial_Num', 3), ('trial_length', 2), ('rows', '4, 5'), ('resp_row', 2), ('correct_seq', ['polygon_21', 'polygon_8'])])
17.5308 	EXP 	Imported BLS_Trial_List.xlsx as conditions, 2 conditions, 6 params
17.5310 	EXP 	Created sequence: sequential, trialTypes=2, nReps=1, seed=None
17.5313 	EXP 	New trial (rep=0, index=0): OrderedDict([('span', 2), ('trial', 3), ('stimulus', 1), ('square', 8), ('location', [0, 0.195]), ('correct', 21)])
17.5514 	EXP 	grid: autoDraw = False
17.5514 	EXP 	polygon: autoDraw = False
17.5514 	EXP 	polygon_2: autoDraw = False
17.5514 	EXP 	polygon_3: autoDraw = False
17.5514 	EXP 	polygon_4: autoDraw = False
17.5514 	EXP 	polygon_5: autoDraw = False
17.5514 	EXP 	polygon_6: autoDraw = False
17.5514 	EXP 	polygon_7: autoDraw = False
17.5514 	EXP 	polygon_8: autoDraw = False
17.5514 	EXP 	polygon_9: autoDraw = False
17.5514 	EXP 	polygon_10: autoDraw = False
17.5514 	EXP 	polygon_11: autoDraw = False
17.5514 	EXP 	polygon_12: autoDraw = False
17.5514 	EXP 	polygon_13: autoDraw = False
17.5514 	EXP 	polygon_14: autoDraw = False
17.5514 	EXP 	polygon_15: autoDraw = False
17.5514 	EXP 	polygon_16: autoDraw = False
17.5514 	EXP 	polygon_17: autoDraw = False
17.5514 	EXP 	polygon_18: autoDraw = False
17.5514 	EXP 	polygon_19: autoDraw = False
17.5514 	EXP 	polygon_20: autoDraw = False
17.5514 	EXP 	polygon_21: autoDraw = False
17.5514 	EXP 	polygon_22: autoDraw = False
17.5514 	EXP 	polygon_23: autoDraw = False
17.5514 	EXP 	polygon_24: autoDraw = False
17.5514 	EXP 	polygon_25: autoDraw = False
17.5514 	EXP 	Square: pos = array([0.   , 0.195])
17.5514 	EXP 	Grid: autoDraw = True
17.5514 	EXP 	Square: autoDraw = True
19.0185 	EXP 	New trial (rep=0, index=1): OrderedDict([('span', 2), ('trial', 3), ('stimulus', 2), ('square', 21), ('location', [-0.39, -0.39]), ('correct', 8)])
19.0348 	EXP 	Grid: autoDraw = False
19.0348 	EXP 	Square: autoDraw = False
19.0348 	EXP 	Square: pos = array([-0.39, -0.39])
19.0348 	EXP 	Grid: autoDraw = True
19.0348 	EXP 	Square: autoDraw = True
20.5514 	EXP 	Grid: autoDraw = False
20.5514 	EXP 	Square: autoDraw = False
20.5514 	EXP 	polygon: fillColor = 'white'
20.5514 	EXP 	polygon: lineColor = 'white'
20.5514 	EXP 	polygon: color = 'white'
20.5514 	EXP 	polygon_2: fillColor = 'white'
20.5514 	EXP 	polygon_2: lineColor = 'white'
20.5514 	EXP 	polygon_2: color = 'white'
20.5514 	EXP 	polygon_3: fillColor = 'white'
20.5514 	EXP 	polygon_3: lineColor = 'white'
20.5514 	EXP 	polygon_3: color = 'white'
20.5514 	EXP 	polygon_4: fillColor = 'white'
20.5514 	EXP 	polygon_4: lineColor = 'white'
20.5514 	EXP 	polygon_4: color = 'white'
20.5514 	EXP 	polygon_5: fillColor = 'white'
20.5514 	EXP 	polygon_5: lineColor = 'white'
20.5514 	EXP 	polygon_5: color = 'white'
20.5514 	EXP 	polygon_6: fillColor = 'white'
20.5514 	EXP 	polygon_6: lineColor = 'white'
20.5514 	EXP 	polygon_6: color = 'white'
20.5514 	EXP 	polygon_7: fillColor = 'white'
20.5514 	EXP 	polygon_7: lineColor = 'white'
20.5514 	EXP 	polygon_7: color = 'white'
20.5514 	EXP 	polygon_8: fillColor = 'white'
20.5514 	EXP 	polygon_8: lineColor = 'white'
20.5514 	EXP 	polygon_8: color = 'white'
20.5514 	EXP 	polygon_9: fillColor = 'white'
20.5514 	EXP 	polygon_9: lineColor = 'white'
20.5514 	EXP 	polygon_9: color = 'white'
20.5514 	EXP 	polygon_10: fillColor = 'white'
20.5514 	EXP 	polygon_10: lineColor = 'white'
20.5514 	EXP 	polygon_10: color = 'white'
20.5514 	EXP 	polygon_11: fillColor = 'white'
20.5514 	EXP 	polygon_11: lineColor = 'white'
20.5514 	EXP 	polygon_11: color = 'white'
20.5514 	EXP 	polygon_12: fillColor = 'white'
20.5514 	EXP 	polygon_12: lineColor = 'white'
20.5514 	EXP 	polygon_12: color = 'white'
20.5514 	EXP 	polygon_13: fillColor = 'white'
20.5514 	EXP 	polygon_13: lineColor = 'white'
20.5514 	EXP 	polygon_13: color = 'white'
20.5514 	EXP 	polygon_14: fillColor = 'white'
20.5514 	EXP 	polygon_14: lineColor = 'white'
20.5514 	EXP 	polygon_14: color = 'white'
20.5514 	EXP 	polygon_15: fillColor = 'white'
20.5514 	EXP 	polygon_15: lineColor = 'white'
20.5514 	EXP 	polygon_15: color = 'white'
20.5514 	EXP 	polygon_16: fillColor = 'white'
20.5514 	EXP 	polygon_16: lineColor = 'white'
20.5514 	EXP 	polygon_16: color = 'white'
20.5514 	EXP 	polygon_17: fillColor = 'white'
20.5514 	EXP 	polygon_17: lineColor = 'white'
20.5514 	EXP 	polygon_17: color = 'white'
20.5514 	EXP 	polygon_18: fillColor = 'white'
20.5514 	EXP 	polygon_18: lineColor = 'white'
20.5514 	EXP 	polygon_18: color = 'white'
20.5514 	EXP 	polygon_19: fillColor = 'white'
20.5514 	EXP 	polygon_19: lineColor = 'white'
20.5514 	EXP 	polygon_19: color = 'white'
20.5514 	EXP 	polygon_20: fillColor = 'white'
20.5514 	EXP 	polygon_20: lineColor = 'white'
20.5514 	EXP 	polygon_20: color = 'white'
20.5514 	EXP 	polygon_21: fillColor = 'white'
20.5514 	EXP 	polygon_21: lineColor = 'white'
20.5514 	EXP 	polygon_21: color = 'white'
20.5514 	EXP 	polygon_22: fillColor = 'white'
20.5514 	EXP 	polygon_22: lineColor = 'white'
20.5514 	EXP 	polygon_22: color = 'white'
20.5514 	EXP 	polygon_23: fillColor = 'white'
20.5514 	EXP 	polygon_23: lineColor = 'white'
20.5514 	EXP 	polygon_23: color = 'white'
20.5514 	EXP 	polygon_24: fillColor = 'white'
20.5514 	EXP 	polygon_24: lineColor = 'white'
20.5514 	EXP 	polygon_24: color = 'white'
20.5514 	EXP 	polygon_25: fillColor = 'white'
20.5514 	EXP 	polygon_25: lineColor = 'white'
20.5514 	EXP 	polygon_25: color = 'white'
20.5514 	EXP 	grid: autoDraw = True
20.5514 	EXP 	polygon: autoDraw = True
20.5514 	EXP 	polygon_2: autoDraw = True
20.5514 	EXP 	polygon_3: autoDraw = True
20.5514 	EXP 	polygon_4: autoDraw = True
20.5514 	EXP 	polygon_5: autoDraw = True
20.5514 	EXP 	polygon_6: autoDraw = True
20.5514 	EXP 	polygon_7: autoDraw = True
20.5514 	EXP 	polygon_8: autoDraw = True
20.5514 	EXP 	polygon_9: autoDraw = True
20.5514 	EXP 	polygon_10: autoDraw = True
20.5514 	EXP 	polygon_11: autoDraw = True
20.5514 	EXP 	polygon_12: autoDraw = True
20.5514 	EXP 	polygon_13: autoDraw = True
20.5514 	EXP 	polygon_14: autoDraw = True
20.5514 	EXP 	polygon_15: autoDraw = True
20.5514 	EXP 	polygon_16: autoDraw = True
20.5514 	EXP 	polygon_17: autoDraw = True
20.5514 	EXP 	polygon_18: autoDraw = True
20.5514 	EXP 	polygon_19: autoDraw = True
20.5514 	EXP 	polygon_20: autoDraw = True
20.5514 	EXP 	polygon_21: autoDraw = True
20.5514 	EXP 	polygon_22: autoDraw = True
20.5514 	EXP 	polygon_23: autoDraw = True
20.5514 	EXP 	polygon_24: autoDraw = True
20.5514 	EXP 	polygon_25: autoDraw = True
20.8372 	DATA 	Mouse: Left button down, pos=(731,216)
20.8682 	EXP 	polygon_21: fillColor = 'black'
20.8682 	EXP 	polygon_21: lineColor = 'black'
20.8682 	EXP 	polygon_21: color = 'black'
20.9765 	DATA 	Mouse:  Left button up, pos=(731,216)
21.7538 	DATA 	Mouse: Left button down, pos=(1382,1177)
21.7849 	EXP 	polygon_8: fillColor = 'black'
21.7849 	EXP 	polygon_8: lineColor = 'black'
21.7849 	EXP 	polygon_8: color = 'black'
21.8900 	DATA 	Mouse:  Left button up, pos=(1382,1177)
22.5702 	DATA 	Keypress: space
22.5758 	EXP 	New trial (rep=0, index=3): OrderedDict([('Running_Trial_Num', 4), ('trial_length', 2), ('rows', '6, 7'), ('resp_row', 3), ('correct_seq', ['polygon_3', 'polygon_7'])])
22.5969 	EXP 	Imported BLS_Trial_List.xlsx as conditions, 2 conditions, 6 params
22.5972 	EXP 	Created sequence: sequential, trialTypes=2, nReps=1, seed=None
22.5974 	EXP 	New trial (rep=0, index=0): OrderedDict([('span', 2), ('trial', 4), ('stimulus', 1), ('square', 7), ('location', [-0.195, 0.195]), ('correct', 3)])
22.6182 	EXP 	grid: autoDraw = False
22.6182 	EXP 	polygon: autoDraw = False
22.6182 	EXP 	polygon_2: autoDraw = False
22.6182 	EXP 	polygon_3: autoDraw = False
22.6182 	EXP 	polygon_4: autoDraw = False
22.6182 	EXP 	polygon_5: autoDraw = False
22.6182 	EXP 	polygon_6: autoDraw = False
22.6182 	EXP 	polygon_7: autoDraw = False
22.6182 	EXP 	polygon_8: autoDraw = False
22.6182 	EXP 	polygon_9: autoDraw = False
22.6182 	EXP 	polygon_10: autoDraw = False
22.6182 	EXP 	polygon_11: autoDraw = False
22.6182 	EXP 	polygon_12: autoDraw = False
22.6182 	EXP 	polygon_13: autoDraw = False
22.6182 	EXP 	polygon_14: autoDraw = False
22.6182 	EXP 	polygon_15: autoDraw = False
22.6182 	EXP 	polygon_16: autoDraw = False
22.6182 	EXP 	polygon_17: autoDraw = False
22.6182 	EXP 	polygon_18: autoDraw = False
22.6182 	EXP 	polygon_19: autoDraw = False
22.6182 	EXP 	polygon_20: autoDraw = False
22.6182 	EXP 	polygon_21: autoDraw = False
22.6182 	EXP 	polygon_22: autoDraw = False
22.6182 	EXP 	polygon_23: autoDraw = False
22.6182 	EXP 	polygon_24: autoDraw = False
22.6182 	EXP 	polygon_25: autoDraw = False
22.6182 	EXP 	Square: pos = array([-0.195,  0.195])
22.6182 	EXP 	Grid: autoDraw = True
22.6182 	EXP 	Square: autoDraw = True
22.6540 	DATA 	Keypress: space
24.0851 	EXP 	New trial (rep=0, index=1): OrderedDict([('span', 2), ('trial', 4), ('stimulus', 2), ('square', 3), ('location', [0, 0.39]), ('correct', 7)])
24.1015 	EXP 	Grid: autoDraw = False
24.1015 	EXP 	Square: autoDraw = False
24.1015 	EXP 	Square: pos = array([0.  , 0.39])
24.1015 	EXP 	Grid: autoDraw = True
24.1015 	EXP 	Square: autoDraw = True
25.5957 	EXP 	New trial (rep=0, index=4): OrderedDict([('Running_Trial_Num', 5), ('trial_length', 3), ('rows', '8, 9, 10'), ('resp_row', 4), ('correct_seq', ['polygon_22', 'polygon_5', 'polygon_9'])])
25.6188 	EXP 	Imported BLS_Trial_List.xlsx as conditions, 3 conditions, 6 params
25.6190 	EXP 	Created sequence: sequential, trialTypes=3, nReps=1, seed=None
25.6192 	EXP 	New trial (rep=0, index=0): OrderedDict([('span', 3), ('trial', 1), ('stimulus', 1), ('square', 9), ('location', [0.195, 0.195]), ('correct', 22)])
25.6348 	EXP 	Grid: autoDraw = False
25.6348 	EXP 	Square: autoDraw = False
25.6348 	EXP 	polygon: fillColor = 'white'
25.6348 	EXP 	polygon: lineColor = 'white'
25.6348 	EXP 	polygon: color = 'white'
25.6348 	EXP 	polygon_2: fillColor = 'white'
25.6348 	EXP 	polygon_2: lineColor = 'white'
25.6348 	EXP 	polygon_2: color = 'white'
25.6348 	EXP 	polygon_3: fillColor = 'white'
25.6348 	EXP 	polygon_3: lineColor = 'white'
25.6348 	EXP 	polygon_3: color = 'white'
25.6348 	EXP 	polygon_4: fillColor = 'white'
25.6348 	EXP 	polygon_4: lineColor = 'white'
25.6348 	EXP 	polygon_4: color = 'white'
25.6348 	EXP 	polygon_5: fillColor = 'white'
25.6348 	EXP 	polygon_5: lineColor = 'white'
25.6348 	EXP 	polygon_5: color = 'white'
25.6348 	EXP 	polygon_6: fillColor = 'white'
25.6348 	EXP 	polygon_6: lineColor = 'white'
25.6348 	EXP 	polygon_6: color = 'white'
25.6348 	EXP 	polygon_7: fillColor = 'white'
25.6348 	EXP 	polygon_7: lineColor = 'white'
25.6348 	EXP 	polygon_7: color = 'white'
25.6348 	EXP 	polygon_8: fillColor = 'white'
25.6348 	EXP 	polygon_8: lineColor = 'white'
25.6348 	EXP 	polygon_8: color = 'white'
25.6348 	EXP 	polygon_9: fillColor = 'white'
25.6348 	EXP 	polygon_9: lineColor = 'white'
25.6348 	EXP 	polygon_9: color = 'white'
25.6348 	EXP 	polygon_10: fillColor = 'white'
25.6348 	EXP 	polygon_10: lineColor = 'white'
25.6348 	EXP 	polygon_10: color = 'white'
25.6348 	EXP 	polygon_11: fillColor = 'white'
25.6348 	EXP 	polygon_11: lineColor = 'white'
25.6348 	EXP 	polygon_11: color = 'white'
25.6348 	EXP 	polygon_12: fillColor = 'white'
25.6348 	EXP 	polygon_12: lineColor = 'white'
25.6348 	EXP 	polygon_12: color = 'white'
25.6348 	EXP 	polygon_13: fillColor = 'white'
25.6348 	EXP 	polygon_13: lineColor = 'white'
25.6348 	EXP 	polygon_13: color = 'white'
25.6348 	EXP 	polygon_14: fillColor = 'white'
25.6348 	EXP 	polygon_14: lineColor = 'white'
25.6348 	EXP 	polygon_14: color = 'white'
25.6348 	EXP 	polygon_15: fillColor = 'white'
25.6348 	EXP 	polygon_15: lineColor = 'white'
25.6348 	EXP 	polygon_15: color = 'white'
25.6348 	EXP 	polygon_16: fillColor = 'white'
25.6348 	EXP 	polygon_16: lineColor = 'white'
25.6348 	EXP 	polygon_16: color = 'white'
25.6348 	EXP 	polygon_17: fillColor = 'white'
25.6348 	EXP 	polygon_17: lineColor = 'white'
25.6348 	EXP 	polygon_17: color = 'white'
25.6348 	EXP 	polygon_18: fillColor = 'white'
25.6348 	EXP 	polygon_18: lineColor = 'white'
25.6348 	EXP 	polygon_18: color = 'white'
25.6348 	EXP 	polygon_19: fillColor = 'white'
25.6348 	EXP 	polygon_19: lineColor = 'white'
25.6348 	EXP 	polygon_19: color = 'white'
25.6348 	EXP 	polygon_20: fillColor = 'white'
25.6348 	EXP 	polygon_20: lineColor = 'white'
25.6348 	EXP 	polygon_20: color = 'white'
25.6348 	EXP 	polygon_21: fillColor = 'white'
25.6348 	EXP 	polygon_21: lineColor = 'white'
25.6348 	EXP 	polygon_21: color = 'white'
25.6348 	EXP 	polygon_22: fillColor = 'white'
25.6348 	EXP 	polygon_22: lineColor = 'white'
25.6348 	EXP 	polygon_22: color = 'white'
25.6348 	EXP 	polygon_23: fillColor = 'white'
25.6348 	EXP 	polygon_23: lineColor = 'white'
25.6348 	EXP 	polygon_23: color = 'white'
25.6348 	EXP 	polygon_24: fillColor = 'white'
25.6348 	EXP 	polygon_24: lineColor = 'white'
25.6348 	EXP 	polygon_24: color = 'white'
25.6348 	EXP 	polygon_25: fillColor = 'white'
25.6348 	EXP 	polygon_25: lineColor = 'white'
25.6348 	EXP 	polygon_25: color = 'white'
25.6348 	EXP 	grid: autoDraw = True
25.6348 	EXP 	polygon: autoDraw = True
25.6348 	EXP 	polygon_2: autoDraw = True
25.6348 	EXP 	polygon_3: autoDraw = True
25.6348 	EXP 	polygon_4: autoDraw = True
25.6348 	EXP 	polygon_5: autoDraw = True
25.6348 	EXP 	polygon_6: autoDraw = True
25.6348 	EXP 	polygon_7: autoDraw = True
25.6348 	EXP 	polygon_8: autoDraw = True
25.6348 	EXP 	polygon_9: autoDraw = True
25.6348 	EXP 	polygon_10: autoDraw = True
25.6348 	EXP 	polygon_11: autoDraw = True
25.6348 	EXP 	polygon_12: autoDraw = True
25.6348 	EXP 	polygon_13: autoDraw = True
25.6348 	EXP 	polygon_14: autoDraw = True
25.6348 	EXP 	polygon_15: autoDraw = True
25.6348 	EXP 	polygon_16: autoDraw = True
25.6348 	EXP 	polygon_17: autoDraw = True
25.6348 	EXP 	polygon_18: autoDraw = True
25.6348 	EXP 	polygon_19: autoDraw = True
25.6348 	EXP 	polygon_20: autoDraw = True
25.6348 	EXP 	polygon_21: autoDraw = True
25.6348 	EXP 	polygon_22: autoDraw = True
25.6348 	EXP 	polygon_23: autoDraw = True
25.6348 	EXP 	polygon_24: autoDraw = True
25.6348 	EXP 	polygon_25: autoDraw = True
25.6348 	EXP 	grid: autoDraw = False
25.6348 	EXP 	polygon: autoDraw = False
25.6348 	EXP 	polygon_2: autoDraw = False
25.6348 	EXP 	polygon_3: autoDraw = False
25.6348 	EXP 	polygon_4: autoDraw = False
25.6348 	EXP 	polygon_5: autoDraw = False
25.6348 	EXP 	polygon_6: autoDraw = False
25.6348 	EXP 	polygon_7: autoDraw = False
25.6348 	EXP 	polygon_8: autoDraw = False
25.6348 	EXP 	polygon_9: autoDraw = False
25.6348 	EXP 	polygon_10: autoDraw = False
25.6348 	EXP 	polygon_11: autoDraw = False
25.6348 	EXP 	polygon_12: autoDraw = False
25.6348 	EXP 	polygon_13: autoDraw = False
25.6348 	EXP 	polygon_14: autoDraw = False
25.6348 	EXP 	polygon_15: autoDraw = False
25.6348 	EXP 	polygon_16: autoDraw = False
25.6348 	EXP 	polygon_17: autoDraw = False
25.6348 	EXP 	polygon_18: autoDraw = False
25.6348 	EXP 	polygon_19: autoDraw = False
25.6348 	EXP 	polygon_20: autoDraw = False
25.6348 	EXP 	polygon_21: autoDraw = False
25.6348 	EXP 	polygon_22: autoDraw = False
25.6348 	EXP 	polygon_23: autoDraw = False
25.6348 	EXP 	polygon_24: autoDraw = False
25.6348 	EXP 	polygon_25: autoDraw = False
25.6348 	EXP 	Square: pos = array([0.195, 0.195])
25.6348 	EXP 	Grid: autoDraw = True
25.6348 	EXP 	Square: autoDraw = True
25.8538 	DATA 	Mouse: Left button down, pos=(1389,1256)
26.4538 	DATA 	Mouse:  Left button up, pos=(1389,1256)
27.1017 	EXP 	New trial (rep=0, index=1): OrderedDict([('span', 3), ('trial', 1), ('stimulus', 2), ('square', 5), ('location', [0.39, 0.39]), ('correct', 5)])
27.1181 	EXP 	Grid: autoDraw = False
27.1181 	EXP 	Square: autoDraw = False
27.1181 	EXP 	Square: pos = array([0.39, 0.39])
27.1181 	EXP 	Grid: autoDraw = True
27.1181 	EXP 	Square: autoDraw = True
28.6016 	EXP 	New trial (rep=0, index=2): OrderedDict([('span', 3), ('trial', 1), ('stimulus', 3), ('square', 22), ('location', [-0.195, -0.39]), ('correct', 9)])
28.6181 	EXP 	Grid: autoDraw = False
28.6181 	EXP 	Square: autoDraw = False
28.6181 	EXP 	Square: pos = array([-0.195, -0.39 ])
28.6181 	EXP 	Grid: autoDraw = True
28.6181 	EXP 	Square: autoDraw = True
30.1347 	EXP 	Grid: autoDraw = False
30.1347 	EXP 	Square: autoDraw = False
30.1347 	EXP 	polygon: fillColor = 'white'
30.1347 	EXP 	polygon: lineColor = 'white'
30.1347 	EXP 	polygon: color = 'white'
30.1347 	EXP 	polygon_2: fillColor = 'white'
30.1347 	EXP 	polygon_2: lineColor = 'white'
30.1347 	EXP 	polygon_2: color = 'white'
30.1347 	EXP 	polygon_3: fillColor = 'white'
30.1347 	EXP 	polygon_3: lineColor = 'white'
30.1347 	EXP 	polygon_3: color = 'white'
30.1347 	EXP 	polygon_4: fillColor = 'white'
30.1347 	EXP 	polygon_4: lineColor = 'white'
30.1347 	EXP 	polygon_4: color = 'white'
30.1347 	EXP 	polygon_5: fillColor = 'white'
30.1347 	EXP 	polygon_5: lineColor = 'white'
30.1347 	EXP 	polygon_5: color = 'white'
30.1347 	EXP 	polygon_6: fillColor = 'white'
30.1347 	EXP 	polygon_6: lineColor = 'white'
30.1347 	EXP 	polygon_6: color = 'white'
30.1347 	EXP 	polygon_7: fillColor = 'white'
30.1347 	EXP 	polygon_7: lineColor = 'white'
30.1347 	EXP 	polygon_7: color = 'white'
30.1347 	EXP 	polygon_8: fillColor = 'white'
30.1347 	EXP 	polygon_8: lineColor = 'white'
30.1347 	EXP 	polygon_8: color = 'white'
30.1347 	EXP 	polygon_9: fillColor = 'white'
30.1347 	EXP 	polygon_9: lineColor = 'white'
30.1347 	EXP 	polygon_9: color = 'white'
30.1347 	EXP 	polygon_10: fillColor = 'white'
30.1347 	EXP 	polygon_10: lineColor = 'white'
30.1347 	EXP 	polygon_10: color = 'white'
30.1347 	EXP 	polygon_11: fillColor = 'white'
30.1347 	EXP 	polygon_11: lineColor = 'white'
30.1347 	EXP 	polygon_11: color = 'white'
30.1347 	EXP 	polygon_12: fillColor = 'white'
30.1347 	EXP 	polygon_12: lineColor = 'white'
30.1347 	EXP 	polygon_12: color = 'white'
30.1347 	EXP 	polygon_13: fillColor = 'white'
30.1347 	EXP 	polygon_13: lineColor = 'white'
30.1347 	EXP 	polygon_13: color = 'white'
30.1347 	EXP 	polygon_14: fillColor = 'white'
30.1347 	EXP 	polygon_14: lineColor = 'white'
30.1347 	EXP 	polygon_14: color = 'white'
30.1347 	EXP 	polygon_15: fillColor = 'white'
30.1347 	EXP 	polygon_15: lineColor = 'white'
30.1347 	EXP 	polygon_15: color = 'white'
30.1347 	EXP 	polygon_16: fillColor = 'white'
30.1347 	EXP 	polygon_16: lineColor = 'white'
30.1347 	EXP 	polygon_16: color = 'white'
30.1347 	EXP 	polygon_17: fillColor = 'white'
30.1347 	EXP 	polygon_17: lineColor = 'white'
30.1347 	EXP 	polygon_17: color = 'white'
30.1347 	EXP 	polygon_18: fillColor = 'white'
30.1347 	EXP 	polygon_18: lineColor = 'white'
30.1347 	EXP 	polygon_18: color = 'white'
30.1347 	EXP 	polygon_19: fillColor = 'white'
30.1347 	EXP 	polygon_19: lineColor = 'white'
30.1347 	EXP 	polygon_19: color = 'white'
30.1347 	EXP 	polygon_20: fillColor = 'white'
30.1347 	EXP 	polygon_20: lineColor = 'white'
30.1347 	EXP 	polygon_20: color = 'white'
30.1347 	EXP 	polygon_21: fillColor = 'white'
30.1347 	EXP 	polygon_21: lineColor = 'white'
30.1347 	EXP 	polygon_21: color = 'white'
30.1347 	EXP 	polygon_22: fillColor = 'white'
30.1347 	EXP 	polygon_22: lineColor = 'white'
30.1347 	EXP 	polygon_22: color = 'white'
30.1347 	EXP 	polygon_23: fillColor = 'white'
30.1347 	EXP 	polygon_23: lineColor = 'white'
30.1347 	EXP 	polygon_23: color = 'white'
30.1347 	EXP 	polygon_24: fillColor = 'white'
30.1347 	EXP 	polygon_24: lineColor = 'white'
30.1347 	EXP 	polygon_24: color = 'white'
30.1347 	EXP 	polygon_25: fillColor = 'white'
30.1347 	EXP 	polygon_25: lineColor = 'white'
30.1347 	EXP 	polygon_25: color = 'white'
30.1347 	EXP 	grid: autoDraw = True
30.1347 	EXP 	polygon: autoDraw = True
30.1347 	EXP 	polygon_2: autoDraw = True
30.1347 	EXP 	polygon_3: autoDraw = True
30.1347 	EXP 	polygon_4: autoDraw = True
30.1347 	EXP 	polygon_5: autoDraw = True
30.1347 	EXP 	polygon_6: autoDraw = True
30.1347 	EXP 	polygon_7: autoDraw = True
30.1347 	EXP 	polygon_8: autoDraw = True
30.1347 	EXP 	polygon_9: autoDraw = True
30.1347 	EXP 	polygon_10: autoDraw = True
30.1347 	EXP 	polygon_11: autoDraw = True
30.1347 	EXP 	polygon_12: autoDraw = True
30.1347 	EXP 	polygon_13: autoDraw = True
30.1347 	EXP 	polygon_14: autoDraw = True
30.1347 	EXP 	polygon_15: autoDraw = True
30.1347 	EXP 	polygon_16: autoDraw = True
30.1347 	EXP 	polygon_17: autoDraw = True
30.1347 	EXP 	polygon_18: autoDraw = True
30.1347 	EXP 	polygon_19: autoDraw = True
30.1347 	EXP 	polygon_20: autoDraw = True
30.1347 	EXP 	polygon_21: autoDraw = True
30.1347 	EXP 	polygon_22: autoDraw = True
30.1347 	EXP 	polygon_23: autoDraw = True
30.1347 	EXP 	polygon_24: autoDraw = True
30.1347 	EXP 	polygon_25: autoDraw = True
30.9201 	DATA 	Mouse: Left button down, pos=(1422,1199)
30.9513 	EXP 	polygon_8: fillColor = 'black'
30.9513 	EXP 	polygon_8: lineColor = 'black'
30.9513 	EXP 	polygon_8: color = 'black'
31.0534 	DATA 	Mouse:  Left button up, pos=(1422,1199)
31.4705 	DATA 	Mouse: Left button down, pos=(1431,924)
31.5012 	EXP 	polygon_13: fillColor = 'black'
31.5012 	EXP 	polygon_13: lineColor = 'black'
31.5012 	EXP 	polygon_13: color = 'black'
31.5747 	DATA 	Mouse:  Left button up, pos=(1431,924)
31.9935 	DATA 	Mouse: Left button down, pos=(1281,917)
32.1049 	DATA 	Mouse:  Left button up, pos=(1281,917)
32.5368 	DATA 	Mouse: Left button down, pos=(1225,917)
32.5678 	EXP 	polygon_12: fillColor = 'black'
32.5678 	EXP 	polygon_12: lineColor = 'black'
32.5678 	EXP 	polygon_12: color = 'black'
32.7035 	DATA 	Mouse:  Left button up, pos=(1225,917)
33.1102 	DATA 	Mouse: Left button down, pos=(1225,1091)
33.1512 	EXP 	polygon_7: fillColor = 'black'
33.1512 	EXP 	polygon_7: lineColor = 'black'
33.1512 	EXP 	polygon_7: color = 'black'
33.2549 	DATA 	Mouse:  Left button up, pos=(1225,1091)
33.5369 	DATA 	Keypress: space
33.5850 	EXP 	grid: autoDraw = False
33.5850 	EXP 	polygon: autoDraw = False
33.5850 	EXP 	polygon_2: autoDraw = False
33.5850 	EXP 	polygon_3: autoDraw = False
33.5850 	EXP 	polygon_4: autoDraw = False
33.5850 	EXP 	polygon_5: autoDraw = False
33.5850 	EXP 	polygon_6: autoDraw = False
33.5850 	EXP 	polygon_7: autoDraw = False
33.5850 	EXP 	polygon_8: autoDraw = False
33.5850 	EXP 	polygon_9: autoDraw = False
33.5850 	EXP 	polygon_10: autoDraw = False
33.5850 	EXP 	polygon_11: autoDraw = False
33.5850 	EXP 	polygon_12: autoDraw = False
33.5850 	EXP 	polygon_13: autoDraw = False
33.5850 	EXP 	polygon_14: autoDraw = False
33.5850 	EXP 	polygon_15: autoDraw = False
33.5850 	EXP 	polygon_16: autoDraw = False
33.5850 	EXP 	polygon_17: autoDraw = False
33.5850 	EXP 	polygon_18: autoDraw = False
33.5850 	EXP 	polygon_19: autoDraw = False
33.5850 	EXP 	polygon_20: autoDraw = False
33.5850 	EXP 	polygon_21: autoDraw = False
33.5850 	EXP 	polygon_22: autoDraw = False
33.5850 	EXP 	polygon_23: autoDraw = False
33.5850 	EXP 	polygon_24: autoDraw = False
33.5850 	EXP 	polygon_25: autoDraw = False
33.5850 	EXP 	thx_txt: autoDraw = True
34.1893 	DATA 	Keypress: space
34.2016 	EXP 	thx_txt: autoDraw = False
34.3064 	EXP 	window1: mouseVisible = True
