5.5815 	WARNING 	User requested fullscreen with size [1440  900], but screen is actually [2880, 1800]. Using actual size
6.5598 	EXP 	Created window1 = Window(allowGUI=False, allowStencil=False, args=UNKNOWN, autoLog=True, bitsMode=UNKNOWN, blendMode='avg', color=array([0., 0., 0.]), colorSpace='hsv', fullscr=<method-wrapper '__getattribute__' of attributeSetter object at 0x000001AC1B4B0BA8>, gamma=None, gammaErrorPolicy='raise', kwargs=UNKNOWN, lms=UNKNOWN, monitor=<psychopy.monitors.calibTools.Monitor object at 0x000001AC29725D30>, multiSample=False, name='window1', numSamples=2, pos=[0.0, 0.0], screen=0, size=array([2880, 1800]), stereo=False, units='height', useFBO=True, useRetina=False, viewOri=0.0, viewPos=None, viewScale=None, waitBlanking=True, winType='pyglet')
6.5599 	EXP 	window1: recordFrameIntervals = False
6.7261 	EXP 	window1: recordFrameIntervals = True
6.9095 	EXP 	window1: recordFrameIntervals = False
7.1390 	EXP 	Created instr_text = TextStim(__class__=<class 'psychopy.visual.text.TextStim'>, alignHoriz='center', alignVert='center', antialias=True, autoLog=True, bold=False, color='white', colorSpace='named', contrast=1.0, depth=0.0, flipHoriz=False, flipVert=False, font='Arial', fontFiles=[], height=0.05, italic=False, languageStyle='LTR', name='instr_text', opacity=1.0, ori=0, pos=array([0., 0.]), rgb=array([255., 255., 255.]), text='Any text\n\nincluding line breaks', units='height', win=Window(...), wrapWidth=1)
7.2376 	EXP 	Created Grid = ImageStim(__class__=<class 'psychopy.visual.image.ImageStim'>, autoLog=True, color=array([1., 1., 1.]), colorSpace='rgb', contrast=1.0, depth=0.0, flipHoriz=False, flipVert=False, image='Blank Grid.jpg', interpolate=True, mask=None, maskParams=None, name='Grid', opacity=1.0, ori=0.0, pos=array([0., 0.]), size=array([1., 1.]), texRes=128, units='height', win=Window(...))
7.2404 	EXP 	Created Square = Rect(__class__=<class 'psychopy.visual.rect.Rect'>, autoDraw=False, autoLog=True, closeShape=True, color=method-wrapper(...), colorSpace=None, contrast=1.0, depth=-1.0, fillColor=array([255.,   0.,   0.]), fillColorSpace='rgb255', fillRGB=array([255.,   0.,   0.]), interpolate=True, lineColor=array([255.,   0.,   0.]), lineColorSpace='rgb', lineRGB=array([255.,   0.,   0.]), lineWidth=1, name='Square', opacity=1.0, ori=array(0.), pos=array([0., 0.]), size=array([1., 1.]), units='height', vertices=ndarray(...), win=Window(...))
7.3377 	EXP 	Created grid = ImageStim(__class__=<class 'psychopy.visual.image.ImageStim'>, autoLog=True, color=array([1., 1., 1.]), colorSpace='rgb', contrast=1.0, depth=0.0, flipHoriz=False, flipVert=False, image='Blank Grid.jpg', interpolate=True, mask=None, maskParams=None, name='grid', opacity=1.0, ori=0.0, pos=array([0., 0.]), size=array([1., 1.]), texRes=128, units='height', win=Window(...))
7.3386 	EXP 	Created polygon = Rect(__class__=<class 'psychopy.visual.rect.Rect'>, autoDraw=False, autoLog=True, closeShape=True, color=method-wrapper(...), colorSpace=None, contrast=1.0, depth=-2.0, fillColor='white', fillColorSpace='named', fillRGB=array([255., 255., 255.]), interpolate=True, lineColor='white', lineColorSpace='named', lineRGB=array([255., 255., 255.]), lineWidth=1, name='polygon', opacity=1.0, ori=array(0.), pos=array([-0.386 ,  0.3875]), size=array([1., 1.]), units='height', vertices=ndarray(...), win=Window(...))
7.3393 	EXP 	Created polygon_2 = Rect(__class__=<class 'psychopy.visual.rect.Rect'>, autoDraw=False, autoLog=True, closeShape=True, color=method-wrapper(...), colorSpace=None, contrast=1.0, depth=-3.0, fillColor='white', fillColorSpace='named', fillRGB=array([255., 255., 255.]), interpolate=True, lineColor='white', lineColorSpace='named', lineRGB=array([255., 255., 255.]), lineWidth=1, name='polygon_2', opacity=1.0, ori=array(0.), pos=array([-0.193 ,  0.3875]), size=array([1., 1.]), units='height', vertices=ndarray(...), win=Window(...))
7.3400 	EXP 	Created polygon_3 = Rect(__class__=<class 'psychopy.visual.rect.Rect'>, autoDraw=False, autoLog=True, closeShape=True, color=method-wrapper(...), colorSpace=None, contrast=1.0, depth=-4.0, fillColor='white', fillColorSpace='named', fillRGB=array([255., 255., 255.]), interpolate=True, lineColor='white', lineColorSpace='named', lineRGB=array([255., 255., 255.]), lineWidth=1, name='polygon_3', opacity=1.0, ori=array(0.), pos=array([0.    , 0.3875]), size=array([1., 1.]), units='height', vertices=ndarray(...), win=Window(...))
7.3407 	EXP 	Created polygon_4 = Rect(__class__=<class 'psychopy.visual.rect.Rect'>, autoDraw=False, autoLog=True, closeShape=True, color=method-wrapper(...), colorSpace=None, contrast=1.0, depth=-5.0, fillColor='white', fillColorSpace='named', fillRGB=array([255., 255., 255.]), interpolate=True, lineColor='white', lineColorSpace='named', lineRGB=array([255., 255., 255.]), lineWidth=1, name='polygon_4', opacity=1.0, ori=array(0.), pos=array([0.193 , 0.3875]), size=array([1., 1.]), units='height', vertices=ndarray(...), win=Window(...))
7.3414 	EXP 	Created polygon_5 = Rect(__class__=<class 'psychopy.visual.rect.Rect'>, autoDraw=False, autoLog=True, closeShape=True, color=method-wrapper(...), colorSpace=None, contrast=1.0, depth=-6.0, fillColor='white', fillColorSpace='named', fillRGB=array([255., 255., 255.]), interpolate=True, lineColor='white', lineColorSpace='named', lineRGB=array([255., 255., 255.]), lineWidth=1, name='polygon_5', opacity=1.0, ori=array(0.), pos=array([0.386 , 0.3875]), size=array([1., 1.]), units='height', vertices=ndarray(...), win=Window(...))
7.3421 	EXP 	Created polygon_6 = Rect(__class__=<class 'psychopy.visual.rect.Rect'>, autoDraw=False, autoLog=True, closeShape=True, color=method-wrapper(...), colorSpace=None, contrast=1.0, depth=-7.0, fillColor='white', fillColorSpace='named', fillRGB=array([255., 255., 255.]), interpolate=True, lineColor='white', lineColorSpace='named', lineRGB=array([255., 255., 255.]), lineWidth=1, name='polygon_6', opacity=1.0, ori=array(0.), pos=array([-0.386  ,  0.19415]), size=array([1., 1.]), units='height', vertices=ndarray(...), win=Window(...))
7.3428 	EXP 	Created polygon_7 = Rect(__class__=<class 'psychopy.visual.rect.Rect'>, autoDraw=False, autoLog=True, closeShape=True, color=method-wrapper(...), colorSpace=None, contrast=1.0, depth=-8.0, fillColor='white', fillColorSpace='named', fillRGB=array([255., 255., 255.]), interpolate=True, lineColor='white', lineColorSpace='named', lineRGB=array([255., 255., 255.]), lineWidth=1, name='polygon_7', opacity=1.0, ori=array(0.), pos=array([-0.193  ,  0.19415]), size=array([1., 1.]), units='height', vertices=ndarray(...), win=Window(...))
7.3435 	EXP 	Created polygon_8 = Rect(__class__=<class 'psychopy.visual.rect.Rect'>, autoDraw=False, autoLog=True, closeShape=True, color=method-wrapper(...), colorSpace=None, contrast=1.0, depth=-9.0, fillColor='white', fillColorSpace='named', fillRGB=array([255., 255., 255.]), interpolate=True, lineColor='white', lineColorSpace='named', lineRGB=array([255., 255., 255.]), lineWidth=1, name='polygon_8', opacity=1.0, ori=array(0.), pos=array([0.     , 0.19415]), size=array([1., 1.]), units='height', vertices=ndarray(...), win=Window(...))
7.3442 	EXP 	Created polygon_9 = Rect(__class__=<class 'psychopy.visual.rect.Rect'>, autoDraw=False, autoLog=True, closeShape=True, color=method-wrapper(...), colorSpace=None, contrast=1.0, depth=-10.0, fillColor='white', fillColorSpace='named', fillRGB=array([255., 255., 255.]), interpolate=True, lineColor='white', lineColorSpace='named', lineRGB=array([255., 255., 255.]), lineWidth=1, name='polygon_9', opacity=1.0, ori=array(0.), pos=array([0.193  , 0.19415]), size=array([1., 1.]), units='height', vertices=ndarray(...), win=Window(...))
7.3449 	EXP 	Created polygon_10 = Rect(__class__=<class 'psychopy.visual.rect.Rect'>, autoDraw=False, autoLog=True, closeShape=True, color=method-wrapper(...), colorSpace=None, contrast=1.0, depth=-11.0, fillColor='white', fillColorSpace='named', fillRGB=array([255., 255., 255.]), interpolate=True, lineColor='white', lineColorSpace='named', lineRGB=array([255., 255., 255.]), lineWidth=1, name='polygon_10', opacity=1.0, ori=array(0.), pos=array([0.386  , 0.19415]), size=array([1., 1.]), units='height', vertices=ndarray(...), win=Window(...))
7.3457 	EXP 	Created polygon_11 = Rect(__class__=<class 'psychopy.visual.rect.Rect'>, autoDraw=False, autoLog=True, closeShape=True, color=method-wrapper(...), colorSpace=None, contrast=1.0, depth=-12.0, fillColor='white', fillColorSpace='named', fillRGB=array([255., 255., 255.]), interpolate=True, lineColor='white', lineColorSpace='named', lineRGB=array([255., 255., 255.]), lineWidth=1, name='polygon_11', opacity=1.0, ori=array(0.), pos=array([-0.386,  0.   ]), size=array([1., 1.]), units='height', vertices=ndarray(...), win=Window(...))
7.3464 	EXP 	Created polygon_12 = Rect(__class__=<class 'psychopy.visual.rect.Rect'>, autoDraw=False, autoLog=True, closeShape=True, color=method-wrapper(...), colorSpace=None, contrast=1.0, depth=-13.0, fillColor='white', fillColorSpace='named', fillRGB=array([255., 255., 255.]), interpolate=True, lineColor='white', lineColorSpace='named', lineRGB=array([255., 255., 255.]), lineWidth=1, name='polygon_12', opacity=1.0, ori=array(0.), pos=array([-0.193,  0.   ]), size=array([1., 1.]), units='height', vertices=ndarray(...), win=Window(...))
7.3471 	EXP 	Created polygon_13 = Rect(__class__=<class 'psychopy.visual.rect.Rect'>, autoDraw=False, autoLog=True, closeShape=True, color=method-wrapper(...), colorSpace=None, contrast=1.0, depth=-14.0, fillColor='white', fillColorSpace='named', fillRGB=array([255., 255., 255.]), interpolate=True, lineColor='white', lineColorSpace='named', lineRGB=array([255., 255., 255.]), lineWidth=1, name='polygon_13', opacity=1.0, ori=array(0.), pos=array([0., 0.]), size=array([1., 1.]), units='height', vertices=ndarray(...), win=Window(...))
7.3478 	EXP 	Created polygon_14 = Rect(__class__=<class 'psychopy.visual.rect.Rect'>, autoDraw=False, autoLog=True, closeShape=True, color=method-wrapper(...), colorSpace=None, contrast=1.0, depth=-15.0, fillColor='white', fillColorSpace='named', fillRGB=array([255., 255., 255.]), interpolate=True, lineColor='white', lineColorSpace='named', lineRGB=array([255., 255., 255.]), lineWidth=1, name='polygon_14', opacity=1.0, ori=array(0.), pos=array([0.193, 0.   ]), size=array([1., 1.]), units='height', vertices=ndarray(...), win=Window(...))
7.3485 	EXP 	Created polygon_15 = Rect(__class__=<class 'psychopy.visual.rect.Rect'>, autoDraw=False, autoLog=True, closeShape=True, color=method-wrapper(...), colorSpace=None, contrast=1.0, depth=-16.0, fillColor='white', fillColorSpace='named', fillRGB=array([255., 255., 255.]), interpolate=True, lineColor='white', lineColorSpace='named', lineRGB=array([255., 255., 255.]), lineWidth=1, name='polygon_15', opacity=1.0, ori=array(0.), pos=array([0.386, 0.   ]), size=array([1., 1.]), units='height', vertices=ndarray(...), win=Window(...))
7.3492 	EXP 	Created polygon_16 = Rect(__class__=<class 'psychopy.visual.rect.Rect'>, autoDraw=False, autoLog=True, closeShape=True, color=method-wrapper(...), colorSpace=None, contrast=1.0, depth=-17.0, fillColor='white', fillColorSpace='named', fillRGB=array([255., 255., 255.]), interpolate=True, lineColor='white', lineColorSpace='named', lineRGB=array([255., 255., 255.]), lineWidth=1, name='polygon_16', opacity=1.0, ori=array(0.), pos=array([-0.386  , -0.19415]), size=array([1., 1.]), units='height', vertices=ndarray(...), win=Window(...))
7.3499 	EXP 	Created polygon_17 = Rect(__class__=<class 'psychopy.visual.rect.Rect'>, autoDraw=False, autoLog=True, closeShape=True, color=method-wrapper(...), colorSpace=None, contrast=1.0, depth=-18.0, fillColor='white', fillColorSpace='named', fillRGB=array([255., 255., 255.]), interpolate=True, lineColor='white', lineColorSpace='named', lineRGB=array([255., 255., 255.]), lineWidth=1, name='polygon_17', opacity=1.0, ori=array(0.), pos=array([-0.193  , -0.19415]), size=array([1., 1.]), units='height', vertices=ndarray(...), win=Window(...))
7.3506 	EXP 	Created polygon_18 = Rect(__class__=<class 'psychopy.visual.rect.Rect'>, autoDraw=False, autoLog=True, closeShape=True, color=method-wrapper(...), colorSpace=None, contrast=1.0, depth=-19.0, fillColor='white', fillColorSpace='named', fillRGB=array([255., 255., 255.]), interpolate=True, lineColor='white', lineColorSpace='named', lineRGB=array([255., 255., 255.]), lineWidth=1, name='polygon_18', opacity=1.0, ori=array(0.), pos=array([ 0.     , -0.19415]), size=array([1., 1.]), units='height', vertices=ndarray(...), win=Window(...))
7.3513 	EXP 	Created polygon_19 = Rect(__class__=<class 'psychopy.visual.rect.Rect'>, autoDraw=False, autoLog=True, closeShape=True, color=method-wrapper(...), colorSpace=None, contrast=1.0, depth=-20.0, fillColor='white', fillColorSpace='named', fillRGB=array([255., 255., 255.]), interpolate=True, lineColor='white', lineColorSpace='named', lineRGB=array([255., 255., 255.]), lineWidth=1, name='polygon_19', opacity=1.0, ori=array(0.), pos=array([ 0.193  , -0.19415]), size=array([1., 1.]), units='height', vertices=ndarray(...), win=Window(...))
7.3520 	EXP 	Created polygon_20 = Rect(__class__=<class 'psychopy.visual.rect.Rect'>, autoDraw=False, autoLog=True, closeShape=True, color=method-wrapper(...), colorSpace=None, contrast=1.0, depth=-21.0, fillColor='white', fillColorSpace='named', fillRGB=array([255., 255., 255.]), interpolate=True, lineColor='white', lineColorSpace='named', lineRGB=array([255., 255., 255.]), lineWidth=1, name='polygon_20', opacity=1.0, ori=array(0.), pos=array([ 0.386  , -0.19415]), size=array([1., 1.]), units='height', vertices=ndarray(...), win=Window(...))
7.3527 	EXP 	Created polygon_21 = Rect(__class__=<class 'psychopy.visual.rect.Rect'>, autoDraw=False, autoLog=True, closeShape=True, color=method-wrapper(...), colorSpace=None, contrast=1.0, depth=-22.0, fillColor='white', fillColorSpace='named', fillRGB=array([255., 255., 255.]), interpolate=True, lineColor='white', lineColorSpace='named', lineRGB=array([255., 255., 255.]), lineWidth=1, name='polygon_21', opacity=1.0, ori=array(0.), pos=array([-0.386 , -0.3875]), size=array([1., 1.]), units='height', vertices=ndarray(...), win=Window(...))
7.3534 	EXP 	Created polygon_22 = Rect(__class__=<class 'psychopy.visual.rect.Rect'>, autoDraw=False, autoLog=True, closeShape=True, color=method-wrapper(...), colorSpace=None, contrast=1.0, depth=-23.0, fillColor='white', fillColorSpace='named', fillRGB=array([255., 255., 255.]), interpolate=True, lineColor='white', lineColorSpace='named', lineRGB=array([255., 255., 255.]), lineWidth=1, name='polygon_22', opacity=1.0, ori=array(0.), pos=array([-0.193 , -0.3875]), size=array([1., 1.]), units='height', vertices=ndarray(...), win=Window(...))
7.3541 	EXP 	Created polygon_23 = Rect(__class__=<class 'psychopy.visual.rect.Rect'>, autoDraw=False, autoLog=True, closeShape=True, color=method-wrapper(...), colorSpace=None, contrast=1.0, depth=-24.0, fillColor='white', fillColorSpace='named', fillRGB=array([255., 255., 255.]), interpolate=True, lineColor='white', lineColorSpace='named', lineRGB=array([255., 255., 255.]), lineWidth=1, name='polygon_23', opacity=1.0, ori=array(0.), pos=array([ 0.    , -0.3875]), size=array([1., 1.]), units='height', vertices=ndarray(...), win=Window(...))
7.3548 	EXP 	Created polygon_24 = Rect(__class__=<class 'psychopy.visual.rect.Rect'>, autoDraw=False, autoLog=True, closeShape=True, color=method-wrapper(...), colorSpace=None, contrast=1.0, depth=-25.0, fillColor='white', fillColorSpace='named', fillRGB=array([255., 255., 255.]), interpolate=True, lineColor='white', lineColorSpace='named', lineRGB=array([255., 255., 255.]), lineWidth=1, name='polygon_24', opacity=1.0, ori=array(0.), pos=array([ 0.193 , -0.3875]), size=array([1., 1.]), units='height', vertices=ndarray(...), win=Window(...))
7.3555 	EXP 	Created polygon_25 = Rect(__class__=<class 'psychopy.visual.rect.Rect'>, autoDraw=False, autoLog=True, closeShape=True, color=method-wrapper(...), colorSpace=None, contrast=1.0, depth=-26.0, fillColor='white', fillColorSpace='named', fillRGB=array([255., 255., 255.]), interpolate=True, lineColor='white', lineColorSpace='named', lineRGB=array([255., 255., 255.]), lineWidth=1, name='polygon_25', opacity=1.0, ori=array(0.), pos=array([ 0.386 , -0.3875]), size=array([1., 1.]), units='height', vertices=ndarray(...), win=Window(...))
7.3622 	EXP 	Created rdy_txt = TextStim(__class__=<class 'psychopy.visual.text.TextStim'>, alignHoriz='center', alignVert='center', antialias=True, autoLog=True, bold=False, color='white', colorSpace='named', contrast=1.0, depth=0.0, flipHoriz=False, flipVert=False, font='Arial', fontFiles=[], height=0.05, italic=False, languageStyle='LTR', name='rdy_txt', opacity=1.0, ori=0, pos=array([0., 0.]), rgb=array([255., 255., 255.]), text='default text', units='height', win=Window(...), wrapWidth=1)
7.4094 	EXP 	instr_text: autoDraw = True
9.3492 	EXP 	Imported BLS_Trials.xlsx as conditions, 32 conditions, 5 params
9.3495 	EXP 	Created sequence: sequential, trialTypes=32, nReps=1, seed=None
9.3497 	EXP 	New trial (rep=0, index=0): OrderedDict([('Running_Trial_Num', 1), ('trial_length', 2), ('rows', '0, 1'), ('correct_seq', ['polygon_18', 'polygon_10']), ('rdy_msg', 'Press SPACE to begin the next trial.')])
9.3702 	EXP 	Imported BLS_Stimuli.xlsx as conditions, 2 conditions, 6 params
9.3704 	EXP 	Created sequence: sequential, trialTypes=2, nReps=1, seed=None
9.3707 	EXP 	New trial (rep=0, index=0): OrderedDict([('span', 2), ('trial', 1), ('stimulus', 1), ('square', 10), ('location', [0.39, 0.195]), ('correct', 18)])
9.3794 	DATA 	Keypress: space
9.3926 	EXP 	instr_text: autoDraw = False
9.3926 	EXP 	Square: pos = array([0.39 , 0.195])
9.3926 	EXP 	Grid: autoDraw = True
9.3926 	EXP 	Square: autoDraw = True
10.8260 	EXP 	New trial (rep=0, index=1): OrderedDict([('span', 2), ('trial', 1), ('stimulus', 2), ('square', 18), ('location', [0, -0.195]), ('correct', 10)])
10.8423 	EXP 	Grid: autoDraw = False
10.8423 	EXP 	Square: autoDraw = False
10.8423 	EXP 	Square: pos = array([ 0.   , -0.195])
10.8423 	EXP 	Grid: autoDraw = True
10.8423 	EXP 	Square: autoDraw = True
12.3591 	EXP 	Grid: autoDraw = False
12.3591 	EXP 	Square: autoDraw = False
12.3591 	EXP 	polygon: fillColor = 'white'
12.3591 	EXP 	polygon: lineColor = 'white'
12.3591 	EXP 	polygon: color = 'white'
12.3591 	EXP 	polygon_2: fillColor = 'white'
12.3591 	EXP 	polygon_2: lineColor = 'white'
12.3591 	EXP 	polygon_2: color = 'white'
12.3591 	EXP 	polygon_3: fillColor = 'white'
12.3591 	EXP 	polygon_3: lineColor = 'white'
12.3591 	EXP 	polygon_3: color = 'white'
12.3591 	EXP 	polygon_4: fillColor = 'white'
12.3591 	EXP 	polygon_4: lineColor = 'white'
12.3591 	EXP 	polygon_4: color = 'white'
12.3591 	EXP 	polygon_5: fillColor = 'white'
12.3591 	EXP 	polygon_5: lineColor = 'white'
12.3591 	EXP 	polygon_5: color = 'white'
12.3591 	EXP 	polygon_6: fillColor = 'white'
12.3591 	EXP 	polygon_6: lineColor = 'white'
12.3591 	EXP 	polygon_6: color = 'white'
12.3591 	EXP 	polygon_7: fillColor = 'white'
12.3591 	EXP 	polygon_7: lineColor = 'white'
12.3591 	EXP 	polygon_7: color = 'white'
12.3591 	EXP 	polygon_8: fillColor = 'white'
12.3591 	EXP 	polygon_8: lineColor = 'white'
12.3591 	EXP 	polygon_8: color = 'white'
12.3591 	EXP 	polygon_9: fillColor = 'white'
12.3591 	EXP 	polygon_9: lineColor = 'white'
12.3591 	EXP 	polygon_9: color = 'white'
12.3591 	EXP 	polygon_10: fillColor = 'white'
12.3591 	EXP 	polygon_10: lineColor = 'white'
12.3591 	EXP 	polygon_10: color = 'white'
12.3591 	EXP 	polygon_11: fillColor = 'white'
12.3591 	EXP 	polygon_11: lineColor = 'white'
12.3591 	EXP 	polygon_11: color = 'white'
12.3591 	EXP 	polygon_12: fillColor = 'white'
12.3591 	EXP 	polygon_12: lineColor = 'white'
12.3591 	EXP 	polygon_12: color = 'white'
12.3591 	EXP 	polygon_13: fillColor = 'white'
12.3591 	EXP 	polygon_13: lineColor = 'white'
12.3591 	EXP 	polygon_13: color = 'white'
12.3591 	EXP 	polygon_14: fillColor = 'white'
12.3591 	EXP 	polygon_14: lineColor = 'white'
12.3591 	EXP 	polygon_14: color = 'white'
12.3591 	EXP 	polygon_15: fillColor = 'white'
12.3591 	EXP 	polygon_15: lineColor = 'white'
12.3591 	EXP 	polygon_15: color = 'white'
12.3591 	EXP 	polygon_16: fillColor = 'white'
12.3591 	EXP 	polygon_16: lineColor = 'white'
12.3591 	EXP 	polygon_16: color = 'white'
12.3591 	EXP 	polygon_17: fillColor = 'white'
12.3591 	EXP 	polygon_17: lineColor = 'white'
12.3591 	EXP 	polygon_17: color = 'white'
12.3591 	EXP 	polygon_18: fillColor = 'white'
12.3591 	EXP 	polygon_18: lineColor = 'white'
12.3591 	EXP 	polygon_18: color = 'white'
12.3591 	EXP 	polygon_19: fillColor = 'white'
12.3591 	EXP 	polygon_19: lineColor = 'white'
12.3591 	EXP 	polygon_19: color = 'white'
12.3591 	EXP 	polygon_20: fillColor = 'white'
12.3591 	EXP 	polygon_20: lineColor = 'white'
12.3591 	EXP 	polygon_20: color = 'white'
12.3591 	EXP 	polygon_21: fillColor = 'white'
12.3591 	EXP 	polygon_21: lineColor = 'white'
12.3591 	EXP 	polygon_21: color = 'white'
12.3591 	EXP 	polygon_22: fillColor = 'white'
12.3591 	EXP 	polygon_22: lineColor = 'white'
12.3591 	EXP 	polygon_22: color = 'white'
12.3591 	EXP 	polygon_23: fillColor = 'white'
12.3591 	EXP 	polygon_23: lineColor = 'white'
12.3591 	EXP 	polygon_23: color = 'white'
12.3591 	EXP 	polygon_24: fillColor = 'white'
12.3591 	EXP 	polygon_24: lineColor = 'white'
12.3591 	EXP 	polygon_24: color = 'white'
12.3591 	EXP 	polygon_25: fillColor = 'white'
12.3591 	EXP 	polygon_25: lineColor = 'white'
12.3591 	EXP 	polygon_25: color = 'white'
12.3591 	EXP 	grid: autoDraw = True
12.3591 	EXP 	polygon: autoDraw = True
12.3591 	EXP 	polygon_2: autoDraw = True
12.3591 	EXP 	polygon_3: autoDraw = True
12.3591 	EXP 	polygon_4: autoDraw = True
12.3591 	EXP 	polygon_5: autoDraw = True
12.3591 	EXP 	polygon_6: autoDraw = True
12.3591 	EXP 	polygon_7: autoDraw = True
12.3591 	EXP 	polygon_8: autoDraw = True
12.3591 	EXP 	polygon_9: autoDraw = True
12.3591 	EXP 	polygon_10: autoDraw = True
12.3591 	EXP 	polygon_11: autoDraw = True
12.3591 	EXP 	polygon_12: autoDraw = True
12.3591 	EXP 	polygon_13: autoDraw = True
12.3591 	EXP 	polygon_14: autoDraw = True
12.3591 	EXP 	polygon_15: autoDraw = True
12.3591 	EXP 	polygon_16: autoDraw = True
12.3591 	EXP 	polygon_17: autoDraw = True
12.3591 	EXP 	polygon_18: autoDraw = True
12.3591 	EXP 	polygon_19: autoDraw = True
12.3591 	EXP 	polygon_20: autoDraw = True
12.3591 	EXP 	polygon_21: autoDraw = True
12.3591 	EXP 	polygon_22: autoDraw = True
12.3591 	EXP 	polygon_23: autoDraw = True
12.3591 	EXP 	polygon_24: autoDraw = True
12.3591 	EXP 	polygon_25: autoDraw = True
12.8348 	DATA 	Mouse: Left button down, pos=(1516,503)
12.8757 	EXP 	polygon_18: fillColor = 'black'
12.8757 	EXP 	polygon_18: lineColor = 'black'
12.8757 	EXP 	polygon_18: color = 'black'
12.9784 	DATA 	Mouse:  Left button up, pos=(1516,503)
13.7614 	DATA 	Mouse: Left button down, pos=(2076,1141)
13.7924 	EXP 	polygon_10: fillColor = 'black'
13.7924 	EXP 	polygon_10: lineColor = 'black'
13.7924 	EXP 	polygon_10: color = 'black'
13.8946 	DATA 	Mouse:  Left button up, pos=(2076,1141)
14.4437 	DATA 	Keypress: space
14.4927 	EXP 	grid: autoDraw = False
14.4927 	EXP 	polygon: autoDraw = False
14.4927 	EXP 	polygon_2: autoDraw = False
14.4927 	EXP 	polygon_3: autoDraw = False
14.4927 	EXP 	polygon_4: autoDraw = False
14.4927 	EXP 	polygon_5: autoDraw = False
14.4927 	EXP 	polygon_6: autoDraw = False
14.4927 	EXP 	polygon_7: autoDraw = False
14.4927 	EXP 	polygon_8: autoDraw = False
14.4927 	EXP 	polygon_9: autoDraw = False
14.4927 	EXP 	polygon_10: autoDraw = False
14.4927 	EXP 	polygon_11: autoDraw = False
14.4927 	EXP 	polygon_12: autoDraw = False
14.4927 	EXP 	polygon_13: autoDraw = False
14.4927 	EXP 	polygon_14: autoDraw = False
14.4927 	EXP 	polygon_15: autoDraw = False
14.4927 	EXP 	polygon_16: autoDraw = False
14.4927 	EXP 	polygon_17: autoDraw = False
14.4927 	EXP 	polygon_18: autoDraw = False
14.4927 	EXP 	polygon_19: autoDraw = False
14.4927 	EXP 	polygon_20: autoDraw = False
14.4927 	EXP 	polygon_21: autoDraw = False
14.4927 	EXP 	polygon_22: autoDraw = False
14.4927 	EXP 	polygon_23: autoDraw = False
14.4927 	EXP 	polygon_24: autoDraw = False
14.4927 	EXP 	polygon_25: autoDraw = False
14.4927 	EXP 	rdy_txt: text = 'Press SPACE to begin the next trial.'
14.4927 	EXP 	rdy_txt: autoDraw = True
15.8998 	DATA 	Keypress: space
15.9136 	EXP 	New trial (rep=0, index=1): OrderedDict([('Running_Trial_Num', 2), ('trial_length', 2), ('rows', '2, 3'), ('correct_seq', ['polygon_19', 'polygon_2']), ('rdy_msg', 'Press SPACE to begin the next trial.')])
15.9348 	EXP 	Imported BLS_Stimuli.xlsx as conditions, 2 conditions, 6 params
15.9350 	EXP 	Created sequence: sequential, trialTypes=2, nReps=1, seed=None
15.9353 	EXP 	New trial (rep=0, index=0): OrderedDict([('span', 2), ('trial', 2), ('stimulus', 1), ('square', 2), ('location', [-0.195, 0.39]), ('correct', 19)])
15.9591 	EXP 	rdy_txt: autoDraw = False
15.9591 	EXP 	Square: pos = array([-0.195,  0.39 ])
15.9591 	EXP 	Grid: autoDraw = True
15.9591 	EXP 	Square: autoDraw = True
17.4259 	EXP 	New trial (rep=0, index=1): OrderedDict([('span', 2), ('trial', 2), ('stimulus', 2), ('square', 19), ('location', [0.195, -0.195]), ('correct', 2)])
17.4421 	EXP 	Grid: autoDraw = False
17.4421 	EXP 	Square: autoDraw = False
17.4421 	EXP 	Square: pos = array([ 0.195, -0.195])
17.4421 	EXP 	Grid: autoDraw = True
17.4421 	EXP 	Square: autoDraw = True
18.9588 	EXP 	Grid: autoDraw = False
18.9588 	EXP 	Square: autoDraw = False
18.9588 	EXP 	polygon: fillColor = 'white'
18.9588 	EXP 	polygon: lineColor = 'white'
18.9588 	EXP 	polygon: color = 'white'
18.9588 	EXP 	polygon_2: fillColor = 'white'
18.9588 	EXP 	polygon_2: lineColor = 'white'
18.9588 	EXP 	polygon_2: color = 'white'
18.9588 	EXP 	polygon_3: fillColor = 'white'
18.9588 	EXP 	polygon_3: lineColor = 'white'
18.9588 	EXP 	polygon_3: color = 'white'
18.9588 	EXP 	polygon_4: fillColor = 'white'
18.9588 	EXP 	polygon_4: lineColor = 'white'
18.9588 	EXP 	polygon_4: color = 'white'
18.9588 	EXP 	polygon_5: fillColor = 'white'
18.9588 	EXP 	polygon_5: lineColor = 'white'
18.9588 	EXP 	polygon_5: color = 'white'
18.9588 	EXP 	polygon_6: fillColor = 'white'
18.9588 	EXP 	polygon_6: lineColor = 'white'
18.9588 	EXP 	polygon_6: color = 'white'
18.9588 	EXP 	polygon_7: fillColor = 'white'
18.9588 	EXP 	polygon_7: lineColor = 'white'
18.9588 	EXP 	polygon_7: color = 'white'
18.9588 	EXP 	polygon_8: fillColor = 'white'
18.9588 	EXP 	polygon_8: lineColor = 'white'
18.9588 	EXP 	polygon_8: color = 'white'
18.9588 	EXP 	polygon_9: fillColor = 'white'
18.9588 	EXP 	polygon_9: lineColor = 'white'
18.9588 	EXP 	polygon_9: color = 'white'
18.9588 	EXP 	polygon_10: fillColor = 'white'
18.9588 	EXP 	polygon_10: lineColor = 'white'
18.9588 	EXP 	polygon_10: color = 'white'
18.9588 	EXP 	polygon_11: fillColor = 'white'
18.9588 	EXP 	polygon_11: lineColor = 'white'
18.9588 	EXP 	polygon_11: color = 'white'
18.9588 	EXP 	polygon_12: fillColor = 'white'
18.9588 	EXP 	polygon_12: lineColor = 'white'
18.9588 	EXP 	polygon_12: color = 'white'
18.9588 	EXP 	polygon_13: fillColor = 'white'
18.9588 	EXP 	polygon_13: lineColor = 'white'
18.9588 	EXP 	polygon_13: color = 'white'
18.9588 	EXP 	polygon_14: fillColor = 'white'
18.9588 	EXP 	polygon_14: lineColor = 'white'
18.9588 	EXP 	polygon_14: color = 'white'
18.9588 	EXP 	polygon_15: fillColor = 'white'
18.9588 	EXP 	polygon_15: lineColor = 'white'
18.9588 	EXP 	polygon_15: color = 'white'
18.9588 	EXP 	polygon_16: fillColor = 'white'
18.9588 	EXP 	polygon_16: lineColor = 'white'
18.9588 	EXP 	polygon_16: color = 'white'
18.9588 	EXP 	polygon_17: fillColor = 'white'
18.9588 	EXP 	polygon_17: lineColor = 'white'
18.9588 	EXP 	polygon_17: color = 'white'
18.9588 	EXP 	polygon_18: fillColor = 'white'
18.9588 	EXP 	polygon_18: lineColor = 'white'
18.9588 	EXP 	polygon_18: color = 'white'
18.9588 	EXP 	polygon_19: fillColor = 'white'
18.9588 	EXP 	polygon_19: lineColor = 'white'
18.9588 	EXP 	polygon_19: color = 'white'
18.9588 	EXP 	polygon_20: fillColor = 'white'
18.9588 	EXP 	polygon_20: lineColor = 'white'
18.9588 	EXP 	polygon_20: color = 'white'
18.9588 	EXP 	polygon_21: fillColor = 'white'
18.9588 	EXP 	polygon_21: lineColor = 'white'
18.9588 	EXP 	polygon_21: color = 'white'
18.9588 	EXP 	polygon_22: fillColor = 'white'
18.9588 	EXP 	polygon_22: lineColor = 'white'
18.9588 	EXP 	polygon_22: color = 'white'
18.9588 	EXP 	polygon_23: fillColor = 'white'
18.9588 	EXP 	polygon_23: lineColor = 'white'
18.9588 	EXP 	polygon_23: color = 'white'
18.9588 	EXP 	polygon_24: fillColor = 'white'
18.9588 	EXP 	polygon_24: lineColor = 'white'
18.9588 	EXP 	polygon_24: color = 'white'
18.9588 	EXP 	polygon_25: fillColor = 'white'
18.9588 	EXP 	polygon_25: lineColor = 'white'
18.9588 	EXP 	polygon_25: color = 'white'
18.9588 	EXP 	grid: autoDraw = True
18.9588 	EXP 	polygon: autoDraw = True
18.9588 	EXP 	polygon_2: autoDraw = True
18.9588 	EXP 	polygon_3: autoDraw = True
18.9588 	EXP 	polygon_4: autoDraw = True
18.9588 	EXP 	polygon_5: autoDraw = True
18.9588 	EXP 	polygon_6: autoDraw = True
18.9588 	EXP 	polygon_7: autoDraw = True
18.9588 	EXP 	polygon_8: autoDraw = True
18.9588 	EXP 	polygon_9: autoDraw = True
18.9588 	EXP 	polygon_10: autoDraw = True
18.9588 	EXP 	polygon_11: autoDraw = True
18.9588 	EXP 	polygon_12: autoDraw = True
18.9588 	EXP 	polygon_13: autoDraw = True
18.9588 	EXP 	polygon_14: autoDraw = True
18.9588 	EXP 	polygon_15: autoDraw = True
18.9588 	EXP 	polygon_16: autoDraw = True
18.9588 	EXP 	polygon_17: autoDraw = True
18.9588 	EXP 	polygon_18: autoDraw = True
18.9588 	EXP 	polygon_19: autoDraw = True
18.9588 	EXP 	polygon_20: autoDraw = True
18.9588 	EXP 	polygon_21: autoDraw = True
18.9588 	EXP 	polygon_22: autoDraw = True
18.9588 	EXP 	polygon_23: autoDraw = True
18.9588 	EXP 	polygon_24: autoDraw = True
18.9588 	EXP 	polygon_25: autoDraw = True
19.3131 	DATA 	Mouse: Left button down, pos=(1773,503)
19.3589 	EXP 	polygon_19: fillColor = 'black'
19.3589 	EXP 	polygon_19: lineColor = 'black'
19.3589 	EXP 	polygon_19: color = 'black'
19.5276 	DATA 	Mouse:  Left button up, pos=(1773,503)
20.2612 	DATA 	Mouse: Left button down, pos=(1110,1563)
20.2920 	EXP 	polygon_2: fillColor = 'black'
20.2920 	EXP 	polygon_2: lineColor = 'black'
20.2920 	EXP 	polygon_2: color = 'black'
20.3976 	DATA 	Mouse:  Left button up, pos=(1110,1563)
21.0278 	DATA 	Keypress: space
21.0422 	EXP 	grid: autoDraw = False
21.0422 	EXP 	polygon: autoDraw = False
21.0422 	EXP 	polygon_2: autoDraw = False
21.0422 	EXP 	polygon_3: autoDraw = False
21.0422 	EXP 	polygon_4: autoDraw = False
21.0422 	EXP 	polygon_5: autoDraw = False
21.0422 	EXP 	polygon_6: autoDraw = False
21.0422 	EXP 	polygon_7: autoDraw = False
21.0422 	EXP 	polygon_8: autoDraw = False
21.0422 	EXP 	polygon_9: autoDraw = False
21.0422 	EXP 	polygon_10: autoDraw = False
21.0422 	EXP 	polygon_11: autoDraw = False
21.0422 	EXP 	polygon_12: autoDraw = False
21.0422 	EXP 	polygon_13: autoDraw = False
21.0422 	EXP 	polygon_14: autoDraw = False
21.0422 	EXP 	polygon_15: autoDraw = False
21.0422 	EXP 	polygon_16: autoDraw = False
21.0422 	EXP 	polygon_17: autoDraw = False
21.0422 	EXP 	polygon_18: autoDraw = False
21.0422 	EXP 	polygon_19: autoDraw = False
21.0422 	EXP 	polygon_20: autoDraw = False
21.0422 	EXP 	polygon_21: autoDraw = False
21.0422 	EXP 	polygon_22: autoDraw = False
21.0422 	EXP 	polygon_23: autoDraw = False
21.0422 	EXP 	polygon_24: autoDraw = False
21.0422 	EXP 	polygon_25: autoDraw = False
21.0422 	EXP 	rdy_txt: text = 'Press SPACE to begin the next trial.'
21.0422 	EXP 	rdy_txt: autoDraw = True
22.0803 	EXP 	New trial (rep=0, index=2): OrderedDict([('Running_Trial_Num', 3), ('trial_length', 2), ('rows', '4, 5'), ('correct_seq', ['polygon_21', 'polygon_8']), ('rdy_msg', 'Press SPACE to begin the next trial.')])
22.1015 	EXP 	Imported BLS_Stimuli.xlsx as conditions, 2 conditions, 6 params
22.1017 	EXP 	Created sequence: sequential, trialTypes=2, nReps=1, seed=None
22.1020 	EXP 	New trial (rep=0, index=0): OrderedDict([('span', 2), ('trial', 3), ('stimulus', 1), ('square', 8), ('location', [0, 0.195]), ('correct', 21)])
22.1046 	DATA 	Keypress: space
22.1256 	EXP 	rdy_txt: autoDraw = False
22.1256 	EXP 	Square: pos = array([0.   , 0.195])
22.1256 	EXP 	Grid: autoDraw = True
22.1256 	EXP 	Square: autoDraw = True
23.5923 	EXP 	New trial (rep=0, index=1): OrderedDict([('span', 2), ('trial', 3), ('stimulus', 2), ('square', 21), ('location', [-0.39, -0.39]), ('correct', 8)])
23.6086 	EXP 	Grid: autoDraw = False
23.6086 	EXP 	Square: autoDraw = False
23.6086 	EXP 	Square: pos = array([-0.39, -0.39])
23.6086 	EXP 	Grid: autoDraw = True
23.6086 	EXP 	Square: autoDraw = True
25.1255 	EXP 	Grid: autoDraw = False
25.1255 	EXP 	Square: autoDraw = False
25.1255 	EXP 	polygon: fillColor = 'white'
25.1255 	EXP 	polygon: lineColor = 'white'
25.1255 	EXP 	polygon: color = 'white'
25.1255 	EXP 	polygon_2: fillColor = 'white'
25.1255 	EXP 	polygon_2: lineColor = 'white'
25.1255 	EXP 	polygon_2: color = 'white'
25.1255 	EXP 	polygon_3: fillColor = 'white'
25.1255 	EXP 	polygon_3: lineColor = 'white'
25.1255 	EXP 	polygon_3: color = 'white'
25.1255 	EXP 	polygon_4: fillColor = 'white'
25.1255 	EXP 	polygon_4: lineColor = 'white'
25.1255 	EXP 	polygon_4: color = 'white'
25.1255 	EXP 	polygon_5: fillColor = 'white'
25.1255 	EXP 	polygon_5: lineColor = 'white'
25.1255 	EXP 	polygon_5: color = 'white'
25.1255 	EXP 	polygon_6: fillColor = 'white'
25.1255 	EXP 	polygon_6: lineColor = 'white'
25.1255 	EXP 	polygon_6: color = 'white'
25.1255 	EXP 	polygon_7: fillColor = 'white'
25.1255 	EXP 	polygon_7: lineColor = 'white'
25.1255 	EXP 	polygon_7: color = 'white'
25.1255 	EXP 	polygon_8: fillColor = 'white'
25.1255 	EXP 	polygon_8: lineColor = 'white'
25.1255 	EXP 	polygon_8: color = 'white'
25.1255 	EXP 	polygon_9: fillColor = 'white'
25.1255 	EXP 	polygon_9: lineColor = 'white'
25.1255 	EXP 	polygon_9: color = 'white'
25.1255 	EXP 	polygon_10: fillColor = 'white'
25.1255 	EXP 	polygon_10: lineColor = 'white'
25.1255 	EXP 	polygon_10: color = 'white'
25.1255 	EXP 	polygon_11: fillColor = 'white'
25.1255 	EXP 	polygon_11: lineColor = 'white'
25.1255 	EXP 	polygon_11: color = 'white'
25.1255 	EXP 	polygon_12: fillColor = 'white'
25.1255 	EXP 	polygon_12: lineColor = 'white'
25.1255 	EXP 	polygon_12: color = 'white'
25.1255 	EXP 	polygon_13: fillColor = 'white'
25.1255 	EXP 	polygon_13: lineColor = 'white'
25.1255 	EXP 	polygon_13: color = 'white'
25.1255 	EXP 	polygon_14: fillColor = 'white'
25.1255 	EXP 	polygon_14: lineColor = 'white'
25.1255 	EXP 	polygon_14: color = 'white'
25.1255 	EXP 	polygon_15: fillColor = 'white'
25.1255 	EXP 	polygon_15: lineColor = 'white'
25.1255 	EXP 	polygon_15: color = 'white'
25.1255 	EXP 	polygon_16: fillColor = 'white'
25.1255 	EXP 	polygon_16: lineColor = 'white'
25.1255 	EXP 	polygon_16: color = 'white'
25.1255 	EXP 	polygon_17: fillColor = 'white'
25.1255 	EXP 	polygon_17: lineColor = 'white'
25.1255 	EXP 	polygon_17: color = 'white'
25.1255 	EXP 	polygon_18: fillColor = 'white'
25.1255 	EXP 	polygon_18: lineColor = 'white'
25.1255 	EXP 	polygon_18: color = 'white'
25.1255 	EXP 	polygon_19: fillColor = 'white'
25.1255 	EXP 	polygon_19: lineColor = 'white'
25.1255 	EXP 	polygon_19: color = 'white'
25.1255 	EXP 	polygon_20: fillColor = 'white'
25.1255 	EXP 	polygon_20: lineColor = 'white'
25.1255 	EXP 	polygon_20: color = 'white'
25.1255 	EXP 	polygon_21: fillColor = 'white'
25.1255 	EXP 	polygon_21: lineColor = 'white'
25.1255 	EXP 	polygon_21: color = 'white'
25.1255 	EXP 	polygon_22: fillColor = 'white'
25.1255 	EXP 	polygon_22: lineColor = 'white'
25.1255 	EXP 	polygon_22: color = 'white'
25.1255 	EXP 	polygon_23: fillColor = 'white'
25.1255 	EXP 	polygon_23: lineColor = 'white'
25.1255 	EXP 	polygon_23: color = 'white'
25.1255 	EXP 	polygon_24: fillColor = 'white'
25.1255 	EXP 	polygon_24: lineColor = 'white'
25.1255 	EXP 	polygon_24: color = 'white'
25.1255 	EXP 	polygon_25: fillColor = 'white'
25.1255 	EXP 	polygon_25: lineColor = 'white'
25.1255 	EXP 	polygon_25: color = 'white'
25.1255 	EXP 	grid: autoDraw = True
25.1255 	EXP 	polygon: autoDraw = True
25.1255 	EXP 	polygon_2: autoDraw = True
25.1255 	EXP 	polygon_3: autoDraw = True
25.1255 	EXP 	polygon_4: autoDraw = True
25.1255 	EXP 	polygon_5: autoDraw = True
25.1255 	EXP 	polygon_6: autoDraw = True
25.1255 	EXP 	polygon_7: autoDraw = True
25.1255 	EXP 	polygon_8: autoDraw = True
25.1255 	EXP 	polygon_9: autoDraw = True
25.1255 	EXP 	polygon_10: autoDraw = True
25.1255 	EXP 	polygon_11: autoDraw = True
25.1255 	EXP 	polygon_12: autoDraw = True
25.1255 	EXP 	polygon_13: autoDraw = True
25.1255 	EXP 	polygon_14: autoDraw = True
25.1255 	EXP 	polygon_15: autoDraw = True
25.1255 	EXP 	polygon_16: autoDraw = True
25.1255 	EXP 	polygon_17: autoDraw = True
25.1255 	EXP 	polygon_18: autoDraw = True
25.1255 	EXP 	polygon_19: autoDraw = True
25.1255 	EXP 	polygon_20: autoDraw = True
25.1255 	EXP 	polygon_21: autoDraw = True
25.1255 	EXP 	polygon_22: autoDraw = True
25.1255 	EXP 	polygon_23: autoDraw = True
25.1255 	EXP 	polygon_24: autoDraw = True
25.1255 	EXP 	polygon_25: autoDraw = True
25.6344 	DATA 	Mouse: Left button down, pos=(688,149)
25.6754 	EXP 	polygon_21: fillColor = 'black'
25.6754 	EXP 	polygon_21: lineColor = 'black'
25.6754 	EXP 	polygon_21: color = 'black'
25.7776 	DATA 	Mouse:  Left button up, pos=(688,149)
26.4846 	DATA 	Mouse: Left button down, pos=(1448,1222)
26.5253 	EXP 	polygon_8: fillColor = 'black'
26.5253 	EXP 	polygon_8: lineColor = 'black'
26.5253 	EXP 	polygon_8: color = 'black'
26.5943 	DATA 	Mouse:  Left button up, pos=(1448,1222)
27.1276 	DATA 	Keypress: space
27.1421 	EXP 	grid: autoDraw = False
27.1421 	EXP 	polygon: autoDraw = False
27.1421 	EXP 	polygon_2: autoDraw = False
27.1421 	EXP 	polygon_3: autoDraw = False
27.1421 	EXP 	polygon_4: autoDraw = False
27.1421 	EXP 	polygon_5: autoDraw = False
27.1421 	EXP 	polygon_6: autoDraw = False
27.1421 	EXP 	polygon_7: autoDraw = False
27.1421 	EXP 	polygon_8: autoDraw = False
27.1421 	EXP 	polygon_9: autoDraw = False
27.1421 	EXP 	polygon_10: autoDraw = False
27.1421 	EXP 	polygon_11: autoDraw = False
27.1421 	EXP 	polygon_12: autoDraw = False
27.1421 	EXP 	polygon_13: autoDraw = False
27.1421 	EXP 	polygon_14: autoDraw = False
27.1421 	EXP 	polygon_15: autoDraw = False
27.1421 	EXP 	polygon_16: autoDraw = False
27.1421 	EXP 	polygon_17: autoDraw = False
27.1421 	EXP 	polygon_18: autoDraw = False
27.1421 	EXP 	polygon_19: autoDraw = False
27.1421 	EXP 	polygon_20: autoDraw = False
27.1421 	EXP 	polygon_21: autoDraw = False
27.1421 	EXP 	polygon_22: autoDraw = False
27.1421 	EXP 	polygon_23: autoDraw = False
27.1421 	EXP 	polygon_24: autoDraw = False
27.1421 	EXP 	polygon_25: autoDraw = False
27.1421 	EXP 	rdy_txt: text = 'Press SPACE to begin the next trial.'
27.1421 	EXP 	rdy_txt: autoDraw = True
27.9634 	EXP 	New trial (rep=0, index=3): OrderedDict([('Running_Trial_Num', 4), ('trial_length', 2), ('rows', '6, 7'), ('correct_seq', ['polygon_3', 'polygon_7']), ('rdy_msg', 'The next trial will have 3 locations.\n\nPress SPACE to begin.')])
27.9851 	EXP 	Imported BLS_Stimuli.xlsx as conditions, 2 conditions, 6 params
27.9853 	EXP 	Created sequence: sequential, trialTypes=2, nReps=1, seed=None
27.9855 	EXP 	New trial (rep=0, index=0): OrderedDict([('span', 2), ('trial', 4), ('stimulus', 1), ('square', 7), ('location', [-0.195, 0.195]), ('correct', 3)])
27.9876 	DATA 	Keypress: space
28.0088 	EXP 	rdy_txt: autoDraw = False
28.0088 	EXP 	Square: pos = array([-0.195,  0.195])
28.0088 	EXP 	Grid: autoDraw = True
28.0088 	EXP 	Square: autoDraw = True
28.0278 	DATA 	Keypress: space
29.4756 	EXP 	New trial (rep=0, index=1): OrderedDict([('span', 2), ('trial', 4), ('stimulus', 2), ('square', 3), ('location', [0, 0.39]), ('correct', 7)])
29.4919 	EXP 	Grid: autoDraw = False
29.4919 	EXP 	Square: autoDraw = False
29.4919 	EXP 	Square: pos = array([0.  , 0.39])
29.4919 	EXP 	Grid: autoDraw = True
29.4919 	EXP 	Square: autoDraw = True
31.0253 	EXP 	Grid: autoDraw = False
31.0253 	EXP 	Square: autoDraw = False
31.0253 	EXP 	polygon: fillColor = 'white'
31.0253 	EXP 	polygon: lineColor = 'white'
31.0253 	EXP 	polygon: color = 'white'
31.0253 	EXP 	polygon_2: fillColor = 'white'
31.0253 	EXP 	polygon_2: lineColor = 'white'
31.0253 	EXP 	polygon_2: color = 'white'
31.0253 	EXP 	polygon_3: fillColor = 'white'
31.0253 	EXP 	polygon_3: lineColor = 'white'
31.0253 	EXP 	polygon_3: color = 'white'
31.0253 	EXP 	polygon_4: fillColor = 'white'
31.0253 	EXP 	polygon_4: lineColor = 'white'
31.0253 	EXP 	polygon_4: color = 'white'
31.0253 	EXP 	polygon_5: fillColor = 'white'
31.0253 	EXP 	polygon_5: lineColor = 'white'
31.0253 	EXP 	polygon_5: color = 'white'
31.0253 	EXP 	polygon_6: fillColor = 'white'
31.0253 	EXP 	polygon_6: lineColor = 'white'
31.0253 	EXP 	polygon_6: color = 'white'
31.0253 	EXP 	polygon_7: fillColor = 'white'
31.0253 	EXP 	polygon_7: lineColor = 'white'
31.0253 	EXP 	polygon_7: color = 'white'
31.0253 	EXP 	polygon_8: fillColor = 'white'
31.0253 	EXP 	polygon_8: lineColor = 'white'
31.0253 	EXP 	polygon_8: color = 'white'
31.0253 	EXP 	polygon_9: fillColor = 'white'
31.0253 	EXP 	polygon_9: lineColor = 'white'
31.0253 	EXP 	polygon_9: color = 'white'
31.0253 	EXP 	polygon_10: fillColor = 'white'
31.0253 	EXP 	polygon_10: lineColor = 'white'
31.0253 	EXP 	polygon_10: color = 'white'
31.0253 	EXP 	polygon_11: fillColor = 'white'
31.0253 	EXP 	polygon_11: lineColor = 'white'
31.0253 	EXP 	polygon_11: color = 'white'
31.0253 	EXP 	polygon_12: fillColor = 'white'
31.0253 	EXP 	polygon_12: lineColor = 'white'
31.0253 	EXP 	polygon_12: color = 'white'
31.0253 	EXP 	polygon_13: fillColor = 'white'
31.0253 	EXP 	polygon_13: lineColor = 'white'
31.0253 	EXP 	polygon_13: color = 'white'
31.0253 	EXP 	polygon_14: fillColor = 'white'
31.0253 	EXP 	polygon_14: lineColor = 'white'
31.0253 	EXP 	polygon_14: color = 'white'
31.0253 	EXP 	polygon_15: fillColor = 'white'
31.0253 	EXP 	polygon_15: lineColor = 'white'
31.0253 	EXP 	polygon_15: color = 'white'
31.0253 	EXP 	polygon_16: fillColor = 'white'
31.0253 	EXP 	polygon_16: lineColor = 'white'
31.0253 	EXP 	polygon_16: color = 'white'
31.0253 	EXP 	polygon_17: fillColor = 'white'
31.0253 	EXP 	polygon_17: lineColor = 'white'
31.0253 	EXP 	polygon_17: color = 'white'
31.0253 	EXP 	polygon_18: fillColor = 'white'
31.0253 	EXP 	polygon_18: lineColor = 'white'
31.0253 	EXP 	polygon_18: color = 'white'
31.0253 	EXP 	polygon_19: fillColor = 'white'
31.0253 	EXP 	polygon_19: lineColor = 'white'
31.0253 	EXP 	polygon_19: color = 'white'
31.0253 	EXP 	polygon_20: fillColor = 'white'
31.0253 	EXP 	polygon_20: lineColor = 'white'
31.0253 	EXP 	polygon_20: color = 'white'
31.0253 	EXP 	polygon_21: fillColor = 'white'
31.0253 	EXP 	polygon_21: lineColor = 'white'
31.0253 	EXP 	polygon_21: color = 'white'
31.0253 	EXP 	polygon_22: fillColor = 'white'
31.0253 	EXP 	polygon_22: lineColor = 'white'
31.0253 	EXP 	polygon_22: color = 'white'
31.0253 	EXP 	polygon_23: fillColor = 'white'
31.0253 	EXP 	polygon_23: lineColor = 'white'
31.0253 	EXP 	polygon_23: color = 'white'
31.0253 	EXP 	polygon_24: fillColor = 'white'
31.0253 	EXP 	polygon_24: lineColor = 'white'
31.0253 	EXP 	polygon_24: color = 'white'
31.0253 	EXP 	polygon_25: fillColor = 'white'
31.0253 	EXP 	polygon_25: lineColor = 'white'
31.0253 	EXP 	polygon_25: color = 'white'
31.0253 	EXP 	grid: autoDraw = True
31.0253 	EXP 	polygon: autoDraw = True
31.0253 	EXP 	polygon_2: autoDraw = True
31.0253 	EXP 	polygon_3: autoDraw = True
31.0253 	EXP 	polygon_4: autoDraw = True
31.0253 	EXP 	polygon_5: autoDraw = True
31.0253 	EXP 	polygon_6: autoDraw = True
31.0253 	EXP 	polygon_7: autoDraw = True
31.0253 	EXP 	polygon_8: autoDraw = True
31.0253 	EXP 	polygon_9: autoDraw = True
31.0253 	EXP 	polygon_10: autoDraw = True
31.0253 	EXP 	polygon_11: autoDraw = True
31.0253 	EXP 	polygon_12: autoDraw = True
31.0253 	EXP 	polygon_13: autoDraw = True
31.0253 	EXP 	polygon_14: autoDraw = True
31.0253 	EXP 	polygon_15: autoDraw = True
31.0253 	EXP 	polygon_16: autoDraw = True
31.0253 	EXP 	polygon_17: autoDraw = True
31.0253 	EXP 	polygon_18: autoDraw = True
31.0253 	EXP 	polygon_19: autoDraw = True
31.0253 	EXP 	polygon_20: autoDraw = True
31.0253 	EXP 	polygon_21: autoDraw = True
31.0253 	EXP 	polygon_22: autoDraw = True
31.0253 	EXP 	polygon_23: autoDraw = True
31.0253 	EXP 	polygon_24: autoDraw = True
31.0253 	EXP 	polygon_25: autoDraw = True
31.0253 	EXP 	grid: autoDraw = False
31.0253 	EXP 	polygon: autoDraw = False
31.0253 	EXP 	polygon_2: autoDraw = False
31.0253 	EXP 	polygon_3: autoDraw = False
31.0253 	EXP 	polygon_4: autoDraw = False
31.0253 	EXP 	polygon_5: autoDraw = False
31.0253 	EXP 	polygon_6: autoDraw = False
31.0253 	EXP 	polygon_7: autoDraw = False
31.0253 	EXP 	polygon_8: autoDraw = False
31.0253 	EXP 	polygon_9: autoDraw = False
31.0253 	EXP 	polygon_10: autoDraw = False
31.0253 	EXP 	polygon_11: autoDraw = False
31.0253 	EXP 	polygon_12: autoDraw = False
31.0253 	EXP 	polygon_13: autoDraw = False
31.0253 	EXP 	polygon_14: autoDraw = False
31.0253 	EXP 	polygon_15: autoDraw = False
31.0253 	EXP 	polygon_16: autoDraw = False
31.0253 	EXP 	polygon_17: autoDraw = False
31.0253 	EXP 	polygon_18: autoDraw = False
31.0253 	EXP 	polygon_19: autoDraw = False
31.0253 	EXP 	polygon_20: autoDraw = False
31.0253 	EXP 	polygon_21: autoDraw = False
31.0253 	EXP 	polygon_22: autoDraw = False
31.0253 	EXP 	polygon_23: autoDraw = False
31.0253 	EXP 	polygon_24: autoDraw = False
31.0253 	EXP 	polygon_25: autoDraw = False
31.0253 	EXP 	rdy_txt: text = 'The next trial will have 3 locations.\n\nPress SPACE to begin.'
31.0253 	EXP 	rdy_txt: autoDraw = True
35.6642 	DATA 	Keypress: space
35.6791 	EXP 	New trial (rep=0, index=4): OrderedDict([('Running_Trial_Num', 5), ('trial_length', 3), ('rows', '8, 9, 10'), ('correct_seq', ['polygon_22', 'polygon_5', 'polygon_9']), ('rdy_msg', 'Press SPACE to begin the next trial.')])
35.7017 	EXP 	Imported BLS_Stimuli.xlsx as conditions, 3 conditions, 6 params
35.7020 	EXP 	Created sequence: sequential, trialTypes=3, nReps=1, seed=None
35.7022 	EXP 	New trial (rep=0, index=0): OrderedDict([('span', 3), ('trial', 1), ('stimulus', 1), ('square', 9), ('location', [0.195, 0.195]), ('correct', 22)])
35.7253 	EXP 	rdy_txt: autoDraw = False
35.7253 	EXP 	Square: pos = array([0.195, 0.195])
35.7253 	EXP 	Grid: autoDraw = True
35.7253 	EXP 	Square: autoDraw = True
37.1921 	EXP 	New trial (rep=0, index=1): OrderedDict([('span', 3), ('trial', 1), ('stimulus', 2), ('square', 5), ('location', [0.39, 0.39]), ('correct', 5)])
37.2085 	EXP 	Grid: autoDraw = False
37.2085 	EXP 	Square: autoDraw = False
37.2085 	EXP 	Square: pos = array([0.39, 0.39])
37.2085 	EXP 	Grid: autoDraw = True
37.2085 	EXP 	Square: autoDraw = True
38.6920 	EXP 	New trial (rep=0, index=2): OrderedDict([('span', 3), ('trial', 1), ('stimulus', 3), ('square', 22), ('location', [-0.195, -0.39]), ('correct', 9)])
38.7085 	EXP 	Grid: autoDraw = False
38.7085 	EXP 	Square: autoDraw = False
38.7085 	EXP 	Square: pos = array([-0.195, -0.39 ])
38.7085 	EXP 	Grid: autoDraw = True
38.7085 	EXP 	Square: autoDraw = True
40.2251 	EXP 	Grid: autoDraw = False
40.2251 	EXP 	Square: autoDraw = False
40.2251 	EXP 	polygon: fillColor = 'white'
40.2251 	EXP 	polygon: lineColor = 'white'
40.2251 	EXP 	polygon: color = 'white'
40.2251 	EXP 	polygon_2: fillColor = 'white'
40.2251 	EXP 	polygon_2: lineColor = 'white'
40.2251 	EXP 	polygon_2: color = 'white'
40.2251 	EXP 	polygon_3: fillColor = 'white'
40.2251 	EXP 	polygon_3: lineColor = 'white'
40.2251 	EXP 	polygon_3: color = 'white'
40.2251 	EXP 	polygon_4: fillColor = 'white'
40.2251 	EXP 	polygon_4: lineColor = 'white'
40.2251 	EXP 	polygon_4: color = 'white'
40.2251 	EXP 	polygon_5: fillColor = 'white'
40.2251 	EXP 	polygon_5: lineColor = 'white'
40.2251 	EXP 	polygon_5: color = 'white'
40.2251 	EXP 	polygon_6: fillColor = 'white'
40.2251 	EXP 	polygon_6: lineColor = 'white'
40.2251 	EXP 	polygon_6: color = 'white'
40.2251 	EXP 	polygon_7: fillColor = 'white'
40.2251 	EXP 	polygon_7: lineColor = 'white'
40.2251 	EXP 	polygon_7: color = 'white'
40.2251 	EXP 	polygon_8: fillColor = 'white'
40.2251 	EXP 	polygon_8: lineColor = 'white'
40.2251 	EXP 	polygon_8: color = 'white'
40.2251 	EXP 	polygon_9: fillColor = 'white'
40.2251 	EXP 	polygon_9: lineColor = 'white'
40.2251 	EXP 	polygon_9: color = 'white'
40.2251 	EXP 	polygon_10: fillColor = 'white'
40.2251 	EXP 	polygon_10: lineColor = 'white'
40.2251 	EXP 	polygon_10: color = 'white'
40.2251 	EXP 	polygon_11: fillColor = 'white'
40.2251 	EXP 	polygon_11: lineColor = 'white'
40.2251 	EXP 	polygon_11: color = 'white'
40.2251 	EXP 	polygon_12: fillColor = 'white'
40.2251 	EXP 	polygon_12: lineColor = 'white'
40.2251 	EXP 	polygon_12: color = 'white'
40.2251 	EXP 	polygon_13: fillColor = 'white'
40.2251 	EXP 	polygon_13: lineColor = 'white'
40.2251 	EXP 	polygon_13: color = 'white'
40.2251 	EXP 	polygon_14: fillColor = 'white'
40.2251 	EXP 	polygon_14: lineColor = 'white'
40.2251 	EXP 	polygon_14: color = 'white'
40.2251 	EXP 	polygon_15: fillColor = 'white'
40.2251 	EXP 	polygon_15: lineColor = 'white'
40.2251 	EXP 	polygon_15: color = 'white'
40.2251 	EXP 	polygon_16: fillColor = 'white'
40.2251 	EXP 	polygon_16: lineColor = 'white'
40.2251 	EXP 	polygon_16: color = 'white'
40.2251 	EXP 	polygon_17: fillColor = 'white'
40.2251 	EXP 	polygon_17: lineColor = 'white'
40.2251 	EXP 	polygon_17: color = 'white'
40.2251 	EXP 	polygon_18: fillColor = 'white'
40.2251 	EXP 	polygon_18: lineColor = 'white'
40.2251 	EXP 	polygon_18: color = 'white'
40.2251 	EXP 	polygon_19: fillColor = 'white'
40.2251 	EXP 	polygon_19: lineColor = 'white'
40.2251 	EXP 	polygon_19: color = 'white'
40.2251 	EXP 	polygon_20: fillColor = 'white'
40.2251 	EXP 	polygon_20: lineColor = 'white'
40.2251 	EXP 	polygon_20: color = 'white'
40.2251 	EXP 	polygon_21: fillColor = 'white'
40.2251 	EXP 	polygon_21: lineColor = 'white'
40.2251 	EXP 	polygon_21: color = 'white'
40.2251 	EXP 	polygon_22: fillColor = 'white'
40.2251 	EXP 	polygon_22: lineColor = 'white'
40.2251 	EXP 	polygon_22: color = 'white'
40.2251 	EXP 	polygon_23: fillColor = 'white'
40.2251 	EXP 	polygon_23: lineColor = 'white'
40.2251 	EXP 	polygon_23: color = 'white'
40.2251 	EXP 	polygon_24: fillColor = 'white'
40.2251 	EXP 	polygon_24: lineColor = 'white'
40.2251 	EXP 	polygon_24: color = 'white'
40.2251 	EXP 	polygon_25: fillColor = 'white'
40.2251 	EXP 	polygon_25: lineColor = 'white'
40.2251 	EXP 	polygon_25: color = 'white'
40.2251 	EXP 	grid: autoDraw = True
40.2251 	EXP 	polygon: autoDraw = True
40.2251 	EXP 	polygon_2: autoDraw = True
40.2251 	EXP 	polygon_3: autoDraw = True
40.2251 	EXP 	polygon_4: autoDraw = True
40.2251 	EXP 	polygon_5: autoDraw = True
40.2251 	EXP 	polygon_6: autoDraw = True
40.2251 	EXP 	polygon_7: autoDraw = True
40.2251 	EXP 	polygon_8: autoDraw = True
40.2251 	EXP 	polygon_9: autoDraw = True
40.2251 	EXP 	polygon_10: autoDraw = True
40.2251 	EXP 	polygon_11: autoDraw = True
40.2251 	EXP 	polygon_12: autoDraw = True
40.2251 	EXP 	polygon_13: autoDraw = True
40.2251 	EXP 	polygon_14: autoDraw = True
40.2251 	EXP 	polygon_15: autoDraw = True
40.2251 	EXP 	polygon_16: autoDraw = True
40.2251 	EXP 	polygon_17: autoDraw = True
40.2251 	EXP 	polygon_18: autoDraw = True
40.2251 	EXP 	polygon_19: autoDraw = True
40.2251 	EXP 	polygon_20: autoDraw = True
40.2251 	EXP 	polygon_21: autoDraw = True
40.2251 	EXP 	polygon_22: autoDraw = True
40.2251 	EXP 	polygon_23: autoDraw = True
40.2251 	EXP 	polygon_24: autoDraw = True
40.2251 	EXP 	polygon_25: autoDraw = True
41.7958 	DATA 	Mouse: Left button down, pos=(1051,200)
41.8250 	EXP 	polygon_22: fillColor = 'black'
41.8250 	EXP 	polygon_22: lineColor = 'black'
41.8250 	EXP 	polygon_22: color = 'black'
41.9273 	DATA 	Mouse:  Left button up, pos=(1051,200)
42.3507 	DATA 	Mouse: Left button down, pos=(1051,695)
42.3916 	EXP 	polygon_17: fillColor = 'black'
42.3916 	EXP 	polygon_17: lineColor = 'black'
42.3916 	EXP 	polygon_17: color = 'black'
42.4938 	DATA 	Mouse:  Left button up, pos=(1051,695)
42.9300 	DATA 	Mouse: Left button down, pos=(1529,667)
42.9916 	EXP 	polygon_18: fillColor = 'black'
42.9916 	EXP 	polygon_18: lineColor = 'black'
42.9916 	EXP 	polygon_18: color = 'black'
43.0604 	DATA 	Mouse:  Left button up, pos=(1529,667)
43.4833 	DATA 	Keypress: space
43.5251 	EXP 	grid: autoDraw = False
43.5251 	EXP 	polygon: autoDraw = False
43.5251 	EXP 	polygon_2: autoDraw = False
43.5251 	EXP 	polygon_3: autoDraw = False
43.5251 	EXP 	polygon_4: autoDraw = False
43.5251 	EXP 	polygon_5: autoDraw = False
43.5251 	EXP 	polygon_6: autoDraw = False
43.5251 	EXP 	polygon_7: autoDraw = False
43.5251 	EXP 	polygon_8: autoDraw = False
43.5251 	EXP 	polygon_9: autoDraw = False
43.5251 	EXP 	polygon_10: autoDraw = False
43.5251 	EXP 	polygon_11: autoDraw = False
43.5251 	EXP 	polygon_12: autoDraw = False
43.5251 	EXP 	polygon_13: autoDraw = False
43.5251 	EXP 	polygon_14: autoDraw = False
43.5251 	EXP 	polygon_15: autoDraw = False
43.5251 	EXP 	polygon_16: autoDraw = False
43.5251 	EXP 	polygon_17: autoDraw = False
43.5251 	EXP 	polygon_18: autoDraw = False
43.5251 	EXP 	polygon_19: autoDraw = False
43.5251 	EXP 	polygon_20: autoDraw = False
43.5251 	EXP 	polygon_21: autoDraw = False
43.5251 	EXP 	polygon_22: autoDraw = False
43.5251 	EXP 	polygon_23: autoDraw = False
43.5251 	EXP 	polygon_24: autoDraw = False
43.5251 	EXP 	polygon_25: autoDraw = False
43.5251 	EXP 	rdy_txt: text = 'Press SPACE to begin the next trial.'
43.5251 	EXP 	rdy_txt: autoDraw = True
44.4799 	DATA 	Keypress: space
44.5424 	EXP 	rdy_txt: autoDraw = False
44.6303 	EXP 	window1: mouseVisible = True
