5.8825 	WARNING 	User requested fullscreen with size [1440  900], but screen is actually [2880, 1800]. Using actual size
6.7916 	EXP 	Created window1 = Window(allowGUI=False, allowStencil=False, args=UNKNOWN, autoLog=True, bitsMode=UNKNOWN, blendMode='avg', color=array([0., 0., 0.]), colorSpace='hsv', fullscr=<method-wrapper '__getattribute__' of attributeSetter object at 0x000001E2F6779940>, gamma=None, gammaErrorPolicy='raise', kwargs=UNKNOWN, lms=UNKNOWN, monitor=<psychopy.monitors.calibTools.Monitor object at 0x000001E2E8515AC8>, multiSample=False, name='window1', numSamples=2, pos=[0.0, 0.0], screen=0, size=array([2880, 1800]), stereo=False, units='height', useFBO=True, useRetina=False, viewOri=0.0, viewPos=None, viewScale=None, waitBlanking=True, winType='pyglet')
6.7916 	EXP 	window1: recordFrameIntervals = False
6.9578 	EXP 	window1: recordFrameIntervals = True
7.1413 	EXP 	window1: recordFrameIntervals = False
7.3724 	EXP 	Created Grid = ImageStim(__class__=<class 'psychopy.visual.image.ImageStim'>, autoLog=True, color=array([1., 1., 1.]), colorSpace='rgb', contrast=1.0, depth=0.0, flipHoriz=False, flipVert=False, image='Blank Grid.jpg', interpolate=True, mask=None, maskParams=None, name='Grid', opacity=1.0, ori=0.0, pos=array([0., 0.]), size=array([1., 1.]), texRes=128, units='height', win=Window(...))
7.3753 	EXP 	Created Square = Rect(__class__=<class 'psychopy.visual.rect.Rect'>, autoDraw=False, autoLog=True, closeShape=True, color=method-wrapper(...), colorSpace=None, contrast=1.0, depth=-1.0, fillColor=array([255.,   0.,   0.]), fillColorSpace='rgb255', fillRGB=array([255.,   0.,   0.]), interpolate=True, lineColor=array([255.,   0.,   0.]), lineColorSpace='rgb', lineRGB=array([255.,   0.,   0.]), lineWidth=1, name='Square', opacity=1.0, ori=array(0.), pos=array([0., 0.]), size=array([1., 1.]), units='height', vertices=ndarray(...), win=Window(...))
7.4750 	EXP 	Created grid = ImageStim(__class__=<class 'psychopy.visual.image.ImageStim'>, autoLog=True, color=array([1., 1., 1.]), colorSpace='rgb', contrast=1.0, depth=0.0, flipHoriz=False, flipVert=False, image='Blank Grid.jpg', interpolate=True, mask=None, maskParams=None, name='grid', opacity=1.0, ori=0.0, pos=array([0., 0.]), size=array([1., 1.]), texRes=128, units='height', win=Window(...))
7.4758 	EXP 	Created polygon = Rect(__class__=<class 'psychopy.visual.rect.Rect'>, autoDraw=False, autoLog=True, closeShape=True, color=method-wrapper(...), colorSpace=None, contrast=1.0, depth=-2.0, fillColor='white', fillColorSpace='named', fillRGB=array([255., 255., 255.]), interpolate=True, lineColor='white', lineColorSpace='named', lineRGB=array([255., 255., 255.]), lineWidth=1, name='polygon', opacity=1.0, ori=array(0.), pos=array([-0.386 ,  0.3875]), size=array([1., 1.]), units='height', vertices=ndarray(...), win=Window(...))
7.4765 	EXP 	Created polygon_2 = Rect(__class__=<class 'psychopy.visual.rect.Rect'>, autoDraw=False, autoLog=True, closeShape=True, color=method-wrapper(...), colorSpace=None, contrast=1.0, depth=-3.0, fillColor='white', fillColorSpace='named', fillRGB=array([255., 255., 255.]), interpolate=True, lineColor='white', lineColorSpace='named', lineRGB=array([255., 255., 255.]), lineWidth=1, name='polygon_2', opacity=1.0, ori=array(0.), pos=array([-0.193 ,  0.3875]), size=array([1., 1.]), units='height', vertices=ndarray(...), win=Window(...))
7.4772 	EXP 	Created polygon_3 = Rect(__class__=<class 'psychopy.visual.rect.Rect'>, autoDraw=False, autoLog=True, closeShape=True, color=method-wrapper(...), colorSpace=None, contrast=1.0, depth=-4.0, fillColor='white', fillColorSpace='named', fillRGB=array([255., 255., 255.]), interpolate=True, lineColor='white', lineColorSpace='named', lineRGB=array([255., 255., 255.]), lineWidth=1, name='polygon_3', opacity=1.0, ori=array(0.), pos=array([0.    , 0.3875]), size=array([1., 1.]), units='height', vertices=ndarray(...), win=Window(...))
7.4780 	EXP 	Created polygon_4 = Rect(__class__=<class 'psychopy.visual.rect.Rect'>, autoDraw=False, autoLog=True, closeShape=True, color=method-wrapper(...), colorSpace=None, contrast=1.0, depth=-5.0, fillColor='white', fillColorSpace='named', fillRGB=array([255., 255., 255.]), interpolate=True, lineColor='white', lineColorSpace='named', lineRGB=array([255., 255., 255.]), lineWidth=1, name='polygon_4', opacity=1.0, ori=array(0.), pos=array([0.193 , 0.3875]), size=array([1., 1.]), units='height', vertices=ndarray(...), win=Window(...))
7.4787 	EXP 	Created polygon_5 = Rect(__class__=<class 'psychopy.visual.rect.Rect'>, autoDraw=False, autoLog=True, closeShape=True, color=method-wrapper(...), colorSpace=None, contrast=1.0, depth=-6.0, fillColor='white', fillColorSpace='named', fillRGB=array([255., 255., 255.]), interpolate=True, lineColor='white', lineColorSpace='named', lineRGB=array([255., 255., 255.]), lineWidth=1, name='polygon_5', opacity=1.0, ori=array(0.), pos=array([0.386 , 0.3875]), size=array([1., 1.]), units='height', vertices=ndarray(...), win=Window(...))
7.4795 	EXP 	Created polygon_6 = Rect(__class__=<class 'psychopy.visual.rect.Rect'>, autoDraw=False, autoLog=True, closeShape=True, color=method-wrapper(...), colorSpace=None, contrast=1.0, depth=-7.0, fillColor='white', fillColorSpace='named', fillRGB=array([255., 255., 255.]), interpolate=True, lineColor='white', lineColorSpace='named', lineRGB=array([255., 255., 255.]), lineWidth=1, name='polygon_6', opacity=1.0, ori=array(0.), pos=array([-0.386  ,  0.19415]), size=array([1., 1.]), units='height', vertices=ndarray(...), win=Window(...))
7.4802 	EXP 	Created polygon_7 = Rect(__class__=<class 'psychopy.visual.rect.Rect'>, autoDraw=False, autoLog=True, closeShape=True, color=method-wrapper(...), colorSpace=None, contrast=1.0, depth=-8.0, fillColor='white', fillColorSpace='named', fillRGB=array([255., 255., 255.]), interpolate=True, lineColor='white', lineColorSpace='named', lineRGB=array([255., 255., 255.]), lineWidth=1, name='polygon_7', opacity=1.0, ori=array(0.), pos=array([-0.193  ,  0.19415]), size=array([1., 1.]), units='height', vertices=ndarray(...), win=Window(...))
7.4809 	EXP 	Created polygon_8 = Rect(__class__=<class 'psychopy.visual.rect.Rect'>, autoDraw=False, autoLog=True, closeShape=True, color=method-wrapper(...), colorSpace=None, contrast=1.0, depth=-9.0, fillColor='white', fillColorSpace='named', fillRGB=array([255., 255., 255.]), interpolate=True, lineColor='white', lineColorSpace='named', lineRGB=array([255., 255., 255.]), lineWidth=1, name='polygon_8', opacity=1.0, ori=array(0.), pos=array([0.     , 0.19415]), size=array([1., 1.]), units='height', vertices=ndarray(...), win=Window(...))
7.4817 	EXP 	Created polygon_9 = Rect(__class__=<class 'psychopy.visual.rect.Rect'>, autoDraw=False, autoLog=True, closeShape=True, color=method-wrapper(...), colorSpace=None, contrast=1.0, depth=-10.0, fillColor='white', fillColorSpace='named', fillRGB=array([255., 255., 255.]), interpolate=True, lineColor='white', lineColorSpace='named', lineRGB=array([255., 255., 255.]), lineWidth=1, name='polygon_9', opacity=1.0, ori=array(0.), pos=array([0.193  , 0.19415]), size=array([1., 1.]), units='height', vertices=ndarray(...), win=Window(...))
7.4824 	EXP 	Created polygon_10 = Rect(__class__=<class 'psychopy.visual.rect.Rect'>, autoDraw=False, autoLog=True, closeShape=True, color=method-wrapper(...), colorSpace=None, contrast=1.0, depth=-11.0, fillColor='white', fillColorSpace='named', fillRGB=array([255., 255., 255.]), interpolate=True, lineColor='white', lineColorSpace='named', lineRGB=array([255., 255., 255.]), lineWidth=1, name='polygon_10', opacity=1.0, ori=array(0.), pos=array([0.386  , 0.19415]), size=array([1., 1.]), units='height', vertices=ndarray(...), win=Window(...))
7.4830 	EXP 	Created polygon_11 = Rect(__class__=<class 'psychopy.visual.rect.Rect'>, autoDraw=False, autoLog=True, closeShape=True, color=method-wrapper(...), colorSpace=None, contrast=1.0, depth=-12.0, fillColor='white', fillColorSpace='named', fillRGB=array([255., 255., 255.]), interpolate=True, lineColor='white', lineColorSpace='named', lineRGB=array([255., 255., 255.]), lineWidth=1, name='polygon_11', opacity=1.0, ori=array(0.), pos=array([-0.386,  0.   ]), size=array([1., 1.]), units='height', vertices=ndarray(...), win=Window(...))
7.4837 	EXP 	Created polygon_12 = Rect(__class__=<class 'psychopy.visual.rect.Rect'>, autoDraw=False, autoLog=True, closeShape=True, color=method-wrapper(...), colorSpace=None, contrast=1.0, depth=-13.0, fillColor='white', fillColorSpace='named', fillRGB=array([255., 255., 255.]), interpolate=True, lineColor='white', lineColorSpace='named', lineRGB=array([255., 255., 255.]), lineWidth=1, name='polygon_12', opacity=1.0, ori=array(0.), pos=array([-0.193,  0.   ]), size=array([1., 1.]), units='height', vertices=ndarray(...), win=Window(...))
7.4844 	EXP 	Created polygon_13 = Rect(__class__=<class 'psychopy.visual.rect.Rect'>, autoDraw=False, autoLog=True, closeShape=True, color=method-wrapper(...), colorSpace=None, contrast=1.0, depth=-14.0, fillColor='white', fillColorSpace='named', fillRGB=array([255., 255., 255.]), interpolate=True, lineColor='white', lineColorSpace='named', lineRGB=array([255., 255., 255.]), lineWidth=1, name='polygon_13', opacity=1.0, ori=array(0.), pos=array([0., 0.]), size=array([1., 1.]), units='height', vertices=ndarray(...), win=Window(...))
7.4851 	EXP 	Created polygon_14 = Rect(__class__=<class 'psychopy.visual.rect.Rect'>, autoDraw=False, autoLog=True, closeShape=True, color=method-wrapper(...), colorSpace=None, contrast=1.0, depth=-15.0, fillColor='white', fillColorSpace='named', fillRGB=array([255., 255., 255.]), interpolate=True, lineColor='white', lineColorSpace='named', lineRGB=array([255., 255., 255.]), lineWidth=1, name='polygon_14', opacity=1.0, ori=array(0.), pos=array([0.193, 0.   ]), size=array([1., 1.]), units='height', vertices=ndarray(...), win=Window(...))
7.4858 	EXP 	Created polygon_15 = Rect(__class__=<class 'psychopy.visual.rect.Rect'>, autoDraw=False, autoLog=True, closeShape=True, color=method-wrapper(...), colorSpace=None, contrast=1.0, depth=-16.0, fillColor='white', fillColorSpace='named', fillRGB=array([255., 255., 255.]), interpolate=True, lineColor='white', lineColorSpace='named', lineRGB=array([255., 255., 255.]), lineWidth=1, name='polygon_15', opacity=1.0, ori=array(0.), pos=array([0.386, 0.   ]), size=array([1., 1.]), units='height', vertices=ndarray(...), win=Window(...))
7.4865 	EXP 	Created polygon_16 = Rect(__class__=<class 'psychopy.visual.rect.Rect'>, autoDraw=False, autoLog=True, closeShape=True, color=method-wrapper(...), colorSpace=None, contrast=1.0, depth=-17.0, fillColor='white', fillColorSpace='named', fillRGB=array([255., 255., 255.]), interpolate=True, lineColor='white', lineColorSpace='named', lineRGB=array([255., 255., 255.]), lineWidth=1, name='polygon_16', opacity=1.0, ori=array(0.), pos=array([-0.386  , -0.19415]), size=array([1., 1.]), units='height', vertices=ndarray(...), win=Window(...))
7.4873 	EXP 	Created polygon_17 = Rect(__class__=<class 'psychopy.visual.rect.Rect'>, autoDraw=False, autoLog=True, closeShape=True, color=method-wrapper(...), colorSpace=None, contrast=1.0, depth=-18.0, fillColor='white', fillColorSpace='named', fillRGB=array([255., 255., 255.]), interpolate=True, lineColor='white', lineColorSpace='named', lineRGB=array([255., 255., 255.]), lineWidth=1, name='polygon_17', opacity=1.0, ori=array(0.), pos=array([-0.193  , -0.19415]), size=array([1., 1.]), units='height', vertices=ndarray(...), win=Window(...))
7.4880 	EXP 	Created polygon_18 = Rect(__class__=<class 'psychopy.visual.rect.Rect'>, autoDraw=False, autoLog=True, closeShape=True, color=method-wrapper(...), colorSpace=None, contrast=1.0, depth=-19.0, fillColor='white', fillColorSpace='named', fillRGB=array([255., 255., 255.]), interpolate=True, lineColor='white', lineColorSpace='named', lineRGB=array([255., 255., 255.]), lineWidth=1, name='polygon_18', opacity=1.0, ori=array(0.), pos=array([ 0.     , -0.19415]), size=array([1., 1.]), units='height', vertices=ndarray(...), win=Window(...))
7.4887 	EXP 	Created polygon_19 = Rect(__class__=<class 'psychopy.visual.rect.Rect'>, autoDraw=False, autoLog=True, closeShape=True, color=method-wrapper(...), colorSpace=None, contrast=1.0, depth=-20.0, fillColor='white', fillColorSpace='named', fillRGB=array([255., 255., 255.]), interpolate=True, lineColor='white', lineColorSpace='named', lineRGB=array([255., 255., 255.]), lineWidth=1, name='polygon_19', opacity=1.0, ori=array(0.), pos=array([ 0.193  , -0.19415]), size=array([1., 1.]), units='height', vertices=ndarray(...), win=Window(...))
7.4893 	EXP 	Created polygon_20 = Rect(__class__=<class 'psychopy.visual.rect.Rect'>, autoDraw=False, autoLog=True, closeShape=True, color=method-wrapper(...), colorSpace=None, contrast=1.0, depth=-21.0, fillColor='white', fillColorSpace='named', fillRGB=array([255., 255., 255.]), interpolate=True, lineColor='white', lineColorSpace='named', lineRGB=array([255., 255., 255.]), lineWidth=1, name='polygon_20', opacity=1.0, ori=array(0.), pos=array([ 0.386  , -0.19415]), size=array([1., 1.]), units='height', vertices=ndarray(...), win=Window(...))
7.4900 	EXP 	Created polygon_21 = Rect(__class__=<class 'psychopy.visual.rect.Rect'>, autoDraw=False, autoLog=True, closeShape=True, color=method-wrapper(...), colorSpace=None, contrast=1.0, depth=-22.0, fillColor='white', fillColorSpace='named', fillRGB=array([255., 255., 255.]), interpolate=True, lineColor='white', lineColorSpace='named', lineRGB=array([255., 255., 255.]), lineWidth=1, name='polygon_21', opacity=1.0, ori=array(0.), pos=array([-0.386 , -0.3875]), size=array([1., 1.]), units='height', vertices=ndarray(...), win=Window(...))
7.4907 	EXP 	Created polygon_22 = Rect(__class__=<class 'psychopy.visual.rect.Rect'>, autoDraw=False, autoLog=True, closeShape=True, color=method-wrapper(...), colorSpace=None, contrast=1.0, depth=-23.0, fillColor='white', fillColorSpace='named', fillRGB=array([255., 255., 255.]), interpolate=True, lineColor='white', lineColorSpace='named', lineRGB=array([255., 255., 255.]), lineWidth=1, name='polygon_22', opacity=1.0, ori=array(0.), pos=array([-0.193 , -0.3875]), size=array([1., 1.]), units='height', vertices=ndarray(...), win=Window(...))
7.4914 	EXP 	Created polygon_23 = Rect(__class__=<class 'psychopy.visual.rect.Rect'>, autoDraw=False, autoLog=True, closeShape=True, color=method-wrapper(...), colorSpace=None, contrast=1.0, depth=-24.0, fillColor='white', fillColorSpace='named', fillRGB=array([255., 255., 255.]), interpolate=True, lineColor='white', lineColorSpace='named', lineRGB=array([255., 255., 255.]), lineWidth=1, name='polygon_23', opacity=1.0, ori=array(0.), pos=array([ 0.    , -0.3875]), size=array([1., 1.]), units='height', vertices=ndarray(...), win=Window(...))
7.4921 	EXP 	Created polygon_24 = Rect(__class__=<class 'psychopy.visual.rect.Rect'>, autoDraw=False, autoLog=True, closeShape=True, color=method-wrapper(...), colorSpace=None, contrast=1.0, depth=-25.0, fillColor='white', fillColorSpace='named', fillRGB=array([255., 255., 255.]), interpolate=True, lineColor='white', lineColorSpace='named', lineRGB=array([255., 255., 255.]), lineWidth=1, name='polygon_24', opacity=1.0, ori=array(0.), pos=array([ 0.193 , -0.3875]), size=array([1., 1.]), units='height', vertices=ndarray(...), win=Window(...))
7.4928 	EXP 	Created polygon_25 = Rect(__class__=<class 'psychopy.visual.rect.Rect'>, autoDraw=False, autoLog=True, closeShape=True, color=method-wrapper(...), colorSpace=None, contrast=1.0, depth=-26.0, fillColor='white', fillColorSpace='named', fillRGB=array([255., 255., 255.]), interpolate=True, lineColor='white', lineColorSpace='named', lineRGB=array([255., 255., 255.]), lineWidth=1, name='polygon_25', opacity=1.0, ori=array(0.), pos=array([ 0.386 , -0.3875]), size=array([1., 1.]), units='height', vertices=ndarray(...), win=Window(...))
7.6096 	EXP 	Created thx_txt = TextStim(__class__=<class 'psychopy.visual.text.TextStim'>, alignHoriz='center', alignVert='center', antialias=True, autoLog=True, bold=False, color='white', colorSpace='named', contrast=1.0, depth=0.0, flipHoriz=False, flipVert=False, font='Arial', fontFiles=[], height=0.05, italic=False, languageStyle='LTR', name='thx_txt', opacity=1.0, ori=0, pos=array([0., 0.]), rgb=array([255., 255., 255.]), text='Good work! \n\nYou have completed this task.', units='height', win=Window(...), wrapWidth=1)
7.6414 	EXP 	Imported BLS_Trial_Picker.xlsx as conditions, 31 conditions, 5 params
7.6417 	EXP 	Created sequence: sequential, trialTypes=31, nReps=1, seed=None
7.6420 	EXP 	New trial (rep=0, index=0): OrderedDict([('Running_Trial_Num', 1), ('trial_length', 2), ('rows', '0, 1'), ('resp_row', 1), ('correct_seq', ['polygon_18', 'polygon_10'])])
7.6655 	EXP 	Imported BLS_Trial_List.xlsx as conditions, 2 conditions, 7 params
7.6657 	EXP 	Created sequence: sequential, trialTypes=2, nReps=1, seed=None
7.6660 	EXP 	New trial (rep=0, index=0): OrderedDict([('span', 2), ('trial', 1), ('stimulus', 1), ('square', 10), ('location', [0.39, 0.195]), ('correct', 18), ('correct_seq', ['polygon_18', 'polygon_10'])])
7.7412 	EXP 	Square: pos = array([0.39 , 0.195])
7.7412 	EXP 	Grid: autoDraw = True
7.7412 	EXP 	Square: autoDraw = True
9.1245 	EXP 	New trial (rep=0, index=1): OrderedDict([('span', 2), ('trial', 1), ('stimulus', 2), ('square', 18), ('location', [0, -0.195]), ('correct', 10), ('correct_seq', ['polygon_19', 'polygon_2'])])
9.1409 	EXP 	Grid: autoDraw = False
9.1409 	EXP 	Square: autoDraw = False
9.1409 	EXP 	Square: pos = array([ 0.   , -0.195])
9.1409 	EXP 	Grid: autoDraw = True
9.1409 	EXP 	Square: autoDraw = True
10.6575 	EXP 	Grid: autoDraw = False
10.6575 	EXP 	Square: autoDraw = False
10.6575 	EXP 	polygon: fillColor = 'white'
10.6575 	EXP 	polygon: lineColor = 'white'
10.6575 	EXP 	polygon: color = 'white'
10.6575 	EXP 	polygon_2: fillColor = 'white'
10.6575 	EXP 	polygon_2: lineColor = 'white'
10.6575 	EXP 	polygon_2: color = 'white'
10.6575 	EXP 	polygon_3: fillColor = 'white'
10.6575 	EXP 	polygon_3: lineColor = 'white'
10.6575 	EXP 	polygon_3: color = 'white'
10.6575 	EXP 	polygon_4: fillColor = 'white'
10.6575 	EXP 	polygon_4: lineColor = 'white'
10.6575 	EXP 	polygon_4: color = 'white'
10.6575 	EXP 	polygon_5: fillColor = 'white'
10.6575 	EXP 	polygon_5: lineColor = 'white'
10.6575 	EXP 	polygon_5: color = 'white'
10.6575 	EXP 	polygon_6: fillColor = 'white'
10.6575 	EXP 	polygon_6: lineColor = 'white'
10.6575 	EXP 	polygon_6: color = 'white'
10.6575 	EXP 	polygon_7: fillColor = 'white'
10.6575 	EXP 	polygon_7: lineColor = 'white'
10.6575 	EXP 	polygon_7: color = 'white'
10.6575 	EXP 	polygon_8: fillColor = 'white'
10.6575 	EXP 	polygon_8: lineColor = 'white'
10.6575 	EXP 	polygon_8: color = 'white'
10.6575 	EXP 	polygon_9: fillColor = 'white'
10.6575 	EXP 	polygon_9: lineColor = 'white'
10.6575 	EXP 	polygon_9: color = 'white'
10.6575 	EXP 	polygon_10: fillColor = 'white'
10.6575 	EXP 	polygon_10: lineColor = 'white'
10.6575 	EXP 	polygon_10: color = 'white'
10.6575 	EXP 	polygon_11: fillColor = 'white'
10.6575 	EXP 	polygon_11: lineColor = 'white'
10.6575 	EXP 	polygon_11: color = 'white'
10.6575 	EXP 	polygon_12: fillColor = 'white'
10.6575 	EXP 	polygon_12: lineColor = 'white'
10.6575 	EXP 	polygon_12: color = 'white'
10.6575 	EXP 	polygon_13: fillColor = 'white'
10.6575 	EXP 	polygon_13: lineColor = 'white'
10.6575 	EXP 	polygon_13: color = 'white'
10.6575 	EXP 	polygon_14: fillColor = 'white'
10.6575 	EXP 	polygon_14: lineColor = 'white'
10.6575 	EXP 	polygon_14: color = 'white'
10.6575 	EXP 	polygon_15: fillColor = 'white'
10.6575 	EXP 	polygon_15: lineColor = 'white'
10.6575 	EXP 	polygon_15: color = 'white'
10.6575 	EXP 	polygon_16: fillColor = 'white'
10.6575 	EXP 	polygon_16: lineColor = 'white'
10.6575 	EXP 	polygon_16: color = 'white'
10.6575 	EXP 	polygon_17: fillColor = 'white'
10.6575 	EXP 	polygon_17: lineColor = 'white'
10.6575 	EXP 	polygon_17: color = 'white'
10.6575 	EXP 	polygon_18: fillColor = 'white'
10.6575 	EXP 	polygon_18: lineColor = 'white'
10.6575 	EXP 	polygon_18: color = 'white'
10.6575 	EXP 	polygon_19: fillColor = 'white'
10.6575 	EXP 	polygon_19: lineColor = 'white'
10.6575 	EXP 	polygon_19: color = 'white'
10.6575 	EXP 	polygon_20: fillColor = 'white'
10.6575 	EXP 	polygon_20: lineColor = 'white'
10.6575 	EXP 	polygon_20: color = 'white'
10.6575 	EXP 	polygon_21: fillColor = 'white'
10.6575 	EXP 	polygon_21: lineColor = 'white'
10.6575 	EXP 	polygon_21: color = 'white'
10.6575 	EXP 	polygon_22: fillColor = 'white'
10.6575 	EXP 	polygon_22: lineColor = 'white'
10.6575 	EXP 	polygon_22: color = 'white'
10.6575 	EXP 	polygon_23: fillColor = 'white'
10.6575 	EXP 	polygon_23: lineColor = 'white'
10.6575 	EXP 	polygon_23: color = 'white'
10.6575 	EXP 	polygon_24: fillColor = 'white'
10.6575 	EXP 	polygon_24: lineColor = 'white'
10.6575 	EXP 	polygon_24: color = 'white'
10.6575 	EXP 	polygon_25: fillColor = 'white'
10.6575 	EXP 	polygon_25: lineColor = 'white'
10.6575 	EXP 	polygon_25: color = 'white'
10.6575 	EXP 	grid: autoDraw = True
10.6575 	EXP 	polygon: autoDraw = True
10.6575 	EXP 	polygon_2: autoDraw = True
10.6575 	EXP 	polygon_3: autoDraw = True
10.6575 	EXP 	polygon_4: autoDraw = True
10.6575 	EXP 	polygon_5: autoDraw = True
10.6575 	EXP 	polygon_6: autoDraw = True
10.6575 	EXP 	polygon_7: autoDraw = True
10.6575 	EXP 	polygon_8: autoDraw = True
10.6575 	EXP 	polygon_9: autoDraw = True
10.6575 	EXP 	polygon_10: autoDraw = True
10.6575 	EXP 	polygon_11: autoDraw = True
10.6575 	EXP 	polygon_12: autoDraw = True
10.6575 	EXP 	polygon_13: autoDraw = True
10.6575 	EXP 	polygon_14: autoDraw = True
10.6575 	EXP 	polygon_15: autoDraw = True
10.6575 	EXP 	polygon_16: autoDraw = True
10.6575 	EXP 	polygon_17: autoDraw = True
10.6575 	EXP 	polygon_18: autoDraw = True
10.6575 	EXP 	polygon_19: autoDraw = True
10.6575 	EXP 	polygon_20: autoDraw = True
10.6575 	EXP 	polygon_21: autoDraw = True
10.6575 	EXP 	polygon_22: autoDraw = True
10.6575 	EXP 	polygon_23: autoDraw = True
10.6575 	EXP 	polygon_24: autoDraw = True
10.6575 	EXP 	polygon_25: autoDraw = True
11.2499 	DATA 	Mouse: Left button down, pos=(1372,586)
11.2908 	EXP 	polygon_18: fillColor = 'black'
11.2908 	EXP 	polygon_18: lineColor = 'black'
11.2908 	EXP 	polygon_18: color = 'black'
11.3630 	DATA 	Mouse:  Left button up, pos=(1372,586)
12.6098 	DATA 	Mouse: Left button down, pos=(2165,1206)
12.6407 	EXP 	polygon_10: fillColor = 'black'
12.6407 	EXP 	polygon_10: lineColor = 'black'
12.6407 	EXP 	polygon_10: color = 'black'
12.7491 	DATA 	Mouse:  Left button up, pos=(2165,1206)
13.7601 	DATA 	Keypress: space
13.7657 	EXP 	New trial (rep=0, index=1): OrderedDict([('Running_Trial_Num', 2), ('trial_length', 2), ('rows', '2, 3'), ('resp_row', 1), ('correct_seq', ['polygon_19', 'polygon_2'])])
13.7879 	EXP 	Imported BLS_Trial_List.xlsx as conditions, 2 conditions, 7 params
13.7881 	EXP 	Created sequence: sequential, trialTypes=2, nReps=1, seed=None
13.7883 	EXP 	New trial (rep=0, index=0): OrderedDict([('span', 2), ('trial', 2), ('stimulus', 1), ('square', 2), ('location', [-0.195, 0.39]), ('correct', 19), ('correct_seq', ['polygon_21', 'polygon_8'])])
13.8075 	EXP 	grid: autoDraw = False
13.8075 	EXP 	polygon: autoDraw = False
13.8075 	EXP 	polygon_2: autoDraw = False
13.8075 	EXP 	polygon_3: autoDraw = False
13.8075 	EXP 	polygon_4: autoDraw = False
13.8075 	EXP 	polygon_5: autoDraw = False
13.8075 	EXP 	polygon_6: autoDraw = False
13.8075 	EXP 	polygon_7: autoDraw = False
13.8075 	EXP 	polygon_8: autoDraw = False
13.8075 	EXP 	polygon_9: autoDraw = False
13.8075 	EXP 	polygon_10: autoDraw = False
13.8075 	EXP 	polygon_11: autoDraw = False
13.8075 	EXP 	polygon_12: autoDraw = False
13.8075 	EXP 	polygon_13: autoDraw = False
13.8075 	EXP 	polygon_14: autoDraw = False
13.8075 	EXP 	polygon_15: autoDraw = False
13.8075 	EXP 	polygon_16: autoDraw = False
13.8075 	EXP 	polygon_17: autoDraw = False
13.8075 	EXP 	polygon_18: autoDraw = False
13.8075 	EXP 	polygon_19: autoDraw = False
13.8075 	EXP 	polygon_20: autoDraw = False
13.8075 	EXP 	polygon_21: autoDraw = False
13.8075 	EXP 	polygon_22: autoDraw = False
13.8075 	EXP 	polygon_23: autoDraw = False
13.8075 	EXP 	polygon_24: autoDraw = False
13.8075 	EXP 	polygon_25: autoDraw = False
13.8075 	EXP 	Square: pos = array([-0.195,  0.39 ])
13.8075 	EXP 	Grid: autoDraw = True
13.8075 	EXP 	Square: autoDraw = True
15.2744 	EXP 	New trial (rep=0, index=1): OrderedDict([('span', 2), ('trial', 2), ('stimulus', 2), ('square', 19), ('location', [0.195, -0.195]), ('correct', 2), ('correct_seq', ['polygon_3', 'polygon_7'])])
15.2908 	EXP 	Grid: autoDraw = False
15.2908 	EXP 	Square: autoDraw = False
15.2908 	EXP 	Square: pos = array([ 0.195, -0.195])
15.2908 	EXP 	Grid: autoDraw = True
15.2908 	EXP 	Square: autoDraw = True
16.8073 	EXP 	Grid: autoDraw = False
16.8073 	EXP 	Square: autoDraw = False
16.8073 	EXP 	polygon: fillColor = 'white'
16.8073 	EXP 	polygon: lineColor = 'white'
16.8073 	EXP 	polygon: color = 'white'
16.8073 	EXP 	polygon_2: fillColor = 'white'
16.8073 	EXP 	polygon_2: lineColor = 'white'
16.8073 	EXP 	polygon_2: color = 'white'
16.8073 	EXP 	polygon_3: fillColor = 'white'
16.8073 	EXP 	polygon_3: lineColor = 'white'
16.8073 	EXP 	polygon_3: color = 'white'
16.8073 	EXP 	polygon_4: fillColor = 'white'
16.8073 	EXP 	polygon_4: lineColor = 'white'
16.8073 	EXP 	polygon_4: color = 'white'
16.8073 	EXP 	polygon_5: fillColor = 'white'
16.8073 	EXP 	polygon_5: lineColor = 'white'
16.8073 	EXP 	polygon_5: color = 'white'
16.8073 	EXP 	polygon_6: fillColor = 'white'
16.8073 	EXP 	polygon_6: lineColor = 'white'
16.8073 	EXP 	polygon_6: color = 'white'
16.8073 	EXP 	polygon_7: fillColor = 'white'
16.8073 	EXP 	polygon_7: lineColor = 'white'
16.8073 	EXP 	polygon_7: color = 'white'
16.8073 	EXP 	polygon_8: fillColor = 'white'
16.8073 	EXP 	polygon_8: lineColor = 'white'
16.8073 	EXP 	polygon_8: color = 'white'
16.8073 	EXP 	polygon_9: fillColor = 'white'
16.8073 	EXP 	polygon_9: lineColor = 'white'
16.8073 	EXP 	polygon_9: color = 'white'
16.8073 	EXP 	polygon_10: fillColor = 'white'
16.8073 	EXP 	polygon_10: lineColor = 'white'
16.8073 	EXP 	polygon_10: color = 'white'
16.8073 	EXP 	polygon_11: fillColor = 'white'
16.8073 	EXP 	polygon_11: lineColor = 'white'
16.8073 	EXP 	polygon_11: color = 'white'
16.8073 	EXP 	polygon_12: fillColor = 'white'
16.8073 	EXP 	polygon_12: lineColor = 'white'
16.8073 	EXP 	polygon_12: color = 'white'
16.8073 	EXP 	polygon_13: fillColor = 'white'
16.8073 	EXP 	polygon_13: lineColor = 'white'
16.8073 	EXP 	polygon_13: color = 'white'
16.8073 	EXP 	polygon_14: fillColor = 'white'
16.8073 	EXP 	polygon_14: lineColor = 'white'
16.8073 	EXP 	polygon_14: color = 'white'
16.8073 	EXP 	polygon_15: fillColor = 'white'
16.8073 	EXP 	polygon_15: lineColor = 'white'
16.8073 	EXP 	polygon_15: color = 'white'
16.8073 	EXP 	polygon_16: fillColor = 'white'
16.8073 	EXP 	polygon_16: lineColor = 'white'
16.8073 	EXP 	polygon_16: color = 'white'
16.8073 	EXP 	polygon_17: fillColor = 'white'
16.8073 	EXP 	polygon_17: lineColor = 'white'
16.8073 	EXP 	polygon_17: color = 'white'
16.8073 	EXP 	polygon_18: fillColor = 'white'
16.8073 	EXP 	polygon_18: lineColor = 'white'
16.8073 	EXP 	polygon_18: color = 'white'
16.8073 	EXP 	polygon_19: fillColor = 'white'
16.8073 	EXP 	polygon_19: lineColor = 'white'
16.8073 	EXP 	polygon_19: color = 'white'
16.8073 	EXP 	polygon_20: fillColor = 'white'
16.8073 	EXP 	polygon_20: lineColor = 'white'
16.8073 	EXP 	polygon_20: color = 'white'
16.8073 	EXP 	polygon_21: fillColor = 'white'
16.8073 	EXP 	polygon_21: lineColor = 'white'
16.8073 	EXP 	polygon_21: color = 'white'
16.8073 	EXP 	polygon_22: fillColor = 'white'
16.8073 	EXP 	polygon_22: lineColor = 'white'
16.8073 	EXP 	polygon_22: color = 'white'
16.8073 	EXP 	polygon_23: fillColor = 'white'
16.8073 	EXP 	polygon_23: lineColor = 'white'
16.8073 	EXP 	polygon_23: color = 'white'
16.8073 	EXP 	polygon_24: fillColor = 'white'
16.8073 	EXP 	polygon_24: lineColor = 'white'
16.8073 	EXP 	polygon_24: color = 'white'
16.8073 	EXP 	polygon_25: fillColor = 'white'
16.8073 	EXP 	polygon_25: lineColor = 'white'
16.8073 	EXP 	polygon_25: color = 'white'
16.8073 	EXP 	grid: autoDraw = True
16.8073 	EXP 	polygon: autoDraw = True
16.8073 	EXP 	polygon_2: autoDraw = True
16.8073 	EXP 	polygon_3: autoDraw = True
16.8073 	EXP 	polygon_4: autoDraw = True
16.8073 	EXP 	polygon_5: autoDraw = True
16.8073 	EXP 	polygon_6: autoDraw = True
16.8073 	EXP 	polygon_7: autoDraw = True
16.8073 	EXP 	polygon_8: autoDraw = True
16.8073 	EXP 	polygon_9: autoDraw = True
16.8073 	EXP 	polygon_10: autoDraw = True
16.8073 	EXP 	polygon_11: autoDraw = True
16.8073 	EXP 	polygon_12: autoDraw = True
16.8073 	EXP 	polygon_13: autoDraw = True
16.8073 	EXP 	polygon_14: autoDraw = True
16.8073 	EXP 	polygon_15: autoDraw = True
16.8073 	EXP 	polygon_16: autoDraw = True
16.8073 	EXP 	polygon_17: autoDraw = True
16.8073 	EXP 	polygon_18: autoDraw = True
16.8073 	EXP 	polygon_19: autoDraw = True
16.8073 	EXP 	polygon_20: autoDraw = True
16.8073 	EXP 	polygon_21: autoDraw = True
16.8073 	EXP 	polygon_22: autoDraw = True
16.8073 	EXP 	polygon_23: autoDraw = True
16.8073 	EXP 	polygon_24: autoDraw = True
16.8073 	EXP 	polygon_25: autoDraw = True
17.4932 	DATA 	Mouse: Left button down, pos=(1856,572)
17.5240 	EXP 	polygon_19: fillColor = 'black'
17.5240 	EXP 	polygon_19: lineColor = 'black'
17.5240 	EXP 	polygon_19: color = 'black'
17.6263 	DATA 	Mouse:  Left button up, pos=(1856,572)
18.5928 	DATA 	Mouse: Left button down, pos=(1110,1565)
18.6241 	EXP 	polygon_2: fillColor = 'black'
18.6241 	EXP 	polygon_2: lineColor = 'black'
18.6241 	EXP 	polygon_2: color = 'black'
18.6931 	DATA 	Mouse:  Left button up, pos=(1110,1565)
19.3290 	DATA 	Keypress: space
19.4243 	EXP 	grid: autoDraw = False
19.4243 	EXP 	polygon: autoDraw = False
19.4243 	EXP 	polygon_2: autoDraw = False
19.4243 	EXP 	polygon_3: autoDraw = False
19.4243 	EXP 	polygon_4: autoDraw = False
19.4243 	EXP 	polygon_5: autoDraw = False
19.4243 	EXP 	polygon_6: autoDraw = False
19.4243 	EXP 	polygon_7: autoDraw = False
19.4243 	EXP 	polygon_8: autoDraw = False
19.4243 	EXP 	polygon_9: autoDraw = False
19.4243 	EXP 	polygon_10: autoDraw = False
19.4243 	EXP 	polygon_11: autoDraw = False
19.4243 	EXP 	polygon_12: autoDraw = False
19.4243 	EXP 	polygon_13: autoDraw = False
19.4243 	EXP 	polygon_14: autoDraw = False
19.4243 	EXP 	polygon_15: autoDraw = False
19.4243 	EXP 	polygon_16: autoDraw = False
19.4243 	EXP 	polygon_17: autoDraw = False
19.4243 	EXP 	polygon_18: autoDraw = False
19.4243 	EXP 	polygon_19: autoDraw = False
19.4243 	EXP 	polygon_20: autoDraw = False
19.4243 	EXP 	polygon_21: autoDraw = False
19.4243 	EXP 	polygon_22: autoDraw = False
19.4243 	EXP 	polygon_23: autoDraw = False
19.4243 	EXP 	polygon_24: autoDraw = False
19.4243 	EXP 	polygon_25: autoDraw = False
19.4243 	EXP 	thx_txt: autoDraw = True
20.1454 	DATA 	Keypress: space
20.1577 	EXP 	thx_txt: autoDraw = False
20.2666 	EXP 	window1: mouseVisible = True
